---------------------------------------------------------------
[ 2018-10-08T09:49:41+08:00 ] 202.53.138.176 112.17.240.106 GET /index/lianlianauthpay/authllpay_wap?bankCard=&realName=&IDCard=&b-pay-amount=
[ info ] www.5chevip.com/index/lianlianauthpay/authllpay_wap?bankCard=&realName=&IDCard=&b-pay-amount= [运行时间：0.238536s][吞吐率：4.19req/s] [内存消耗：3,922.81kb] [文件加载：63]
[ info ] [ CACHE ] INIT File
[ info ] [ LANG ] /www/wwwroot/feichangpeizi/thinkphp/lang/zh-cn.php
[ info ] [ ROUTE ] array (
  'type' => 'module',
  'module' => 
  array (
    0 => 'index',
    1 => 'lianlianauthpay',
    2 => 'authllpay_wap',
  ),
)
[ info ] [ HEADER ] array (
  'host' => 'www.5chevip.com',
  'cookie' => 'PHPSESSID=657gguuqhhf4ho26rou71d2cd0',
  'connection' => 'keep-alive',
  'upgrade-insecure-requests' => '1',
  'accept' => 'text/html,application/xhtml+xml,application/xml;q=0.9,*/*;q=0.8',
  'user-agent' => 'Mozilla/5.0 (iPhone; CPU iPhone OS 11_4_1 like Mac OS X) AppleWebKit/605.1.15 (KHTML, like Gecko) Mobile/15G77',
  'referer' => 'http://www.5chevip.com/ucenter/quick_pay.html',
  'accept-language' => 'zh-cn',
  'accept-encoding' => 'gzip, deflate',
  'content-type' => '',
  'content-length' => '',
)
[ info ] [ PARAM ] array (
  'bankCard' => '',
  'realName' => '',
  'IDCard' => '',
  'b-pay-amount' => '',
)
[ info ] [ BEHAVIOR ] Run app\common\behavior\Config @app_begin [ RunTime:0.001268s ]
[ info ] [ BEHAVIOR ] Run app\common\behavior\Hook @app_begin [ RunTime:0.022679s ]
[ info ] [ DB ] INIT mysql
[ info ] [ LOG ] INIT File
[ info ] [ RUN ] app\index\controller\Lianlianauthpay->authllpay_wap[ /www/wwwroot/feichangpeizi/application/index/controller/Lianlianauthpay.php ]
[ sql ] [ DB ] CONNECT:[ UseTime:0.000900s ] mysql:dbname=fcpeizi;host=localhost;port=3306;charset=utf8
[ sql ] [ SQL ] SHOW COLUMNS FROM `xh_member` [ RunTime:0.002732s ]
[ sql ] [ SQL ] SELECT `usableSum` FROM `xh_member` WHERE  (  id=1317 ) LIMIT 1 [ RunTime:0.000562s ]
---------------------------------------------------------------
[ 2018-10-08T09:50:54+08:00 ] 202.53.138.176 112.17.240.106 GET /index/lianlianauthpay/authllpay_wap?bankCard=&realName=&IDCard=&b-pay-amount=
[ info ] www.5chevip.com/index/lianlianauthpay/authllpay_wap?bankCard=&realName=&IDCard=&b-pay-amount= [运行时间：0.241618s][吞吐率：4.14req/s] [内存消耗：3,922.06kb] [文件加载：63]
[ info ] [ CACHE ] INIT File
[ info ] [ LANG ] /www/wwwroot/feichangpeizi/thinkphp/lang/zh-cn.php
[ info ] [ ROUTE ] array (
  'type' => 'module',
  'module' => 
  array (
    0 => 'index',
    1 => 'lianlianauthpay',
    2 => 'authllpay_wap',
  ),
)
[ info ] [ HEADER ] array (
  'host' => 'www.5chevip.com',
  'cookie' => 'PHPSESSID=4n54mr5a15mrlk40f5k5rvb7a0',
  'connection' => 'keep-alive',
  'upgrade-insecure-requests' => '1',
  'accept' => 'text/html,application/xhtml+xml,application/xml;q=0.9,*/*;q=0.8',
  'user-agent' => 'Mozilla/5.0 (iPhone; CPU iPhone OS 11_4_1 like Mac OS X) AppleWebKit/605.1.15 (KHTML, like Gecko) Mobile/15G77',
  'referer' => 'http://www.5chevip.com/ucenter/quick_pay.html',
  'accept-language' => 'zh-cn',
  'accept-encoding' => 'gzip, deflate',
  'content-type' => '',
  'content-length' => '',
)
[ info ] [ PARAM ] array (
  'bankCard' => '',
  'realName' => '',
  'IDCard' => '',
  'b-pay-amount' => '',
)
[ info ] [ BEHAVIOR ] Run app\common\behavior\Config @app_begin [ RunTime:0.001256s ]
[ info ] [ BEHAVIOR ] Run app\common\behavior\Hook @app_begin [ RunTime:0.025994s ]
[ info ] [ DB ] INIT mysql
[ info ] [ LOG ] INIT File
[ info ] [ RUN ] app\index\controller\Lianlianauthpay->authllpay_wap[ /www/wwwroot/feichangpeizi/application/index/controller/Lianlianauthpay.php ]
[ sql ] [ DB ] CONNECT:[ UseTime:0.002252s ] mysql:dbname=fcpeizi;host=localhost;port=3306;charset=utf8
[ sql ] [ SQL ] SHOW COLUMNS FROM `xh_member` [ RunTime:0.002681s ]
[ sql ] [ SQL ] SELECT `usableSum` FROM `xh_member` WHERE  (  id=1317 ) LIMIT 1 [ RunTime:0.000528s ]
---------------------------------------------------------------
[ 2018-10-08T09:55:25+08:00 ] 202.53.138.176 58.243.254.54 GET /index/lianlianpay/doPay?b-pay-amount=1000
[ info ] www.5chevip.com/index/lianlianpay/doPay?b-pay-amount=1000 [运行时间：0.272680s][吞吐率：3.67req/s] [内存消耗：4,005.63kb] [文件加载：67]
[ info ] [ CACHE ] INIT File
[ info ] [ LANG ] /www/wwwroot/feichangpeizi/thinkphp/lang/zh-cn.php
[ info ] [ ROUTE ] array (
  'type' => 'module',
  'module' => 
  array (
    0 => 'index',
    1 => 'lianlianpay',
    2 => 'doPay',
  ),
)
[ info ] [ HEADER ] array (
  'host' => 'www.5chevip.com',
  'connection' => 'keep-alive',
  'accept' => 'text/html,application/xhtml+xml,application/xml;q=0.9,image/webp,*/*;q=0.8',
  'upgrade-insecure-requests' => '1',
  'user-agent' => 'Mozilla/5.0 (Windows NT 6.1; WOW64) AppleWebKit/537.36 (KHTML, like Gecko) Chrome/49.0.2623.112 Safari/537.36',
  'referer' => 'http://www.5chevip.com/ucenter/payment.html',
  'accept-encoding' => 'gzip, deflate, sdch',
  'accept-language' => 'zh-CN,zh;q=0.8',
  'cookie' => 'PHPSESSID=5apij852jn5p70dh0ep9lao800; dolphin_home___forward__=%2Fadmin.php%2Fadmin%2Fagent%2Findex.html',
  'content-type' => '',
  'content-length' => '',
)
[ info ] [ PARAM ] array (
  'b-pay-amount' => '1000',
)
[ info ] [ BEHAVIOR ] Run app\common\behavior\Config @app_begin [ RunTime:0.001194s ]
[ info ] [ BEHAVIOR ] Run app\common\behavior\Hook @app_begin [ RunTime:0.025330s ]
[ info ] [ DB ] INIT mysql
[ info ] [ LOG ] INIT File
[ info ] [ RUN ] app\index\controller\Lianlianpay->doPay[ /www/wwwroot/feichangpeizi/application/index/controller/Lianlianpay.php ]
[ sql ] [ DB ] CONNECT:[ UseTime:0.001113s ] mysql:dbname=fcpeizi;host=localhost;port=3306;charset=utf8
[ sql ] [ SQL ] SHOW COLUMNS FROM `xh_member` [ RunTime:0.002564s ]
[ sql ] [ SQL ] SELECT `usableSum` FROM `xh_member` WHERE  (  id=1313 ) LIMIT 1 [ RunTime:0.000474s ]
[ sql ] [ SQL ] SHOW COLUMNS FROM `xh_member_recharge` [ RunTime:0.002803s ]
[ sql ] [ SQL ] INSERT INTO `xh_member_recharge` (`memberId` , `amount` , `status` , `no_order` , `createTime`) VALUES (1313 , 1000 , 0 , '13131538963724984645' , '2018-10-08 09:55:24') [ RunTime:0.001035s ]
---------------------------------------------------------------
[ 2018-10-08T17:09:00+08:00 ] 202.53.138.176 115.206.253.155 GET /index/lianlianpay/doPay?b-pay-amount=10
[ info ] vip.5chevip.com/index/lianlianpay/doPay?b-pay-amount=10 [运行时间：0.221409s][吞吐率：4.52req/s] [内存消耗：4,002.91kb] [文件加载：67]
[ info ] [ CACHE ] INIT File
[ info ] [ LANG ] /www/wwwroot/feichangpeizi/thinkphp/lang/zh-cn.php
[ info ] [ ROUTE ] array (
  'type' => 'module',
  'module' => 
  array (
    0 => 'index',
    1 => 'lianlianpay',
    2 => 'doPay',
  ),
)
[ info ] [ HEADER ] array (
  'host' => 'vip.5chevip.com',
  'connection' => 'keep-alive',
  'upgrade-insecure-requests' => '1',
  'user-agent' => 'Mozilla/5.0 (Windows NT 10.0; WOW64) AppleWebKit/537.36 (KHTML, like Gecko) Chrome/63.0.3239.132 Safari/537.36',
  'accept' => 'text/html,application/xhtml+xml,application/xml;q=0.9,image/webp,image/apng,*/*;q=0.8',
  'referer' => 'http://vip.5chevip.com/ucenter/payment.html',
  'accept-encoding' => 'gzip, deflate',
  'accept-language' => 'zh-CN,zh;q=0.9',
  'cookie' => 'PHPSESSID=065gb497n6lnhgaq4sqa26ajs0',
  'content-type' => '',
  'content-length' => '',
)
[ info ] [ PARAM ] array (
  'b-pay-amount' => '10',
)
[ info ] [ BEHAVIOR ] Run app\common\behavior\Config @app_begin [ RunTime:0.000761s ]
[ info ] [ BEHAVIOR ] Run app\common\behavior\Hook @app_begin [ RunTime:0.021568s ]
[ info ] [ DB ] INIT mysql
[ info ] [ LOG ] INIT File
[ info ] [ RUN ] app\index\controller\Lianlianpay->doPay[ /www/wwwroot/feichangpeizi/application/index/controller/Lianlianpay.php ]
[ sql ] [ DB ] CONNECT:[ UseTime:0.000845s ] mysql:dbname=fcpeizi;host=localhost;port=3306;charset=utf8
[ sql ] [ SQL ] SHOW COLUMNS FROM `xh_member` [ RunTime:0.002162s ]
[ sql ] [ SQL ] SELECT `usableSum` FROM `xh_member` WHERE  (  id=1314 ) LIMIT 1 [ RunTime:0.000628s ]
[ sql ] [ SQL ] SHOW COLUMNS FROM `xh_member_recharge` [ RunTime:0.002616s ]
[ sql ] [ SQL ] INSERT INTO `xh_member_recharge` (`memberId` , `amount` , `status` , `no_order` , `createTime`) VALUES (1314 , 10 , 0 , '13141538989740379679' , '2018-10-08 17:09:00') [ RunTime:0.000763s ]
---------------------------------------------------------------
[ 2018-10-08T17:13:39+08:00 ] 202.53.138.176 115.206.253.155 GET /index/lianlianpay/doPay?b-pay-amount=10
[ info ] vip.5chevip.com/index/lianlianpay/doPay?b-pay-amount=10 [运行时间：0.283123s][吞吐率：3.53req/s] [内存消耗：4,002.91kb] [文件加载：67]
[ info ] [ CACHE ] INIT File
[ info ] [ LANG ] /www/wwwroot/feichangpeizi/thinkphp/lang/zh-cn.php
[ info ] [ ROUTE ] array (
  'type' => 'module',
  'module' => 
  array (
    0 => 'index',
    1 => 'lianlianpay',
    2 => 'doPay',
  ),
)
[ info ] [ HEADER ] array (
  'host' => 'vip.5chevip.com',
  'connection' => 'keep-alive',
  'upgrade-insecure-requests' => '1',
  'user-agent' => 'Mozilla/5.0 (Windows NT 10.0; WOW64) AppleWebKit/537.36 (KHTML, like Gecko) Chrome/63.0.3239.132 Safari/537.36',
  'accept' => 'text/html,application/xhtml+xml,application/xml;q=0.9,image/webp,image/apng,*/*;q=0.8',
  'referer' => 'http://vip.5chevip.com/ucenter/payment.html',
  'accept-encoding' => 'gzip, deflate',
  'accept-language' => 'zh-CN,zh;q=0.9',
  'cookie' => 'PHPSESSID=065gb497n6lnhgaq4sqa26ajs0',
  'content-type' => '',
  'content-length' => '',
)
[ info ] [ PARAM ] array (
  'b-pay-amount' => '10',
)
[ info ] [ BEHAVIOR ] Run app\common\behavior\Config @app_begin [ RunTime:0.000986s ]
[ info ] [ BEHAVIOR ] Run app\common\behavior\Hook @app_begin [ RunTime:0.028748s ]
[ info ] [ DB ] INIT mysql
[ info ] [ LOG ] INIT File
[ info ] [ RUN ] app\index\controller\Lianlianpay->doPay[ /www/wwwroot/feichangpeizi/application/index/controller/Lianlianpay.php ]
[ sql ] [ DB ] CONNECT:[ UseTime:0.000911s ] mysql:dbname=fcpeizi;host=localhost;port=3306;charset=utf8
[ sql ] [ SQL ] SHOW COLUMNS FROM `xh_member` [ RunTime:0.002467s ]
[ sql ] [ SQL ] SELECT `usableSum` FROM `xh_member` WHERE  (  id=1314 ) LIMIT 1 [ RunTime:0.000720s ]
[ sql ] [ SQL ] SHOW COLUMNS FROM `xh_member_recharge` [ RunTime:0.003304s ]
[ sql ] [ SQL ] INSERT INTO `xh_member_recharge` (`memberId` , `amount` , `status` , `no_order` , `createTime`) VALUES (1314 , 10 , 0 , '13141538990018997903' , '2018-10-08 17:13:38') [ RunTime:0.001312s ]
---------------------------------------------------------------
[ 2018-10-08T17:14:32+08:00 ] 202.53.138.176 115.206.253.155 GET /index/lianlianpay/doPay?b-pay-amount=1000
[ info ] vip.5chevip.com/index/lianlianpay/doPay?b-pay-amount=1000 [运行时间：0.206328s][吞吐率：4.85req/s] [内存消耗：4,002.92kb] [文件加载：67]
[ info ] [ CACHE ] INIT File
[ info ] [ LANG ] /www/wwwroot/feichangpeizi/thinkphp/lang/zh-cn.php
[ info ] [ ROUTE ] array (
  'type' => 'module',
  'module' => 
  array (
    0 => 'index',
    1 => 'lianlianpay',
    2 => 'doPay',
  ),
)
[ info ] [ HEADER ] array (
  'host' => 'vip.5chevip.com',
  'connection' => 'keep-alive',
  'upgrade-insecure-requests' => '1',
  'user-agent' => 'Mozilla/5.0 (Windows NT 10.0; WOW64) AppleWebKit/537.36 (KHTML, like Gecko) Chrome/63.0.3239.132 Safari/537.36',
  'accept' => 'text/html,application/xhtml+xml,application/xml;q=0.9,image/webp,image/apng,*/*;q=0.8',
  'referer' => 'http://vip.5chevip.com/ucenter/payment.html',
  'accept-encoding' => 'gzip, deflate',
  'accept-language' => 'zh-CN,zh;q=0.9',
  'cookie' => 'PHPSESSID=065gb497n6lnhgaq4sqa26ajs0',
  'content-type' => '',
  'content-length' => '',
)
[ info ] [ PARAM ] array (
  'b-pay-amount' => '1000',
)
[ info ] [ BEHAVIOR ] Run app\common\behavior\Config @app_begin [ RunTime:0.000837s ]
[ info ] [ BEHAVIOR ] Run app\common\behavior\Hook @app_begin [ RunTime:0.019765s ]
[ info ] [ DB ] INIT mysql
[ info ] [ LOG ] INIT File
[ info ] [ RUN ] app\index\controller\Lianlianpay->doPay[ /www/wwwroot/feichangpeizi/application/index/controller/Lianlianpay.php ]
[ sql ] [ DB ] CONNECT:[ UseTime:0.000733s ] mysql:dbname=fcpeizi;host=localhost;port=3306;charset=utf8
[ sql ] [ SQL ] SHOW COLUMNS FROM `xh_member` [ RunTime:0.002429s ]
[ sql ] [ SQL ] SELECT `usableSum` FROM `xh_member` WHERE  (  id=1314 ) LIMIT 1 [ RunTime:0.000462s ]
[ sql ] [ SQL ] SHOW COLUMNS FROM `xh_member_recharge` [ RunTime:0.003449s ]
[ sql ] [ SQL ] INSERT INTO `xh_member_recharge` (`memberId` , `amount` , `status` , `no_order` , `createTime`) VALUES (1314 , 1000 , 0 , '13141538990072257873' , '2018-10-08 17:14:32') [ RunTime:0.000862s ]
---------------------------------------------------------------
[ 2018-10-08T17:16:30+08:00 ] 202.53.138.176 115.206.253.155 GET /index/lianlianpay/doPay?b-pay-amount=10
[ info ] vip.5chevip.com/index/lianlianpay/doPay?b-pay-amount=10 [运行时间：0.221800s][吞吐率：4.51req/s] [内存消耗：4,002.91kb] [文件加载：67]
[ info ] [ CACHE ] INIT File
[ info ] [ LANG ] /www/wwwroot/feichangpeizi/thinkphp/lang/zh-cn.php
[ info ] [ ROUTE ] array (
  'type' => 'module',
  'module' => 
  array (
    0 => 'index',
    1 => 'lianlianpay',
    2 => 'doPay',
  ),
)
[ info ] [ HEADER ] array (
  'host' => 'vip.5chevip.com',
  'connection' => 'keep-alive',
  'upgrade-insecure-requests' => '1',
  'user-agent' => 'Mozilla/5.0 (Windows NT 10.0; WOW64) AppleWebKit/537.36 (KHTML, like Gecko) Chrome/63.0.3239.132 Safari/537.36',
  'accept' => 'text/html,application/xhtml+xml,application/xml;q=0.9,image/webp,image/apng,*/*;q=0.8',
  'referer' => 'http://vip.5chevip.com/ucenter/payment.html',
  'accept-encoding' => 'gzip, deflate',
  'accept-language' => 'zh-CN,zh;q=0.9',
  'cookie' => 'PHPSESSID=065gb497n6lnhgaq4sqa26ajs0',
  'content-type' => '',
  'content-length' => '',
)
[ info ] [ PARAM ] array (
  'b-pay-amount' => '10',
)
[ info ] [ BEHAVIOR ] Run app\common\behavior\Config @app_begin [ RunTime:0.000666s ]
[ info ] [ BEHAVIOR ] Run app\common\behavior\Hook @app_begin [ RunTime:0.018973s ]
[ info ] [ DB ] INIT mysql
[ info ] [ LOG ] INIT File
[ info ] [ RUN ] app\index\controller\Lianlianpay->doPay[ /www/wwwroot/feichangpeizi/application/index/controller/Lianlianpay.php ]
[ sql ] [ DB ] CONNECT:[ UseTime:0.000713s ] mysql:dbname=fcpeizi;host=localhost;port=3306;charset=utf8
[ sql ] [ SQL ] SHOW COLUMNS FROM `xh_member` [ RunTime:0.002616s ]
[ sql ] [ SQL ] SELECT `usableSum` FROM `xh_member` WHERE  (  id=1314 ) LIMIT 1 [ RunTime:0.000715s ]
[ sql ] [ SQL ] SHOW COLUMNS FROM `xh_member_recharge` [ RunTime:0.002459s ]
[ sql ] [ SQL ] INSERT INTO `xh_member_recharge` (`memberId` , `amount` , `status` , `no_order` , `createTime`) VALUES (1314 , 10 , 0 , '13141538990190064401' , '2018-10-08 17:16:30') [ RunTime:0.000809s ]
---------------------------------------------------------------
[ 2018-10-08T17:20:22+08:00 ] 202.53.138.176 112.34.110.149 GET /index/lianlianpay/doPay?b-pay-amount=10
[ info ] vip.5chevip.com/index/lianlianpay/doPay?b-pay-amount=10 [运行时间：0.168689s][吞吐率：5.93req/s] [内存消耗：2,912.45kb] [文件加载：56]
[ info ] [ CACHE ] INIT File
[ info ] [ LANG ] /www/wwwroot/feichangpeizi/thinkphp/lang/zh-cn.php
[ info ] [ ROUTE ] array (
  'type' => 'module',
  'module' => 
  array (
    0 => 'index',
    1 => 'lianlianpay',
    2 => 'doPay',
  ),
)
[ info ] [ HEADER ] array (
  'accept' => 'text/html,application/xhtml+xml,application/xml;q=0.9,*/*;q=0.8',
  'user-agent' => 'Mozilla/5.0 (Windows NT 6.1; WOW64; rv:43.0) Gecko/20100101 Firefox/43.0',
  'referer' => 'http://www.baidu.com/s?wd=piecbl',
  'connection' => 'Keep-Alive',
  'accept-encoding' => 'gzip, deflate',
  'accept-language' => 'en,*',
  'host' => 'vip.5chevip.com',
  'content-type' => '',
  'content-length' => '',
)
[ info ] [ PARAM ] array (
  'b-pay-amount' => '10',
)
[ info ] [ BEHAVIOR ] Run app\common\behavior\Config @app_begin [ RunTime:0.001457s ]
[ info ] [ BEHAVIOR ] Run app\common\behavior\Hook @app_begin [ RunTime:0.026992s ]
[ info ] [ LOG ] INIT File
[ info ] [ RUN ] app\index\controller\Lianlianpay->doPay[ /www/wwwroot/feichangpeizi/application/index/controller/Lianlianpay.php ]
