---------------------------------------------------------------
[ 2018-10-23T09:29:39+08:00 ] 43.243.75.72 112.17.247.214 GET /index/lianlianauthpay/authllpay_wap?b-pay-amount=1000&bankCard=6212261202007383871&realName=%E5%B7%A5%E5%95%86%E9%93%B6%E8%A1%8C&IDCard=
[ info ] www.dsqqapp.com/index/lianlianauthpay/authllpay_wap?b-pay-amount=1000&bankCard=6212261202007383871&realName=%E5%B7%A5%E5%95%86%E9%93%B6%E8%A1%8C&IDCard= [运行时间：0.098569s][吞吐率：10.15req/s] [内存消耗：4,083.48kb] [文件加载：68]
[ info ] [ CACHE ] INIT File
[ info ] [ LANG ] /www/wwwroot/feichangpeizi/thinkphp/lang/zh-cn.php
[ info ] [ ROUTE ] array (
  'type' => 'module',
  'module' => 
  array (
    0 => 'index',
    1 => 'lianlianauthpay',
    2 => 'authllpay_wap',
  ),
)
[ info ] [ HEADER ] array (
  'host' => 'www.dsqqapp.com',
  'cookie' => 'PHPSESSID=1qgk87db92ga0ursnap2o3j2t6',
  'connection' => 'keep-alive',
  'upgrade-insecure-requests' => '1',
  'accept' => 'text/html,application/xhtml+xml,application/xml;q=0.9,*/*;q=0.8',
  'user-agent' => 'Mozilla/5.0 (iPhone; CPU iPhone OS 11_4_1 like Mac OS X) AppleWebKit/605.1.15 (KHTML, like Gecko) Mobile/15G77',
  'referer' => 'http://www.dsqqapp.com/ucenter/quick_pay.html',
  'accept-language' => 'zh-cn',
  'accept-encoding' => 'gzip, deflate',
  'content-type' => '',
  'content-length' => '',
)
[ info ] [ PARAM ] array (
  'b-pay-amount' => '1000',
  'bankCard' => '6212261202007383871',
  'realName' => '工商银行',
  'IDCard' => '',
)
[ info ] [ BEHAVIOR ] Run app\common\behavior\Config @app_begin [ RunTime:0.000475s ]
[ info ] [ BEHAVIOR ] Run app\common\behavior\Hook @app_begin [ RunTime:0.007231s ]
[ info ] [ DB ] INIT mysql
[ info ] [ LOG ] INIT File
[ info ] [ RUN ] app\index\controller\Lianlianauthpay->authllpay_wap[ /www/wwwroot/feichangpeizi/application/index/controller/Lianlianauthpay.php ]
[ sql ] [ DB ] CONNECT:[ UseTime:0.000379s ] mysql:dbname=fcpeizi;host=localhost;port=3306;charset=utf8
[ sql ] [ SQL ] SHOW COLUMNS FROM `xh_member` [ RunTime:0.001169s ]
[ sql ] [ SQL ] SELECT `usableSum` FROM `xh_member` WHERE  (  id=1330 ) LIMIT 1 [ RunTime:0.000246s ]
[ sql ] [ SQL ] SELECT * FROM `xh_member` WHERE  (  id=1330 ) LIMIT 1 [ RunTime:0.000230s ]
[ sql ] [ SQL ] SHOW COLUMNS FROM `xh_member_recharge` [ RunTime:0.000861s ]
[ sql ] [ SQL ] INSERT INTO `xh_member_recharge` (`memberId` , `amount` , `status` , `no_order` , `createTime`) VALUES (1330 , 1000 , 0 , '13301540258179258137' , '2018-10-23 09:29:39') [ RunTime:0.000349s ]
---------------------------------------------------------------
[ 2018-10-23T14:57:59+08:00 ] 43.243.75.72 112.17.247.214 GET /index/lianlianauthpay/authllpay_wap?b-pay-amount=1&bankCard=6212261202007383871&realName=%E5%B7%A5%E5%95%86%E9%93%B6%E8%A1%8C&IDCard=
[ info ] www.dsqqapp.com/index/lianlianauthpay/authllpay_wap?b-pay-amount=1&bankCard=6212261202007383871&realName=%E5%B7%A5%E5%95%86%E9%93%B6%E8%A1%8C&IDCard= [运行时间：0.231868s][吞吐率：4.31req/s] [内存消耗：4,083.64kb] [文件加载：68]
[ info ] [ CACHE ] INIT File
[ info ] [ LANG ] /www/wwwroot/feichangpeizi/thinkphp/lang/zh-cn.php
[ info ] [ ROUTE ] array (
  'type' => 'module',
  'module' => 
  array (
    0 => 'index',
    1 => 'lianlianauthpay',
    2 => 'authllpay_wap',
  ),
)
[ info ] [ HEADER ] array (
  'host' => 'www.dsqqapp.com',
  'cookie' => 'PHPSESSID=2sqiiedr1cmfss67gcqvih4sn2',
  'connection' => 'keep-alive',
  'upgrade-insecure-requests' => '1',
  'accept' => 'text/html,application/xhtml+xml,application/xml;q=0.9,*/*;q=0.8',
  'user-agent' => 'Mozilla/5.0 (iPhone; CPU iPhone OS 11_4_1 like Mac OS X) AppleWebKit/605.1.15 (KHTML, like Gecko) Mobile/15G77',
  'referer' => 'http://www.dsqqapp.com/ucenter/quick_pay.html',
  'accept-language' => 'zh-cn',
  'accept-encoding' => 'gzip, deflate',
  'content-type' => '',
  'content-length' => '',
)
[ info ] [ PARAM ] array (
  'b-pay-amount' => '1',
  'bankCard' => '6212261202007383871',
  'realName' => '工商银行',
  'IDCard' => '',
)
[ info ] [ BEHAVIOR ] Run app\common\behavior\Config @app_begin [ RunTime:0.001092s ]
[ info ] [ BEHAVIOR ] Run app\common\behavior\Hook @app_begin [ RunTime:0.015452s ]
[ info ] [ DB ] INIT mysql
[ info ] [ LOG ] INIT File
[ info ] [ RUN ] app\index\controller\Lianlianauthpay->authllpay_wap[ /www/wwwroot/feichangpeizi/application/index/controller/Lianlianauthpay.php ]
[ sql ] [ DB ] CONNECT:[ UseTime:0.000631s ] mysql:dbname=fcpeizi;host=localhost;port=3306;charset=utf8
[ sql ] [ SQL ] SHOW COLUMNS FROM `xh_member` [ RunTime:0.002249s ]
[ sql ] [ SQL ] SELECT `usableSum` FROM `xh_member` WHERE  (  id=1330 ) LIMIT 1 [ RunTime:0.000512s ]
[ sql ] [ SQL ] SELECT * FROM `xh_member` WHERE  (  id=1330 ) LIMIT 1 [ RunTime:0.000794s ]
[ sql ] [ SQL ] SHOW COLUMNS FROM `xh_member_recharge` [ RunTime:0.003865s ]
[ sql ] [ SQL ] INSERT INTO `xh_member_recharge` (`memberId` , `amount` , `status` , `no_order` , `createTime`) VALUES (1330 , 1 , 0 , '13301540277879860546' , '2018-10-23 14:57:59') [ RunTime:0.000854s ]
---------------------------------------------------------------
[ 2018-10-23T15:40:35+08:00 ] 43.243.75.72 36.35.214.170 GET /index/lianlianauthpay/authllpay_wap?b-pay-amount=1&bankCard=6217001730014864&realName=%E5%BB%BA%E8%AE%BE%E9%93%B6%E8%A1%8C&IDCard=
[ info ] www.dsqqapp.com/index/lianlianauthpay/authllpay_wap?b-pay-amount=1&bankCard=6217001730014864&realName=%E5%BB%BA%E8%AE%BE%E9%93%B6%E8%A1%8C&IDCard= [运行时间：0.248295s][吞吐率：4.03req/s] [内存消耗：4,084.63kb] [文件加载：68]
[ info ] [ CACHE ] INIT File
[ info ] [ LANG ] /www/wwwroot/feichangpeizi/thinkphp/lang/zh-cn.php
[ info ] [ ROUTE ] array (
  'type' => 'module',
  'module' => 
  array (
    0 => 'index',
    1 => 'lianlianauthpay',
    2 => 'authllpay_wap',
  ),
)
[ info ] [ HEADER ] array (
  'host' => 'www.dsqqapp.com',
  'connection' => 'keep-alive',
  'upgrade-insecure-requests' => '1',
  'user-agent' => 'Mozilla/5.0 (Linux; Android 8.1.0; PACT00 Build/O11019; wv) AppleWebKit/537.36 (KHTML, like Gecko) Version/4.0 Chrome/62.0.3202.84 Mobile Safari/537.36',
  'accept' => 'text/html,application/xhtml+xml,application/xml;q=0.9,image/webp,image/apng,*/*;q=0.8',
  'referer' => 'http://www.dsqqapp.com/ucenter/quick_pay.html',
  'accept-encoding' => 'gzip, deflate',
  'accept-language' => 'zh-CN,en-US;q=0.9',
  'cookie' => 'PHPSESSID=a6dav7hh926i2pnvm2jp318ig5',
  'x-requested-with' => 'www.dsqqapp.com',
  'content-type' => '',
  'content-length' => '',
)
[ info ] [ PARAM ] array (
  'b-pay-amount' => '1',
  'bankCard' => '6217001730014864',
  'realName' => '建设银行',
  'IDCard' => '',
)
[ info ] [ BEHAVIOR ] Run app\common\behavior\Config @app_begin [ RunTime:0.001198s ]
[ info ] [ BEHAVIOR ] Run app\common\behavior\Hook @app_begin [ RunTime:0.015183s ]
[ info ] [ DB ] INIT mysql
[ info ] [ LOG ] INIT File
[ info ] [ RUN ] app\index\controller\Lianlianauthpay->authllpay_wap[ /www/wwwroot/feichangpeizi/application/index/controller/Lianlianauthpay.php ]
[ sql ] [ DB ] CONNECT:[ UseTime:0.000690s ] mysql:dbname=fcpeizi;host=localhost;port=3306;charset=utf8
[ sql ] [ SQL ] SHOW COLUMNS FROM `xh_member` [ RunTime:0.008513s ]
[ sql ] [ SQL ] SELECT `usableSum` FROM `xh_member` WHERE  (  id=1335 ) LIMIT 1 [ RunTime:0.000588s ]
[ sql ] [ SQL ] SELECT * FROM `xh_member` WHERE  (  id=1335 ) LIMIT 1 [ RunTime:0.001286s ]
[ sql ] [ SQL ] SHOW COLUMNS FROM `xh_member_recharge` [ RunTime:0.010301s ]
[ sql ] [ SQL ] INSERT INTO `xh_member_recharge` (`memberId` , `amount` , `status` , `no_order` , `createTime`) VALUES (1335 , 1 , 0 , '13351540280435061815' , '2018-10-23 15:40:35') [ RunTime:0.000868s ]
---------------------------------------------------------------
[ 2018-10-23T15:41:10+08:00 ] 43.243.75.72 36.35.214.170 GET /index/lianlianauthpay/authllpay_wap?b-pay-amount=1000&bankCard=6217001730014864&realName=%E5%BB%BA%E8%AE%BE%E9%93%B6%E8%A1%8C&IDCard=
[ info ] www.dsqqapp.com/index/lianlianauthpay/authllpay_wap?b-pay-amount=1000&bankCard=6217001730014864&realName=%E5%BB%BA%E8%AE%BE%E9%93%B6%E8%A1%8C&IDCard= [运行时间：0.177877s][吞吐率：5.62req/s] [内存消耗：4,084.70kb] [文件加载：68]
[ info ] [ CACHE ] INIT File
[ info ] [ LANG ] /www/wwwroot/feichangpeizi/thinkphp/lang/zh-cn.php
[ info ] [ ROUTE ] array (
  'type' => 'module',
  'module' => 
  array (
    0 => 'index',
    1 => 'lianlianauthpay',
    2 => 'authllpay_wap',
  ),
)
[ info ] [ HEADER ] array (
  'host' => 'www.dsqqapp.com',
  'connection' => 'keep-alive',
  'upgrade-insecure-requests' => '1',
  'user-agent' => 'Mozilla/5.0 (Linux; Android 8.1.0; PACT00 Build/O11019; wv) AppleWebKit/537.36 (KHTML, like Gecko) Version/4.0 Chrome/62.0.3202.84 Mobile Safari/537.36',
  'accept' => 'text/html,application/xhtml+xml,application/xml;q=0.9,image/webp,image/apng,*/*;q=0.8',
  'referer' => 'http://www.dsqqapp.com/ucenter/quick_pay.html',
  'accept-encoding' => 'gzip, deflate',
  'accept-language' => 'zh-CN,en-US;q=0.9',
  'cookie' => 'PHPSESSID=a6dav7hh926i2pnvm2jp318ig5',
  'x-requested-with' => 'www.dsqqapp.com',
  'content-type' => '',
  'content-length' => '',
)
[ info ] [ PARAM ] array (
  'b-pay-amount' => '1000',
  'bankCard' => '6217001730014864',
  'realName' => '建设银行',
  'IDCard' => '',
)
[ info ] [ BEHAVIOR ] Run app\common\behavior\Config @app_begin [ RunTime:0.008766s ]
[ info ] [ BEHAVIOR ] Run app\common\behavior\Hook @app_begin [ RunTime:0.013700s ]
[ info ] [ DB ] INIT mysql
[ info ] [ LOG ] INIT File
[ info ] [ RUN ] app\index\controller\Lianlianauthpay->authllpay_wap[ /www/wwwroot/feichangpeizi/application/index/controller/Lianlianauthpay.php ]
[ sql ] [ DB ] CONNECT:[ UseTime:0.000767s ] mysql:dbname=fcpeizi;host=localhost;port=3306;charset=utf8
[ sql ] [ SQL ] SHOW COLUMNS FROM `xh_member` [ RunTime:0.006805s ]
[ sql ] [ SQL ] SELECT `usableSum` FROM `xh_member` WHERE  (  id=1335 ) LIMIT 1 [ RunTime:0.000264s ]
[ sql ] [ SQL ] SELECT * FROM `xh_member` WHERE  (  id=1335 ) LIMIT 1 [ RunTime:0.000266s ]
[ sql ] [ SQL ] SHOW COLUMNS FROM `xh_member_recharge` [ RunTime:0.009090s ]
[ sql ] [ SQL ] INSERT INTO `xh_member_recharge` (`memberId` , `amount` , `status` , `no_order` , `createTime`) VALUES (1335 , 1000 , 0 , '13351540280470190395' , '2018-10-23 15:41:10') [ RunTime:0.000426s ]
---------------------------------------------------------------
[ 2018-10-23T17:47:10+08:00 ] 43.243.75.72 223.104.34.8 GET /index/lianlianauthpay/authllpay_wap?b-pay-amount=1000&bankCard=6217001730014864&realName=%E5%BB%BA%E8%AE%BE%E9%93%B6%E8%A1%8C&IDCard=
[ info ] www.dsqqapp.com/index/lianlianauthpay/authllpay_wap?b-pay-amount=1000&bankCard=6217001730014864&realName=%E5%BB%BA%E8%AE%BE%E9%93%B6%E8%A1%8C&IDCard= [运行时间：0.196036s][吞吐率：5.10req/s] [内存消耗：4,083.77kb] [文件加载：68]
[ info ] [ CACHE ] INIT File
[ info ] [ LANG ] /www/wwwroot/feichangpeizi/thinkphp/lang/zh-cn.php
[ info ] [ ROUTE ] array (
  'type' => 'module',
  'module' => 
  array (
    0 => 'index',
    1 => 'lianlianauthpay',
    2 => 'authllpay_wap',
  ),
)
[ info ] [ HEADER ] array (
  'host' => 'www.dsqqapp.com',
  'connection' => 'keep-alive',
  'upgrade-insecure-requests' => '1',
  'user-agent' => 'Mozilla/5.0 (Linux; Android 8.1.0; PACT00 Build/O11019; wv) AppleWebKit/537.36 (KHTML, like Gecko) Version/4.0 Chrome/62.0.3202.84 Mobile Safari/537.36',
  'accept' => 'text/html,application/xhtml+xml,application/xml;q=0.9,image/webp,image/apng,*/*;q=0.8',
  'referer' => 'http://www.dsqqapp.com/ucenter/quick_pay.html',
  'accept-encoding' => 'gzip, deflate',
  'accept-language' => 'zh-CN,en-US;q=0.9',
  'cookie' => 'PHPSESSID=a6dav7hh926i2pnvm2jp318ig5',
  'x-requested-with' => 'www.dsqqapp.com',
  'content-type' => '',
  'content-length' => '',
)
[ info ] [ PARAM ] array (
  'b-pay-amount' => '1000',
  'bankCard' => '6217001730014864',
  'realName' => '建设银行',
  'IDCard' => '',
)
[ info ] [ BEHAVIOR ] Run app\common\behavior\Config @app_begin [ RunTime:0.001557s ]
[ info ] [ BEHAVIOR ] Run app\common\behavior\Hook @app_begin [ RunTime:0.012192s ]
[ info ] [ DB ] INIT mysql
[ info ] [ LOG ] INIT File
[ info ] [ RUN ] app\index\controller\Lianlianauthpay->authllpay_wap[ /www/wwwroot/feichangpeizi/application/index/controller/Lianlianauthpay.php ]
[ sql ] [ DB ] CONNECT:[ UseTime:0.001054s ] mysql:dbname=fcpeizi;host=localhost;port=3306;charset=utf8
[ sql ] [ SQL ] SHOW COLUMNS FROM `xh_member` [ RunTime:0.002634s ]
[ sql ] [ SQL ] SELECT `usableSum` FROM `xh_member` WHERE  (  id=1335 ) LIMIT 1 [ RunTime:0.000673s ]
[ sql ] [ SQL ] SELECT * FROM `xh_member` WHERE  (  id=1335 ) LIMIT 1 [ RunTime:0.000704s ]
[ sql ] [ SQL ] SHOW COLUMNS FROM `xh_member_recharge` [ RunTime:0.002467s ]
[ sql ] [ SQL ] INSERT INTO `xh_member_recharge` (`memberId` , `amount` , `status` , `no_order` , `createTime`) VALUES (1335 , 1000 , 0 , '13351540288029993416' , '2018-10-23 17:47:09') [ RunTime:0.000928s ]
