---------------------------------------------------------------
[ 2018-10-29T09:22:20+08:00 ] 43.243.75.72 112.17.240.72 GET /index/lianlianauthpay/authllpay_wap?b-pay-amount=5000&bankCard=4367421542737083528&realName=%E5%BC%A0%E6%B4%AA&IDCard=
[ info ] www.dsqqapp.com/index/lianlianauthpay/authllpay_wap?b-pay-amount=5000&bankCard=4367421542737083528&realName=%E5%BC%A0%E6%B4%AA&IDCard= [运行时间：0.287185s][吞吐率：3.48req/s] [内存消耗：4,083.33kb] [文件加载：68]
[ info ] [ CACHE ] INIT File
[ info ] [ LANG ] /www/wwwroot/feichangpeizi/thinkphp/lang/zh-cn.php
[ info ] [ ROUTE ] array (
  'type' => 'module',
  'module' => 
  array (
    0 => 'index',
    1 => 'lianlianauthpay',
    2 => 'authllpay_wap',
  ),
)
[ info ] [ HEADER ] array (
  'host' => 'www.dsqqapp.com',
  'cookie' => 'PHPSESSID=h4c66g7q8k62i051djai9pop20',
  'connection' => 'keep-alive',
  'upgrade-insecure-requests' => '1',
  'accept' => 'text/html,application/xhtml+xml,application/xml;q=0.9,*/*;q=0.8',
  'user-agent' => 'Mozilla/5.0 (iPhone; CPU iPhone OS 12_0 like Mac OS X) AppleWebKit/605.1.15 (KHTML, like Gecko) Mobile/16A366',
  'referer' => 'http://www.dsqqapp.com/ucenter/quick_pay.html',
  'accept-language' => 'zh-cn',
  'accept-encoding' => 'gzip, deflate',
  'content-type' => '',
  'content-length' => '',
)
[ info ] [ PARAM ] array (
  'b-pay-amount' => '5000',
  'bankCard' => '4367421542737083528',
  'realName' => '张洪',
  'IDCard' => '',
)
[ info ] [ BEHAVIOR ] Run app\common\behavior\Config @app_begin [ RunTime:0.001244s ]
[ info ] [ BEHAVIOR ] Run app\common\behavior\Hook @app_begin [ RunTime:0.017610s ]
[ info ] [ DB ] INIT mysql
[ info ] [ LOG ] INIT File
[ info ] [ RUN ] app\index\controller\Lianlianauthpay->authllpay_wap[ /www/wwwroot/feichangpeizi/application/index/controller/Lianlianauthpay.php ]
[ sql ] [ DB ] CONNECT:[ UseTime:0.000674s ] mysql:dbname=fcpeizi;host=localhost;port=3306;charset=utf8
[ sql ] [ SQL ] SHOW COLUMNS FROM `xh_member` [ RunTime:0.002137s ]
[ sql ] [ SQL ] SELECT `usableSum` FROM `xh_member` WHERE  (  id=1358 ) LIMIT 1 [ RunTime:0.000393s ]
[ sql ] [ SQL ] SELECT * FROM `xh_member` WHERE  (  id=1358 ) LIMIT 1 [ RunTime:0.000726s ]
[ sql ] [ SQL ] SHOW COLUMNS FROM `xh_member_recharge` [ RunTime:0.002307s ]
[ sql ] [ SQL ] INSERT INTO `xh_member_recharge` (`memberId` , `amount` , `status` , `no_order` , `createTime`) VALUES (1358 , 5000 , 0 , '13581540776140954781' , '2018-10-29 09:22:20') [ RunTime:0.016894s ]
---------------------------------------------------------------
[ 2018-10-29T09:22:54+08:00 ] 43.243.75.72 115.236.102.36 POST /index/lianlianpay/notify_url
[ info ] www.dsqqapp.com/index/lianlianpay/notify_url [运行时间：0.230849s][吞吐率：4.33req/s] [内存消耗：4,044.27kb] [文件加载：66]
[ info ] [ CACHE ] INIT File
[ info ] [ LANG ] /www/wwwroot/feichangpeizi/thinkphp/lang/zh-cn.php
[ info ] [ ROUTE ] array (
  'type' => 'module',
  'module' => 
  array (
    0 => 'index',
    1 => 'lianlianpay',
    2 => 'notify_url',
  ),
)
[ info ] [ HEADER ] array (
  'content-type' => 'text/json;charset=UTF-8',
  'connection' => 'Close',
  'user-agent' => 'httpcomponents',
  'correlationid' => 'fb0bb7d7-6006-4d95-a27f-3a147d4133c8',
  'content-length' => '440',
  'host' => 'www.dsqqapp.com',
  'cookie' => 'PHPSESSID=vgo88pjjeodvku80f8as6d6el6',
  'cookie2' => '$Version=1',
  'accept-encoding' => 'gzip,deflate',
)
[ info ] [ PARAM ] array (
)
[ info ] [ BEHAVIOR ] Run app\common\behavior\Config @app_begin [ RunTime:0.001051s ]
[ info ] [ BEHAVIOR ] Run app\common\behavior\Hook @app_begin [ RunTime:0.016550s ]
[ info ] [ LOG ] INIT File
[ info ] [ RUN ] app\index\controller\Lianlianpay->notify_url[ /www/wwwroot/feichangpeizi/application/index/controller/Lianlianpay.php ]
[ info ] [ DB ] INIT mysql
[ 原串:bank_code=01050000&dt_order=20181029092220&money_order=5000.0&no_order=13581540776140954781&oid_partner=201810190002237014&oid_paybill=2018102976966107&pay_type=P&result_pay=SUCCESS&settle_date=20181029&sign_type=RSA
 ] log.txt
[ sign:bC7CICVQCDBqUr5K/2tedbVah5FlJPM9w/rWx4Z4GHMXzCkWH2A3TFtZJjEJ/fN1jp/VyqfyJaHJcELzcvVgPc93+Hl0fz/PA1zC4hA+jh6wDDeh6pxZU79+S8vxWWWzN7zECvyVhI06eECeWI6mkX0CALyyUPrOt7Vl08UbBmM=
 ] log.txt
[ sql ] [ DB ] CONNECT:[ UseTime:0.000505s ] mysql:dbname=fcpeizi;host=localhost;port=3306;charset=utf8
[ sql ] [ SQL ] SHOW COLUMNS FROM `xh_member_recharge` [ RunTime:0.001634s ]
[ sql ] [ SQL ] UPDATE `xh_member_recharge`  SET `status`=1  WHERE  (  no_order='13581540776140954781' ) [ RunTime:0.002359s ]
[ sql ] [ SQL ] SELECT * FROM `xh_member_recharge` WHERE  (  no_order='13581540776140954781' ) LIMIT 1 [ RunTime:0.001410s ]
[ sql ] [ SQL ] SHOW COLUMNS FROM `xh_member` [ RunTime:0.002889s ]
[ sql ] [ SQL ] SELECT * FROM `xh_member` WHERE  (  id=1358 ) LIMIT 1 [ RunTime:0.010564s ]
[ sql ] [ SQL ] UPDATE `xh_member`  SET `usableSum`=usableSum+5000  WHERE  (  id=1358 ) [ RunTime:0.001059s ]
[ sql ] [ SQL ] SHOW COLUMNS FROM `xh_member_fundrecord` [ RunTime:0.002182s ]
[ sql ] [ SQL ] INSERT INTO `xh_member_fundrecord` (`memberId` , `flow` , `amount` , `usableSum` , `remarks` , `createTime`) VALUES (1358 , 1 , 5000 , 5000 , '连连支付充值成功' , '2018-10-29 09:22:54') [ RunTime:0.000901s ]
---------------------------------------------------------------
[ 2018-10-29T09:42:40+08:00 ] 43.243.75.72 112.17.240.72 GET /index/lianlianauthpay/authllpay_wap?b-pay-amount=1000&bankCard=4367421542737083528&realName=%E5%BC%A0%E6%B4%AA&IDCard=
[ info ] www.dsqqapp.com/index/lianlianauthpay/authllpay_wap?b-pay-amount=1000&bankCard=4367421542737083528&realName=%E5%BC%A0%E6%B4%AA&IDCard= [运行时间：0.277418s][吞吐率：3.60req/s] [内存消耗：4,083.34kb] [文件加载：68]
[ info ] [ CACHE ] INIT File
[ info ] [ LANG ] /www/wwwroot/feichangpeizi/thinkphp/lang/zh-cn.php
[ info ] [ ROUTE ] array (
  'type' => 'module',
  'module' => 
  array (
    0 => 'index',
    1 => 'lianlianauthpay',
    2 => 'authllpay_wap',
  ),
)
[ info ] [ HEADER ] array (
  'host' => 'www.dsqqapp.com',
  'cookie' => 'PHPSESSID=h4c66g7q8k62i051djai9pop20',
  'connection' => 'keep-alive',
  'upgrade-insecure-requests' => '1',
  'accept' => 'text/html,application/xhtml+xml,application/xml;q=0.9,*/*;q=0.8',
  'user-agent' => 'Mozilla/5.0 (iPhone; CPU iPhone OS 12_0 like Mac OS X) AppleWebKit/605.1.15 (KHTML, like Gecko) Mobile/16A366',
  'referer' => 'http://www.dsqqapp.com/ucenter/quick_pay.html',
  'accept-language' => 'zh-cn',
  'accept-encoding' => 'gzip, deflate',
  'content-type' => '',
  'content-length' => '',
)
[ info ] [ PARAM ] array (
  'b-pay-amount' => '1000',
  'bankCard' => '4367421542737083528',
  'realName' => '张洪',
  'IDCard' => '',
)
[ info ] [ BEHAVIOR ] Run app\common\behavior\Config @app_begin [ RunTime:0.000718s ]
[ info ] [ BEHAVIOR ] Run app\common\behavior\Hook @app_begin [ RunTime:0.035170s ]
[ info ] [ DB ] INIT mysql
[ info ] [ LOG ] INIT File
[ info ] [ RUN ] app\index\controller\Lianlianauthpay->authllpay_wap[ /www/wwwroot/feichangpeizi/application/index/controller/Lianlianauthpay.php ]
[ sql ] [ DB ] CONNECT:[ UseTime:0.000722s ] mysql:dbname=fcpeizi;host=localhost;port=3306;charset=utf8
[ sql ] [ SQL ] SHOW COLUMNS FROM `xh_member` [ RunTime:0.002289s ]
[ sql ] [ SQL ] SELECT `usableSum` FROM `xh_member` WHERE  (  id=1358 ) LIMIT 1 [ RunTime:0.000641s ]
[ sql ] [ SQL ] SELECT * FROM `xh_member` WHERE  (  id=1358 ) LIMIT 1 [ RunTime:0.002618s ]
[ sql ] [ SQL ] SHOW COLUMNS FROM `xh_member_recharge` [ RunTime:0.002702s ]
[ sql ] [ SQL ] INSERT INTO `xh_member_recharge` (`memberId` , `amount` , `status` , `no_order` , `createTime`) VALUES (1358 , 1000 , 0 , '13581540777359979765' , '2018-10-29 09:42:39') [ RunTime:0.001526s ]
---------------------------------------------------------------
[ 2018-10-29T09:42:54+08:00 ] 43.243.75.72 115.236.102.36 POST /index/lianlianpay/notify_url
[ info ] www.dsqqapp.com/index/lianlianpay/notify_url [运行时间：0.303797s][吞吐率：3.29req/s] [内存消耗：4,044.27kb] [文件加载：66]
[ info ] [ CACHE ] INIT File
[ info ] [ LANG ] /www/wwwroot/feichangpeizi/thinkphp/lang/zh-cn.php
[ info ] [ ROUTE ] array (
  'type' => 'module',
  'module' => 
  array (
    0 => 'index',
    1 => 'lianlianpay',
    2 => 'notify_url',
  ),
)
[ info ] [ HEADER ] array (
  'content-type' => 'text/json;charset=UTF-8',
  'connection' => 'Close',
  'user-agent' => 'httpcomponents',
  'correlationid' => '7275b565-0b9e-4290-bc71-57f837617651',
  'content-length' => '440',
  'host' => 'www.dsqqapp.com',
  'cookie' => 'PHPSESSID=vgo88pjjeodvku80f8as6d6el6',
  'cookie2' => '$Version=1',
  'accept-encoding' => 'gzip,deflate',
)
[ info ] [ PARAM ] array (
)
[ info ] [ BEHAVIOR ] Run app\common\behavior\Config @app_begin [ RunTime:0.001103s ]
[ info ] [ BEHAVIOR ] Run app\common\behavior\Hook @app_begin [ RunTime:0.022235s ]
[ info ] [ LOG ] INIT File
[ info ] [ RUN ] app\index\controller\Lianlianpay->notify_url[ /www/wwwroot/feichangpeizi/application/index/controller/Lianlianpay.php ]
[ info ] [ DB ] INIT mysql
[ 原串:bank_code=01050000&dt_order=20181029094239&money_order=1000.0&no_order=13581540777359979765&oid_partner=201810190002237014&oid_paybill=2018102977037306&pay_type=P&result_pay=SUCCESS&settle_date=20181029&sign_type=RSA
 ] log.txt
[ sign:Q1eipeMTFB5L1XrKpenNMNmms5LgMAFlx/6vyNgVbGcPzFyr15xpu14RR8Lg/FuhqnJ0wksE3JhrOJRx7ZNzQvPAm68V+KS6+eU0RaQU8gO37Vb45/CsmKPc4p6RaRBRBAjrqCCJ4E7bIM0Rzl8JSaZC0OyesFLfGARsqFdSnzo=
 ] log.txt
[ sql ] [ DB ] CONNECT:[ UseTime:0.000708s ] mysql:dbname=fcpeizi;host=localhost;port=3306;charset=utf8
[ sql ] [ SQL ] SHOW COLUMNS FROM `xh_member_recharge` [ RunTime:0.001970s ]
[ sql ] [ SQL ] UPDATE `xh_member_recharge`  SET `status`=1  WHERE  (  no_order='13581540777359979765' ) [ RunTime:0.000825s ]
[ sql ] [ SQL ] SELECT * FROM `xh_member_recharge` WHERE  (  no_order='13581540777359979765' ) LIMIT 1 [ RunTime:0.000687s ]
[ sql ] [ SQL ] SHOW COLUMNS FROM `xh_member` [ RunTime:0.002376s ]
[ sql ] [ SQL ] SELECT * FROM `xh_member` WHERE  (  id=1358 ) LIMIT 1 [ RunTime:0.000654s ]
[ sql ] [ SQL ] UPDATE `xh_member`  SET `usableSum`=usableSum+1000  WHERE  (  id=1358 ) [ RunTime:0.000818s ]
[ sql ] [ SQL ] SHOW COLUMNS FROM `xh_member_fundrecord` [ RunTime:0.001917s ]
[ sql ] [ SQL ] INSERT INTO `xh_member_fundrecord` (`memberId` , `flow` , `amount` , `usableSum` , `remarks` , `createTime`) VALUES (1358 , 1 , 1000 , 6000 , '连连支付充值成功' , '2018-10-29 09:42:54') [ RunTime:0.000746s ]
---------------------------------------------------------------
[ 2018-10-29T12:27:14+08:00 ] 43.243.75.72 218.201.115.106 GET /index/lianlianauthpay/authllpay_wap?b-pay-amount=8000&bankCard=6217233803006527311&realName=%E7%8E%8B%E6%B0%B8%E5%88%9A&IDCard=
[ info ] www.dsqqapp.com/index/lianlianauthpay/authllpay_wap?b-pay-amount=8000&bankCard=6217233803006527311&realName=%E7%8E%8B%E6%B0%B8%E5%88%9A&IDCard= [运行时间：0.291357s][吞吐率：3.43req/s] [内存消耗：4,084.64kb] [文件加载：68]
[ info ] [ CACHE ] INIT File
[ info ] [ LANG ] /www/wwwroot/feichangpeizi/thinkphp/lang/zh-cn.php
[ info ] [ ROUTE ] array (
  'type' => 'module',
  'module' => 
  array (
    0 => 'index',
    1 => 'lianlianauthpay',
    2 => 'authllpay_wap',
  ),
)
[ info ] [ HEADER ] array (
  'host' => 'www.dsqqapp.com',
  'connection' => 'keep-alive',
  'upgrade-insecure-requests' => '1',
  'user-agent' => 'Mozilla/5.0 (Linux; Android 8.0.0; SM-C9000 Build/R16NW; wv) AppleWebKit/537.36 (KHTML, like Gecko) Version/4.0 Chrome/69.0.3497.100 Mobile Safari/537.36',
  'accept' => 'text/html,application/xhtml+xml,application/xml;q=0.9,image/webp,image/apng,*/*;q=0.8',
  'referer' => 'http://www.dsqqapp.com/ucenter/quick_pay.html',
  'accept-encoding' => 'gzip, deflate',
  'accept-language' => 'zh-CN,en-US;q=0.9',
  'cookie' => 'PHPSESSID=m634cpb0s66f0nlgceb0qt76h2',
  'x-requested-with' => 'www.dsqqapp.com',
  'content-type' => '',
  'content-length' => '',
)
[ info ] [ PARAM ] array (
  'b-pay-amount' => '8000',
  'bankCard' => '6217233803006527311',
  'realName' => '王永刚',
  'IDCard' => '',
)
[ info ] [ BEHAVIOR ] Run app\common\behavior\Config @app_begin [ RunTime:0.001028s ]
[ info ] [ BEHAVIOR ] Run app\common\behavior\Hook @app_begin [ RunTime:0.031693s ]
[ info ] [ DB ] INIT mysql
[ info ] [ LOG ] INIT File
[ info ] [ RUN ] app\index\controller\Lianlianauthpay->authllpay_wap[ /www/wwwroot/feichangpeizi/application/index/controller/Lianlianauthpay.php ]
[ sql ] [ DB ] CONNECT:[ UseTime:0.000576s ] mysql:dbname=fcpeizi;host=localhost;port=3306;charset=utf8
[ sql ] [ SQL ] SHOW COLUMNS FROM `xh_member` [ RunTime:0.002363s ]
[ sql ] [ SQL ] SELECT `usableSum` FROM `xh_member` WHERE  (  id=1375 ) LIMIT 1 [ RunTime:0.000660s ]
[ sql ] [ SQL ] SELECT * FROM `xh_member` WHERE  (  id=1375 ) LIMIT 1 [ RunTime:0.000888s ]
[ sql ] [ SQL ] SHOW COLUMNS FROM `xh_member_recharge` [ RunTime:0.002129s ]
[ sql ] [ SQL ] INSERT INTO `xh_member_recharge` (`memberId` , `amount` , `status` , `no_order` , `createTime`) VALUES (1375 , 8000 , 0 , '13751540787234418120' , '2018-10-29 12:27:14') [ RunTime:0.000891s ]
---------------------------------------------------------------
[ 2018-10-29T12:27:46+08:00 ] 43.243.75.72 115.236.102.36 POST /index/lianlianpay/notify_url
[ info ] www.dsqqapp.com/index/lianlianpay/notify_url [运行时间：0.208219s][吞吐率：4.80req/s] [内存消耗：4,044.27kb] [文件加载：66]
[ info ] [ CACHE ] INIT File
[ info ] [ LANG ] /www/wwwroot/feichangpeizi/thinkphp/lang/zh-cn.php
[ info ] [ ROUTE ] array (
  'type' => 'module',
  'module' => 
  array (
    0 => 'index',
    1 => 'lianlianpay',
    2 => 'notify_url',
  ),
)
[ info ] [ HEADER ] array (
  'content-type' => 'text/json;charset=UTF-8',
  'connection' => 'Close',
  'user-agent' => 'httpcomponents',
  'correlationid' => '89a7c8c0-ab6c-4611-93b5-db06950191b9',
  'content-length' => '440',
  'host' => 'www.dsqqapp.com',
  'cookie' => 'PHPSESSID=gth82emp59teblc1nevdi6cjn1',
  'cookie2' => '$Version=1',
  'accept-encoding' => 'gzip,deflate',
)
[ info ] [ PARAM ] array (
)
[ info ] [ BEHAVIOR ] Run app\common\behavior\Config @app_begin [ RunTime:0.006854s ]
[ info ] [ BEHAVIOR ] Run app\common\behavior\Hook @app_begin [ RunTime:0.023787s ]
[ info ] [ LOG ] INIT File
[ info ] [ RUN ] app\index\controller\Lianlianpay->notify_url[ /www/wwwroot/feichangpeizi/application/index/controller/Lianlianpay.php ]
[ info ] [ DB ] INIT mysql
[ 原串:bank_code=01020000&dt_order=20181029122714&money_order=8000.0&no_order=13751540787234418120&oid_partner=201810190002237014&oid_paybill=2018102977826612&pay_type=P&result_pay=SUCCESS&settle_date=20181029&sign_type=RSA
 ] log.txt
[ sign:IrHyN109K5u43baHRXkYVAn8xcbQjcfb0fpKYzOfgnNgOwzLRAxni+wY5Qj8B596EszCc/bOw0FiLBLbFZdvglKH0tR8oICOMhMGnHWsKOVlNiGG9iWXufA+Fi3mHviK6EGJIjZxJ9lOMmMTG0Wl4BIA9/vRVm09z6vZKZbpZCY=
 ] log.txt
[ sql ] [ DB ] CONNECT:[ UseTime:0.000602s ] mysql:dbname=fcpeizi;host=localhost;port=3306;charset=utf8
[ sql ] [ SQL ] SHOW COLUMNS FROM `xh_member_recharge` [ RunTime:0.001776s ]
[ sql ] [ SQL ] UPDATE `xh_member_recharge`  SET `status`=1  WHERE  (  no_order='13751540787234418120' ) [ RunTime:0.000748s ]
[ sql ] [ SQL ] SELECT * FROM `xh_member_recharge` WHERE  (  no_order='13751540787234418120' ) LIMIT 1 [ RunTime:0.000808s ]
[ sql ] [ SQL ] SHOW COLUMNS FROM `xh_member` [ RunTime:0.001725s ]
[ sql ] [ SQL ] SELECT * FROM `xh_member` WHERE  (  id=1375 ) LIMIT 1 [ RunTime:0.000565s ]
[ sql ] [ SQL ] UPDATE `xh_member`  SET `usableSum`=usableSum+8000  WHERE  (  id=1375 ) [ RunTime:0.000671s ]
[ sql ] [ SQL ] SHOW COLUMNS FROM `xh_member_fundrecord` [ RunTime:0.001687s ]
[ sql ] [ SQL ] INSERT INTO `xh_member_fundrecord` (`memberId` , `flow` , `amount` , `usableSum` , `remarks` , `createTime`) VALUES (1375 , 1 , 8000 , 8000 , '连连支付充值成功' , '2018-10-29 12:27:46') [ RunTime:0.000648s ]
---------------------------------------------------------------
[ 2018-10-29T14:37:54+08:00 ] 43.243.75.72 112.17.240.72 GET /index/lianlianauthpay/authllpay_wap?b-pay-amount=6000&bankCard=4367421542737083528&realName=%E5%BC%A0%E6%B4%AA&IDCard=
[ info ] www.dsqqapp.com/index/lianlianauthpay/authllpay_wap?b-pay-amount=6000&bankCard=4367421542737083528&realName=%E5%BC%A0%E6%B4%AA&IDCard= [运行时间：0.187013s][吞吐率：5.35req/s] [内存消耗：4,083.34kb] [文件加载：68]
[ info ] [ CACHE ] INIT File
[ info ] [ LANG ] /www/wwwroot/feichangpeizi/thinkphp/lang/zh-cn.php
[ info ] [ ROUTE ] array (
  'type' => 'module',
  'module' => 
  array (
    0 => 'index',
    1 => 'lianlianauthpay',
    2 => 'authllpay_wap',
  ),
)
[ info ] [ HEADER ] array (
  'host' => 'www.dsqqapp.com',
  'cookie' => 'PHPSESSID=vothavlimk3s0n28kgl2lekik1',
  'connection' => 'keep-alive',
  'upgrade-insecure-requests' => '1',
  'accept' => 'text/html,application/xhtml+xml,application/xml;q=0.9,*/*;q=0.8',
  'user-agent' => 'Mozilla/5.0 (iPhone; CPU iPhone OS 12_0 like Mac OS X) AppleWebKit/605.1.15 (KHTML, like Gecko) Mobile/16A366',
  'referer' => 'http://www.dsqqapp.com/ucenter/quick_pay.html',
  'accept-language' => 'zh-cn',
  'accept-encoding' => 'gzip, deflate',
  'content-type' => '',
  'content-length' => '',
)
[ info ] [ PARAM ] array (
  'b-pay-amount' => '6000',
  'bankCard' => '4367421542737083528',
  'realName' => '张洪',
  'IDCard' => '',
)
[ info ] [ BEHAVIOR ] Run app\common\behavior\Config @app_begin [ RunTime:0.000734s ]
[ info ] [ BEHAVIOR ] Run app\common\behavior\Hook @app_begin [ RunTime:0.007637s ]
[ info ] [ DB ] INIT mysql
[ info ] [ LOG ] INIT File
[ info ] [ RUN ] app\index\controller\Lianlianauthpay->authllpay_wap[ /www/wwwroot/feichangpeizi/application/index/controller/Lianlianauthpay.php ]
[ sql ] [ DB ] CONNECT:[ UseTime:0.000419s ] mysql:dbname=fcpeizi;host=localhost;port=3306;charset=utf8
[ sql ] [ SQL ] SHOW COLUMNS FROM `xh_member` [ RunTime:0.001395s ]
[ sql ] [ SQL ] SELECT `usableSum` FROM `xh_member` WHERE  (  id=1358 ) LIMIT 1 [ RunTime:0.000281s ]
[ sql ] [ SQL ] SELECT * FROM `xh_member` WHERE  (  id=1358 ) LIMIT 1 [ RunTime:0.000367s ]
[ sql ] [ SQL ] SHOW COLUMNS FROM `xh_member_recharge` [ RunTime:0.001182s ]
[ sql ] [ SQL ] INSERT INTO `xh_member_recharge` (`memberId` , `amount` , `status` , `no_order` , `createTime`) VALUES (1358 , 6000 , 0 , '13581540795073998167' , '2018-10-29 14:37:53') [ RunTime:0.000468s ]
---------------------------------------------------------------
[ 2018-10-29T14:38:04+08:00 ] 43.243.75.72 115.236.102.36 POST /index/lianlianpay/notify_url
[ info ] www.dsqqapp.com/index/lianlianpay/notify_url [运行时间：0.171348s][吞吐率：5.84req/s] [内存消耗：4,044.27kb] [文件加载：66]
[ info ] [ CACHE ] INIT File
[ info ] [ LANG ] /www/wwwroot/feichangpeizi/thinkphp/lang/zh-cn.php
[ info ] [ ROUTE ] array (
  'type' => 'module',
  'module' => 
  array (
    0 => 'index',
    1 => 'lianlianpay',
    2 => 'notify_url',
  ),
)
[ info ] [ HEADER ] array (
  'content-type' => 'text/json;charset=UTF-8',
  'connection' => 'Close',
  'user-agent' => 'httpcomponents',
  'correlationid' => '34af0df1-8e78-4949-a09a-be27471d380c',
  'content-length' => '440',
  'host' => 'www.dsqqapp.com',
  'cookie' => 'PHPSESSID=gth82emp59teblc1nevdi6cjn1',
  'cookie2' => '$Version=1',
  'accept-encoding' => 'gzip,deflate',
)
[ info ] [ PARAM ] array (
)
[ info ] [ BEHAVIOR ] Run app\common\behavior\Config @app_begin [ RunTime:0.000743s ]
[ info ] [ BEHAVIOR ] Run app\common\behavior\Hook @app_begin [ RunTime:0.019655s ]
[ info ] [ LOG ] INIT File
[ info ] [ RUN ] app\index\controller\Lianlianpay->notify_url[ /www/wwwroot/feichangpeizi/application/index/controller/Lianlianpay.php ]
[ info ] [ DB ] INIT mysql
[ 原串:bank_code=01050000&dt_order=20181029143754&money_order=6000.0&no_order=13581540795073998167&oid_partner=201810190002237014&oid_paybill=2018102978565797&pay_type=P&result_pay=SUCCESS&settle_date=20181029&sign_type=RSA
 ] log.txt
[ sign:d+CqquILeAlV1/Agv48FbB+1jRKXB93ejOkiYJieZHi++6CNfYXbVu5O01e7KECeAeR4Q1lXvVU5ujM4G+qskDJiB+EK+qqH9Hrsl48sL8awIEQkubroXZCEeFNR3iPnVJe32WzslHqXLgoG1AvvlxoWIrSNCd7p3J8fBjfJxNw=
 ] log.txt
[ sql ] [ DB ] CONNECT:[ UseTime:0.000480s ] mysql:dbname=fcpeizi;host=localhost;port=3306;charset=utf8
[ sql ] [ SQL ] SHOW COLUMNS FROM `xh_member_recharge` [ RunTime:0.001575s ]
[ sql ] [ SQL ] UPDATE `xh_member_recharge`  SET `status`=1  WHERE  (  no_order='13581540795073998167' ) [ RunTime:0.000671s ]
[ sql ] [ SQL ] SELECT * FROM `xh_member_recharge` WHERE  (  no_order='13581540795073998167' ) LIMIT 1 [ RunTime:0.000684s ]
[ sql ] [ SQL ] SHOW COLUMNS FROM `xh_member` [ RunTime:0.002055s ]
[ sql ] [ SQL ] SELECT * FROM `xh_member` WHERE  (  id=1358 ) LIMIT 1 [ RunTime:0.000507s ]
[ sql ] [ SQL ] UPDATE `xh_member`  SET `usableSum`=usableSum+6000  WHERE  (  id=1358 ) [ RunTime:0.000672s ]
[ sql ] [ SQL ] SHOW COLUMNS FROM `xh_member_fundrecord` [ RunTime:0.009677s ]
[ sql ] [ SQL ] INSERT INTO `xh_member_fundrecord` (`memberId` , `flow` , `amount` , `usableSum` , `remarks` , `createTime`) VALUES (1358 , 1 , 6000 , 6760 , '连连支付充值成功' , '2018-10-29 14:38:04') [ RunTime:0.000699s ]
