---------------------------------------------------------------
[ 2018-11-01T09:22:23+08:00 ] 43.243.75.72 36.98.212.126 GET /index/lianlianauthpay/authllpay_wap?b-pay-amount=1000&bankCard=&realName=&IDCard=
[ info ] www.dsqqapp.com/index/lianlianauthpay/authllpay_wap?b-pay-amount=1000&bankCard=&realName=&IDCard= [运行时间：0.210052s][吞吐率：4.76req/s] [内存消耗：4,083.83kb] [文件加载：68]
[ info ] [ CACHE ] INIT File
[ info ] [ LANG ] /www/wwwroot/feichangpeizi/thinkphp/lang/zh-cn.php
[ info ] [ ROUTE ] array (
  'type' => 'module',
  'module' => 
  array (
    0 => 'index',
    1 => 'lianlianauthpay',
    2 => 'authllpay_wap',
  ),
)
[ info ] [ HEADER ] array (
  'host' => 'www.dsqqapp.com',
  'connection' => 'keep-alive',
  'upgrade-insecure-requests' => '1',
  'user-agent' => 'Mozilla/5.0 (Linux; Android 8.0.0; HWI-AL00 Build/HUAWEIHWI-AL00; wv) AppleWebKit/537.36 (KHTML, like Gecko) Version/4.0 Chrome/66.0.3359.126 Mobile Safari/537.36',
  'accept' => 'text/html,application/xhtml+xml,application/xml;q=0.9,image/webp,image/apng,*/*;q=0.8',
  'referer' => 'http://www.dsqqapp.com/ucenter/quick_pay.html',
  'accept-encoding' => 'gzip, deflate',
  'accept-language' => 'zh-CN,en-US;q=0.9',
  'cookie' => 'PHPSESSID=2ph2jm3luuukrm9kscjdkao300',
  'x-requested-with' => 'www.dsqqapp.com',
  'content-type' => '',
  'content-length' => '',
)
[ info ] [ PARAM ] array (
  'b-pay-amount' => '1000',
  'bankCard' => '',
  'realName' => '',
  'IDCard' => '',
)
[ info ] [ BEHAVIOR ] Run app\common\behavior\Config @app_begin [ RunTime:0.011265s ]
[ info ] [ BEHAVIOR ] Run app\common\behavior\Hook @app_begin [ RunTime:0.016751s ]
[ info ] [ DB ] INIT mysql
[ info ] [ LOG ] INIT File
[ info ] [ RUN ] app\index\controller\Lianlianauthpay->authllpay_wap[ /www/wwwroot/feichangpeizi/application/index/controller/Lianlianauthpay.php ]
[ sql ] [ DB ] CONNECT:[ UseTime:0.000584s ] mysql:dbname=fcpeizi;host=localhost;port=3306;charset=utf8
[ sql ] [ SQL ] SHOW COLUMNS FROM `xh_member` [ RunTime:0.002220s ]
[ sql ] [ SQL ] SELECT `usableSum` FROM `xh_member` WHERE  (  id=1392 ) LIMIT 1 [ RunTime:0.000292s ]
[ sql ] [ SQL ] SELECT * FROM `xh_member` WHERE  (  id=1392 ) LIMIT 1 [ RunTime:0.000462s ]
[ sql ] [ SQL ] SHOW COLUMNS FROM `xh_member_recharge` [ RunTime:0.011374s ]
[ sql ] [ SQL ] INSERT INTO `xh_member_recharge` (`memberId` , `amount` , `status` , `no_order` , `createTime`) VALUES (1392 , 1000 , 0 , '13921541035343814988' , '2018-11-01 09:22:23') [ RunTime:0.005621s ]
---------------------------------------------------------------
[ 2018-11-01T09:24:31+08:00 ] 43.243.75.72 36.98.212.126 GET /index/lianlianauthpay/authllpay_wap?b-pay-amount=&bankCard=4367450090873106&realName=%E9%83%9D%E5%A8%85%E5%A0%83&IDCard=
[ info ] www.dsqqapp.com/index/lianlianauthpay/authllpay_wap?b-pay-amount=&bankCard=4367450090873106&realName=%E9%83%9D%E5%A8%85%E5%A0%83&IDCard= [运行时间：0.126838s][吞吐率：7.88req/s] [内存消耗：3,924.02kb] [文件加载：63]
[ info ] [ CACHE ] INIT File
[ info ] [ LANG ] /www/wwwroot/feichangpeizi/thinkphp/lang/zh-cn.php
[ info ] [ ROUTE ] array (
  'type' => 'module',
  'module' => 
  array (
    0 => 'index',
    1 => 'lianlianauthpay',
    2 => 'authllpay_wap',
  ),
)
[ info ] [ HEADER ] array (
  'host' => 'www.dsqqapp.com',
  'connection' => 'keep-alive',
  'upgrade-insecure-requests' => '1',
  'user-agent' => 'Mozilla/5.0 (Linux; Android 8.0.0; HWI-AL00 Build/HUAWEIHWI-AL00; wv) AppleWebKit/537.36 (KHTML, like Gecko) Version/4.0 Chrome/66.0.3359.126 Mobile Safari/537.36',
  'accept' => 'text/html,application/xhtml+xml,application/xml;q=0.9,image/webp,image/apng,*/*;q=0.8',
  'referer' => 'http://www.dsqqapp.com/ucenter/quick_pay.html',
  'accept-encoding' => 'gzip, deflate',
  'accept-language' => 'zh-CN,en-US;q=0.9',
  'cookie' => 'PHPSESSID=2ph2jm3luuukrm9kscjdkao300',
  'x-requested-with' => 'www.dsqqapp.com',
  'content-type' => '',
  'content-length' => '',
)
[ info ] [ PARAM ] array (
  'b-pay-amount' => '',
  'bankCard' => '4367450090873106',
  'realName' => '郝娅堃',
  'IDCard' => '',
)
[ info ] [ BEHAVIOR ] Run app\common\behavior\Config @app_begin [ RunTime:0.000869s ]
[ info ] [ BEHAVIOR ] Run app\common\behavior\Hook @app_begin [ RunTime:0.008125s ]
[ info ] [ DB ] INIT mysql
[ info ] [ LOG ] INIT File
[ info ] [ RUN ] app\index\controller\Lianlianauthpay->authllpay_wap[ /www/wwwroot/feichangpeizi/application/index/controller/Lianlianauthpay.php ]
[ sql ] [ DB ] CONNECT:[ UseTime:0.000404s ] mysql:dbname=fcpeizi;host=localhost;port=3306;charset=utf8
[ sql ] [ SQL ] SHOW COLUMNS FROM `xh_member` [ RunTime:0.003147s ]
[ sql ] [ SQL ] SELECT `usableSum` FROM `xh_member` WHERE  (  id=1392 ) LIMIT 1 [ RunTime:0.000440s ]
---------------------------------------------------------------
[ 2018-11-01T09:24:42+08:00 ] 43.243.75.72 36.98.212.126 GET /index/lianlianauthpay/authllpay_wap?b-pay-amount=1000&bankCard=4367450090873106&realName=%E9%83%9D%E5%A8%85%E5%A0%83&IDCard=
[ info ] www.dsqqapp.com/index/lianlianauthpay/authllpay_wap?b-pay-amount=1000&bankCard=4367450090873106&realName=%E9%83%9D%E5%A8%85%E5%A0%83&IDCard= [运行时间：0.163392s][吞吐率：6.12req/s] [内存消耗：4,083.81kb] [文件加载：68]
[ info ] [ CACHE ] INIT File
[ info ] [ LANG ] /www/wwwroot/feichangpeizi/thinkphp/lang/zh-cn.php
[ info ] [ ROUTE ] array (
  'type' => 'module',
  'module' => 
  array (
    0 => 'index',
    1 => 'lianlianauthpay',
    2 => 'authllpay_wap',
  ),
)
[ info ] [ HEADER ] array (
  'host' => 'www.dsqqapp.com',
  'connection' => 'keep-alive',
  'upgrade-insecure-requests' => '1',
  'user-agent' => 'Mozilla/5.0 (Linux; Android 8.0.0; HWI-AL00 Build/HUAWEIHWI-AL00; wv) AppleWebKit/537.36 (KHTML, like Gecko) Version/4.0 Chrome/66.0.3359.126 Mobile Safari/537.36',
  'accept' => 'text/html,application/xhtml+xml,application/xml;q=0.9,image/webp,image/apng,*/*;q=0.8',
  'referer' => 'http://www.dsqqapp.com/ucenter/quick_pay.html',
  'accept-encoding' => 'gzip, deflate',
  'accept-language' => 'zh-CN,en-US;q=0.9',
  'cookie' => 'PHPSESSID=2ph2jm3luuukrm9kscjdkao300',
  'x-requested-with' => 'www.dsqqapp.com',
  'content-type' => '',
  'content-length' => '',
)
[ info ] [ PARAM ] array (
  'b-pay-amount' => '1000',
  'bankCard' => '4367450090873106',
  'realName' => '郝娅堃',
  'IDCard' => '',
)
[ info ] [ BEHAVIOR ] Run app\common\behavior\Config @app_begin [ RunTime:0.000543s ]
[ info ] [ BEHAVIOR ] Run app\common\behavior\Hook @app_begin [ RunTime:0.009629s ]
[ info ] [ DB ] INIT mysql
[ info ] [ LOG ] INIT File
[ info ] [ RUN ] app\index\controller\Lianlianauthpay->authllpay_wap[ /www/wwwroot/feichangpeizi/application/index/controller/Lianlianauthpay.php ]
[ sql ] [ DB ] CONNECT:[ UseTime:0.000323s ] mysql:dbname=fcpeizi;host=localhost;port=3306;charset=utf8
[ sql ] [ SQL ] SHOW COLUMNS FROM `xh_member` [ RunTime:0.001245s ]
[ sql ] [ SQL ] SELECT `usableSum` FROM `xh_member` WHERE  (  id=1392 ) LIMIT 1 [ RunTime:0.000328s ]
[ sql ] [ SQL ] SELECT * FROM `xh_member` WHERE  (  id=1392 ) LIMIT 1 [ RunTime:0.000530s ]
[ sql ] [ SQL ] SHOW COLUMNS FROM `xh_member_recharge` [ RunTime:0.001045s ]
[ sql ] [ SQL ] INSERT INTO `xh_member_recharge` (`memberId` , `amount` , `status` , `no_order` , `createTime`) VALUES (1392 , 1000 , 0 , '13921541035482700359' , '2018-11-01 09:24:42') [ RunTime:0.000451s ]
---------------------------------------------------------------
[ 2018-11-01T09:38:16+08:00 ] 43.243.75.72 36.98.212.126 GET /index/lianlianauthpay/authllpay_wap?b-pay-amount=1000&bankCard=4367450090873106&realName=%E9%83%9D%E5%A8%85%E5%A0%83&IDCard=
[ info ] www.dsqqapp.com/index/lianlianauthpay/authllpay_wap?b-pay-amount=1000&bankCard=4367450090873106&realName=%E9%83%9D%E5%A8%85%E5%A0%83&IDCard= [运行时间：0.404889s][吞吐率：2.47req/s] [内存消耗：4,083.31kb] [文件加载：68]
[ info ] [ CACHE ] INIT File
[ info ] [ LANG ] /www/wwwroot/feichangpeizi/thinkphp/lang/zh-cn.php
[ info ] [ ROUTE ] array (
  'type' => 'module',
  'module' => 
  array (
    0 => 'index',
    1 => 'lianlianauthpay',
    2 => 'authllpay_wap',
  ),
)
[ info ] [ HEADER ] array (
  'host' => 'www.dsqqapp.com',
  'connection' => 'keep-alive',
  'upgrade-insecure-requests' => '1',
  'user-agent' => 'Mozilla/5.0 (Linux; Android 8.0.0; HWI-AL00 Build/HUAWEIHWI-AL00; wv) AppleWebKit/537.36 (KHTML, like Gecko) Version/4.0 Chrome/66.0.3359.126 Mobile Safari/537.36',
  'accept' => 'text/html,application/xhtml+xml,application/xml;q=0.9,image/webp,image/apng,*/*;q=0.8',
  'accept-encoding' => 'gzip, deflate',
  'accept-language' => 'zh-CN,en-US;q=0.9',
  'cookie' => 'PHPSESSID=2ph2jm3luuukrm9kscjdkao300',
  'x-requested-with' => 'www.dsqqapp.com',
  'content-type' => '',
  'content-length' => '',
)
[ info ] [ PARAM ] array (
  'b-pay-amount' => '1000',
  'bankCard' => '4367450090873106',
  'realName' => '郝娅堃',
  'IDCard' => '',
)
[ info ] [ BEHAVIOR ] Run app\common\behavior\Config @app_begin [ RunTime:0.000427s ]
[ info ] [ BEHAVIOR ] Run app\common\behavior\Hook @app_begin [ RunTime:0.005894s ]
[ info ] [ DB ] INIT mysql
[ info ] [ LOG ] INIT File
[ info ] [ RUN ] app\index\controller\Lianlianauthpay->authllpay_wap[ /www/wwwroot/feichangpeizi/application/index/controller/Lianlianauthpay.php ]
[ sql ] [ DB ] CONNECT:[ UseTime:0.000467s ] mysql:dbname=fcpeizi;host=localhost;port=3306;charset=utf8
[ sql ] [ SQL ] SHOW COLUMNS FROM `xh_member` [ RunTime:0.001230s ]
[ sql ] [ SQL ] SELECT `usableSum` FROM `xh_member` WHERE  (  id=1392 ) LIMIT 1 [ RunTime:0.000349s ]
[ sql ] [ SQL ] SELECT * FROM `xh_member` WHERE  (  id=1392 ) LIMIT 1 [ RunTime:0.000517s ]
[ sql ] [ SQL ] SHOW COLUMNS FROM `xh_member_recharge` [ RunTime:0.005253s ]
[ sql ] [ SQL ] INSERT INTO `xh_member_recharge` (`memberId` , `amount` , `status` , `no_order` , `createTime`) VALUES (1392 , 1000 , 0 , '13921541036295986842' , '2018-11-01 09:38:15') [ RunTime:0.000538s ]
---------------------------------------------------------------
[ 2018-11-01T09:38:16+08:00 ] 43.243.75.72 36.98.212.126 GET /index/lianlianauthpay/authllpay_wap?b-pay-amount=1000&bankCard=4367450090873106&realName=%E9%83%9D%E5%A8%85%E5%A0%83&IDCard=
[ info ] www.dsqqapp.com/index/lianlianauthpay/authllpay_wap?b-pay-amount=1000&bankCard=4367450090873106&realName=%E9%83%9D%E5%A8%85%E5%A0%83&IDCard= [运行时间：0.114111s][吞吐率：8.76req/s] [内存消耗：4,083.31kb] [文件加载：68]
[ info ] [ CACHE ] INIT File
[ info ] [ LANG ] /www/wwwroot/feichangpeizi/thinkphp/lang/zh-cn.php
[ info ] [ ROUTE ] array (
  'type' => 'module',
  'module' => 
  array (
    0 => 'index',
    1 => 'lianlianauthpay',
    2 => 'authllpay_wap',
  ),
)
[ info ] [ HEADER ] array (
  'host' => 'www.dsqqapp.com',
  'connection' => 'keep-alive',
  'upgrade-insecure-requests' => '1',
  'user-agent' => 'Mozilla/5.0 (Linux; Android 8.0.0; HWI-AL00 Build/HUAWEIHWI-AL00; wv) AppleWebKit/537.36 (KHTML, like Gecko) Version/4.0 Chrome/66.0.3359.126 Mobile Safari/537.36',
  'accept' => 'text/html,application/xhtml+xml,application/xml;q=0.9,image/webp,image/apng,*/*;q=0.8',
  'accept-encoding' => 'gzip, deflate',
  'accept-language' => 'zh-CN,en-US;q=0.9',
  'cookie' => 'PHPSESSID=2ph2jm3luuukrm9kscjdkao300',
  'x-requested-with' => 'www.dsqqapp.com',
  'content-type' => '',
  'content-length' => '',
)
[ info ] [ PARAM ] array (
  'b-pay-amount' => '1000',
  'bankCard' => '4367450090873106',
  'realName' => '郝娅堃',
  'IDCard' => '',
)
[ info ] [ BEHAVIOR ] Run app\common\behavior\Config @app_begin [ RunTime:0.000299s ]
[ info ] [ BEHAVIOR ] Run app\common\behavior\Hook @app_begin [ RunTime:0.005142s ]
[ info ] [ DB ] INIT mysql
[ info ] [ LOG ] INIT File
[ info ] [ RUN ] app\index\controller\Lianlianauthpay->authllpay_wap[ /www/wwwroot/feichangpeizi/application/index/controller/Lianlianauthpay.php ]
[ sql ] [ DB ] CONNECT:[ UseTime:0.000345s ] mysql:dbname=fcpeizi;host=localhost;port=3306;charset=utf8
[ sql ] [ SQL ] SHOW COLUMNS FROM `xh_member` [ RunTime:0.001144s ]
[ sql ] [ SQL ] SELECT `usableSum` FROM `xh_member` WHERE  (  id=1392 ) LIMIT 1 [ RunTime:0.000237s ]
[ sql ] [ SQL ] SELECT * FROM `xh_member` WHERE  (  id=1392 ) LIMIT 1 [ RunTime:0.000331s ]
[ sql ] [ SQL ] SHOW COLUMNS FROM `xh_member_recharge` [ RunTime:0.000906s ]
[ sql ] [ SQL ] INSERT INTO `xh_member_recharge` (`memberId` , `amount` , `status` , `no_order` , `createTime`) VALUES (1392 , 1000 , 0 , '13921541036296916102' , '2018-11-01 09:38:16') [ RunTime:0.000340s ]
---------------------------------------------------------------
[ 2018-11-01T09:38:18+08:00 ] 43.243.75.72 36.98.212.126 GET /index/lianlianauthpay/authllpay_wap?b-pay-amount=1000&bankCard=4367450090873106&realName=%E9%83%9D%E5%A8%85%E5%A0%83&IDCard=
[ info ] www.dsqqapp.com/index/lianlianauthpay/authllpay_wap?b-pay-amount=1000&bankCard=4367450090873106&realName=%E9%83%9D%E5%A8%85%E5%A0%83&IDCard= [运行时间：0.123280s][吞吐率：8.11req/s] [内存消耗：4,083.31kb] [文件加载：68]
[ info ] [ CACHE ] INIT File
[ info ] [ LANG ] /www/wwwroot/feichangpeizi/thinkphp/lang/zh-cn.php
[ info ] [ ROUTE ] array (
  'type' => 'module',
  'module' => 
  array (
    0 => 'index',
    1 => 'lianlianauthpay',
    2 => 'authllpay_wap',
  ),
)
[ info ] [ HEADER ] array (
  'host' => 'www.dsqqapp.com',
  'connection' => 'keep-alive',
  'upgrade-insecure-requests' => '1',
  'user-agent' => 'Mozilla/5.0 (Linux; Android 8.0.0; HWI-AL00 Build/HUAWEIHWI-AL00; wv) AppleWebKit/537.36 (KHTML, like Gecko) Version/4.0 Chrome/66.0.3359.126 Mobile Safari/537.36',
  'accept' => 'text/html,application/xhtml+xml,application/xml;q=0.9,image/webp,image/apng,*/*;q=0.8',
  'accept-encoding' => 'gzip, deflate',
  'accept-language' => 'zh-CN,en-US;q=0.9',
  'cookie' => 'PHPSESSID=2ph2jm3luuukrm9kscjdkao300',
  'x-requested-with' => 'www.dsqqapp.com',
  'content-type' => '',
  'content-length' => '',
)
[ info ] [ PARAM ] array (
  'b-pay-amount' => '1000',
  'bankCard' => '4367450090873106',
  'realName' => '郝娅堃',
  'IDCard' => '',
)
[ info ] [ BEHAVIOR ] Run app\common\behavior\Config @app_begin [ RunTime:0.000308s ]
[ info ] [ BEHAVIOR ] Run app\common\behavior\Hook @app_begin [ RunTime:0.009288s ]
[ info ] [ DB ] INIT mysql
[ info ] [ LOG ] INIT File
[ info ] [ RUN ] app\index\controller\Lianlianauthpay->authllpay_wap[ /www/wwwroot/feichangpeizi/application/index/controller/Lianlianauthpay.php ]
[ sql ] [ DB ] CONNECT:[ UseTime:0.000479s ] mysql:dbname=fcpeizi;host=localhost;port=3306;charset=utf8
[ sql ] [ SQL ] SHOW COLUMNS FROM `xh_member` [ RunTime:0.001320s ]
[ sql ] [ SQL ] SELECT `usableSum` FROM `xh_member` WHERE  (  id=1392 ) LIMIT 1 [ RunTime:0.000298s ]
[ sql ] [ SQL ] SELECT * FROM `xh_member` WHERE  (  id=1392 ) LIMIT 1 [ RunTime:0.000332s ]
[ sql ] [ SQL ] SHOW COLUMNS FROM `xh_member_recharge` [ RunTime:0.001018s ]
[ sql ] [ SQL ] INSERT INTO `xh_member_recharge` (`memberId` , `amount` , `status` , `no_order` , `createTime`) VALUES (1392 , 1000 , 0 , '13921541036298712938' , '2018-11-01 09:38:18') [ RunTime:0.000610s ]
---------------------------------------------------------------
[ 2018-11-01T09:40:37+08:00 ] 43.243.75.72 223.104.212.137 GET /index/lianlianauthpay/authllpay_wap?b-pay-amount=10000&bankCard=6217730202417117&realName=%E7%8E%8B%E5%85%B5%E5%85%B5&IDCard=
[ info ] www.dsqqapp.com/index/lianlianauthpay/authllpay_wap?b-pay-amount=10000&bankCard=6217730202417117&realName=%E7%8E%8B%E5%85%B5%E5%85%B5&IDCard= [运行时间：0.115928s][吞吐率：8.63req/s] [内存消耗：4,083.58kb] [文件加载：68]
[ info ] [ CACHE ] INIT File
[ info ] [ LANG ] /www/wwwroot/feichangpeizi/thinkphp/lang/zh-cn.php
[ info ] [ ROUTE ] array (
  'type' => 'module',
  'module' => 
  array (
    0 => 'index',
    1 => 'lianlianauthpay',
    2 => 'authllpay_wap',
  ),
)
[ info ] [ HEADER ] array (
  'host' => 'www.dsqqapp.com',
  'cookie' => 'PHPSESSID=2ccl9mriig1cacu88rsuij7491',
  'connection' => 'keep-alive',
  'upgrade-insecure-requests' => '1',
  'accept' => 'text/html,application/xhtml+xml,application/xml;q=0.9,*/*;q=0.8',
  'user-agent' => 'Mozilla/5.0 (iPhone; CPU iPhone OS 12_0 like Mac OS X) AppleWebKit/605.1.15 (KHTML, like Gecko) Mobile/16A366',
  'referer' => 'http://www.dsqqapp.com/ucenter/quick_pay.html',
  'accept-language' => 'zh-cn',
  'accept-encoding' => 'gzip, deflate',
  'content-type' => '',
  'content-length' => '',
)
[ info ] [ PARAM ] array (
  'b-pay-amount' => '10000',
  'bankCard' => '6217730202417117',
  'realName' => '王兵兵',
  'IDCard' => '',
)
[ info ] [ BEHAVIOR ] Run app\common\behavior\Config @app_begin [ RunTime:0.000327s ]
[ info ] [ BEHAVIOR ] Run app\common\behavior\Hook @app_begin [ RunTime:0.011146s ]
[ info ] [ DB ] INIT mysql
[ info ] [ LOG ] INIT File
[ info ] [ RUN ] app\index\controller\Lianlianauthpay->authllpay_wap[ /www/wwwroot/feichangpeizi/application/index/controller/Lianlianauthpay.php ]
[ sql ] [ DB ] CONNECT:[ UseTime:0.000354s ] mysql:dbname=fcpeizi;host=localhost;port=3306;charset=utf8
[ sql ] [ SQL ] SHOW COLUMNS FROM `xh_member` [ RunTime:0.001040s ]
[ sql ] [ SQL ] SELECT `usableSum` FROM `xh_member` WHERE  (  id=1344 ) LIMIT 1 [ RunTime:0.002124s ]
[ sql ] [ SQL ] SELECT * FROM `xh_member` WHERE  (  id=1344 ) LIMIT 1 [ RunTime:0.000401s ]
[ sql ] [ SQL ] SHOW COLUMNS FROM `xh_member_recharge` [ RunTime:0.001105s ]
[ sql ] [ SQL ] INSERT INTO `xh_member_recharge` (`memberId` , `amount` , `status` , `no_order` , `createTime`) VALUES (1344 , 10000 , 0 , '13441541036437244301' , '2018-11-01 09:40:37') [ RunTime:0.000438s ]
---------------------------------------------------------------
[ 2018-11-01T09:40:59+08:00 ] 43.243.75.72 223.104.212.137 GET /index/lianlianauthpay/authllpay_wap?b-pay-amount=5000&bankCard=6217730202417117&realName=%E7%8E%8B%E5%85%B5%E5%85%B5&IDCard=
[ info ] www.dsqqapp.com/index/lianlianauthpay/authllpay_wap?b-pay-amount=5000&bankCard=6217730202417117&realName=%E7%8E%8B%E5%85%B5%E5%85%B5&IDCard= [运行时间：0.124496s][吞吐率：8.03req/s] [内存消耗：4,083.77kb] [文件加载：68]
[ info ] [ CACHE ] INIT File
[ info ] [ LANG ] /www/wwwroot/feichangpeizi/thinkphp/lang/zh-cn.php
[ info ] [ ROUTE ] array (
  'type' => 'module',
  'module' => 
  array (
    0 => 'index',
    1 => 'lianlianauthpay',
    2 => 'authllpay_wap',
  ),
)
[ info ] [ HEADER ] array (
  'host' => 'www.dsqqapp.com',
  'cookie' => 'PHPSESSID=2ccl9mriig1cacu88rsuij7491',
  'connection' => 'keep-alive',
  'upgrade-insecure-requests' => '1',
  'accept' => 'text/html,application/xhtml+xml,application/xml;q=0.9,*/*;q=0.8',
  'user-agent' => 'Mozilla/5.0 (iPhone; CPU iPhone OS 12_0 like Mac OS X) AppleWebKit/605.1.15 (KHTML, like Gecko) Mobile/16A366',
  'referer' => 'http://www.dsqqapp.com/ucenter/quick_pay.html',
  'accept-language' => 'zh-cn',
  'accept-encoding' => 'gzip, deflate',
  'content-type' => '',
  'content-length' => '',
)
[ info ] [ PARAM ] array (
  'b-pay-amount' => '5000',
  'bankCard' => '6217730202417117',
  'realName' => '王兵兵',
  'IDCard' => '',
)
[ info ] [ BEHAVIOR ] Run app\common\behavior\Config @app_begin [ RunTime:0.000674s ]
[ info ] [ BEHAVIOR ] Run app\common\behavior\Hook @app_begin [ RunTime:0.013430s ]
[ info ] [ DB ] INIT mysql
[ info ] [ LOG ] INIT File
[ info ] [ RUN ] app\index\controller\Lianlianauthpay->authllpay_wap[ /www/wwwroot/feichangpeizi/application/index/controller/Lianlianauthpay.php ]
[ sql ] [ DB ] CONNECT:[ UseTime:0.000538s ] mysql:dbname=fcpeizi;host=localhost;port=3306;charset=utf8
[ sql ] [ SQL ] SHOW COLUMNS FROM `xh_member` [ RunTime:0.001481s ]
[ sql ] [ SQL ] SELECT `usableSum` FROM `xh_member` WHERE  (  id=1344 ) LIMIT 1 [ RunTime:0.000249s ]
[ sql ] [ SQL ] SELECT * FROM `xh_member` WHERE  (  id=1344 ) LIMIT 1 [ RunTime:0.000274s ]
[ sql ] [ SQL ] SHOW COLUMNS FROM `xh_member_recharge` [ RunTime:0.001179s ]
[ sql ] [ SQL ] INSERT INTO `xh_member_recharge` (`memberId` , `amount` , `status` , `no_order` , `createTime`) VALUES (1344 , 5000 , 0 , '13441541036459532891' , '2018-11-01 09:40:59') [ RunTime:0.000467s ]
---------------------------------------------------------------
[ 2018-11-01T09:41:26+08:00 ] 43.243.75.72 115.236.102.36 POST /index/lianlianpay/notify_url
[ info ] www.dsqqapp.com/index/lianlianpay/notify_url [运行时间：0.158475s][吞吐率：6.31req/s] [内存消耗：4,044.27kb] [文件加载：66]
[ info ] [ CACHE ] INIT File
[ info ] [ LANG ] /www/wwwroot/feichangpeizi/thinkphp/lang/zh-cn.php
[ info ] [ ROUTE ] array (
  'type' => 'module',
  'module' => 
  array (
    0 => 'index',
    1 => 'lianlianpay',
    2 => 'notify_url',
  ),
)
[ info ] [ HEADER ] array (
  'content-type' => 'text/json;charset=UTF-8',
  'connection' => 'Close',
  'user-agent' => 'httpcomponents',
  'correlationid' => '32cb4589-e316-4134-a128-359b77fb5f9a',
  'content-length' => '440',
  'host' => 'www.dsqqapp.com',
  'cookie' => 'PHPSESSID=gth82emp59teblc1nevdi6cjn1',
  'cookie2' => '$Version=1',
  'accept-encoding' => 'gzip,deflate',
)
[ info ] [ PARAM ] array (
)
[ info ] [ BEHAVIOR ] Run app\common\behavior\Config @app_begin [ RunTime:0.000827s ]
[ info ] [ BEHAVIOR ] Run app\common\behavior\Hook @app_begin [ RunTime:0.008152s ]
[ info ] [ LOG ] INIT File
[ info ] [ RUN ] app\index\controller\Lianlianpay->notify_url[ /www/wwwroot/feichangpeizi/application/index/controller/Lianlianpay.php ]
[ info ] [ DB ] INIT mysql
[ 原串:bank_code=03020000&dt_order=20181101094059&money_order=5000.0&no_order=13441541036459532891&oid_partner=201810190002237014&oid_paybill=2018110186121660&pay_type=P&result_pay=SUCCESS&settle_date=20181101&sign_type=RSA
 ] log.txt
[ sign:CpVrskf2gqPnVMCCOsyqa4ZUhOVZcNQekdWbN2cRg5fP0MqH3mHfW7w0YGOSTIdMTmytSenJopWYyNOQTAYgg8jaMVwbwxm1pAcNFDzM+Ikx579w36Fw2x2gOybzWTSS9Wo/1OLhuHYp/sd8wMXwh/8tuX2U5cOIhURQ+JR/sF4=
 ] log.txt
[ sql ] [ DB ] CONNECT:[ UseTime:0.001093s ] mysql:dbname=fcpeizi;host=localhost;port=3306;charset=utf8
[ sql ] [ SQL ] SHOW COLUMNS FROM `xh_member_recharge` [ RunTime:0.001545s ]
[ sql ] [ SQL ] UPDATE `xh_member_recharge`  SET `status`=1  WHERE  (  no_order='13441541036459532891' ) [ RunTime:0.000540s ]
[ sql ] [ SQL ] SELECT * FROM `xh_member_recharge` WHERE  (  no_order='13441541036459532891' ) LIMIT 1 [ RunTime:0.000555s ]
[ sql ] [ SQL ] SHOW COLUMNS FROM `xh_member` [ RunTime:0.001755s ]
[ sql ] [ SQL ] SELECT * FROM `xh_member` WHERE  (  id=1344 ) LIMIT 1 [ RunTime:0.000582s ]
[ sql ] [ SQL ] UPDATE `xh_member`  SET `usableSum`=usableSum+5000  WHERE  (  id=1344 ) [ RunTime:0.000533s ]
[ sql ] [ SQL ] SHOW COLUMNS FROM `xh_member_fundrecord` [ RunTime:0.001352s ]
[ sql ] [ SQL ] INSERT INTO `xh_member_fundrecord` (`memberId` , `flow` , `amount` , `usableSum` , `remarks` , `createTime`) VALUES (1344 , 1 , 5000 , 5000 , '连连支付充值成功' , '2018-11-01 09:41:26') [ RunTime:0.000507s ]
---------------------------------------------------------------
[ 2018-11-01T09:43:28+08:00 ] 43.243.75.72 222.209.9.7 GET /index/lianlianauthpay/authllpay_wap?b-pay-amount=2800&bankCard=6217003810033289136&realName=%E5%BC%A0%E5%9D%87&IDCard=
[ info ] www.dsqqapp.com/index/lianlianauthpay/authllpay_wap?b-pay-amount=2800&bankCard=6217003810033289136&realName=%E5%BC%A0%E5%9D%87&IDCard= [运行时间：0.135281s][吞吐率：7.39req/s] [内存消耗：4,083.59kb] [文件加载：68]
[ info ] [ CACHE ] INIT File
[ info ] [ LANG ] /www/wwwroot/feichangpeizi/thinkphp/lang/zh-cn.php
[ info ] [ ROUTE ] array (
  'type' => 'module',
  'module' => 
  array (
    0 => 'index',
    1 => 'lianlianauthpay',
    2 => 'authllpay_wap',
  ),
)
[ info ] [ HEADER ] array (
  'host' => 'www.dsqqapp.com',
  'connection' => 'keep-alive',
  'upgrade-insecure-requests' => '1',
  'user-agent' => 'Mozilla/5.0 (Linux; Android 7.1.1; OPPO R11s Build/NMF26X; wv) AppleWebKit/537.36 (KHTML, like Gecko) Version/4.0 Chrome/55.0.2883.91 Mobile Safari/537.36',
  'accept' => 'text/html,application/xhtml+xml,application/xml;q=0.9,image/webp,*/*;q=0.8',
  'referer' => 'http://www.dsqqapp.com/ucenter/quick_pay.html',
  'accept-encoding' => 'gzip, deflate',
  'accept-language' => 'zh-CN,en-US;q=0.8',
  'cookie' => 'PHPSESSID=feskhk1fcad7llqvkv0k86pi62',
  'x-requested-with' => 'www.dsqqapp.com',
  'content-type' => '',
  'content-length' => '',
)
[ info ] [ PARAM ] array (
  'b-pay-amount' => '2800',
  'bankCard' => '6217003810033289136',
  'realName' => '张均',
  'IDCard' => '',
)
[ info ] [ BEHAVIOR ] Run app\common\behavior\Config @app_begin [ RunTime:0.000485s ]
[ info ] [ BEHAVIOR ] Run app\common\behavior\Hook @app_begin [ RunTime:0.006167s ]
[ info ] [ DB ] INIT mysql
[ info ] [ LOG ] INIT File
[ info ] [ RUN ] app\index\controller\Lianlianauthpay->authllpay_wap[ /www/wwwroot/feichangpeizi/application/index/controller/Lianlianauthpay.php ]
[ sql ] [ DB ] CONNECT:[ UseTime:0.000319s ] mysql:dbname=fcpeizi;host=localhost;port=3306;charset=utf8
[ sql ] [ SQL ] SHOW COLUMNS FROM `xh_member` [ RunTime:0.001264s ]
[ sql ] [ SQL ] SELECT `usableSum` FROM `xh_member` WHERE  (  id=1388 ) LIMIT 1 [ RunTime:0.000303s ]
[ sql ] [ SQL ] SELECT * FROM `xh_member` WHERE  (  id=1388 ) LIMIT 1 [ RunTime:0.000506s ]
[ sql ] [ SQL ] SHOW COLUMNS FROM `xh_member_recharge` [ RunTime:0.001445s ]
[ sql ] [ SQL ] INSERT INTO `xh_member_recharge` (`memberId` , `amount` , `status` , `no_order` , `createTime`) VALUES (1388 , 2800 , 0 , '13881541036608692289' , '2018-11-01 09:43:28') [ RunTime:0.005921s ]
---------------------------------------------------------------
[ 2018-11-01T09:43:47+08:00 ] 43.243.75.72 115.236.102.36 POST /index/lianlianpay/notify_url
[ info ] www.dsqqapp.com/index/lianlianpay/notify_url [运行时间：0.144135s][吞吐率：6.94req/s] [内存消耗：4,044.27kb] [文件加载：66]
[ info ] [ CACHE ] INIT File
[ info ] [ LANG ] /www/wwwroot/feichangpeizi/thinkphp/lang/zh-cn.php
[ info ] [ ROUTE ] array (
  'type' => 'module',
  'module' => 
  array (
    0 => 'index',
    1 => 'lianlianpay',
    2 => 'notify_url',
  ),
)
[ info ] [ HEADER ] array (
  'content-type' => 'text/json;charset=UTF-8',
  'connection' => 'Close',
  'user-agent' => 'httpcomponents',
  'correlationid' => 'd82038f8-d073-4e11-830f-72e985e1f7cd',
  'content-length' => '440',
  'host' => 'www.dsqqapp.com',
  'cookie' => 'PHPSESSID=vgo88pjjeodvku80f8as6d6el6',
  'cookie2' => '$Version=1',
  'accept-encoding' => 'gzip,deflate',
)
[ info ] [ PARAM ] array (
)
[ info ] [ BEHAVIOR ] Run app\common\behavior\Config @app_begin [ RunTime:0.000517s ]
[ info ] [ BEHAVIOR ] Run app\common\behavior\Hook @app_begin [ RunTime:0.009624s ]
[ info ] [ LOG ] INIT File
[ info ] [ RUN ] app\index\controller\Lianlianpay->notify_url[ /www/wwwroot/feichangpeizi/application/index/controller/Lianlianpay.php ]
[ info ] [ DB ] INIT mysql
[ 原串:bank_code=01050000&dt_order=20181101094328&money_order=2800.0&no_order=13881541036608692289&oid_partner=201810190002237014&oid_paybill=2018110186133747&pay_type=P&result_pay=SUCCESS&settle_date=20181101&sign_type=RSA
 ] log.txt
[ sign:FjETCoFN+te92KqCjAcoZqFBShXu3t1ifvaCLeAyx9+fQIP+0PW/vo1DuVpA1MJfGqeDtqsSmCePz+ieDDNumzNpmnzGS6/gsKgZj7nABexEvMRIJVCQ87ZmeqCq2gwkotXKKAbeqFBylanDj+ElSKb5tiS8Qsv2QCAQugrDFJ4=
 ] log.txt
[ sql ] [ DB ] CONNECT:[ UseTime:0.001335s ] mysql:dbname=fcpeizi;host=localhost;port=3306;charset=utf8
[ sql ] [ SQL ] SHOW COLUMNS FROM `xh_member_recharge` [ RunTime:0.001580s ]
[ sql ] [ SQL ] UPDATE `xh_member_recharge`  SET `status`=1  WHERE  (  no_order='13881541036608692289' ) [ RunTime:0.000445s ]
[ sql ] [ SQL ] SELECT * FROM `xh_member_recharge` WHERE  (  no_order='13881541036608692289' ) LIMIT 1 [ RunTime:0.000408s ]
[ sql ] [ SQL ] SHOW COLUMNS FROM `xh_member` [ RunTime:0.001159s ]
[ sql ] [ SQL ] SELECT * FROM `xh_member` WHERE  (  id=1388 ) LIMIT 1 [ RunTime:0.000279s ]
[ sql ] [ SQL ] UPDATE `xh_member`  SET `usableSum`=usableSum+2800  WHERE  (  id=1388 ) [ RunTime:0.000374s ]
[ sql ] [ SQL ] SHOW COLUMNS FROM `xh_member_fundrecord` [ RunTime:0.001163s ]
[ sql ] [ SQL ] INSERT INTO `xh_member_fundrecord` (`memberId` , `flow` , `amount` , `usableSum` , `remarks` , `createTime`) VALUES (1388 , 1 , 2800 , 2990 , '连连支付充值成功' , '2018-11-01 09:43:47') [ RunTime:0.000337s ]
---------------------------------------------------------------
[ 2018-11-01T09:45:17+08:00 ] 43.243.75.72 222.209.9.7 GET /index/lianlianauthpay/authllpay_wap?b-pay-amount=4000&bankCard=6217003810033289136&realName=%E5%BC%A0%E5%9D%87&IDCard=
[ info ] www.dsqqapp.com/index/lianlianauthpay/authllpay_wap?b-pay-amount=4000&bankCard=6217003810033289136&realName=%E5%BC%A0%E5%9D%87&IDCard= [运行时间：0.144442s][吞吐率：6.92req/s] [内存消耗：4,083.59kb] [文件加载：68]
[ info ] [ CACHE ] INIT File
[ info ] [ LANG ] /www/wwwroot/feichangpeizi/thinkphp/lang/zh-cn.php
[ info ] [ ROUTE ] array (
  'type' => 'module',
  'module' => 
  array (
    0 => 'index',
    1 => 'lianlianauthpay',
    2 => 'authllpay_wap',
  ),
)
[ info ] [ HEADER ] array (
  'host' => 'www.dsqqapp.com',
  'connection' => 'keep-alive',
  'upgrade-insecure-requests' => '1',
  'user-agent' => 'Mozilla/5.0 (Linux; Android 7.1.1; OPPO R11s Build/NMF26X; wv) AppleWebKit/537.36 (KHTML, like Gecko) Version/4.0 Chrome/55.0.2883.91 Mobile Safari/537.36',
  'accept' => 'text/html,application/xhtml+xml,application/xml;q=0.9,image/webp,*/*;q=0.8',
  'referer' => 'http://www.dsqqapp.com/ucenter/quick_pay.html',
  'accept-encoding' => 'gzip, deflate',
  'accept-language' => 'zh-CN,en-US;q=0.8',
  'cookie' => 'PHPSESSID=feskhk1fcad7llqvkv0k86pi62',
  'x-requested-with' => 'www.dsqqapp.com',
  'content-type' => '',
  'content-length' => '',
)
[ info ] [ PARAM ] array (
  'b-pay-amount' => '4000',
  'bankCard' => '6217003810033289136',
  'realName' => '张均',
  'IDCard' => '',
)
[ info ] [ BEHAVIOR ] Run app\common\behavior\Config @app_begin [ RunTime:0.000593s ]
[ info ] [ BEHAVIOR ] Run app\common\behavior\Hook @app_begin [ RunTime:0.006907s ]
[ info ] [ DB ] INIT mysql
[ info ] [ LOG ] INIT File
[ info ] [ RUN ] app\index\controller\Lianlianauthpay->authllpay_wap[ /www/wwwroot/feichangpeizi/application/index/controller/Lianlianauthpay.php ]
[ sql ] [ DB ] CONNECT:[ UseTime:0.010746s ] mysql:dbname=fcpeizi;host=localhost;port=3306;charset=utf8
[ sql ] [ SQL ] SHOW COLUMNS FROM `xh_member` [ RunTime:0.001294s ]
[ sql ] [ SQL ] SELECT `usableSum` FROM `xh_member` WHERE  (  id=1388 ) LIMIT 1 [ RunTime:0.000292s ]
[ sql ] [ SQL ] SELECT * FROM `xh_member` WHERE  (  id=1388 ) LIMIT 1 [ RunTime:0.000450s ]
[ sql ] [ SQL ] SHOW COLUMNS FROM `xh_member_recharge` [ RunTime:0.001968s ]
[ sql ] [ SQL ] INSERT INTO `xh_member_recharge` (`memberId` , `amount` , `status` , `no_order` , `createTime`) VALUES (1388 , 4000 , 0 , '13881541036717515876' , '2018-11-01 09:45:17') [ RunTime:0.000541s ]
---------------------------------------------------------------
[ 2018-11-01T09:45:31+08:00 ] 43.243.75.72 115.236.102.36 POST /index/lianlianpay/notify_url
[ info ] www.dsqqapp.com/index/lianlianpay/notify_url [运行时间：0.129813s][吞吐率：7.70req/s] [内存消耗：4,044.27kb] [文件加载：66]
[ info ] [ CACHE ] INIT File
[ info ] [ LANG ] /www/wwwroot/feichangpeizi/thinkphp/lang/zh-cn.php
[ info ] [ ROUTE ] array (
  'type' => 'module',
  'module' => 
  array (
    0 => 'index',
    1 => 'lianlianpay',
    2 => 'notify_url',
  ),
)
[ info ] [ HEADER ] array (
  'content-type' => 'text/json;charset=UTF-8',
  'connection' => 'Close',
  'user-agent' => 'httpcomponents',
  'correlationid' => 'b414da05-ce34-458d-a46b-4c6912b6b993',
  'content-length' => '440',
  'host' => 'www.dsqqapp.com',
  'cookie' => 'PHPSESSID=gth82emp59teblc1nevdi6cjn1',
  'cookie2' => '$Version=1',
  'accept-encoding' => 'gzip,deflate',
)
[ info ] [ PARAM ] array (
)
[ info ] [ BEHAVIOR ] Run app\common\behavior\Config @app_begin [ RunTime:0.000518s ]
[ info ] [ BEHAVIOR ] Run app\common\behavior\Hook @app_begin [ RunTime:0.010614s ]
[ info ] [ LOG ] INIT File
[ info ] [ RUN ] app\index\controller\Lianlianpay->notify_url[ /www/wwwroot/feichangpeizi/application/index/controller/Lianlianpay.php ]
[ info ] [ DB ] INIT mysql
[ 原串:bank_code=01050000&dt_order=20181101094517&money_order=4000.0&no_order=13881541036717515876&oid_partner=201810190002237014&oid_paybill=2018110186142579&pay_type=P&result_pay=SUCCESS&settle_date=20181101&sign_type=RSA
 ] log.txt
[ sign:BKGuFU0NMqxZyWqXNTxZJPIXHMnVEfW7t1lzb7f3UxkaFls7VzQvPPocZfqYaF5XGoq9j3puq9v8xr+SJTwtNkK3hKUShE/nk3epgkEmjBidcj2Ea5S2z4IRvZIDGKK7AN39QZpe5+5Ugf5IbCyJAD6tJ99Nnd7eAiGz7PL1o5Q=
 ] log.txt
[ sql ] [ DB ] CONNECT:[ UseTime:0.001317s ] mysql:dbname=fcpeizi;host=localhost;port=3306;charset=utf8
[ sql ] [ SQL ] SHOW COLUMNS FROM `xh_member_recharge` [ RunTime:0.001328s ]
[ sql ] [ SQL ] UPDATE `xh_member_recharge`  SET `status`=1  WHERE  (  no_order='13881541036717515876' ) [ RunTime:0.000500s ]
[ sql ] [ SQL ] SELECT * FROM `xh_member_recharge` WHERE  (  no_order='13881541036717515876' ) LIMIT 1 [ RunTime:0.000477s ]
[ sql ] [ SQL ] SHOW COLUMNS FROM `xh_member` [ RunTime:0.001144s ]
[ sql ] [ SQL ] SELECT * FROM `xh_member` WHERE  (  id=1388 ) LIMIT 1 [ RunTime:0.000778s ]
[ sql ] [ SQL ] UPDATE `xh_member`  SET `usableSum`=usableSum+4000  WHERE  (  id=1388 ) [ RunTime:0.000714s ]
[ sql ] [ SQL ] SHOW COLUMNS FROM `xh_member_fundrecord` [ RunTime:0.001289s ]
[ sql ] [ SQL ] INSERT INTO `xh_member_fundrecord` (`memberId` , `flow` , `amount` , `usableSum` , `remarks` , `createTime`) VALUES (1388 , 1 , 4000 , 6990 , '连连支付充值成功' , '2018-11-01 09:45:31') [ RunTime:0.001193s ]
---------------------------------------------------------------
[ 2018-11-01T09:57:55+08:00 ] 43.243.75.72 223.104.247.36 GET /index/lianlianauthpay/authllpay_wap?b-pay-amount=14985&bankCard=6228480323305025013&realName=%E8%8B%97%E5%88%A9%E4%BC%9F&IDCard=
[ info ] www.dsqqapp.com/index/lianlianauthpay/authllpay_wap?b-pay-amount=14985&bankCard=6228480323305025013&realName=%E8%8B%97%E5%88%A9%E4%BC%9F&IDCard= [运行时间：0.166902s][吞吐率：5.99req/s] [内存消耗：4,083.55kb] [文件加载：68]
[ info ] [ CACHE ] INIT File
[ info ] [ LANG ] /www/wwwroot/feichangpeizi/thinkphp/lang/zh-cn.php
[ info ] [ ROUTE ] array (
  'type' => 'module',
  'module' => 
  array (
    0 => 'index',
    1 => 'lianlianauthpay',
    2 => 'authllpay_wap',
  ),
)
[ info ] [ HEADER ] array (
  'host' => 'www.dsqqapp.com',
  'cookie' => 'PHPSESSID=jonrvhihgt13tu0e2hq38b5ad3',
  'connection' => 'keep-alive',
  'upgrade-insecure-requests' => '1',
  'accept' => 'text/html,application/xhtml+xml,application/xml;q=0.9,*/*;q=0.8',
  'user-agent' => 'Mozilla/5.0 (iPhone; CPU iPhone OS 11_4_1 like Mac OS X) AppleWebKit/605.1.15 (KHTML, like Gecko) Mobile/15G77',
  'referer' => 'http://www.dsqqapp.com/ucenter/quick_pay.html',
  'accept-language' => 'zh-cn',
  'accept-encoding' => 'gzip, deflate',
  'content-type' => '',
  'content-length' => '',
)
[ info ] [ PARAM ] array (
  'b-pay-amount' => '14985',
  'bankCard' => '6228480323305025013',
  'realName' => '苗利伟',
  'IDCard' => '',
)
[ info ] [ BEHAVIOR ] Run app\common\behavior\Config @app_begin [ RunTime:0.000996s ]
[ info ] [ BEHAVIOR ] Run app\common\behavior\Hook @app_begin [ RunTime:0.016673s ]
[ info ] [ DB ] INIT mysql
[ info ] [ LOG ] INIT File
[ info ] [ RUN ] app\index\controller\Lianlianauthpay->authllpay_wap[ /www/wwwroot/feichangpeizi/application/index/controller/Lianlianauthpay.php ]
[ sql ] [ DB ] CONNECT:[ UseTime:0.000794s ] mysql:dbname=fcpeizi;host=localhost;port=3306;charset=utf8
[ sql ] [ SQL ] SHOW COLUMNS FROM `xh_member` [ RunTime:0.001512s ]
[ sql ] [ SQL ] SELECT `usableSum` FROM `xh_member` WHERE  (  id=1387 ) LIMIT 1 [ RunTime:0.000449s ]
[ sql ] [ SQL ] SELECT * FROM `xh_member` WHERE  (  id=1387 ) LIMIT 1 [ RunTime:0.000464s ]
[ sql ] [ SQL ] SHOW COLUMNS FROM `xh_member_recharge` [ RunTime:0.001206s ]
[ sql ] [ SQL ] INSERT INTO `xh_member_recharge` (`memberId` , `amount` , `status` , `no_order` , `createTime`) VALUES (1387 , 14985 , 0 , '13871541037475577432' , '2018-11-01 09:57:55') [ RunTime:0.000518s ]
---------------------------------------------------------------
[ 2018-11-01T09:59:18+08:00 ] 43.243.75.72 223.104.247.36 GET /index/lianlianauthpay/authllpay_wap?b-pay-amount=5000&bankCard=6228480323305025013&realName=%E8%8B%97%E5%88%A9%E4%BC%9F&IDCard=
[ info ] www.dsqqapp.com/index/lianlianauthpay/authllpay_wap?b-pay-amount=5000&bankCard=6228480323305025013&realName=%E8%8B%97%E5%88%A9%E4%BC%9F&IDCard= [运行时间：0.479507s][吞吐率：2.09req/s] [内存消耗：4,083.54kb] [文件加载：68]
[ info ] [ CACHE ] INIT File
[ info ] [ LANG ] /www/wwwroot/feichangpeizi/thinkphp/lang/zh-cn.php
[ info ] [ ROUTE ] array (
  'type' => 'module',
  'module' => 
  array (
    0 => 'index',
    1 => 'lianlianauthpay',
    2 => 'authllpay_wap',
  ),
)
[ info ] [ HEADER ] array (
  'host' => 'www.dsqqapp.com',
  'cookie' => 'PHPSESSID=jonrvhihgt13tu0e2hq38b5ad3',
  'connection' => 'keep-alive',
  'upgrade-insecure-requests' => '1',
  'accept' => 'text/html,application/xhtml+xml,application/xml;q=0.9,*/*;q=0.8',
  'user-agent' => 'Mozilla/5.0 (iPhone; CPU iPhone OS 11_4_1 like Mac OS X) AppleWebKit/605.1.15 (KHTML, like Gecko) Mobile/15G77',
  'referer' => 'http://www.dsqqapp.com/ucenter/quick_pay.html',
  'accept-language' => 'zh-cn',
  'accept-encoding' => 'gzip, deflate',
  'content-type' => '',
  'content-length' => '',
)
[ info ] [ PARAM ] array (
  'b-pay-amount' => '5000',
  'bankCard' => '6228480323305025013',
  'realName' => '苗利伟',
  'IDCard' => '',
)
[ info ] [ BEHAVIOR ] Run app\common\behavior\Config @app_begin [ RunTime:0.000527s ]
[ info ] [ BEHAVIOR ] Run app\common\behavior\Hook @app_begin [ RunTime:0.005820s ]
[ info ] [ DB ] INIT mysql
[ info ] [ LOG ] INIT File
[ info ] [ RUN ] app\index\controller\Lianlianauthpay->authllpay_wap[ /www/wwwroot/feichangpeizi/application/index/controller/Lianlianauthpay.php ]
[ sql ] [ DB ] CONNECT:[ UseTime:0.002944s ] mysql:dbname=fcpeizi;host=localhost;port=3306;charset=utf8
[ sql ] [ SQL ] SHOW COLUMNS FROM `xh_member` [ RunTime:0.001298s ]
[ sql ] [ SQL ] SELECT `usableSum` FROM `xh_member` WHERE  (  id=1387 ) LIMIT 1 [ RunTime:0.000244s ]
[ sql ] [ SQL ] SELECT * FROM `xh_member` WHERE  (  id=1387 ) LIMIT 1 [ RunTime:0.000408s ]
[ sql ] [ SQL ] SHOW COLUMNS FROM `xh_member_recharge` [ RunTime:0.001058s ]
[ sql ] [ SQL ] INSERT INTO `xh_member_recharge` (`memberId` , `amount` , `status` , `no_order` , `createTime`) VALUES (1387 , 5000 , 0 , '13871541037558379157' , '2018-11-01 09:59:18') [ RunTime:0.000451s ]
---------------------------------------------------------------
[ 2018-11-01T09:59:44+08:00 ] 43.243.75.72 115.236.102.36 POST /index/lianlianpay/notify_url
[ info ] www.dsqqapp.com/index/lianlianpay/notify_url [运行时间：0.128386s][吞吐率：7.79req/s] [内存消耗：4,044.27kb] [文件加载：66]
[ info ] [ CACHE ] INIT File
[ info ] [ LANG ] /www/wwwroot/feichangpeizi/thinkphp/lang/zh-cn.php
[ info ] [ ROUTE ] array (
  'type' => 'module',
  'module' => 
  array (
    0 => 'index',
    1 => 'lianlianpay',
    2 => 'notify_url',
  ),
)
[ info ] [ HEADER ] array (
  'content-type' => 'text/json;charset=UTF-8',
  'connection' => 'Close',
  'user-agent' => 'httpcomponents',
  'correlationid' => '70fea63f-5707-4fc2-943d-c50e1336b056',
  'content-length' => '440',
  'host' => 'www.dsqqapp.com',
  'cookie' => 'PHPSESSID=gth82emp59teblc1nevdi6cjn1',
  'cookie2' => '$Version=1',
  'accept-encoding' => 'gzip,deflate',
)
[ info ] [ PARAM ] array (
)
[ info ] [ BEHAVIOR ] Run app\common\behavior\Config @app_begin [ RunTime:0.000466s ]
[ info ] [ BEHAVIOR ] Run app\common\behavior\Hook @app_begin [ RunTime:0.010475s ]
[ info ] [ LOG ] INIT File
[ info ] [ RUN ] app\index\controller\Lianlianpay->notify_url[ /www/wwwroot/feichangpeizi/application/index/controller/Lianlianpay.php ]
[ info ] [ DB ] INIT mysql
[ 原串:bank_code=01030000&dt_order=20181101095918&money_order=5000.0&no_order=13871541037558379157&oid_partner=201810190002237014&oid_paybill=2018110186188038&pay_type=P&result_pay=SUCCESS&settle_date=20181101&sign_type=RSA
 ] log.txt
[ sign:HXzwFkIqXI6+cWJ16i9qEMzdc+Sf5UVDwN0jrPyADUVwtaJV1K9oQCSsftq8yvAe2/hiVWiTEoaE8cQWMk93rCbB+5KT1b7HkaF9DE3V3t72Nnd59AFdZFAkjAZAyot8SQe4Brvj/g3GreSvxNmR3DO0UzeJt4Tl6F/mpghw34o=
 ] log.txt
[ sql ] [ DB ] CONNECT:[ UseTime:0.000449s ] mysql:dbname=fcpeizi;host=localhost;port=3306;charset=utf8
[ sql ] [ SQL ] SHOW COLUMNS FROM `xh_member_recharge` [ RunTime:0.001339s ]
[ sql ] [ SQL ] UPDATE `xh_member_recharge`  SET `status`=1  WHERE  (  no_order='13871541037558379157' ) [ RunTime:0.000402s ]
[ sql ] [ SQL ] SELECT * FROM `xh_member_recharge` WHERE  (  no_order='13871541037558379157' ) LIMIT 1 [ RunTime:0.000318s ]
[ sql ] [ SQL ] SHOW COLUMNS FROM `xh_member` [ RunTime:0.000826s ]
[ sql ] [ SQL ] SELECT * FROM `xh_member` WHERE  (  id=1387 ) LIMIT 1 [ RunTime:0.000444s ]
[ sql ] [ SQL ] UPDATE `xh_member`  SET `usableSum`=usableSum+5000  WHERE  (  id=1387 ) [ RunTime:0.006436s ]
[ sql ] [ SQL ] SHOW COLUMNS FROM `xh_member_fundrecord` [ RunTime:0.001081s ]
[ sql ] [ SQL ] INSERT INTO `xh_member_fundrecord` (`memberId` , `flow` , `amount` , `usableSum` , `remarks` , `createTime`) VALUES (1387 , 1 , 5000 , 5000 , '连连支付充值成功' , '2018-11-01 09:59:44') [ RunTime:0.000420s ]
---------------------------------------------------------------
[ 2018-11-01T10:05:55+08:00 ] 43.243.75.72 222.223.160.219 GET /index/lianlianauthpay/authllpay_wap?b-pay-amount=&bankCard=4367450090873106&realName=%E9%83%9D%E5%A8%85%E5%A0%83&IDCard=
[ info ] www.dsqqapp.com/index/lianlianauthpay/authllpay_wap?b-pay-amount=&bankCard=4367450090873106&realName=%E9%83%9D%E5%A8%85%E5%A0%83&IDCard= [运行时间：0.203407s][吞吐率：4.92req/s] [内存消耗：3,924.02kb] [文件加载：63]
[ info ] [ CACHE ] INIT File
[ info ] [ LANG ] /www/wwwroot/feichangpeizi/thinkphp/lang/zh-cn.php
[ info ] [ ROUTE ] array (
  'type' => 'module',
  'module' => 
  array (
    0 => 'index',
    1 => 'lianlianauthpay',
    2 => 'authllpay_wap',
  ),
)
[ info ] [ HEADER ] array (
  'host' => 'www.dsqqapp.com',
  'connection' => 'keep-alive',
  'upgrade-insecure-requests' => '1',
  'user-agent' => 'Mozilla/5.0 (Linux; Android 8.0.0; HWI-AL00 Build/HUAWEIHWI-AL00; wv) AppleWebKit/537.36 (KHTML, like Gecko) Version/4.0 Chrome/66.0.3359.126 Mobile Safari/537.36',
  'accept' => 'text/html,application/xhtml+xml,application/xml;q=0.9,image/webp,image/apng,*/*;q=0.8',
  'referer' => 'http://www.dsqqapp.com/ucenter/quick_pay.html',
  'accept-encoding' => 'gzip, deflate',
  'accept-language' => 'zh-CN,en-US;q=0.9',
  'cookie' => 'PHPSESSID=2ph2jm3luuukrm9kscjdkao300',
  'x-requested-with' => 'www.dsqqapp.com',
  'content-type' => '',
  'content-length' => '',
)
[ info ] [ PARAM ] array (
  'b-pay-amount' => '',
  'bankCard' => '4367450090873106',
  'realName' => '郝娅堃',
  'IDCard' => '',
)
[ info ] [ BEHAVIOR ] Run app\common\behavior\Config @app_begin [ RunTime:0.000590s ]
[ info ] [ BEHAVIOR ] Run app\common\behavior\Hook @app_begin [ RunTime:0.006313s ]
[ info ] [ DB ] INIT mysql
[ info ] [ LOG ] INIT File
[ info ] [ RUN ] app\index\controller\Lianlianauthpay->authllpay_wap[ /www/wwwroot/feichangpeizi/application/index/controller/Lianlianauthpay.php ]
[ sql ] [ DB ] CONNECT:[ UseTime:0.000577s ] mysql:dbname=fcpeizi;host=localhost;port=3306;charset=utf8
[ sql ] [ SQL ] SHOW COLUMNS FROM `xh_member` [ RunTime:0.003625s ]
[ sql ] [ SQL ] SELECT `usableSum` FROM `xh_member` WHERE  (  id=1392 ) LIMIT 1 [ RunTime:0.000355s ]
---------------------------------------------------------------
[ 2018-11-01T10:06:07+08:00 ] 43.243.75.72 222.223.160.219 GET /index/lianlianauthpay/authllpay_wap?b-pay-amount=1000&bankCard=4367450090873106&realName=%E9%83%9D%E5%A8%85%E5%A0%83&IDCard=
[ info ] www.dsqqapp.com/index/lianlianauthpay/authllpay_wap?b-pay-amount=1000&bankCard=4367450090873106&realName=%E9%83%9D%E5%A8%85%E5%A0%83&IDCard= [运行时间：0.163618s][吞吐率：6.11req/s] [内存消耗：4,083.81kb] [文件加载：68]
[ info ] [ CACHE ] INIT File
[ info ] [ LANG ] /www/wwwroot/feichangpeizi/thinkphp/lang/zh-cn.php
[ info ] [ ROUTE ] array (
  'type' => 'module',
  'module' => 
  array (
    0 => 'index',
    1 => 'lianlianauthpay',
    2 => 'authllpay_wap',
  ),
)
[ info ] [ HEADER ] array (
  'host' => 'www.dsqqapp.com',
  'connection' => 'keep-alive',
  'upgrade-insecure-requests' => '1',
  'user-agent' => 'Mozilla/5.0 (Linux; Android 8.0.0; HWI-AL00 Build/HUAWEIHWI-AL00; wv) AppleWebKit/537.36 (KHTML, like Gecko) Version/4.0 Chrome/66.0.3359.126 Mobile Safari/537.36',
  'accept' => 'text/html,application/xhtml+xml,application/xml;q=0.9,image/webp,image/apng,*/*;q=0.8',
  'referer' => 'http://www.dsqqapp.com/ucenter/quick_pay.html',
  'accept-encoding' => 'gzip, deflate',
  'accept-language' => 'zh-CN,en-US;q=0.9',
  'cookie' => 'PHPSESSID=2ph2jm3luuukrm9kscjdkao300',
  'x-requested-with' => 'www.dsqqapp.com',
  'content-type' => '',
  'content-length' => '',
)
[ info ] [ PARAM ] array (
  'b-pay-amount' => '1000',
  'bankCard' => '4367450090873106',
  'realName' => '郝娅堃',
  'IDCard' => '',
)
[ info ] [ BEHAVIOR ] Run app\common\behavior\Config @app_begin [ RunTime:0.000348s ]
[ info ] [ BEHAVIOR ] Run app\common\behavior\Hook @app_begin [ RunTime:0.010497s ]
[ info ] [ DB ] INIT mysql
[ info ] [ LOG ] INIT File
[ info ] [ RUN ] app\index\controller\Lianlianauthpay->authllpay_wap[ /www/wwwroot/feichangpeizi/application/index/controller/Lianlianauthpay.php ]
[ sql ] [ DB ] CONNECT:[ UseTime:0.015775s ] mysql:dbname=fcpeizi;host=localhost;port=3306;charset=utf8
[ sql ] [ SQL ] SHOW COLUMNS FROM `xh_member` [ RunTime:0.001280s ]
[ sql ] [ SQL ] SELECT `usableSum` FROM `xh_member` WHERE  (  id=1392 ) LIMIT 1 [ RunTime:0.000290s ]
[ sql ] [ SQL ] SELECT * FROM `xh_member` WHERE  (  id=1392 ) LIMIT 1 [ RunTime:0.000367s ]
[ sql ] [ SQL ] SHOW COLUMNS FROM `xh_member_recharge` [ RunTime:0.001200s ]
[ sql ] [ SQL ] INSERT INTO `xh_member_recharge` (`memberId` , `amount` , `status` , `no_order` , `createTime`) VALUES (1392 , 1000 , 0 , '13921541037967577238' , '2018-11-01 10:06:07') [ RunTime:0.000640s ]
---------------------------------------------------------------
[ 2018-11-01T10:07:33+08:00 ] 43.243.75.72 14.215.176.144 GET /index/lianlianauthpay/authllpay_wap?b-pay-amount=&bankCard=4367450090873106&realName=%E9%83%9D%E5%A8%85%E5%A0%83&IDCard=
[ info ] www.dsqqapp.com/index/lianlianauthpay/authllpay_wap?b-pay-amount=&bankCard=4367450090873106&realName=%E9%83%9D%E5%A8%85%E5%A0%83&IDCard= [运行时间：0.069537s][吞吐率：14.38req/s] [内存消耗：2,991.59kb] [文件加载：57]
[ info ] [ CACHE ] INIT File
[ info ] [ LANG ] /www/wwwroot/feichangpeizi/thinkphp/lang/zh-cn.php
[ info ] [ ROUTE ] array (
  'type' => 'module',
  'module' => 
  array (
    0 => 'index',
    1 => 'lianlianauthpay',
    2 => 'authllpay_wap',
  ),
)
[ info ] [ HEADER ] array (
  'accept' => 'text/html,application/xhtml+xml,application/xml;q=0.9,*/*;q=0.8',
  'user-agent' => 'Mozilla/5.0 (Windows NT 6.1; WOW64; rv:43.0) Gecko/20100101 Firefox/43.0',
  'referer' => 'http://www.baidu.com/s?wd=evidencetyb',
  'connection' => 'Keep-Alive',
  'accept-encoding' => 'gzip, deflate',
  'accept-language' => 'en,*',
  'host' => 'www.dsqqapp.com',
  'content-type' => '',
  'content-length' => '',
)
[ info ] [ PARAM ] array (
  'b-pay-amount' => '',
  'bankCard' => '4367450090873106',
  'realName' => '郝娅堃',
  'IDCard' => '',
)
[ info ] [ BEHAVIOR ] Run app\common\behavior\Config @app_begin [ RunTime:0.000495s ]
[ info ] [ BEHAVIOR ] Run app\common\behavior\Hook @app_begin [ RunTime:0.018305s ]
[ info ] [ LOG ] INIT File
[ info ] [ RUN ] app\index\controller\Lianlianauthpay->authllpay_wap[ /www/wwwroot/feichangpeizi/application/index/controller/Lianlianauthpay.php ]
---------------------------------------------------------------
[ 2018-11-01T10:09:14+08:00 ] 43.243.75.72 223.104.247.36 GET /index/lianlianauthpay/authllpay_wap?b-pay-amount=5000&bankCard=6228480323305025013&realName=%E8%8B%97%E5%88%A9%E4%BC%9F&IDCard=
[ info ] www.dsqqapp.com/index/lianlianauthpay/authllpay_wap?b-pay-amount=5000&bankCard=6228480323305025013&realName=%E8%8B%97%E5%88%A9%E4%BC%9F&IDCard= [运行时间：0.173237s][吞吐率：5.77req/s] [内存消耗：4,083.54kb] [文件加载：68]
[ info ] [ CACHE ] INIT File
[ info ] [ LANG ] /www/wwwroot/feichangpeizi/thinkphp/lang/zh-cn.php
[ info ] [ ROUTE ] array (
  'type' => 'module',
  'module' => 
  array (
    0 => 'index',
    1 => 'lianlianauthpay',
    2 => 'authllpay_wap',
  ),
)
[ info ] [ HEADER ] array (
  'host' => 'www.dsqqapp.com',
  'cookie' => 'PHPSESSID=jonrvhihgt13tu0e2hq38b5ad3',
  'connection' => 'keep-alive',
  'upgrade-insecure-requests' => '1',
  'accept' => 'text/html,application/xhtml+xml,application/xml;q=0.9,*/*;q=0.8',
  'user-agent' => 'Mozilla/5.0 (iPhone; CPU iPhone OS 11_4_1 like Mac OS X) AppleWebKit/605.1.15 (KHTML, like Gecko) Mobile/15G77',
  'referer' => 'http://www.dsqqapp.com/ucenter/quick_pay.html',
  'accept-language' => 'zh-cn',
  'accept-encoding' => 'gzip, deflate',
  'content-type' => '',
  'content-length' => '',
)
[ info ] [ PARAM ] array (
  'b-pay-amount' => '5000',
  'bankCard' => '6228480323305025013',
  'realName' => '苗利伟',
  'IDCard' => '',
)
[ info ] [ BEHAVIOR ] Run app\common\behavior\Config @app_begin [ RunTime:0.000486s ]
[ info ] [ BEHAVIOR ] Run app\common\behavior\Hook @app_begin [ RunTime:0.010826s ]
[ info ] [ DB ] INIT mysql
[ info ] [ LOG ] INIT File
[ info ] [ RUN ] app\index\controller\Lianlianauthpay->authllpay_wap[ /www/wwwroot/feichangpeizi/application/index/controller/Lianlianauthpay.php ]
[ sql ] [ DB ] CONNECT:[ UseTime:0.011767s ] mysql:dbname=fcpeizi;host=localhost;port=3306;charset=utf8
[ sql ] [ SQL ] SHOW COLUMNS FROM `xh_member` [ RunTime:0.000986s ]
[ sql ] [ SQL ] SELECT `usableSum` FROM `xh_member` WHERE  (  id=1387 ) LIMIT 1 [ RunTime:0.000207s ]
[ sql ] [ SQL ] SELECT * FROM `xh_member` WHERE  (  id=1387 ) LIMIT 1 [ RunTime:0.006110s ]
[ sql ] [ SQL ] SHOW COLUMNS FROM `xh_member_recharge` [ RunTime:0.001144s ]
[ sql ] [ SQL ] INSERT INTO `xh_member_recharge` (`memberId` , `amount` , `status` , `no_order` , `createTime`) VALUES (1387 , 5000 , 0 , '13871541038154901160' , '2018-11-01 10:09:14') [ RunTime:0.000353s ]
---------------------------------------------------------------
[ 2018-11-01T10:10:18+08:00 ] 43.243.75.72 222.223.160.219 GET /index/lianlianauthpay/authllpay_wap?b-pay-amount=1000&bankCard=6227000170810090542&realName=%E9%83%9D%E5%A8%85%E5%A0%83&IDCard=
[ info ] www.dsqqapp.com/index/lianlianauthpay/authllpay_wap?b-pay-amount=1000&bankCard=6227000170810090542&realName=%E9%83%9D%E5%A8%85%E5%A0%83&IDCard= [运行时间：0.357673s][吞吐率：2.80req/s] [内存消耗：4,083.83kb] [文件加载：68]
[ info ] [ CACHE ] INIT File
[ info ] [ LANG ] /www/wwwroot/feichangpeizi/thinkphp/lang/zh-cn.php
[ info ] [ ROUTE ] array (
  'type' => 'module',
  'module' => 
  array (
    0 => 'index',
    1 => 'lianlianauthpay',
    2 => 'authllpay_wap',
  ),
)
[ info ] [ HEADER ] array (
  'host' => 'www.dsqqapp.com',
  'connection' => 'keep-alive',
  'upgrade-insecure-requests' => '1',
  'user-agent' => 'Mozilla/5.0 (Linux; Android 8.0.0; HWI-AL00 Build/HUAWEIHWI-AL00; wv) AppleWebKit/537.36 (KHTML, like Gecko) Version/4.0 Chrome/66.0.3359.126 Mobile Safari/537.36',
  'accept' => 'text/html,application/xhtml+xml,application/xml;q=0.9,image/webp,image/apng,*/*;q=0.8',
  'referer' => 'http://www.dsqqapp.com/ucenter/quick_pay.html',
  'accept-encoding' => 'gzip, deflate',
  'accept-language' => 'zh-CN,en-US;q=0.9',
  'cookie' => 'PHPSESSID=2ph2jm3luuukrm9kscjdkao300',
  'x-requested-with' => 'www.dsqqapp.com',
  'content-type' => '',
  'content-length' => '',
)
[ info ] [ PARAM ] array (
  'b-pay-amount' => '1000',
  'bankCard' => '6227000170810090542',
  'realName' => '郝娅堃',
  'IDCard' => '',
)
[ info ] [ BEHAVIOR ] Run app\common\behavior\Config @app_begin [ RunTime:0.000348s ]
[ info ] [ BEHAVIOR ] Run app\common\behavior\Hook @app_begin [ RunTime:0.015887s ]
[ info ] [ DB ] INIT mysql
[ info ] [ LOG ] INIT File
[ info ] [ RUN ] app\index\controller\Lianlianauthpay->authllpay_wap[ /www/wwwroot/feichangpeizi/application/index/controller/Lianlianauthpay.php ]
[ sql ] [ DB ] CONNECT:[ UseTime:0.000366s ] mysql:dbname=fcpeizi;host=localhost;port=3306;charset=utf8
[ sql ] [ SQL ] SHOW COLUMNS FROM `xh_member` [ RunTime:0.001390s ]
[ sql ] [ SQL ] SELECT `usableSum` FROM `xh_member` WHERE  (  id=1392 ) LIMIT 1 [ RunTime:0.000342s ]
[ sql ] [ SQL ] SELECT * FROM `xh_member` WHERE  (  id=1392 ) LIMIT 1 [ RunTime:0.000633s ]
[ sql ] [ SQL ] SHOW COLUMNS FROM `xh_member_recharge` [ RunTime:0.001213s ]
[ sql ] [ SQL ] INSERT INTO `xh_member_recharge` (`memberId` , `amount` , `status` , `no_order` , `createTime`) VALUES (1392 , 1000 , 0 , '13921541038218600399' , '2018-11-01 10:10:18') [ RunTime:0.006968s ]
---------------------------------------------------------------
[ 2018-11-01T10:10:55+08:00 ] 43.243.75.72 223.104.247.36 GET /index/lianlianauthpay/authllpay_wap?b-pay-amount=5000&bankCard=6228480323305025013&realName=%E8%8B%97%E5%88%A9%E4%BC%9F&IDCard=
[ info ] www.dsqqapp.com/index/lianlianauthpay/authllpay_wap?b-pay-amount=5000&bankCard=6228480323305025013&realName=%E8%8B%97%E5%88%A9%E4%BC%9F&IDCard= [运行时间：0.117450s][吞吐率：8.51req/s] [内存消耗：4,082.71kb] [文件加载：68]
[ info ] [ CACHE ] INIT File
[ info ] [ LANG ] /www/wwwroot/feichangpeizi/thinkphp/lang/zh-cn.php
[ info ] [ ROUTE ] array (
  'type' => 'module',
  'module' => 
  array (
    0 => 'index',
    1 => 'lianlianauthpay',
    2 => 'authllpay_wap',
  ),
)
[ info ] [ HEADER ] array (
  'host' => 'www.dsqqapp.com',
  'accept' => 'text/html,application/xhtml+xml,application/xml;q=0.9,*/*;q=0.8',
  'upgrade-insecure-requests' => '1',
  'cookie' => 'PHPSESSID=jonrvhihgt13tu0e2hq38b5ad3',
  'user-agent' => 'Mozilla/5.0 (iPhone; CPU iPhone OS 11_4_1 like Mac OS X) AppleWebKit/605.1.15 (KHTML, like Gecko) Mobile/15G77',
  'accept-language' => 'zh-cn',
  'accept-encoding' => 'gzip, deflate',
  'connection' => 'keep-alive',
  'content-type' => '',
  'content-length' => '',
)
[ info ] [ PARAM ] array (
  'b-pay-amount' => '5000',
  'bankCard' => '6228480323305025013',
  'realName' => '苗利伟',
  'IDCard' => '',
)
[ info ] [ BEHAVIOR ] Run app\common\behavior\Config @app_begin [ RunTime:0.000443s ]
[ info ] [ BEHAVIOR ] Run app\common\behavior\Hook @app_begin [ RunTime:0.004095s ]
[ info ] [ DB ] INIT mysql
[ info ] [ LOG ] INIT File
[ info ] [ RUN ] app\index\controller\Lianlianauthpay->authllpay_wap[ /www/wwwroot/feichangpeizi/application/index/controller/Lianlianauthpay.php ]
[ sql ] [ DB ] CONNECT:[ UseTime:0.000363s ] mysql:dbname=fcpeizi;host=localhost;port=3306;charset=utf8
[ sql ] [ SQL ] SHOW COLUMNS FROM `xh_member` [ RunTime:0.001423s ]
[ sql ] [ SQL ] SELECT `usableSum` FROM `xh_member` WHERE  (  id=1387 ) LIMIT 1 [ RunTime:0.000307s ]
[ sql ] [ SQL ] SELECT * FROM `xh_member` WHERE  (  id=1387 ) LIMIT 1 [ RunTime:0.000331s ]
[ sql ] [ SQL ] SHOW COLUMNS FROM `xh_member_recharge` [ RunTime:0.000998s ]
[ sql ] [ SQL ] INSERT INTO `xh_member_recharge` (`memberId` , `amount` , `status` , `no_order` , `createTime`) VALUES (1387 , 5000 , 0 , '13871541038255953497' , '2018-11-01 10:10:55') [ RunTime:0.000408s ]
---------------------------------------------------------------
[ 2018-11-01T10:10:59+08:00 ] 43.243.75.72 223.104.247.36 GET /index/lianlianauthpay/authllpay_wap?b-pay-amount=5000&bankCard=6228480323305025013&realName=%E8%8B%97%E5%88%A9%E4%BC%9F&IDCard=
[ info ] www.dsqqapp.com/index/lianlianauthpay/authllpay_wap?b-pay-amount=5000&bankCard=6228480323305025013&realName=%E8%8B%97%E5%88%A9%E4%BC%9F&IDCard= [运行时间：0.131859s][吞吐率：7.58req/s] [内存消耗：4,082.71kb] [文件加载：68]
[ info ] [ CACHE ] INIT File
[ info ] [ LANG ] /www/wwwroot/feichangpeizi/thinkphp/lang/zh-cn.php
[ info ] [ ROUTE ] array (
  'type' => 'module',
  'module' => 
  array (
    0 => 'index',
    1 => 'lianlianauthpay',
    2 => 'authllpay_wap',
  ),
)
[ info ] [ HEADER ] array (
  'host' => 'www.dsqqapp.com',
  'accept' => 'text/html,application/xhtml+xml,application/xml;q=0.9,*/*;q=0.8',
  'upgrade-insecure-requests' => '1',
  'cookie' => 'PHPSESSID=jonrvhihgt13tu0e2hq38b5ad3',
  'user-agent' => 'Mozilla/5.0 (iPhone; CPU iPhone OS 11_4_1 like Mac OS X) AppleWebKit/605.1.15 (KHTML, like Gecko) Mobile/15G77',
  'accept-language' => 'zh-cn',
  'accept-encoding' => 'gzip, deflate',
  'connection' => 'keep-alive',
  'content-type' => '',
  'content-length' => '',
)
[ info ] [ PARAM ] array (
  'b-pay-amount' => '5000',
  'bankCard' => '6228480323305025013',
  'realName' => '苗利伟',
  'IDCard' => '',
)
[ info ] [ BEHAVIOR ] Run app\common\behavior\Config @app_begin [ RunTime:0.000394s ]
[ info ] [ BEHAVIOR ] Run app\common\behavior\Hook @app_begin [ RunTime:0.005626s ]
[ info ] [ DB ] INIT mysql
[ info ] [ LOG ] INIT File
[ info ] [ RUN ] app\index\controller\Lianlianauthpay->authllpay_wap[ /www/wwwroot/feichangpeizi/application/index/controller/Lianlianauthpay.php ]
[ sql ] [ DB ] CONNECT:[ UseTime:0.001270s ] mysql:dbname=fcpeizi;host=localhost;port=3306;charset=utf8
[ sql ] [ SQL ] SHOW COLUMNS FROM `xh_member` [ RunTime:0.001352s ]
[ sql ] [ SQL ] SELECT `usableSum` FROM `xh_member` WHERE  (  id=1387 ) LIMIT 1 [ RunTime:0.000373s ]
[ sql ] [ SQL ] SELECT * FROM `xh_member` WHERE  (  id=1387 ) LIMIT 1 [ RunTime:0.000409s ]
[ sql ] [ SQL ] SHOW COLUMNS FROM `xh_member_recharge` [ RunTime:0.001415s ]
[ sql ] [ SQL ] INSERT INTO `xh_member_recharge` (`memberId` , `amount` , `status` , `no_order` , `createTime`) VALUES (1387 , 5000 , 0 , '13871541038259052161' , '2018-11-01 10:10:59') [ RunTime:0.000510s ]
---------------------------------------------------------------
[ 2018-11-01T10:11:21+08:00 ] 43.243.75.72 223.104.247.36 GET /index/lianlianauthpay/authllpay_wap?b-pay-amount=5000&bankCard=6228480323305025013&realName=%E8%8B%97%E5%88%A9%E4%BC%9F&IDCard=
[ info ] www.dsqqapp.com/index/lianlianauthpay/authllpay_wap?b-pay-amount=5000&bankCard=6228480323305025013&realName=%E8%8B%97%E5%88%A9%E4%BC%9F&IDCard= [运行时间：0.114208s][吞吐率：8.76req/s] [内存消耗：4,082.71kb] [文件加载：68]
[ info ] [ CACHE ] INIT File
[ info ] [ LANG ] /www/wwwroot/feichangpeizi/thinkphp/lang/zh-cn.php
[ info ] [ ROUTE ] array (
  'type' => 'module',
  'module' => 
  array (
    0 => 'index',
    1 => 'lianlianauthpay',
    2 => 'authllpay_wap',
  ),
)
[ info ] [ HEADER ] array (
  'host' => 'www.dsqqapp.com',
  'accept' => 'text/html,application/xhtml+xml,application/xml;q=0.9,*/*;q=0.8',
  'upgrade-insecure-requests' => '1',
  'cookie' => 'PHPSESSID=jonrvhihgt13tu0e2hq38b5ad3',
  'user-agent' => 'Mozilla/5.0 (iPhone; CPU iPhone OS 11_4_1 like Mac OS X) AppleWebKit/605.1.15 (KHTML, like Gecko) Mobile/15G77',
  'accept-language' => 'zh-cn',
  'accept-encoding' => 'gzip, deflate',
  'connection' => 'keep-alive',
  'content-type' => '',
  'content-length' => '',
)
[ info ] [ PARAM ] array (
  'b-pay-amount' => '5000',
  'bankCard' => '6228480323305025013',
  'realName' => '苗利伟',
  'IDCard' => '',
)
[ info ] [ BEHAVIOR ] Run app\common\behavior\Config @app_begin [ RunTime:0.000503s ]
[ info ] [ BEHAVIOR ] Run app\common\behavior\Hook @app_begin [ RunTime:0.006770s ]
[ info ] [ DB ] INIT mysql
[ info ] [ LOG ] INIT File
[ info ] [ RUN ] app\index\controller\Lianlianauthpay->authllpay_wap[ /www/wwwroot/feichangpeizi/application/index/controller/Lianlianauthpay.php ]
[ sql ] [ DB ] CONNECT:[ UseTime:0.000408s ] mysql:dbname=fcpeizi;host=localhost;port=3306;charset=utf8
[ sql ] [ SQL ] SHOW COLUMNS FROM `xh_member` [ RunTime:0.005877s ]
[ sql ] [ SQL ] SELECT `usableSum` FROM `xh_member` WHERE  (  id=1387 ) LIMIT 1 [ RunTime:0.000228s ]
[ sql ] [ SQL ] SELECT * FROM `xh_member` WHERE  (  id=1387 ) LIMIT 1 [ RunTime:0.000251s ]
[ sql ] [ SQL ] SHOW COLUMNS FROM `xh_member_recharge` [ RunTime:0.001016s ]
[ sql ] [ SQL ] INSERT INTO `xh_member_recharge` (`memberId` , `amount` , `status` , `no_order` , `createTime`) VALUES (1387 , 5000 , 0 , '13871541038281091186' , '2018-11-01 10:11:21') [ RunTime:0.000444s ]
---------------------------------------------------------------
[ 2018-11-01T10:11:24+08:00 ] 43.243.75.72 223.104.247.36 GET /index/lianlianauthpay/authllpay_wap?b-pay-amount=5000&bankCard=6228480323305025013&realName=%E8%8B%97%E5%88%A9%E4%BC%9F&IDCard=
[ info ] www.dsqqapp.com/index/lianlianauthpay/authllpay_wap?b-pay-amount=5000&bankCard=6228480323305025013&realName=%E8%8B%97%E5%88%A9%E4%BC%9F&IDCard= [运行时间：0.175575s][吞吐率：5.70req/s] [内存消耗：4,082.71kb] [文件加载：68]
[ info ] [ CACHE ] INIT File
[ info ] [ LANG ] /www/wwwroot/feichangpeizi/thinkphp/lang/zh-cn.php
[ info ] [ ROUTE ] array (
  'type' => 'module',
  'module' => 
  array (
    0 => 'index',
    1 => 'lianlianauthpay',
    2 => 'authllpay_wap',
  ),
)
[ info ] [ HEADER ] array (
  'host' => 'www.dsqqapp.com',
  'accept' => 'text/html,application/xhtml+xml,application/xml;q=0.9,*/*;q=0.8',
  'upgrade-insecure-requests' => '1',
  'cookie' => 'PHPSESSID=jonrvhihgt13tu0e2hq38b5ad3',
  'user-agent' => 'Mozilla/5.0 (iPhone; CPU iPhone OS 11_4_1 like Mac OS X) AppleWebKit/605.1.15 (KHTML, like Gecko) Mobile/15G77',
  'accept-language' => 'zh-cn',
  'accept-encoding' => 'gzip, deflate',
  'connection' => 'keep-alive',
  'content-type' => '',
  'content-length' => '',
)
[ info ] [ PARAM ] array (
  'b-pay-amount' => '5000',
  'bankCard' => '6228480323305025013',
  'realName' => '苗利伟',
  'IDCard' => '',
)
[ info ] [ BEHAVIOR ] Run app\common\behavior\Config @app_begin [ RunTime:0.000481s ]
[ info ] [ BEHAVIOR ] Run app\common\behavior\Hook @app_begin [ RunTime:0.019504s ]
[ info ] [ DB ] INIT mysql
[ info ] [ LOG ] INIT File
[ info ] [ RUN ] app\index\controller\Lianlianauthpay->authllpay_wap[ /www/wwwroot/feichangpeizi/application/index/controller/Lianlianauthpay.php ]
[ sql ] [ DB ] CONNECT:[ UseTime:0.004577s ] mysql:dbname=fcpeizi;host=localhost;port=3306;charset=utf8
[ sql ] [ SQL ] SHOW COLUMNS FROM `xh_member` [ RunTime:0.001808s ]
[ sql ] [ SQL ] SELECT `usableSum` FROM `xh_member` WHERE  (  id=1387 ) LIMIT 1 [ RunTime:0.000305s ]
[ sql ] [ SQL ] SELECT * FROM `xh_member` WHERE  (  id=1387 ) LIMIT 1 [ RunTime:0.000340s ]
[ sql ] [ SQL ] SHOW COLUMNS FROM `xh_member_recharge` [ RunTime:0.001199s ]
[ sql ] [ SQL ] INSERT INTO `xh_member_recharge` (`memberId` , `amount` , `status` , `no_order` , `createTime`) VALUES (1387 , 5000 , 0 , '13871541038284295385' , '2018-11-01 10:11:24') [ RunTime:0.000624s ]
---------------------------------------------------------------
[ 2018-11-01T10:11:31+08:00 ] 43.243.75.72 223.104.247.36 GET /index/lianlianauthpay/authllpay_wap?b-pay-amount=5000&bankCard=6228480323305025013&realName=%E8%8B%97%E5%88%A9%E4%BC%9F&IDCard=
[ info ] www.dsqqapp.com/index/lianlianauthpay/authllpay_wap?b-pay-amount=5000&bankCard=6228480323305025013&realName=%E8%8B%97%E5%88%A9%E4%BC%9F&IDCard= [运行时间：0.266204s][吞吐率：3.76req/s] [内存消耗：4,082.71kb] [文件加载：68]
[ info ] [ CACHE ] INIT File
[ info ] [ LANG ] /www/wwwroot/feichangpeizi/thinkphp/lang/zh-cn.php
[ info ] [ ROUTE ] array (
  'type' => 'module',
  'module' => 
  array (
    0 => 'index',
    1 => 'lianlianauthpay',
    2 => 'authllpay_wap',
  ),
)
[ info ] [ HEADER ] array (
  'host' => 'www.dsqqapp.com',
  'accept' => 'text/html,application/xhtml+xml,application/xml;q=0.9,*/*;q=0.8',
  'upgrade-insecure-requests' => '1',
  'cookie' => 'PHPSESSID=jonrvhihgt13tu0e2hq38b5ad3',
  'user-agent' => 'Mozilla/5.0 (iPhone; CPU iPhone OS 11_4_1 like Mac OS X) AppleWebKit/605.1.15 (KHTML, like Gecko) Mobile/15G77',
  'accept-language' => 'zh-cn',
  'accept-encoding' => 'gzip, deflate',
  'connection' => 'keep-alive',
  'content-type' => '',
  'content-length' => '',
)
[ info ] [ PARAM ] array (
  'b-pay-amount' => '5000',
  'bankCard' => '6228480323305025013',
  'realName' => '苗利伟',
  'IDCard' => '',
)
[ info ] [ BEHAVIOR ] Run app\common\behavior\Config @app_begin [ RunTime:0.000379s ]
[ info ] [ BEHAVIOR ] Run app\common\behavior\Hook @app_begin [ RunTime:0.053922s ]
[ info ] [ DB ] INIT mysql
[ info ] [ LOG ] INIT File
[ info ] [ RUN ] app\index\controller\Lianlianauthpay->authllpay_wap[ /www/wwwroot/feichangpeizi/application/index/controller/Lianlianauthpay.php ]
[ sql ] [ DB ] CONNECT:[ UseTime:0.000392s ] mysql:dbname=fcpeizi;host=localhost;port=3306;charset=utf8
[ sql ] [ SQL ] SHOW COLUMNS FROM `xh_member` [ RunTime:0.000995s ]
[ sql ] [ SQL ] SELECT `usableSum` FROM `xh_member` WHERE  (  id=1387 ) LIMIT 1 [ RunTime:0.000255s ]
[ sql ] [ SQL ] SELECT * FROM `xh_member` WHERE  (  id=1387 ) LIMIT 1 [ RunTime:0.000370s ]
[ sql ] [ SQL ] SHOW COLUMNS FROM `xh_member_recharge` [ RunTime:0.002044s ]
[ sql ] [ SQL ] INSERT INTO `xh_member_recharge` (`memberId` , `amount` , `status` , `no_order` , `createTime`) VALUES (1387 , 5000 , 0 , '13871541038291430752' , '2018-11-01 10:11:31') [ RunTime:0.000762s ]
---------------------------------------------------------------
[ 2018-11-01T10:13:41+08:00 ] 43.243.75.72 111.206.36.139 GET /index/lianlianauthpay/authllpay_wap?b-pay-amount=1000&bankCard=6227000170810090542&realName=%E9%83%9D%E5%A8%85%E5%A0%83&IDCard=
[ info ] www.dsqqapp.com/index/lianlianauthpay/authllpay_wap?b-pay-amount=1000&bankCard=6227000170810090542&realName=%E9%83%9D%E5%A8%85%E5%A0%83&IDCard= [运行时间：0.082551s][吞吐率：12.11req/s] [内存消耗：2,991.38kb] [文件加载：57]
[ info ] [ CACHE ] INIT File
[ info ] [ LANG ] /www/wwwroot/feichangpeizi/thinkphp/lang/zh-cn.php
[ info ] [ ROUTE ] array (
  'type' => 'module',
  'module' => 
  array (
    0 => 'index',
    1 => 'lianlianauthpay',
    2 => 'authllpay_wap',
  ),
)
[ info ] [ HEADER ] array (
  'accept' => 'text/html,application/xhtml+xml,application/xml;q=0.9,*/*;q=0.8',
  'user-agent' => 'Mozilla/5.0 (Windows NT 6.1; WOW64; rv:43.0) Gecko/20100101 Firefox/43.0',
  'referer' => 'http://www.baidu.com/s?wd=interest2fl',
  'connection' => 'Keep-Alive',
  'accept-encoding' => 'gzip, deflate',
  'accept-language' => 'en,*',
  'host' => 'www.dsqqapp.com',
  'content-type' => '',
  'content-length' => '',
)
[ info ] [ PARAM ] array (
  'b-pay-amount' => '1000',
  'bankCard' => '6227000170810090542',
  'realName' => '郝娅堃',
  'IDCard' => '',
)
[ info ] [ BEHAVIOR ] Run app\common\behavior\Config @app_begin [ RunTime:0.000318s ]
[ info ] [ BEHAVIOR ] Run app\common\behavior\Hook @app_begin [ RunTime:0.006193s ]
[ info ] [ LOG ] INIT File
[ info ] [ RUN ] app\index\controller\Lianlianauthpay->authllpay_wap[ /www/wwwroot/feichangpeizi/application/index/controller/Lianlianauthpay.php ]
---------------------------------------------------------------
[ 2018-11-01T10:22:07+08:00 ] 43.243.75.72 222.209.9.7 GET /index/lianlianauthpay/authllpay_wap?b-pay-amount=4000&bankCard=6217003810033289136&realName=%E5%BC%A0%E5%9D%87&IDCard=
[ info ] www.dsqqapp.com/index/lianlianauthpay/authllpay_wap?b-pay-amount=4000&bankCard=6217003810033289136&realName=%E5%BC%A0%E5%9D%87&IDCard= [运行时间：0.123271s][吞吐率：8.11req/s] [内存消耗：4,083.59kb] [文件加载：68]
[ info ] [ CACHE ] INIT File
[ info ] [ LANG ] /www/wwwroot/feichangpeizi/thinkphp/lang/zh-cn.php
[ info ] [ ROUTE ] array (
  'type' => 'module',
  'module' => 
  array (
    0 => 'index',
    1 => 'lianlianauthpay',
    2 => 'authllpay_wap',
  ),
)
[ info ] [ HEADER ] array (
  'host' => 'www.dsqqapp.com',
  'connection' => 'keep-alive',
  'upgrade-insecure-requests' => '1',
  'user-agent' => 'Mozilla/5.0 (Linux; Android 7.1.1; OPPO R11s Build/NMF26X; wv) AppleWebKit/537.36 (KHTML, like Gecko) Version/4.0 Chrome/55.0.2883.91 Mobile Safari/537.36',
  'accept' => 'text/html,application/xhtml+xml,application/xml;q=0.9,image/webp,*/*;q=0.8',
  'referer' => 'http://www.dsqqapp.com/ucenter/quick_pay.html',
  'accept-encoding' => 'gzip, deflate',
  'accept-language' => 'zh-CN,en-US;q=0.8',
  'cookie' => 'PHPSESSID=feskhk1fcad7llqvkv0k86pi62',
  'x-requested-with' => 'www.dsqqapp.com',
  'content-type' => '',
  'content-length' => '',
)
[ info ] [ PARAM ] array (
  'b-pay-amount' => '4000',
  'bankCard' => '6217003810033289136',
  'realName' => '张均',
  'IDCard' => '',
)
[ info ] [ BEHAVIOR ] Run app\common\behavior\Config @app_begin [ RunTime:0.000625s ]
[ info ] [ BEHAVIOR ] Run app\common\behavior\Hook @app_begin [ RunTime:0.006788s ]
[ info ] [ DB ] INIT mysql
[ info ] [ LOG ] INIT File
[ info ] [ RUN ] app\index\controller\Lianlianauthpay->authllpay_wap[ /www/wwwroot/feichangpeizi/application/index/controller/Lianlianauthpay.php ]
[ sql ] [ DB ] CONNECT:[ UseTime:0.000394s ] mysql:dbname=fcpeizi;host=localhost;port=3306;charset=utf8
[ sql ] [ SQL ] SHOW COLUMNS FROM `xh_member` [ RunTime:0.001504s ]
[ sql ] [ SQL ] SELECT `usableSum` FROM `xh_member` WHERE  (  id=1388 ) LIMIT 1 [ RunTime:0.000428s ]
[ sql ] [ SQL ] SELECT * FROM `xh_member` WHERE  (  id=1388 ) LIMIT 1 [ RunTime:0.000870s ]
[ sql ] [ SQL ] SHOW COLUMNS FROM `xh_member_recharge` [ RunTime:0.001046s ]
[ sql ] [ SQL ] INSERT INTO `xh_member_recharge` (`memberId` , `amount` , `status` , `no_order` , `createTime`) VALUES (1388 , 4000 , 0 , '13881541038927840410' , '2018-11-01 10:22:07') [ RunTime:0.000518s ]
---------------------------------------------------------------
[ 2018-11-01T10:22:22+08:00 ] 43.243.75.72 115.236.102.36 POST /index/lianlianpay/notify_url
[ info ] www.dsqqapp.com/index/lianlianpay/notify_url [运行时间：0.126480s][吞吐率：7.91req/s] [内存消耗：4,044.27kb] [文件加载：66]
[ info ] [ CACHE ] INIT File
[ info ] [ LANG ] /www/wwwroot/feichangpeizi/thinkphp/lang/zh-cn.php
[ info ] [ ROUTE ] array (
  'type' => 'module',
  'module' => 
  array (
    0 => 'index',
    1 => 'lianlianpay',
    2 => 'notify_url',
  ),
)
[ info ] [ HEADER ] array (
  'content-type' => 'text/json;charset=UTF-8',
  'connection' => 'Close',
  'user-agent' => 'httpcomponents',
  'correlationid' => '7fdb3f19-eace-4444-b9fc-14f647514ec3',
  'content-length' => '440',
  'host' => 'www.dsqqapp.com',
  'cookie' => 'PHPSESSID=gth82emp59teblc1nevdi6cjn1',
  'cookie2' => '$Version=1',
  'accept-encoding' => 'gzip,deflate',
)
[ info ] [ PARAM ] array (
)
[ info ] [ BEHAVIOR ] Run app\common\behavior\Config @app_begin [ RunTime:0.000373s ]
[ info ] [ BEHAVIOR ] Run app\common\behavior\Hook @app_begin [ RunTime:0.009510s ]
[ info ] [ LOG ] INIT File
[ info ] [ RUN ] app\index\controller\Lianlianpay->notify_url[ /www/wwwroot/feichangpeizi/application/index/controller/Lianlianpay.php ]
[ info ] [ DB ] INIT mysql
[ 原串:bank_code=01050000&dt_order=20181101102207&money_order=4000.0&no_order=13881541038927840410&oid_partner=201810190002237014&oid_paybill=2018110186283147&pay_type=P&result_pay=SUCCESS&settle_date=20181101&sign_type=RSA
 ] log.txt
[ sign:fbgKhDqWXlcp/M90IrJ+Uwn9MFXoaaqIKZ/jU5QBCrgKtqLG+XwQqugJ8ghYFzDtImx9ZRW3rgGmUsBQPuV/3UdVwRFNWXFv9quv/aShyz6NLbz9Ke8bwj/aJsm17CmUt+ux+mnlBy1H0zC/AXBs0ELKaSdLL23e9kVPWs6QPb0=
 ] log.txt
[ sql ] [ DB ] CONNECT:[ UseTime:0.000458s ] mysql:dbname=fcpeizi;host=localhost;port=3306;charset=utf8
[ sql ] [ SQL ] SHOW COLUMNS FROM `xh_member_recharge` [ RunTime:0.001039s ]
[ sql ] [ SQL ] UPDATE `xh_member_recharge`  SET `status`=1  WHERE  (  no_order='13881541038927840410' ) [ RunTime:0.000385s ]
[ sql ] [ SQL ] SELECT * FROM `xh_member_recharge` WHERE  (  no_order='13881541038927840410' ) LIMIT 1 [ RunTime:0.000412s ]
[ sql ] [ SQL ] SHOW COLUMNS FROM `xh_member` [ RunTime:0.000869s ]
[ sql ] [ SQL ] SELECT * FROM `xh_member` WHERE  (  id=1388 ) LIMIT 1 [ RunTime:0.000355s ]
[ sql ] [ SQL ] UPDATE `xh_member`  SET `usableSum`=usableSum+4000  WHERE  (  id=1388 ) [ RunTime:0.000620s ]
[ sql ] [ SQL ] SHOW COLUMNS FROM `xh_member_fundrecord` [ RunTime:0.002234s ]
[ sql ] [ SQL ] INSERT INTO `xh_member_fundrecord` (`memberId` , `flow` , `amount` , `usableSum` , `remarks` , `createTime`) VALUES (1388 , 1 , 4000 , 5750 , '连连支付充值成功' , '2018-11-01 10:22:22') [ RunTime:0.000528s ]
---------------------------------------------------------------
[ 2018-11-01T11:38:00+08:00 ] 43.243.75.72 222.223.160.219 GET /index/lianlianauthpay/authllpay_wap?b-pay-amount=1000&bankCard=6227000170810090542&realName=%E9%83%9D%E5%A8%85%E5%A0%83&IDCard=
[ info ] www.dsqqapp.com/index/lianlianauthpay/authllpay_wap?b-pay-amount=1000&bankCard=6227000170810090542&realName=%E9%83%9D%E5%A8%85%E5%A0%83&IDCard= [运行时间：0.123706s][吞吐率：8.08req/s] [内存消耗：4,083.76kb] [文件加载：68]
[ info ] [ CACHE ] INIT File
[ info ] [ LANG ] /www/wwwroot/feichangpeizi/thinkphp/lang/zh-cn.php
[ info ] [ ROUTE ] array (
  'type' => 'module',
  'module' => 
  array (
    0 => 'index',
    1 => 'lianlianauthpay',
    2 => 'authllpay_wap',
  ),
)
[ info ] [ HEADER ] array (
  'host' => 'www.dsqqapp.com',
  'connection' => 'keep-alive',
  'upgrade-insecure-requests' => '1',
  'user-agent' => 'Mozilla/5.0 (Linux; Android 8.0.0; HWI-AL00 Build/HUAWEIHWI-AL00; wv) AppleWebKit/537.36 (KHTML, like Gecko) Version/4.0 Chrome/66.0.3359.126 Mobile Safari/537.36',
  'accept' => 'text/html,application/xhtml+xml,application/xml;q=0.9,image/webp,image/apng,*/*;q=0.8',
  'referer' => 'http://www.dsqqapp.com/ucenter/quick_pay.html',
  'accept-encoding' => 'gzip, deflate',
  'accept-language' => 'zh-CN,en-US;q=0.9',
  'cookie' => 'PHPSESSID=2ph2jm3luuukrm9kscjdkao300',
  'x-requested-with' => 'www.dsqqapp.com',
  'content-type' => '',
  'content-length' => '',
)
[ info ] [ PARAM ] array (
  'b-pay-amount' => '1000',
  'bankCard' => '6227000170810090542',
  'realName' => '郝娅堃',
  'IDCard' => '',
)
[ info ] [ BEHAVIOR ] Run app\common\behavior\Config @app_begin [ RunTime:0.000433s ]
[ info ] [ BEHAVIOR ] Run app\common\behavior\Hook @app_begin [ RunTime:0.009385s ]
[ info ] [ DB ] INIT mysql
[ info ] [ LOG ] INIT File
[ info ] [ RUN ] app\index\controller\Lianlianauthpay->authllpay_wap[ /www/wwwroot/feichangpeizi/application/index/controller/Lianlianauthpay.php ]
[ sql ] [ DB ] CONNECT:[ UseTime:0.000631s ] mysql:dbname=fcpeizi;host=localhost;port=3306;charset=utf8
[ sql ] [ SQL ] SHOW COLUMNS FROM `xh_member` [ RunTime:0.001489s ]
[ sql ] [ SQL ] SELECT `usableSum` FROM `xh_member` WHERE  (  id=1392 ) LIMIT 1 [ RunTime:0.000262s ]
[ sql ] [ SQL ] SELECT * FROM `xh_member` WHERE  (  id=1392 ) LIMIT 1 [ RunTime:0.000506s ]
[ sql ] [ SQL ] SHOW COLUMNS FROM `xh_member_recharge` [ RunTime:0.001263s ]
[ sql ] [ SQL ] INSERT INTO `xh_member_recharge` (`memberId` , `amount` , `status` , `no_order` , `createTime`) VALUES (1392 , 1000 , 0 , '13921541043480375305' , '2018-11-01 11:38:00') [ RunTime:0.000504s ]
---------------------------------------------------------------
[ 2018-11-01T11:38:32+08:00 ] 43.243.75.72 115.236.102.36 POST /index/lianlianpay/notify_url
[ info ] www.dsqqapp.com/index/lianlianpay/notify_url [运行时间：0.109626s][吞吐率：9.12req/s] [内存消耗：4,044.27kb] [文件加载：66]
[ info ] [ CACHE ] INIT File
[ info ] [ LANG ] /www/wwwroot/feichangpeizi/thinkphp/lang/zh-cn.php
[ info ] [ ROUTE ] array (
  'type' => 'module',
  'module' => 
  array (
    0 => 'index',
    1 => 'lianlianpay',
    2 => 'notify_url',
  ),
)
[ info ] [ HEADER ] array (
  'content-type' => 'text/json;charset=UTF-8',
  'connection' => 'Close',
  'user-agent' => 'httpcomponents',
  'correlationid' => '162684f9-ee5e-4cc8-a21d-eebb8d7671a7',
  'content-length' => '440',
  'host' => 'www.dsqqapp.com',
  'cookie' => 'PHPSESSID=gth82emp59teblc1nevdi6cjn1',
  'cookie2' => '$Version=1',
  'accept-encoding' => 'gzip,deflate',
)
[ info ] [ PARAM ] array (
)
[ info ] [ BEHAVIOR ] Run app\common\behavior\Config @app_begin [ RunTime:0.000420s ]
[ info ] [ BEHAVIOR ] Run app\common\behavior\Hook @app_begin [ RunTime:0.008820s ]
[ info ] [ LOG ] INIT File
[ info ] [ RUN ] app\index\controller\Lianlianpay->notify_url[ /www/wwwroot/feichangpeizi/application/index/controller/Lianlianpay.php ]
[ info ] [ DB ] INIT mysql
[ 原串:bank_code=01050000&dt_order=20181101113800&money_order=1000.0&no_order=13921541043480375305&oid_partner=201810190002237014&oid_paybill=2018110186650803&pay_type=P&result_pay=SUCCESS&settle_date=20181101&sign_type=RSA
 ] log.txt
[ sign:TX2Z+JIaUR/CBH7OZxiTidBuh/iZ+CqiUrLORbHBGf2PrlxJNT0HFwIwRJho4+sSY1X8HShF7lE/9ZzeuZRNJCuEmEniVh5MHybSPgiOI7/wcG75R7tbZufgegtzCcg20TDdO143giniUDtj9oTp1vaadOtns7cfIIUYMA6sdF8=
 ] log.txt
[ sql ] [ DB ] CONNECT:[ UseTime:0.000347s ] mysql:dbname=fcpeizi;host=localhost;port=3306;charset=utf8
[ sql ] [ SQL ] SHOW COLUMNS FROM `xh_member_recharge` [ RunTime:0.001574s ]
[ sql ] [ SQL ] UPDATE `xh_member_recharge`  SET `status`=1  WHERE  (  no_order='13921541043480375305' ) [ RunTime:0.005773s ]
[ sql ] [ SQL ] SELECT * FROM `xh_member_recharge` WHERE  (  no_order='13921541043480375305' ) LIMIT 1 [ RunTime:0.000531s ]
[ sql ] [ SQL ] SHOW COLUMNS FROM `xh_member` [ RunTime:0.001108s ]
[ sql ] [ SQL ] SELECT * FROM `xh_member` WHERE  (  id=1392 ) LIMIT 1 [ RunTime:0.000348s ]
[ sql ] [ SQL ] UPDATE `xh_member`  SET `usableSum`=usableSum+1000  WHERE  (  id=1392 ) [ RunTime:0.000452s ]
[ sql ] [ SQL ] SHOW COLUMNS FROM `xh_member_fundrecord` [ RunTime:0.001651s ]
[ sql ] [ SQL ] INSERT INTO `xh_member_fundrecord` (`memberId` , `flow` , `amount` , `usableSum` , `remarks` , `createTime`) VALUES (1392 , 1 , 1000 , 1000 , '连连支付充值成功' , '2018-11-01 11:38:32') [ RunTime:0.000408s ]
---------------------------------------------------------------
[ 2018-11-01T12:11:03+08:00 ] 43.243.75.72 222.223.160.219 GET /index/lianlianauthpay/authllpay_wap?b-pay-amount=1000&bankCard=6227000170810090542&realName=%E9%83%9D%E5%A8%85%E5%A0%83&IDCard=
[ info ] www.dsqqapp.com/index/lianlianauthpay/authllpay_wap?b-pay-amount=1000&bankCard=6227000170810090542&realName=%E9%83%9D%E5%A8%85%E5%A0%83&IDCard= [运行时间：0.157370s][吞吐率：6.35req/s] [内存消耗：4,083.76kb] [文件加载：68]
[ info ] [ CACHE ] INIT File
[ info ] [ LANG ] /www/wwwroot/feichangpeizi/thinkphp/lang/zh-cn.php
[ info ] [ ROUTE ] array (
  'type' => 'module',
  'module' => 
  array (
    0 => 'index',
    1 => 'lianlianauthpay',
    2 => 'authllpay_wap',
  ),
)
[ info ] [ HEADER ] array (
  'host' => 'www.dsqqapp.com',
  'connection' => 'keep-alive',
  'upgrade-insecure-requests' => '1',
  'user-agent' => 'Mozilla/5.0 (Linux; Android 8.0.0; HWI-AL00 Build/HUAWEIHWI-AL00; wv) AppleWebKit/537.36 (KHTML, like Gecko) Version/4.0 Chrome/66.0.3359.126 Mobile Safari/537.36',
  'accept' => 'text/html,application/xhtml+xml,application/xml;q=0.9,image/webp,image/apng,*/*;q=0.8',
  'referer' => 'http://www.dsqqapp.com/ucenter/quick_pay.html',
  'accept-encoding' => 'gzip, deflate',
  'accept-language' => 'zh-CN,en-US;q=0.9',
  'cookie' => 'PHPSESSID=2ph2jm3luuukrm9kscjdkao300',
  'x-requested-with' => 'www.dsqqapp.com',
  'content-type' => '',
  'content-length' => '',
)
[ info ] [ PARAM ] array (
  'b-pay-amount' => '1000',
  'bankCard' => '6227000170810090542',
  'realName' => '郝娅堃',
  'IDCard' => '',
)
[ info ] [ BEHAVIOR ] Run app\common\behavior\Config @app_begin [ RunTime:0.000594s ]
[ info ] [ BEHAVIOR ] Run app\common\behavior\Hook @app_begin [ RunTime:0.015657s ]
[ info ] [ DB ] INIT mysql
[ info ] [ LOG ] INIT File
[ info ] [ RUN ] app\index\controller\Lianlianauthpay->authllpay_wap[ /www/wwwroot/feichangpeizi/application/index/controller/Lianlianauthpay.php ]
[ sql ] [ DB ] CONNECT:[ UseTime:0.000353s ] mysql:dbname=fcpeizi;host=localhost;port=3306;charset=utf8
[ sql ] [ SQL ] SHOW COLUMNS FROM `xh_member` [ RunTime:0.001275s ]
[ sql ] [ SQL ] SELECT `usableSum` FROM `xh_member` WHERE  (  id=1392 ) LIMIT 1 [ RunTime:0.000217s ]
[ sql ] [ SQL ] SELECT * FROM `xh_member` WHERE  (  id=1392 ) LIMIT 1 [ RunTime:0.000285s ]
[ sql ] [ SQL ] SHOW COLUMNS FROM `xh_member_recharge` [ RunTime:0.000995s ]
[ sql ] [ SQL ] INSERT INTO `xh_member_recharge` (`memberId` , `amount` , `status` , `no_order` , `createTime`) VALUES (1392 , 1000 , 0 , '13921541045463672298' , '2018-11-01 12:11:03') [ RunTime:0.000496s ]
---------------------------------------------------------------
[ 2018-11-01T12:11:18+08:00 ] 43.243.75.72 115.236.102.36 POST /index/lianlianpay/notify_url
[ info ] www.dsqqapp.com/index/lianlianpay/notify_url [运行时间：0.984799s][吞吐率：1.02req/s] [内存消耗：4,044.27kb] [文件加载：66]
[ info ] [ CACHE ] INIT File
[ info ] [ LANG ] /www/wwwroot/feichangpeizi/thinkphp/lang/zh-cn.php
[ info ] [ ROUTE ] array (
  'type' => 'module',
  'module' => 
  array (
    0 => 'index',
    1 => 'lianlianpay',
    2 => 'notify_url',
  ),
)
[ info ] [ HEADER ] array (
  'content-type' => 'text/json;charset=UTF-8',
  'connection' => 'Close',
  'user-agent' => 'httpcomponents',
  'correlationid' => '1a856d06-1b74-49f1-80ad-500e992df987',
  'content-length' => '440',
  'host' => 'www.dsqqapp.com',
  'cookie' => 'PHPSESSID=gth82emp59teblc1nevdi6cjn1',
  'cookie2' => '$Version=1',
  'accept-encoding' => 'gzip,deflate',
)
[ info ] [ PARAM ] array (
)
[ info ] [ BEHAVIOR ] Run app\common\behavior\Config @app_begin [ RunTime:0.004545s ]
[ info ] [ BEHAVIOR ] Run app\common\behavior\Hook @app_begin [ RunTime:0.008066s ]
[ info ] [ LOG ] INIT File
[ info ] [ RUN ] app\index\controller\Lianlianpay->notify_url[ /www/wwwroot/feichangpeizi/application/index/controller/Lianlianpay.php ]
[ info ] [ DB ] INIT mysql
[ 原串:bank_code=01050000&dt_order=20181101121103&money_order=1000.0&no_order=13921541045463672298&oid_partner=201810190002237014&oid_paybill=2018110186761248&pay_type=P&result_pay=SUCCESS&settle_date=20181101&sign_type=RSA
 ] log.txt
[ sign:RfNXhJR6eD4c68CsEsmLGdM/4YXSXCRtkgP9jPmHT6snnTTtBJhfybpKAxZyp/Qzen5Ushy95Q6UzzYcAhQcwn5X9kRMRI5S1v6LRX9AgFNL2AcXjNz/Wr3JFGn2JzFZMwJYUYn2r0xZhvc6pVzESpKl2OTgfkcYDijTkzK40R0=
 ] log.txt
[ sql ] [ DB ] CONNECT:[ UseTime:0.001481s ] mysql:dbname=fcpeizi;host=localhost;port=3306;charset=utf8
[ sql ] [ SQL ] SHOW COLUMNS FROM `xh_member_recharge` [ RunTime:0.001087s ]
[ sql ] [ SQL ] UPDATE `xh_member_recharge`  SET `status`=1  WHERE  (  no_order='13921541045463672298' ) [ RunTime:0.000526s ]
[ sql ] [ SQL ] SELECT * FROM `xh_member_recharge` WHERE  (  no_order='13921541045463672298' ) LIMIT 1 [ RunTime:0.000655s ]
[ sql ] [ SQL ] SHOW COLUMNS FROM `xh_member` [ RunTime:0.001000s ]
[ sql ] [ SQL ] SELECT * FROM `xh_member` WHERE  (  id=1392 ) LIMIT 1 [ RunTime:0.000399s ]
[ sql ] [ SQL ] UPDATE `xh_member`  SET `usableSum`=usableSum+1000  WHERE  (  id=1392 ) [ RunTime:0.000634s ]
[ sql ] [ SQL ] SHOW COLUMNS FROM `xh_member_fundrecord` [ RunTime:0.001082s ]
[ sql ] [ SQL ] INSERT INTO `xh_member_fundrecord` (`memberId` , `flow` , `amount` , `usableSum` , `remarks` , `createTime`) VALUES (1392 , 1 , 1000 , 2000 , '连连支付充值成功' , '2018-11-01 12:11:18') [ RunTime:0.000426s ]
---------------------------------------------------------------
[ 2018-11-01T13:10:36+08:00 ] 43.243.75.72 112.17.242.128 GET /index/lianlianauthpay/authllpay_wap?b-pay-amount=30000&bankCard=6222081208006631431&realName=%E7%8E%8B%E7%87%95%E5%8D%97&IDCard=
[ info ] www.dsqqapp.com/index/lianlianauthpay/authllpay_wap?b-pay-amount=30000&bankCard=6222081208006631431&realName=%E7%8E%8B%E7%87%95%E5%8D%97&IDCard= [运行时间：0.157023s][吞吐率：6.37req/s] [内存消耗：4,083.80kb] [文件加载：68]
[ info ] [ CACHE ] INIT File
[ info ] [ LANG ] /www/wwwroot/feichangpeizi/thinkphp/lang/zh-cn.php
[ info ] [ ROUTE ] array (
  'type' => 'module',
  'module' => 
  array (
    0 => 'index',
    1 => 'lianlianauthpay',
    2 => 'authllpay_wap',
  ),
)
[ info ] [ HEADER ] array (
  'host' => 'www.dsqqapp.com',
  'connection' => 'keep-alive',
  'upgrade-insecure-requests' => '1',
  'user-agent' => 'Mozilla/5.0 (Linux; Android 8.0.0; VTR-AL00 Build/HUAWEIVTR-AL00; wv) AppleWebKit/537.36 (KHTML, like Gecko) Version/4.0 Chrome/66.0.3359.126 Mobile Safari/537.36',
  'accept' => 'text/html,application/xhtml+xml,application/xml;q=0.9,image/webp,image/apng,*/*;q=0.8',
  'referer' => 'http://www.dsqqapp.com/ucenter/quick_pay.html',
  'accept-encoding' => 'gzip, deflate',
  'accept-language' => 'zh-CN,en-US;q=0.9',
  'cookie' => 'PHPSESSID=ripakvgk3n5fcmnu2qpv0j86i1',
  'x-requested-with' => 'www.dsqqapp.com',
  'content-type' => '',
  'content-length' => '',
)
[ info ] [ PARAM ] array (
  'b-pay-amount' => '30000',
  'bankCard' => '6222081208006631431',
  'realName' => '王燕南',
  'IDCard' => '',
)
[ info ] [ BEHAVIOR ] Run app\common\behavior\Config @app_begin [ RunTime:0.000472s ]
[ info ] [ BEHAVIOR ] Run app\common\behavior\Hook @app_begin [ RunTime:0.011072s ]
[ info ] [ DB ] INIT mysql
[ info ] [ LOG ] INIT File
[ info ] [ RUN ] app\index\controller\Lianlianauthpay->authllpay_wap[ /www/wwwroot/feichangpeizi/application/index/controller/Lianlianauthpay.php ]
[ sql ] [ DB ] CONNECT:[ UseTime:0.001170s ] mysql:dbname=fcpeizi;host=localhost;port=3306;charset=utf8
[ sql ] [ SQL ] SHOW COLUMNS FROM `xh_member` [ RunTime:0.001139s ]
[ sql ] [ SQL ] SELECT `usableSum` FROM `xh_member` WHERE  (  id=1383 ) LIMIT 1 [ RunTime:0.001099s ]
[ sql ] [ SQL ] SELECT * FROM `xh_member` WHERE  (  id=1383 ) LIMIT 1 [ RunTime:0.000465s ]
[ sql ] [ SQL ] SHOW COLUMNS FROM `xh_member_recharge` [ RunTime:0.001177s ]
[ sql ] [ SQL ] INSERT INTO `xh_member_recharge` (`memberId` , `amount` , `status` , `no_order` , `createTime`) VALUES (1383 , 30000 , 0 , '13831541049036477845' , '2018-11-01 13:10:36') [ RunTime:0.000640s ]
---------------------------------------------------------------
[ 2018-11-01T13:10:48+08:00 ] 43.243.75.72 115.236.102.36 POST /index/lianlianpay/notify_url
[ info ] www.dsqqapp.com/index/lianlianpay/notify_url [运行时间：0.102226s][吞吐率：9.78req/s] [内存消耗：4,044.16kb] [文件加载：66]
[ info ] [ CACHE ] INIT File
[ info ] [ LANG ] /www/wwwroot/feichangpeizi/thinkphp/lang/zh-cn.php
[ info ] [ ROUTE ] array (
  'type' => 'module',
  'module' => 
  array (
    0 => 'index',
    1 => 'lianlianpay',
    2 => 'notify_url',
  ),
)
[ info ] [ HEADER ] array (
  'content-type' => 'text/json;charset=UTF-8',
  'connection' => 'Close',
  'user-agent' => 'httpcomponents',
  'correlationid' => 'a6ea583d-e1f6-4b42-a9dd-ec9b4d47d758',
  'content-length' => '441',
  'host' => 'www.dsqqapp.com',
  'cookie' => 'PHPSESSID=gth82emp59teblc1nevdi6cjn1',
  'cookie2' => '$Version=1',
  'accept-encoding' => 'gzip,deflate',
)
[ info ] [ PARAM ] array (
)
[ info ] [ BEHAVIOR ] Run app\common\behavior\Config @app_begin [ RunTime:0.000477s ]
[ info ] [ BEHAVIOR ] Run app\common\behavior\Hook @app_begin [ RunTime:0.010711s ]
[ info ] [ LOG ] INIT File
[ info ] [ RUN ] app\index\controller\Lianlianpay->notify_url[ /www/wwwroot/feichangpeizi/application/index/controller/Lianlianpay.php ]
[ info ] [ DB ] INIT mysql
[ 原串:bank_code=01020000&dt_order=20181101131036&money_order=30000.0&no_order=13831541049036477845&oid_partner=201810190002237014&oid_paybill=2018110187063960&pay_type=P&result_pay=SUCCESS&settle_date=20181101&sign_type=RSA
 ] log.txt
[ sign:GgkBmiGGjfZc5bU4gVisRyUKJ7VPT1fCF6XT7VGJmtgYcKfK0dK2QOt0Fu8ysGK3ueFNkP8NV4327vfzSKoiI1ohc2ejjx6s/r050qLIg/Xhm6Nqlot6a5TACGZ6qdbzmevfBm/u6bRK7xDmEhpp7o1SksIB3/YUnFzQIcWM6No=
 ] log.txt
[ sql ] [ DB ] CONNECT:[ UseTime:0.000314s ] mysql:dbname=fcpeizi;host=localhost;port=3306;charset=utf8
[ sql ] [ SQL ] SHOW COLUMNS FROM `xh_member_recharge` [ RunTime:0.001059s ]
[ sql ] [ SQL ] UPDATE `xh_member_recharge`  SET `status`=1  WHERE  (  no_order='13831541049036477845' ) [ RunTime:0.000352s ]
[ sql ] [ SQL ] SELECT * FROM `xh_member_recharge` WHERE  (  no_order='13831541049036477845' ) LIMIT 1 [ RunTime:0.000303s ]
[ sql ] [ SQL ] SHOW COLUMNS FROM `xh_member` [ RunTime:0.000918s ]
[ sql ] [ SQL ] SELECT * FROM `xh_member` WHERE  (  id=1383 ) LIMIT 1 [ RunTime:0.000286s ]
[ sql ] [ SQL ] UPDATE `xh_member`  SET `usableSum`=usableSum+30000  WHERE  (  id=1383 ) [ RunTime:0.000492s ]
[ sql ] [ SQL ] SHOW COLUMNS FROM `xh_member_fundrecord` [ RunTime:0.000973s ]
[ sql ] [ SQL ] INSERT INTO `xh_member_fundrecord` (`memberId` , `flow` , `amount` , `usableSum` , `remarks` , `createTime`) VALUES (1383 , 1 , 30000 , 32600 , '连连支付充值成功' , '2018-11-01 13:10:48') [ RunTime:0.000401s ]
---------------------------------------------------------------
[ 2018-11-01T13:20:46+08:00 ] 43.243.75.72 120.231.142.158 GET /index/lianlianauthpay/authllpay_wap?b-pay-amount=5500&bankCard=&realName=&IDCard=
[ info ] www.dsqqapp.com/index/lianlianauthpay/authllpay_wap?b-pay-amount=5500&bankCard=&realName=&IDCard= [运行时间：0.187986s][吞吐率：5.32req/s] [内存消耗：4,083.16kb] [文件加载：68]
[ info ] [ CACHE ] INIT File
[ info ] [ LANG ] /www/wwwroot/feichangpeizi/thinkphp/lang/zh-cn.php
[ info ] [ ROUTE ] array (
  'type' => 'module',
  'module' => 
  array (
    0 => 'index',
    1 => 'lianlianauthpay',
    2 => 'authllpay_wap',
  ),
)
[ info ] [ HEADER ] array (
  'host' => 'www.dsqqapp.com',
  'cookie' => 'PHPSESSID=g87depdb884tgts9j525qikgj5',
  'connection' => 'keep-alive',
  'upgrade-insecure-requests' => '1',
  'accept' => 'text/html,application/xhtml+xml,application/xml;q=0.9,*/*;q=0.8',
  'user-agent' => 'Mozilla/5.0 (iPhone; CPU iPhone OS 12_0_1 like Mac OS X) AppleWebKit/605.1.15 (KHTML, like Gecko) Mobile/16A404',
  'referer' => 'http://www.dsqqapp.com/ucenter/quick_pay.html',
  'accept-language' => 'zh-cn',
  'accept-encoding' => 'gzip, deflate',
  'content-type' => '',
  'content-length' => '',
)
[ info ] [ PARAM ] array (
  'b-pay-amount' => '5500',
  'bankCard' => '',
  'realName' => '',
  'IDCard' => '',
)
[ info ] [ BEHAVIOR ] Run app\common\behavior\Config @app_begin [ RunTime:0.000516s ]
[ info ] [ BEHAVIOR ] Run app\common\behavior\Hook @app_begin [ RunTime:0.015684s ]
[ info ] [ DB ] INIT mysql
[ info ] [ LOG ] INIT File
[ info ] [ RUN ] app\index\controller\Lianlianauthpay->authllpay_wap[ /www/wwwroot/feichangpeizi/application/index/controller/Lianlianauthpay.php ]
[ sql ] [ DB ] CONNECT:[ UseTime:0.000547s ] mysql:dbname=fcpeizi;host=localhost;port=3306;charset=utf8
[ sql ] [ SQL ] SHOW COLUMNS FROM `xh_member` [ RunTime:0.001707s ]
[ sql ] [ SQL ] SELECT `usableSum` FROM `xh_member` WHERE  (  id=1347 ) LIMIT 1 [ RunTime:0.000325s ]
[ sql ] [ SQL ] SELECT * FROM `xh_member` WHERE  (  id=1347 ) LIMIT 1 [ RunTime:0.000364s ]
[ sql ] [ SQL ] SHOW COLUMNS FROM `xh_member_recharge` [ RunTime:0.005550s ]
[ sql ] [ SQL ] INSERT INTO `xh_member_recharge` (`memberId` , `amount` , `status` , `no_order` , `createTime`) VALUES (1347 , 5500 , 0 , '13471541049646806276' , '2018-11-01 13:20:46') [ RunTime:0.011575s ]
---------------------------------------------------------------
[ 2018-11-01T13:33:24+08:00 ] 43.243.75.72 120.231.142.158 GET /index/lianlianauthpay/authllpay_wap?b-pay-amount=5500&bankCard=&realName=&IDCard=
[ info ] www.dsqqapp.com/index/lianlianauthpay/authllpay_wap?b-pay-amount=5500&bankCard=&realName=&IDCard= [运行时间：0.207648s][吞吐率：4.82req/s] [内存消耗：4,083.16kb] [文件加载：68]
[ info ] [ CACHE ] INIT File
[ info ] [ LANG ] /www/wwwroot/feichangpeizi/thinkphp/lang/zh-cn.php
[ info ] [ ROUTE ] array (
  'type' => 'module',
  'module' => 
  array (
    0 => 'index',
    1 => 'lianlianauthpay',
    2 => 'authllpay_wap',
  ),
)
[ info ] [ HEADER ] array (
  'host' => 'www.dsqqapp.com',
  'cookie' => 'PHPSESSID=u7bnbihkmfuq6qdar5lls6h0m7',
  'connection' => 'keep-alive',
  'upgrade-insecure-requests' => '1',
  'accept' => 'text/html,application/xhtml+xml,application/xml;q=0.9,*/*;q=0.8',
  'user-agent' => 'Mozilla/5.0 (iPhone; CPU iPhone OS 12_0_1 like Mac OS X) AppleWebKit/605.1.15 (KHTML, like Gecko) Mobile/16A404',
  'referer' => 'http://www.dsqqapp.com/ucenter/quick_pay.html',
  'accept-language' => 'zh-cn',
  'accept-encoding' => 'gzip, deflate',
  'content-type' => '',
  'content-length' => '',
)
[ info ] [ PARAM ] array (
  'b-pay-amount' => '5500',
  'bankCard' => '',
  'realName' => '',
  'IDCard' => '',
)
[ info ] [ BEHAVIOR ] Run app\common\behavior\Config @app_begin [ RunTime:0.000881s ]
[ info ] [ BEHAVIOR ] Run app\common\behavior\Hook @app_begin [ RunTime:0.016504s ]
[ info ] [ DB ] INIT mysql
[ info ] [ LOG ] INIT File
[ info ] [ RUN ] app\index\controller\Lianlianauthpay->authllpay_wap[ /www/wwwroot/feichangpeizi/application/index/controller/Lianlianauthpay.php ]
[ sql ] [ DB ] CONNECT:[ UseTime:0.004500s ] mysql:dbname=fcpeizi;host=localhost;port=3306;charset=utf8
[ sql ] [ SQL ] SHOW COLUMNS FROM `xh_member` [ RunTime:0.002494s ]
[ sql ] [ SQL ] SELECT `usableSum` FROM `xh_member` WHERE  (  id=1347 ) LIMIT 1 [ RunTime:0.000934s ]
[ sql ] [ SQL ] SELECT * FROM `xh_member` WHERE  (  id=1347 ) LIMIT 1 [ RunTime:0.000549s ]
[ sql ] [ SQL ] SHOW COLUMNS FROM `xh_member_recharge` [ RunTime:0.002224s ]
[ sql ] [ SQL ] INSERT INTO `xh_member_recharge` (`memberId` , `amount` , `status` , `no_order` , `createTime`) VALUES (1347 , 5500 , 0 , '13471541050404200974' , '2018-11-01 13:33:24') [ RunTime:0.000623s ]
---------------------------------------------------------------
[ 2018-11-01T13:49:07+08:00 ] 43.243.75.72 120.231.142.158 GET /index/lianlianauthpay/authllpay_wap?b-pay-amount=5500&bankCard=6216607000020794346&realName=%E6%9E%97%E5%AE%B9%E9%94%8B&IDCard=
[ info ] www.dsqqapp.com/index/lianlianauthpay/authllpay_wap?b-pay-amount=5500&bankCard=6216607000020794346&realName=%E6%9E%97%E5%AE%B9%E9%94%8B&IDCard= [运行时间：0.213686s][吞吐率：4.68req/s] [内存消耗：4,083.47kb] [文件加载：68]
[ info ] [ CACHE ] INIT File
[ info ] [ LANG ] /www/wwwroot/feichangpeizi/thinkphp/lang/zh-cn.php
[ info ] [ ROUTE ] array (
  'type' => 'module',
  'module' => 
  array (
    0 => 'index',
    1 => 'lianlianauthpay',
    2 => 'authllpay_wap',
  ),
)
[ info ] [ HEADER ] array (
  'host' => 'www.dsqqapp.com',
  'cookie' => 'PHPSESSID=u7bnbihkmfuq6qdar5lls6h0m7',
  'connection' => 'keep-alive',
  'upgrade-insecure-requests' => '1',
  'accept' => 'text/html,application/xhtml+xml,application/xml;q=0.9,*/*;q=0.8',
  'user-agent' => 'Mozilla/5.0 (iPhone; CPU iPhone OS 12_0_1 like Mac OS X) AppleWebKit/605.1.15 (KHTML, like Gecko) Mobile/16A404',
  'referer' => 'http://www.dsqqapp.com/ucenter/quick_pay.html',
  'accept-language' => 'zh-cn',
  'accept-encoding' => 'gzip, deflate',
  'content-type' => '',
  'content-length' => '',
)
[ info ] [ PARAM ] array (
  'b-pay-amount' => '5500',
  'bankCard' => '6216607000020794346',
  'realName' => '林容锋',
  'IDCard' => '',
)
[ info ] [ BEHAVIOR ] Run app\common\behavior\Config @app_begin [ RunTime:0.000876s ]
[ info ] [ BEHAVIOR ] Run app\common\behavior\Hook @app_begin [ RunTime:0.016499s ]
[ info ] [ DB ] INIT mysql
[ info ] [ LOG ] INIT File
[ info ] [ RUN ] app\index\controller\Lianlianauthpay->authllpay_wap[ /www/wwwroot/feichangpeizi/application/index/controller/Lianlianauthpay.php ]
[ sql ] [ DB ] CONNECT:[ UseTime:0.000447s ] mysql:dbname=fcpeizi;host=localhost;port=3306;charset=utf8
[ sql ] [ SQL ] SHOW COLUMNS FROM `xh_member` [ RunTime:0.001791s ]
[ sql ] [ SQL ] SELECT `usableSum` FROM `xh_member` WHERE  (  id=1347 ) LIMIT 1 [ RunTime:0.000402s ]
[ sql ] [ SQL ] SELECT * FROM `xh_member` WHERE  (  id=1347 ) LIMIT 1 [ RunTime:0.000516s ]
[ sql ] [ SQL ] SHOW COLUMNS FROM `xh_member_recharge` [ RunTime:0.006069s ]
[ sql ] [ SQL ] INSERT INTO `xh_member_recharge` (`memberId` , `amount` , `status` , `no_order` , `createTime`) VALUES (1347 , 5500 , 0 , '13471541051347126805' , '2018-11-01 13:49:07') [ RunTime:0.000708s ]
---------------------------------------------------------------
[ 2018-11-01T13:49:47+08:00 ] 43.243.75.72 115.236.102.36 POST /index/lianlianpay/notify_url
[ info ] www.dsqqapp.com/index/lianlianpay/notify_url [运行时间：0.184855s][吞吐率：5.41req/s] [内存消耗：4,044.27kb] [文件加载：66]
[ info ] [ CACHE ] INIT File
[ info ] [ LANG ] /www/wwwroot/feichangpeizi/thinkphp/lang/zh-cn.php
[ info ] [ ROUTE ] array (
  'type' => 'module',
  'module' => 
  array (
    0 => 'index',
    1 => 'lianlianpay',
    2 => 'notify_url',
  ),
)
[ info ] [ HEADER ] array (
  'content-type' => 'text/json;charset=UTF-8',
  'connection' => 'Close',
  'user-agent' => 'httpcomponents',
  'correlationid' => '37c5f93d-774b-4b0e-b59a-390852d0f1a6',
  'content-length' => '440',
  'host' => 'www.dsqqapp.com',
  'cookie' => 'PHPSESSID=vgo88pjjeodvku80f8as6d6el6',
  'cookie2' => '$Version=1',
  'accept-encoding' => 'gzip,deflate',
)
[ info ] [ PARAM ] array (
)
[ info ] [ BEHAVIOR ] Run app\common\behavior\Config @app_begin [ RunTime:0.000530s ]
[ info ] [ BEHAVIOR ] Run app\common\behavior\Hook @app_begin [ RunTime:0.011731s ]
[ info ] [ LOG ] INIT File
[ info ] [ RUN ] app\index\controller\Lianlianpay->notify_url[ /www/wwwroot/feichangpeizi/application/index/controller/Lianlianpay.php ]
[ info ] [ DB ] INIT mysql
[ 原串:bank_code=01040000&dt_order=20181101134907&money_order=5500.0&no_order=13471541051347126805&oid_partner=201810190002237014&oid_paybill=2018110187174117&pay_type=P&result_pay=SUCCESS&settle_date=20181101&sign_type=RSA
 ] log.txt
[ sign:OOeeJ7LC0fqJk2Lwa2xYqvtqlrQgl/xWUr62n0Fd5vkZZ/r12txVPmc5TVRfzK0FK1fHXHzf5Owk1NzUC0/cjnmAt2uPKx4bo7SJn9PzYDTM5/gMT68LGh86mzkBaDAPjDhGrM23BpCvaRYhm9cxwaFSJCSdXJYaZqd0SlVdrAY=
 ] log.txt
[ sql ] [ DB ] CONNECT:[ UseTime:0.000376s ] mysql:dbname=fcpeizi;host=localhost;port=3306;charset=utf8
[ sql ] [ SQL ] SHOW COLUMNS FROM `xh_member_recharge` [ RunTime:0.001402s ]
[ sql ] [ SQL ] UPDATE `xh_member_recharge`  SET `status`=1  WHERE  (  no_order='13471541051347126805' ) [ RunTime:0.000462s ]
[ sql ] [ SQL ] SELECT * FROM `xh_member_recharge` WHERE  (  no_order='13471541051347126805' ) LIMIT 1 [ RunTime:0.000408s ]
[ sql ] [ SQL ] SHOW COLUMNS FROM `xh_member` [ RunTime:0.001351s ]
[ sql ] [ SQL ] SELECT * FROM `xh_member` WHERE  (  id=1347 ) LIMIT 1 [ RunTime:0.000362s ]
[ sql ] [ SQL ] UPDATE `xh_member`  SET `usableSum`=usableSum+5500  WHERE  (  id=1347 ) [ RunTime:0.000657s ]
[ sql ] [ SQL ] SHOW COLUMNS FROM `xh_member_fundrecord` [ RunTime:0.001529s ]
[ sql ] [ SQL ] INSERT INTO `xh_member_fundrecord` (`memberId` , `flow` , `amount` , `usableSum` , `remarks` , `createTime`) VALUES (1347 , 1 , 5500 , 5500 , '连连支付充值成功' , '2018-11-01 13:49:47') [ RunTime:0.000739s ]
