---------------------------------------------------------------
[ 2018-11-06T09:07:33+08:00 ] 27.151.29.104 115.236.25.139 GET /index/lianlianauthpay/authllpay_wap?b-pay-amount=5000&bankCard=6217001540014325599&realName=%E4%B8%A5%E5%8E%9A%E9%91%AB&IDCard=
[ info ] www.dsqqweb.com/index/lianlianauthpay/authllpay_wap?b-pay-amount=5000&bankCard=6217001540014325599&realName=%E4%B8%A5%E5%8E%9A%E9%91%AB&IDCard= [运行时间：0.072634s][吞吐率：13.77req/s] [内存消耗：4,083.16kb] [文件加载：68]
[ info ] [ CACHE ] INIT File
[ info ] [ LANG ] /www/wwwroot/feichangpeizi/thinkphp/lang/zh-cn.php
[ info ] [ ROUTE ] array (
  'type' => 'module',
  'module' => 
  array (
    0 => 'index',
    1 => 'lianlianauthpay',
    2 => 'authllpay_wap',
  ),
)
[ info ] [ HEADER ] array (
  'host' => 'www.dsqqweb.com',
  'cookie' => 'PHPSESSID=9c59nd1489kr2vfa13kcromgd3',
  'connection' => 'keep-alive',
  'upgrade-insecure-requests' => '1',
  'accept' => 'text/html,application/xhtml+xml,application/xml;q=0.9,*/*;q=0.8',
  'user-agent' => 'Mozilla/5.0 (iPhone; CPU iPhone OS 12_1 like Mac OS X) AppleWebKit/605.1.15 (KHTML, like Gecko) Mobile/16B92',
  'referer' => 'http://www.dsqqweb.com/ucenter/quick_pay.html',
  'accept-language' => 'zh-cn',
  'accept-encoding' => 'gzip, deflate',
  'content-type' => '',
  'content-length' => '',
)
[ info ] [ PARAM ] array (
  'b-pay-amount' => '5000',
  'bankCard' => '6217001540014325599',
  'realName' => '严厚鑫',
  'IDCard' => '',
)
[ info ] [ BEHAVIOR ] Run app\common\behavior\Config @app_begin [ RunTime:0.000402s ]
[ info ] [ BEHAVIOR ] Run app\common\behavior\Hook @app_begin [ RunTime:0.006033s ]
[ info ] [ DB ] INIT mysql
[ info ] [ LOG ] INIT File
[ info ] [ RUN ] app\index\controller\Lianlianauthpay->authllpay_wap[ /www/wwwroot/feichangpeizi/application/index/controller/Lianlianauthpay.php ]
[ sql ] [ DB ] CONNECT:[ UseTime:0.000437s ] mysql:dbname=fcpeizi;host=localhost;port=3306;charset=utf8
[ sql ] [ SQL ] SHOW COLUMNS FROM `xh_member` [ RunTime:0.001608s ]
[ sql ] [ SQL ] SELECT `usableSum` FROM `xh_member` WHERE  (  id=1378 ) LIMIT 1 [ RunTime:0.000272s ]
[ sql ] [ SQL ] SELECT * FROM `xh_member` WHERE  (  id=1378 ) LIMIT 1 [ RunTime:0.000567s ]
[ sql ] [ SQL ] SHOW COLUMNS FROM `xh_member_recharge` [ RunTime:0.001309s ]
[ sql ] [ SQL ] INSERT INTO `xh_member_recharge` (`memberId` , `amount` , `status` , `no_order` , `createTime`) VALUES (1378 , 5000 , 0 , '13781541466453516470' , '2018-11-06 09:07:33') [ RunTime:0.000313s ]
---------------------------------------------------------------
[ 2018-11-06T09:09:09+08:00 ] 27.151.29.104 115.236.25.139 GET /index/lianlianauthpay/authllpay_wap?b-pay-amount=5000&bankCard=6217001540014325599&realName=%E4%B8%A5%E5%8E%9A%E9%91%AB&IDCard=
[ info ] www.dsqqweb.com/index/lianlianauthpay/authllpay_wap?b-pay-amount=5000&bankCard=6217001540014325599&realName=%E4%B8%A5%E5%8E%9A%E9%91%AB&IDCard= [运行时间：0.073507s][吞吐率：13.60req/s] [内存消耗：4,082.79kb] [文件加载：68]
[ info ] [ CACHE ] INIT File
[ info ] [ LANG ] /www/wwwroot/feichangpeizi/thinkphp/lang/zh-cn.php
[ info ] [ ROUTE ] array (
  'type' => 'module',
  'module' => 
  array (
    0 => 'index',
    1 => 'lianlianauthpay',
    2 => 'authllpay_wap',
  ),
)
[ info ] [ HEADER ] array (
  'host' => 'www.dsqqweb.com',
  'accept' => 'text/html,application/xhtml+xml,application/xml;q=0.9,*/*;q=0.8',
  'upgrade-insecure-requests' => '1',
  'cookie' => 'PHPSESSID=9c59nd1489kr2vfa13kcromgd3',
  'user-agent' => 'Mozilla/5.0 (iPhone; CPU iPhone OS 12_1 like Mac OS X) AppleWebKit/605.1.15 (KHTML, like Gecko) Mobile/16B92',
  'accept-language' => 'zh-cn',
  'accept-encoding' => 'gzip, deflate',
  'connection' => 'keep-alive',
  'content-type' => '',
  'content-length' => '',
)
[ info ] [ PARAM ] array (
  'b-pay-amount' => '5000',
  'bankCard' => '6217001540014325599',
  'realName' => '严厚鑫',
  'IDCard' => '',
)
[ info ] [ BEHAVIOR ] Run app\common\behavior\Config @app_begin [ RunTime:0.000412s ]
[ info ] [ BEHAVIOR ] Run app\common\behavior\Hook @app_begin [ RunTime:0.005109s ]
[ info ] [ DB ] INIT mysql
[ info ] [ LOG ] INIT File
[ info ] [ RUN ] app\index\controller\Lianlianauthpay->authllpay_wap[ /www/wwwroot/feichangpeizi/application/index/controller/Lianlianauthpay.php ]
[ sql ] [ DB ] CONNECT:[ UseTime:0.000413s ] mysql:dbname=fcpeizi;host=localhost;port=3306;charset=utf8
[ sql ] [ SQL ] SHOW COLUMNS FROM `xh_member` [ RunTime:0.001499s ]
[ sql ] [ SQL ] SELECT `usableSum` FROM `xh_member` WHERE  (  id=1378 ) LIMIT 1 [ RunTime:0.000267s ]
[ sql ] [ SQL ] SELECT * FROM `xh_member` WHERE  (  id=1378 ) LIMIT 1 [ RunTime:0.000259s ]
[ sql ] [ SQL ] SHOW COLUMNS FROM `xh_member_recharge` [ RunTime:0.001394s ]
[ sql ] [ SQL ] INSERT INTO `xh_member_recharge` (`memberId` , `amount` , `status` , `no_order` , `createTime`) VALUES (1378 , 5000 , 0 , '13781541466549119543' , '2018-11-06 09:09:09') [ RunTime:0.001670s ]
---------------------------------------------------------------
[ 2018-11-06T09:09:11+08:00 ] 27.151.29.104 115.236.25.139 GET /index/lianlianauthpay/authllpay_wap?b-pay-amount=5000&bankCard=6217001540014325599&realName=%E4%B8%A5%E5%8E%9A%E9%91%AB&IDCard=
[ info ] www.dsqqweb.com/index/lianlianauthpay/authllpay_wap?b-pay-amount=5000&bankCard=6217001540014325599&realName=%E4%B8%A5%E5%8E%9A%E9%91%AB&IDCard= [运行时间：0.064988s][吞吐率：15.39req/s] [内存消耗：4,082.79kb] [文件加载：68]
[ info ] [ CACHE ] INIT File
[ info ] [ LANG ] /www/wwwroot/feichangpeizi/thinkphp/lang/zh-cn.php
[ info ] [ ROUTE ] array (
  'type' => 'module',
  'module' => 
  array (
    0 => 'index',
    1 => 'lianlianauthpay',
    2 => 'authllpay_wap',
  ),
)
[ info ] [ HEADER ] array (
  'host' => 'www.dsqqweb.com',
  'accept' => 'text/html,application/xhtml+xml,application/xml;q=0.9,*/*;q=0.8',
  'upgrade-insecure-requests' => '1',
  'cookie' => 'PHPSESSID=9c59nd1489kr2vfa13kcromgd3',
  'user-agent' => 'Mozilla/5.0 (iPhone; CPU iPhone OS 12_1 like Mac OS X) AppleWebKit/605.1.15 (KHTML, like Gecko) Mobile/16B92',
  'accept-language' => 'zh-cn',
  'accept-encoding' => 'gzip, deflate',
  'connection' => 'keep-alive',
  'content-type' => '',
  'content-length' => '',
)
[ info ] [ PARAM ] array (
  'b-pay-amount' => '5000',
  'bankCard' => '6217001540014325599',
  'realName' => '严厚鑫',
  'IDCard' => '',
)
[ info ] [ BEHAVIOR ] Run app\common\behavior\Config @app_begin [ RunTime:0.000416s ]
[ info ] [ BEHAVIOR ] Run app\common\behavior\Hook @app_begin [ RunTime:0.004607s ]
[ info ] [ DB ] INIT mysql
[ info ] [ LOG ] INIT File
[ info ] [ RUN ] app\index\controller\Lianlianauthpay->authllpay_wap[ /www/wwwroot/feichangpeizi/application/index/controller/Lianlianauthpay.php ]
[ sql ] [ DB ] CONNECT:[ UseTime:0.000397s ] mysql:dbname=fcpeizi;host=localhost;port=3306;charset=utf8
[ sql ] [ SQL ] SHOW COLUMNS FROM `xh_member` [ RunTime:0.001571s ]
[ sql ] [ SQL ] SELECT `usableSum` FROM `xh_member` WHERE  (  id=1378 ) LIMIT 1 [ RunTime:0.000228s ]
[ sql ] [ SQL ] SELECT * FROM `xh_member` WHERE  (  id=1378 ) LIMIT 1 [ RunTime:0.000249s ]
[ sql ] [ SQL ] SHOW COLUMNS FROM `xh_member_recharge` [ RunTime:0.000948s ]
[ sql ] [ SQL ] INSERT INTO `xh_member_recharge` (`memberId` , `amount` , `status` , `no_order` , `createTime`) VALUES (1378 , 5000 , 0 , '13781541466551190957' , '2018-11-06 09:09:11') [ RunTime:0.000470s ]
---------------------------------------------------------------
[ 2018-11-06T09:10:31+08:00 ] 27.151.29.104 115.236.25.139 GET /index/lianlianauthpay/authllpay_wap?b-pay-amount=5000&bankCard=6217001540014325599&realName=%E4%B8%A5%E5%8E%9A%E9%91%AB&IDCard=
[ info ] www.dsqqweb.com/index/lianlianauthpay/authllpay_wap?b-pay-amount=5000&bankCard=6217001540014325599&realName=%E4%B8%A5%E5%8E%9A%E9%91%AB&IDCard= [运行时间：0.075277s][吞吐率：13.28req/s] [内存消耗：4,083.45kb] [文件加载：68]
[ info ] [ CACHE ] INIT File
[ info ] [ LANG ] /www/wwwroot/feichangpeizi/thinkphp/lang/zh-cn.php
[ info ] [ ROUTE ] array (
  'type' => 'module',
  'module' => 
  array (
    0 => 'index',
    1 => 'lianlianauthpay',
    2 => 'authllpay_wap',
  ),
)
[ info ] [ HEADER ] array (
  'host' => 'www.dsqqweb.com',
  'cookie' => 'PHPSESSID=aimkn6bvc6ojel6adrh053u074',
  'connection' => 'keep-alive',
  'upgrade-insecure-requests' => '1',
  'accept' => 'text/html,application/xhtml+xml,application/xml;q=0.9,*/*;q=0.8',
  'user-agent' => 'Mozilla/5.0 (iPhone; CPU iPhone OS 12_1 like Mac OS X) AppleWebKit/605.1.15 (KHTML, like Gecko) Mobile/16B92',
  'referer' => 'http://www.dsqqweb.com/ucenter/quick_pay.html',
  'accept-language' => 'zh-cn',
  'accept-encoding' => 'gzip, deflate',
  'content-type' => '',
  'content-length' => '',
)
[ info ] [ PARAM ] array (
  'b-pay-amount' => '5000',
  'bankCard' => '6217001540014325599',
  'realName' => '严厚鑫',
  'IDCard' => '',
)
[ info ] [ BEHAVIOR ] Run app\common\behavior\Config @app_begin [ RunTime:0.000493s ]
[ info ] [ BEHAVIOR ] Run app\common\behavior\Hook @app_begin [ RunTime:0.005783s ]
[ info ] [ DB ] INIT mysql
[ info ] [ LOG ] INIT File
[ info ] [ RUN ] app\index\controller\Lianlianauthpay->authllpay_wap[ /www/wwwroot/feichangpeizi/application/index/controller/Lianlianauthpay.php ]
[ sql ] [ DB ] CONNECT:[ UseTime:0.000336s ] mysql:dbname=fcpeizi;host=localhost;port=3306;charset=utf8
[ sql ] [ SQL ] SHOW COLUMNS FROM `xh_member` [ RunTime:0.001486s ]
[ sql ] [ SQL ] SELECT `usableSum` FROM `xh_member` WHERE  (  id=1378 ) LIMIT 1 [ RunTime:0.000194s ]
[ sql ] [ SQL ] SELECT * FROM `xh_member` WHERE  (  id=1378 ) LIMIT 1 [ RunTime:0.000214s ]
[ sql ] [ SQL ] SHOW COLUMNS FROM `xh_member_recharge` [ RunTime:0.001060s ]
[ sql ] [ SQL ] INSERT INTO `xh_member_recharge` (`memberId` , `amount` , `status` , `no_order` , `createTime`) VALUES (1378 , 5000 , 0 , '13781541466631421468' , '2018-11-06 09:10:31') [ RunTime:0.000484s ]
---------------------------------------------------------------
[ 2018-11-06T09:11:11+08:00 ] 27.151.29.104 115.236.102.36 POST /index/lianlianpay/notify_url
[ info ] www.dsqqweb.com/index/lianlianpay/notify_url [运行时间：0.076750s][吞吐率：13.03req/s] [内存消耗：4,043.86kb] [文件加载：66]
[ info ] [ CACHE ] INIT File
[ info ] [ LANG ] /www/wwwroot/feichangpeizi/thinkphp/lang/zh-cn.php
[ info ] [ ROUTE ] array (
  'type' => 'module',
  'module' => 
  array (
    0 => 'index',
    1 => 'lianlianpay',
    2 => 'notify_url',
  ),
)
[ info ] [ HEADER ] array (
  'content-type' => 'text/json;charset=UTF-8',
  'connection' => 'Close',
  'user-agent' => 'httpcomponents',
  'correlationid' => '7732ae99-ecbf-4816-a18d-b61f96196d56',
  'content-length' => '440',
  'host' => 'www.dsqqweb.com',
  'cookie' => 'PHPSESSID=ju1su3bn4asnonji0g4ek40lo6',
  'cookie2' => '$Version=1',
  'accept-encoding' => 'gzip,deflate',
)
[ info ] [ PARAM ] array (
)
[ info ] [ BEHAVIOR ] Run app\common\behavior\Config @app_begin [ RunTime:0.000378s ]
[ info ] [ BEHAVIOR ] Run app\common\behavior\Hook @app_begin [ RunTime:0.005381s ]
[ info ] [ LOG ] INIT File
[ info ] [ RUN ] app\index\controller\Lianlianpay->notify_url[ /www/wwwroot/feichangpeizi/application/index/controller/Lianlianpay.php ]
[ info ] [ DB ] INIT mysql
[ 原串:bank_code=01050000&dt_order=20181106091031&money_order=5000.0&no_order=13781541466631421468&oid_partner=201810190002237014&oid_paybill=2018110600405105&pay_type=P&result_pay=SUCCESS&settle_date=20181106&sign_type=RSA
 ] log.txt
[ sign:Ln6wQTEok1O1sxUx9kMVlEI6TlfEh7d9jQUqlDMaKLSKTUBJRL0p9zx3WE4yUoaa6P7oZL5G6vAaGRiczegezZe4UNmdEus2qCHQ22TUwtlbzGEnz65wWad4nmBpzX6oV1G8MJUrctg3YbZ9EnP/nGbhVUrMB3eauAnWtRSwF28=
 ] log.txt
[ sql ] [ DB ] CONNECT:[ UseTime:0.000319s ] mysql:dbname=fcpeizi;host=localhost;port=3306;charset=utf8
[ sql ] [ SQL ] SHOW COLUMNS FROM `xh_member_recharge` [ RunTime:0.001491s ]
[ sql ] [ SQL ] UPDATE `xh_member_recharge`  SET `status`=1  WHERE  (  no_order='13781541466631421468' ) [ RunTime:0.000438s ]
[ sql ] [ SQL ] SELECT * FROM `xh_member_recharge` WHERE  (  no_order='13781541466631421468' ) LIMIT 1 [ RunTime:0.000386s ]
[ sql ] [ SQL ] SHOW COLUMNS FROM `xh_member` [ RunTime:0.001306s ]
[ sql ] [ SQL ] SELECT * FROM `xh_member` WHERE  (  id=1378 ) LIMIT 1 [ RunTime:0.000284s ]
[ sql ] [ SQL ] UPDATE `xh_member`  SET `usableSum`=usableSum+5000  WHERE  (  id=1378 ) [ RunTime:0.000393s ]
[ sql ] [ SQL ] SHOW COLUMNS FROM `xh_member_fundrecord` [ RunTime:0.001319s ]
[ sql ] [ SQL ] INSERT INTO `xh_member_fundrecord` (`memberId` , `flow` , `amount` , `usableSum` , `remarks` , `createTime`) VALUES (1378 , 1 , 5000 , 5000 , '连连支付充值成功' , '2018-11-06 09:11:11') [ RunTime:0.001057s ]
---------------------------------------------------------------
[ 2018-11-06T09:44:05+08:00 ] 27.151.29.104 112.17.236.250 GET /index/lianlianauthpay/authllpay_wap?b-pay-amount=20000&bankCard=6217231202000626512&realName=%E5%BC%A0%E4%B8%80%E9%AA%8F&IDCard=
[ info ] www.dsqqweb.com/index/lianlianauthpay/authllpay_wap?b-pay-amount=20000&bankCard=6217231202000626512&realName=%E5%BC%A0%E4%B8%80%E9%AA%8F&IDCard= [运行时间：0.071257s][吞吐率：14.03req/s] [内存消耗：4,083.47kb] [文件加载：68]
[ info ] [ CACHE ] INIT File
[ info ] [ LANG ] /www/wwwroot/feichangpeizi/thinkphp/lang/zh-cn.php
[ info ] [ ROUTE ] array (
  'type' => 'module',
  'module' => 
  array (
    0 => 'index',
    1 => 'lianlianauthpay',
    2 => 'authllpay_wap',
  ),
)
[ info ] [ HEADER ] array (
  'host' => 'www.dsqqweb.com',
  'cookie' => 'PHPSESSID=8o8qfvamn45hieoao1cjlvf4f6',
  'connection' => 'keep-alive',
  'upgrade-insecure-requests' => '1',
  'accept' => 'text/html,application/xhtml+xml,application/xml;q=0.9,*/*;q=0.8',
  'user-agent' => 'Mozilla/5.0 (iPhone; CPU iPhone OS 12_0_1 like Mac OS X) AppleWebKit/605.1.15 (KHTML, like Gecko) Mobile/16A404',
  'referer' => 'http://www.dsqqweb.com/ucenter/quick_pay.html',
  'accept-language' => 'zh-cn',
  'accept-encoding' => 'gzip, deflate',
  'content-type' => '',
  'content-length' => '',
)
[ info ] [ PARAM ] array (
  'b-pay-amount' => '20000',
  'bankCard' => '6217231202000626512',
  'realName' => '张一骏',
  'IDCard' => '',
)
[ info ] [ BEHAVIOR ] Run app\common\behavior\Config @app_begin [ RunTime:0.000558s ]
[ info ] [ BEHAVIOR ] Run app\common\behavior\Hook @app_begin [ RunTime:0.005887s ]
[ info ] [ DB ] INIT mysql
[ info ] [ LOG ] INIT File
[ info ] [ RUN ] app\index\controller\Lianlianauthpay->authllpay_wap[ /www/wwwroot/feichangpeizi/application/index/controller/Lianlianauthpay.php ]
[ sql ] [ DB ] CONNECT:[ UseTime:0.000367s ] mysql:dbname=fcpeizi;host=localhost;port=3306;charset=utf8
[ sql ] [ SQL ] SHOW COLUMNS FROM `xh_member` [ RunTime:0.001401s ]
[ sql ] [ SQL ] SELECT `usableSum` FROM `xh_member` WHERE  (  id=1408 ) LIMIT 1 [ RunTime:0.000179s ]
[ sql ] [ SQL ] SELECT * FROM `xh_member` WHERE  (  id=1408 ) LIMIT 1 [ RunTime:0.000210s ]
[ sql ] [ SQL ] SHOW COLUMNS FROM `xh_member_recharge` [ RunTime:0.000890s ]
[ sql ] [ SQL ] INSERT INTO `xh_member_recharge` (`memberId` , `amount` , `status` , `no_order` , `createTime`) VALUES (1408 , 20000 , 0 , '14081541468645275156' , '2018-11-06 09:44:05') [ RunTime:0.000308s ]
---------------------------------------------------------------
[ 2018-11-06T09:44:28+08:00 ] 27.151.29.104 115.236.102.36 POST /index/lianlianpay/notify_url
[ info ] www.dsqqweb.com/index/lianlianpay/notify_url [运行时间：0.059621s][吞吐率：16.77req/s] [内存消耗：4,044.05kb] [文件加载：66]
[ info ] [ CACHE ] INIT File
[ info ] [ LANG ] /www/wwwroot/feichangpeizi/thinkphp/lang/zh-cn.php
[ info ] [ ROUTE ] array (
  'type' => 'module',
  'module' => 
  array (
    0 => 'index',
    1 => 'lianlianpay',
    2 => 'notify_url',
  ),
)
[ info ] [ HEADER ] array (
  'content-type' => 'text/json;charset=UTF-8',
  'connection' => 'Close',
  'user-agent' => 'httpcomponents',
  'correlationid' => '3b1dc532-7da8-4613-b32d-d8318ac23ea2',
  'content-length' => '441',
  'host' => 'www.dsqqweb.com',
  'cookie' => 'PHPSESSID=ju1su3bn4asnonji0g4ek40lo6',
  'cookie2' => '$Version=1',
  'accept-encoding' => 'gzip,deflate',
)
[ info ] [ PARAM ] array (
)
[ info ] [ BEHAVIOR ] Run app\common\behavior\Config @app_begin [ RunTime:0.000384s ]
[ info ] [ BEHAVIOR ] Run app\common\behavior\Hook @app_begin [ RunTime:0.005097s ]
[ info ] [ LOG ] INIT File
[ info ] [ RUN ] app\index\controller\Lianlianpay->notify_url[ /www/wwwroot/feichangpeizi/application/index/controller/Lianlianpay.php ]
[ info ] [ DB ] INIT mysql
[ 原串:bank_code=01020000&dt_order=20181106094405&money_order=20000.0&no_order=14081541468645275156&oid_partner=201810190002237014&oid_paybill=2018110600567378&pay_type=P&result_pay=SUCCESS&settle_date=20181106&sign_type=RSA
 ] log.txt
[ sign:Yn7TR46h0sojDlLRK4J6o4a2/vL6r11PTWzSAOVRNy0AVt83E1hWhI3oxHLlmk5j4TjEvAC7Trk0BC+Ddgn+DpyaC1/a4t7C2+yuEk0iSM/pFvjZgIojCATr0lkvHFEvw5mtw8DIXW6TSnoUaSEiSjCtL5ajEIlbSo6i3a5aFj8=
 ] log.txt
[ sql ] [ DB ] CONNECT:[ UseTime:0.000571s ] mysql:dbname=fcpeizi;host=localhost;port=3306;charset=utf8
[ sql ] [ SQL ] SHOW COLUMNS FROM `xh_member_recharge` [ RunTime:0.001525s ]
[ sql ] [ SQL ] UPDATE `xh_member_recharge`  SET `status`=1  WHERE  (  no_order='14081541468645275156' ) [ RunTime:0.000513s ]
[ sql ] [ SQL ] SELECT * FROM `xh_member_recharge` WHERE  (  no_order='14081541468645275156' ) LIMIT 1 [ RunTime:0.000446s ]
[ sql ] [ SQL ] SHOW COLUMNS FROM `xh_member` [ RunTime:0.001277s ]
[ sql ] [ SQL ] SELECT * FROM `xh_member` WHERE  (  id=1408 ) LIMIT 1 [ RunTime:0.000238s ]
[ sql ] [ SQL ] UPDATE `xh_member`  SET `usableSum`=usableSum+20000  WHERE  (  id=1408 ) [ RunTime:0.000420s ]
[ sql ] [ SQL ] SHOW COLUMNS FROM `xh_member_fundrecord` [ RunTime:0.000932s ]
[ sql ] [ SQL ] INSERT INTO `xh_member_fundrecord` (`memberId` , `flow` , `amount` , `usableSum` , `remarks` , `createTime`) VALUES (1408 , 1 , 20000 , 20000 , '连连支付充值成功' , '2018-11-06 09:44:28') [ RunTime:0.000310s ]
---------------------------------------------------------------
[ 2018-11-06T10:14:35+08:00 ] 27.151.29.104 112.17.236.188 GET /index/lianlianauthpay/authllpay_wap?b-pay-amount=30000&bankCard=6222081208006631431&realName=%E7%8E%8B%E7%87%95%E5%8D%97&IDCard=
[ info ] www.dsqqweb.com/index/lianlianauthpay/authllpay_wap?b-pay-amount=30000&bankCard=6222081208006631431&realName=%E7%8E%8B%E7%87%95%E5%8D%97&IDCard= [运行时间：0.076138s][吞吐率：13.13req/s] [内存消耗：4,083.60kb] [文件加载：68]
[ info ] [ CACHE ] INIT File
[ info ] [ LANG ] /www/wwwroot/feichangpeizi/thinkphp/lang/zh-cn.php
[ info ] [ ROUTE ] array (
  'type' => 'module',
  'module' => 
  array (
    0 => 'index',
    1 => 'lianlianauthpay',
    2 => 'authllpay_wap',
  ),
)
[ info ] [ HEADER ] array (
  'host' => 'www.dsqqweb.com',
  'connection' => 'keep-alive',
  'upgrade-insecure-requests' => '1',
  'user-agent' => 'Mozilla/5.0 (Linux; Android 8.0.0; VTR-AL00 Build/HUAWEIVTR-AL00; wv) AppleWebKit/537.36 (KHTML, like Gecko) Version/4.0 Chrome/66.0.3359.126 Mobile Safari/537.36',
  'accept' => 'text/html,application/xhtml+xml,application/xml;q=0.9,image/webp,image/apng,*/*;q=0.8',
  'referer' => 'http://www.dsqqweb.com/ucenter/quick_pay.html',
  'accept-encoding' => 'gzip, deflate',
  'accept-language' => 'zh-CN,en-US;q=0.9',
  'cookie' => 'PHPSESSID=7krcd33oq7d09n1gthahcukg16',
  'x-requested-with' => 'www.dsqqapp.com',
  'content-type' => '',
  'content-length' => '',
)
[ info ] [ PARAM ] array (
  'b-pay-amount' => '30000',
  'bankCard' => '6222081208006631431',
  'realName' => '王燕南',
  'IDCard' => '',
)
[ info ] [ BEHAVIOR ] Run app\common\behavior\Config @app_begin [ RunTime:0.000570s ]
[ info ] [ BEHAVIOR ] Run app\common\behavior\Hook @app_begin [ RunTime:0.005590s ]
[ info ] [ DB ] INIT mysql
[ info ] [ LOG ] INIT File
[ info ] [ RUN ] app\index\controller\Lianlianauthpay->authllpay_wap[ /www/wwwroot/feichangpeizi/application/index/controller/Lianlianauthpay.php ]
[ sql ] [ DB ] CONNECT:[ UseTime:0.000408s ] mysql:dbname=fcpeizi;host=localhost;port=3306;charset=utf8
[ sql ] [ SQL ] SHOW COLUMNS FROM `xh_member` [ RunTime:0.001424s ]
[ sql ] [ SQL ] SELECT `usableSum` FROM `xh_member` WHERE  (  id=1383 ) LIMIT 1 [ RunTime:0.000258s ]
[ sql ] [ SQL ] SELECT * FROM `xh_member` WHERE  (  id=1383 ) LIMIT 1 [ RunTime:0.000284s ]
[ sql ] [ SQL ] SHOW COLUMNS FROM `xh_member_recharge` [ RunTime:0.001150s ]
[ sql ] [ SQL ] INSERT INTO `xh_member_recharge` (`memberId` , `amount` , `status` , `no_order` , `createTime`) VALUES (1383 , 30000 , 0 , '13831541470475946363' , '2018-11-06 10:14:35') [ RunTime:0.000423s ]
---------------------------------------------------------------
[ 2018-11-06T10:14:45+08:00 ] 27.151.29.104 115.236.102.36 POST /index/lianlianpay/notify_url
[ info ] www.dsqqweb.com/index/lianlianpay/notify_url [运行时间：0.068021s][吞吐率：14.70req/s] [内存消耗：4,043.86kb] [文件加载：66]
[ info ] [ CACHE ] INIT File
[ info ] [ LANG ] /www/wwwroot/feichangpeizi/thinkphp/lang/zh-cn.php
[ info ] [ ROUTE ] array (
  'type' => 'module',
  'module' => 
  array (
    0 => 'index',
    1 => 'lianlianpay',
    2 => 'notify_url',
  ),
)
[ info ] [ HEADER ] array (
  'content-type' => 'text/json;charset=UTF-8',
  'connection' => 'Close',
  'user-agent' => 'httpcomponents',
  'correlationid' => '5fcaea06-e77d-4e97-bd84-65852af89e3c',
  'content-length' => '441',
  'host' => 'www.dsqqweb.com',
  'cookie' => 'PHPSESSID=ju1su3bn4asnonji0g4ek40lo6',
  'cookie2' => '$Version=1',
  'accept-encoding' => 'gzip,deflate',
)
[ info ] [ PARAM ] array (
)
[ info ] [ BEHAVIOR ] Run app\common\behavior\Config @app_begin [ RunTime:0.000538s ]
[ info ] [ BEHAVIOR ] Run app\common\behavior\Hook @app_begin [ RunTime:0.006228s ]
[ info ] [ LOG ] INIT File
[ info ] [ RUN ] app\index\controller\Lianlianpay->notify_url[ /www/wwwroot/feichangpeizi/application/index/controller/Lianlianpay.php ]
[ info ] [ DB ] INIT mysql
[ 原串:bank_code=01020000&dt_order=20181106101435&money_order=30000.0&no_order=13831541470475946363&oid_partner=201810190002237014&oid_paybill=2018110600693987&pay_type=P&result_pay=SUCCESS&settle_date=20181106&sign_type=RSA
 ] log.txt
[ sign:FrnTS8lRayRYs3Ba4zZTfvOZpIURk3diqPBERqos9f5EUa23u3THhSjFxMvYOONZYOx3baVFUGLDSDaQwC4UomnoA91BjGaFtn8igcKm/9Gp+HK1oL1e3MP0Lzp3driOnVSwKn1icsV7JkFA/2jpLSFVu6QzGZ2I6iOOJHOwtVs=
 ] log.txt
[ sql ] [ DB ] CONNECT:[ UseTime:0.000377s ] mysql:dbname=fcpeizi;host=localhost;port=3306;charset=utf8
[ sql ] [ SQL ] SHOW COLUMNS FROM `xh_member_recharge` [ RunTime:0.001433s ]
[ sql ] [ SQL ] UPDATE `xh_member_recharge`  SET `status`=1  WHERE  (  no_order='13831541470475946363' ) [ RunTime:0.000346s ]
[ sql ] [ SQL ] SELECT * FROM `xh_member_recharge` WHERE  (  no_order='13831541470475946363' ) LIMIT 1 [ RunTime:0.000451s ]
[ sql ] [ SQL ] SHOW COLUMNS FROM `xh_member` [ RunTime:0.000975s ]
[ sql ] [ SQL ] SELECT * FROM `xh_member` WHERE  (  id=1383 ) LIMIT 1 [ RunTime:0.000248s ]
[ sql ] [ SQL ] UPDATE `xh_member`  SET `usableSum`=usableSum+30000  WHERE  (  id=1383 ) [ RunTime:0.000610s ]
[ sql ] [ SQL ] SHOW COLUMNS FROM `xh_member_fundrecord` [ RunTime:0.000915s ]
[ sql ] [ SQL ] INSERT INTO `xh_member_fundrecord` (`memberId` , `flow` , `amount` , `usableSum` , `remarks` , `createTime`) VALUES (1383 , 1 , 30000 , 38398 , '连连支付充值成功' , '2018-11-06 10:14:45') [ RunTime:0.000324s ]
---------------------------------------------------------------
[ 2018-11-06T14:31:14+08:00 ] 27.151.29.104 36.17.18.142 GET /index/lianlianauthpay/authllpay_wap?b-pay-amount=5000&bankCard=6217001540014325599&realName=%E4%B8%A5%E5%8E%9A%E9%91%AB&IDCard=
[ info ] www.dsqqweb.com/index/lianlianauthpay/authllpay_wap?b-pay-amount=5000&bankCard=6217001540014325599&realName=%E4%B8%A5%E5%8E%9A%E9%91%AB&IDCard= [运行时间：0.074206s][吞吐率：13.48req/s] [内存消耗：4,083.84kb] [文件加载：68]
[ info ] [ CACHE ] INIT File
[ info ] [ LANG ] /www/wwwroot/feichangpeizi/thinkphp/lang/zh-cn.php
[ info ] [ ROUTE ] array (
  'type' => 'module',
  'module' => 
  array (
    0 => 'index',
    1 => 'lianlianauthpay',
    2 => 'authllpay_wap',
  ),
)
[ info ] [ HEADER ] array (
  'host' => 'www.dsqqweb.com',
  'connection' => 'keep-alive',
  'upgrade-insecure-requests' => '1',
  'user-agent' => 'Mozilla/5.0 (Linux; Android 8.0.0; SM-G9500 Build/R16NW; wv) AppleWebKit/537.36 (KHTML, like Gecko) Version/4.0 Chrome/70.0.3538.80 Mobile Safari/537.36',
  'accept' => 'text/html,application/xhtml+xml,application/xml;q=0.9,image/webp,image/apng,*/*;q=0.8',
  'referer' => 'http://www.dsqqweb.com/ucenter/quick_pay.html',
  'accept-encoding' => 'gzip, deflate',
  'accept-language' => 'zh-CN,en-US;q=0.9',
  'cookie' => 'PHPSESSID=hdi6hapr7o6s6hopf6h2q3teg1',
  'x-requested-with' => 'www.dsqqapp.com',
  'content-type' => '',
  'content-length' => '',
)
[ info ] [ PARAM ] array (
  'b-pay-amount' => '5000',
  'bankCard' => '6217001540014325599',
  'realName' => '严厚鑫',
  'IDCard' => '',
)
[ info ] [ BEHAVIOR ] Run app\common\behavior\Config @app_begin [ RunTime:0.000574s ]
[ info ] [ BEHAVIOR ] Run app\common\behavior\Hook @app_begin [ RunTime:0.005674s ]
[ info ] [ DB ] INIT mysql
[ info ] [ LOG ] INIT File
[ info ] [ RUN ] app\index\controller\Lianlianauthpay->authllpay_wap[ /www/wwwroot/feichangpeizi/application/index/controller/Lianlianauthpay.php ]
[ sql ] [ DB ] CONNECT:[ UseTime:0.000355s ] mysql:dbname=fcpeizi;host=localhost;port=3306;charset=utf8
[ sql ] [ SQL ] SHOW COLUMNS FROM `xh_member` [ RunTime:0.001540s ]
[ sql ] [ SQL ] SELECT `usableSum` FROM `xh_member` WHERE  (  id=1378 ) LIMIT 1 [ RunTime:0.000176s ]
[ sql ] [ SQL ] SELECT * FROM `xh_member` WHERE  (  id=1378 ) LIMIT 1 [ RunTime:0.000211s ]
[ sql ] [ SQL ] SHOW COLUMNS FROM `xh_member_recharge` [ RunTime:0.001450s ]
[ sql ] [ SQL ] INSERT INTO `xh_member_recharge` (`memberId` , `amount` , `status` , `no_order` , `createTime`) VALUES (1378 , 5000 , 0 , '13781541485874081945' , '2018-11-06 14:31:14') [ RunTime:0.000469s ]
---------------------------------------------------------------
[ 2018-11-06T14:31:27+08:00 ] 27.151.29.104 115.236.102.36 POST /index/lianlianpay/notify_url
[ info ] www.dsqqweb.com/index/lianlianpay/notify_url [运行时间：0.071122s][吞吐率：14.06req/s] [内存消耗：4,043.86kb] [文件加载：66]
[ info ] [ CACHE ] INIT File
[ info ] [ LANG ] /www/wwwroot/feichangpeizi/thinkphp/lang/zh-cn.php
[ info ] [ ROUTE ] array (
  'type' => 'module',
  'module' => 
  array (
    0 => 'index',
    1 => 'lianlianpay',
    2 => 'notify_url',
  ),
)
[ info ] [ HEADER ] array (
  'content-type' => 'text/json;charset=UTF-8',
  'connection' => 'Close',
  'user-agent' => 'httpcomponents',
  'correlationid' => '58ef8375-bf28-4b3d-8ec1-742e3d1caee4',
  'content-length' => '440',
  'host' => 'www.dsqqweb.com',
  'cookie' => 'PHPSESSID=3mt2j85a52vsn0ap4qd1v8aue3',
  'cookie2' => '$Version=1',
  'accept-encoding' => 'gzip,deflate',
)
[ info ] [ PARAM ] array (
)
[ info ] [ BEHAVIOR ] Run app\common\behavior\Config @app_begin [ RunTime:0.000390s ]
[ info ] [ BEHAVIOR ] Run app\common\behavior\Hook @app_begin [ RunTime:0.004932s ]
[ info ] [ LOG ] INIT File
[ info ] [ RUN ] app\index\controller\Lianlianpay->notify_url[ /www/wwwroot/feichangpeizi/application/index/controller/Lianlianpay.php ]
[ info ] [ DB ] INIT mysql
[ 原串:bank_code=01050000&dt_order=20181106143114&money_order=5000.0&no_order=13781541485874081945&oid_partner=201810190002237014&oid_paybill=2018110601787298&pay_type=P&result_pay=SUCCESS&settle_date=20181106&sign_type=RSA
 ] log.txt
[ sign:i6huHFaUJ7u4DZx8xQwhEh5h+qmN9G7KRgerwzNvZqd2mxQCSh5KYZFIHp03Q0uSA7TqTFJL5UaZD31pXmMqTPzobdL8+oiiT64nxseyzN6san1mX/55I6aPZBkRrsq1nYyMAK1VDbpqbAkF4Oyhuek+8kPAvDNznQRQo3bni8A=
 ] log.txt
[ sql ] [ DB ] CONNECT:[ UseTime:0.000517s ] mysql:dbname=fcpeizi;host=localhost;port=3306;charset=utf8
[ sql ] [ SQL ] SHOW COLUMNS FROM `xh_member_recharge` [ RunTime:0.001322s ]
[ sql ] [ SQL ] UPDATE `xh_member_recharge`  SET `status`=1  WHERE  (  no_order='13781541485874081945' ) [ RunTime:0.000397s ]
[ sql ] [ SQL ] SELECT * FROM `xh_member_recharge` WHERE  (  no_order='13781541485874081945' ) LIMIT 1 [ RunTime:0.000400s ]
[ sql ] [ SQL ] SHOW COLUMNS FROM `xh_member` [ RunTime:0.001226s ]
[ sql ] [ SQL ] SELECT * FROM `xh_member` WHERE  (  id=1378 ) LIMIT 1 [ RunTime:0.000190s ]
[ sql ] [ SQL ] UPDATE `xh_member`  SET `usableSum`=usableSum+5000  WHERE  (  id=1378 ) [ RunTime:0.000399s ]
[ sql ] [ SQL ] SHOW COLUMNS FROM `xh_member_fundrecord` [ RunTime:0.000924s ]
[ sql ] [ SQL ] INSERT INTO `xh_member_fundrecord` (`memberId` , `flow` , `amount` , `usableSum` , `remarks` , `createTime`) VALUES (1378 , 1 , 5000 , 6070 , '连连支付充值成功' , '2018-11-06 14:31:27') [ RunTime:0.000246s ]
