---------------------------------------------------------------
[ 2018-11-07T10:41:08+08:00 ] 27.151.29.104 112.17.236.188 GET /index/lianlianauthpay/authllpay_wap?b-pay-amount=20000&bankCard=6222081208006631431&realName=%E7%8E%8B%E7%87%95%E5%8D%97&IDCard=
[ info ] www.dsqqweb.com/index/lianlianauthpay/authllpay_wap?b-pay-amount=20000&bankCard=6222081208006631431&realName=%E7%8E%8B%E7%87%95%E5%8D%97&IDCard= [运行时间：0.216611s][吞吐率：4.62req/s] [内存消耗：4,083.59kb] [文件加载：68]
[ info ] [ CACHE ] INIT File
[ info ] [ LANG ] /www/wwwroot/feichangpeizi/thinkphp/lang/zh-cn.php
[ info ] [ ROUTE ] array (
  'type' => 'module',
  'module' => 
  array (
    0 => 'index',
    1 => 'lianlianauthpay',
    2 => 'authllpay_wap',
  ),
)
[ info ] [ HEADER ] array (
  'host' => 'www.dsqqweb.com',
  'connection' => 'keep-alive',
  'upgrade-insecure-requests' => '1',
  'user-agent' => 'Mozilla/5.0 (Linux; Android 8.0.0; VTR-AL00 Build/HUAWEIVTR-AL00; wv) AppleWebKit/537.36 (KHTML, like Gecko) Version/4.0 Chrome/66.0.3359.126 Mobile Safari/537.36',
  'accept' => 'text/html,application/xhtml+xml,application/xml;q=0.9,image/webp,image/apng,*/*;q=0.8',
  'referer' => 'http://www.dsqqweb.com/ucenter/quick_pay.html',
  'accept-encoding' => 'gzip, deflate',
  'accept-language' => 'zh-CN,en-US;q=0.9',
  'cookie' => 'PHPSESSID=7krcd33oq7d09n1gthahcukg16',
  'x-requested-with' => 'www.dsqqapp.com',
  'content-type' => '',
  'content-length' => '',
)
[ info ] [ PARAM ] array (
  'b-pay-amount' => '20000',
  'bankCard' => '6222081208006631431',
  'realName' => '王燕南',
  'IDCard' => '',
)
[ info ] [ BEHAVIOR ] Run app\common\behavior\Config @app_begin [ RunTime:0.000595s ]
[ info ] [ BEHAVIOR ] Run app\common\behavior\Hook @app_begin [ RunTime:0.020105s ]
[ info ] [ DB ] INIT mysql
[ info ] [ LOG ] INIT File
[ info ] [ RUN ] app\index\controller\Lianlianauthpay->authllpay_wap[ /www/wwwroot/feichangpeizi/application/index/controller/Lianlianauthpay.php ]
[ sql ] [ DB ] CONNECT:[ UseTime:0.000470s ] mysql:dbname=fcpeizi;host=localhost;port=3306;charset=utf8
[ sql ] [ SQL ] SHOW COLUMNS FROM `xh_member` [ RunTime:0.001575s ]
[ sql ] [ SQL ] SELECT `usableSum` FROM `xh_member` WHERE  (  id=1383 ) LIMIT 1 [ RunTime:0.000841s ]
[ sql ] [ SQL ] SELECT * FROM `xh_member` WHERE  (  id=1383 ) LIMIT 1 [ RunTime:0.001344s ]
[ sql ] [ SQL ] SHOW COLUMNS FROM `xh_member_recharge` [ RunTime:0.001864s ]
[ sql ] [ SQL ] INSERT INTO `xh_member_recharge` (`memberId` , `amount` , `status` , `no_order` , `createTime`) VALUES (1383 , 20000 , 0 , '13831541558468369738' , '2018-11-07 10:41:08') [ RunTime:0.000401s ]
---------------------------------------------------------------
[ 2018-11-07T10:41:18+08:00 ] 27.151.29.104 115.236.102.36 POST /index/lianlianpay/notify_url
[ info ] www.dsqqweb.com/index/lianlianpay/notify_url [运行时间：0.338409s][吞吐率：2.96req/s] [内存消耗：4,043.86kb] [文件加载：66]
[ info ] [ CACHE ] INIT File
[ info ] [ LANG ] /www/wwwroot/feichangpeizi/thinkphp/lang/zh-cn.php
[ info ] [ ROUTE ] array (
  'type' => 'module',
  'module' => 
  array (
    0 => 'index',
    1 => 'lianlianpay',
    2 => 'notify_url',
  ),
)
[ info ] [ HEADER ] array (
  'content-type' => 'text/json;charset=UTF-8',
  'connection' => 'Close',
  'user-agent' => 'httpcomponents',
  'correlationid' => '42a8d875-b0da-452e-a4f3-5a549e176f77',
  'content-length' => '441',
  'host' => 'www.dsqqweb.com',
  'cookie' => 'PHPSESSID=3mt2j85a52vsn0ap4qd1v8aue3',
  'cookie2' => '$Version=1',
  'accept-encoding' => 'gzip,deflate',
)
[ info ] [ PARAM ] array (
)
[ info ] [ BEHAVIOR ] Run app\common\behavior\Config @app_begin [ RunTime:0.000853s ]
[ info ] [ BEHAVIOR ] Run app\common\behavior\Hook @app_begin [ RunTime:0.037739s ]
[ info ] [ LOG ] INIT File
[ info ] [ RUN ] app\index\controller\Lianlianpay->notify_url[ /www/wwwroot/feichangpeizi/application/index/controller/Lianlianpay.php ]
[ info ] [ DB ] INIT mysql
[ 原串:bank_code=01020000&dt_order=20181107104108&money_order=20000.0&no_order=13831541558468369738&oid_partner=201810190002237014&oid_paybill=2018110703815652&pay_type=P&result_pay=SUCCESS&settle_date=20181107&sign_type=RSA
 ] log.txt
[ sign:MaEIO63wwnuO+14n8yYtA5WQ+KM4SVi4hSkN03EPVaLA7qe1I+PxqslMKLnxWXKrbIt5jN0zisOtdSFD7DnQqqz0ShR+Gy5mpVSVhcaB52OFTkMGPM5QPh4+H+C2GDhTieWFP8FRf21fTyCkvB/FFJeXXo8T6nj8rOy6NEvNIRA=
 ] log.txt
[ sql ] [ DB ] CONNECT:[ UseTime:0.000395s ] mysql:dbname=fcpeizi;host=localhost;port=3306;charset=utf8
[ sql ] [ SQL ] SHOW COLUMNS FROM `xh_member_recharge` [ RunTime:0.003106s ]
[ sql ] [ SQL ] UPDATE `xh_member_recharge`  SET `status`=1  WHERE  (  no_order='13831541558468369738' ) [ RunTime:0.000486s ]
[ sql ] [ SQL ] SELECT * FROM `xh_member_recharge` WHERE  (  no_order='13831541558468369738' ) LIMIT 1 [ RunTime:0.000374s ]
[ sql ] [ SQL ] SHOW COLUMNS FROM `xh_member` [ RunTime:0.001703s ]
[ sql ] [ SQL ] SELECT * FROM `xh_member` WHERE  (  id=1383 ) LIMIT 1 [ RunTime:0.024696s ]
[ sql ] [ SQL ] UPDATE `xh_member`  SET `usableSum`=usableSum+20000  WHERE  (  id=1383 ) [ RunTime:0.000695s ]
[ sql ] [ SQL ] SHOW COLUMNS FROM `xh_member_fundrecord` [ RunTime:0.001449s ]
[ sql ] [ SQL ] INSERT INTO `xh_member_fundrecord` (`memberId` , `flow` , `amount` , `usableSum` , `remarks` , `createTime`) VALUES (1383 , 1 , 20000 , 20048 , '连连支付充值成功' , '2018-11-07 10:41:18') [ RunTime:0.002729s ]
---------------------------------------------------------------
[ 2018-11-07T10:52:15+08:00 ] 103.223.132.230 42.236.185.150 GET /index/lianlianauthpay/authllpay_wap?b-pay-amount=5000&bankCard=6212261702008451460&realName=%E9%83%AD%E7%8F%82&IDCard=
[ info ] www.dsqqweb.com/index/lianlianauthpay/authllpay_wap?b-pay-amount=5000&bankCard=6212261702008451460&realName=%E9%83%AD%E7%8F%82&IDCard= [运行时间：0.399149s][吞吐率：2.51req/s] [内存消耗：4,083.16kb] [文件加载：68]
[ info ] [ CACHE ] INIT File
[ info ] [ LANG ] /www/wwwroot/feichangpeizi/thinkphp/lang/zh-cn.php
[ info ] [ ROUTE ] array (
  'type' => 'module',
  'module' => 
  array (
    0 => 'index',
    1 => 'lianlianauthpay',
    2 => 'authllpay_wap',
  ),
)
[ info ] [ HEADER ] array (
  'host' => 'www.dsqqweb.com',
  'cookie' => 'PHPSESSID=ck1pl3pbrk29mope0rj6jthqq4',
  'connection' => 'keep-alive',
  'upgrade-insecure-requests' => '1',
  'accept' => 'text/html,application/xhtml+xml,application/xml;q=0.9,*/*;q=0.8',
  'user-agent' => 'Mozilla/5.0 (iPhone; CPU iPhone OS 12_0_1 like Mac OS X) AppleWebKit/605.1.15 (KHTML, like Gecko) Mobile/16A404',
  'referer' => 'http://www.dsqqweb.com/ucenter/quick_pay.html',
  'accept-language' => 'zh-cn',
  'accept-encoding' => 'gzip, deflate',
  'content-type' => '',
  'content-length' => '',
)
[ info ] [ PARAM ] array (
  'b-pay-amount' => '5000',
  'bankCard' => '6212261702008451460',
  'realName' => '郭珂',
  'IDCard' => '',
)
[ info ] [ BEHAVIOR ] Run app\common\behavior\Config @app_begin [ RunTime:0.006579s ]
[ info ] [ BEHAVIOR ] Run app\common\behavior\Hook @app_begin [ RunTime:0.015439s ]
[ info ] [ DB ] INIT mysql
[ info ] [ LOG ] INIT File
[ info ] [ RUN ] app\index\controller\Lianlianauthpay->authllpay_wap[ /www/wwwroot/feichangpeizi/application/index/controller/Lianlianauthpay.php ]
[ sql ] [ DB ] CONNECT:[ UseTime:0.000373s ] mysql:dbname=fcpeizi;host=localhost;port=3306;charset=utf8
[ sql ] [ SQL ] SHOW COLUMNS FROM `xh_member` [ RunTime:0.003017s ]
[ sql ] [ SQL ] SELECT `usableSum` FROM `xh_member` WHERE  (  id=1405 ) LIMIT 1 [ RunTime:0.000271s ]
[ sql ] [ SQL ] SELECT * FROM `xh_member` WHERE  (  id=1405 ) LIMIT 1 [ RunTime:0.000294s ]
[ sql ] [ SQL ] SHOW COLUMNS FROM `xh_member_recharge` [ RunTime:0.001358s ]
[ sql ] [ SQL ] INSERT INTO `xh_member_recharge` (`memberId` , `amount` , `status` , `no_order` , `createTime`) VALUES (1405 , 5000 , 0 , '14051541559135598256' , '2018-11-07 10:52:15') [ RunTime:0.000389s ]
---------------------------------------------------------------
[ 2018-11-07T10:52:42+08:00 ] 27.151.29.104 115.236.102.36 POST /index/lianlianpay/notify_url
[ info ] www.dsqqweb.com/index/lianlianpay/notify_url [运行时间：0.393788s][吞吐率：2.54req/s] [内存消耗：4,043.86kb] [文件加载：66]
[ info ] [ CACHE ] INIT File
[ info ] [ LANG ] /www/wwwroot/feichangpeizi/thinkphp/lang/zh-cn.php
[ info ] [ ROUTE ] array (
  'type' => 'module',
  'module' => 
  array (
    0 => 'index',
    1 => 'lianlianpay',
    2 => 'notify_url',
  ),
)
[ info ] [ HEADER ] array (
  'content-type' => 'text/json;charset=UTF-8',
  'connection' => 'Close',
  'user-agent' => 'httpcomponents',
  'correlationid' => 'ab1b4226-ff96-46eb-893e-008bb941d79a',
  'content-length' => '440',
  'host' => 'www.dsqqweb.com',
  'cookie' => 'PHPSESSID=ju1su3bn4asnonji0g4ek40lo6',
  'cookie2' => '$Version=1',
  'accept-encoding' => 'gzip,deflate',
)
[ info ] [ PARAM ] array (
)
[ info ] [ BEHAVIOR ] Run app\common\behavior\Config @app_begin [ RunTime:0.000734s ]
[ info ] [ BEHAVIOR ] Run app\common\behavior\Hook @app_begin [ RunTime:0.030124s ]
[ info ] [ LOG ] INIT File
[ info ] [ RUN ] app\index\controller\Lianlianpay->notify_url[ /www/wwwroot/feichangpeizi/application/index/controller/Lianlianpay.php ]
[ info ] [ DB ] INIT mysql
[ 原串:bank_code=01020000&dt_order=20181107105215&money_order=5000.0&no_order=14051541559135598256&oid_partner=201810190002237014&oid_paybill=2018110703858486&pay_type=P&result_pay=SUCCESS&settle_date=20181107&sign_type=RSA
 ] log.txt
[ sign:fJJlS9TzS8wIDLb0JsizbLdvVKLviPqXHojAs03ZkHYhcQ7ArP0odmuhXSoIQe5xrgeQx4SsqKw1xSIP/70AFEAO15IPTh43mi+ybpxGira1UvlmvOG7RM1WmhfQkV9Tv8nI6E/9dgxFeDAUmj2KHJCEOo3ZbPUw0YKK6Ve0bAU=
 ] log.txt
[ sql ] [ DB ] CONNECT:[ UseTime:0.022959s ] mysql:dbname=fcpeizi;host=localhost;port=3306;charset=utf8
[ sql ] [ SQL ] SHOW COLUMNS FROM `xh_member_recharge` [ RunTime:0.003643s ]
[ sql ] [ SQL ] UPDATE `xh_member_recharge`  SET `status`=1  WHERE  (  no_order='14051541559135598256' ) [ RunTime:0.000503s ]
[ sql ] [ SQL ] SELECT * FROM `xh_member_recharge` WHERE  (  no_order='14051541559135598256' ) LIMIT 1 [ RunTime:0.000401s ]
[ sql ] [ SQL ] SHOW COLUMNS FROM `xh_member` [ RunTime:0.001502s ]
[ sql ] [ SQL ] SELECT * FROM `xh_member` WHERE  (  id=1405 ) LIMIT 1 [ RunTime:0.000297s ]
[ sql ] [ SQL ] UPDATE `xh_member`  SET `usableSum`=usableSum+5000  WHERE  (  id=1405 ) [ RunTime:0.000494s ]
[ sql ] [ SQL ] SHOW COLUMNS FROM `xh_member_fundrecord` [ RunTime:0.020061s ]
[ sql ] [ SQL ] INSERT INTO `xh_member_fundrecord` (`memberId` , `flow` , `amount` , `usableSum` , `remarks` , `createTime`) VALUES (1405 , 1 , 5000 , 5000 , '连连支付充值成功' , '2018-11-07 10:52:42') [ RunTime:0.000399s ]
---------------------------------------------------------------
[ 2018-11-07T13:16:52+08:00 ] 27.151.29.104 112.17.245.54 GET /index/lianlianauthpay/authllpay_wap?b-pay-amount=1000&bankCard=6217001540014325599&realName=%E4%B8%A5%E5%8E%9A%E9%91%AB&IDCard=
[ info ] www.dsqqweb.com/index/lianlianauthpay/authllpay_wap?b-pay-amount=1000&bankCard=6217001540014325599&realName=%E4%B8%A5%E5%8E%9A%E9%91%AB&IDCard= [运行时间：0.372432s][吞吐率：2.69req/s] [内存消耗：4,083.22kb] [文件加载：68]
[ info ] [ CACHE ] INIT File
[ info ] [ LANG ] /www/wwwroot/feichangpeizi/thinkphp/lang/zh-cn.php
[ info ] [ ROUTE ] array (
  'type' => 'module',
  'module' => 
  array (
    0 => 'index',
    1 => 'lianlianauthpay',
    2 => 'authllpay_wap',
  ),
)
[ info ] [ HEADER ] array (
  'host' => 'www.dsqqweb.com',
  'cookie' => 'PHPSESSID=3pr4blv48duc4lfe4ojpd3mha5',
  'connection' => 'keep-alive',
  'upgrade-insecure-requests' => '1',
  'accept' => 'text/html,application/xhtml+xml,application/xml;q=0.9,*/*;q=0.8',
  'user-agent' => 'Mozilla/5.0 (iPhone; CPU iPhone OS 12_1 like Mac OS X) AppleWebKit/605.1.15 (KHTML, like Gecko) Mobile/16B92',
  'referer' => 'http://www.dsqqweb.com/ucenter/quick_pay.html',
  'accept-language' => 'zh-cn',
  'accept-encoding' => 'gzip, deflate',
  'content-type' => '',
  'content-length' => '',
)
[ info ] [ PARAM ] array (
  'b-pay-amount' => '1000',
  'bankCard' => '6217001540014325599',
  'realName' => '严厚鑫',
  'IDCard' => '',
)
[ info ] [ BEHAVIOR ] Run app\common\behavior\Config @app_begin [ RunTime:0.000626s ]
[ info ] [ BEHAVIOR ] Run app\common\behavior\Hook @app_begin [ RunTime:0.047682s ]
[ info ] [ DB ] INIT mysql
[ info ] [ LOG ] INIT File
[ info ] [ RUN ] app\index\controller\Lianlianauthpay->authllpay_wap[ /www/wwwroot/feichangpeizi/application/index/controller/Lianlianauthpay.php ]
[ sql ] [ DB ] CONNECT:[ UseTime:0.005544s ] mysql:dbname=fcpeizi;host=localhost;port=3306;charset=utf8
[ sql ] [ SQL ] SHOW COLUMNS FROM `xh_member` [ RunTime:0.002691s ]
[ sql ] [ SQL ] SELECT `usableSum` FROM `xh_member` WHERE  (  id=1378 ) LIMIT 1 [ RunTime:0.000538s ]
[ sql ] [ SQL ] SELECT * FROM `xh_member` WHERE  (  id=1378 ) LIMIT 1 [ RunTime:0.000537s ]
[ sql ] [ SQL ] SHOW COLUMNS FROM `xh_member_recharge` [ RunTime:0.002766s ]
[ sql ] [ SQL ] INSERT INTO `xh_member_recharge` (`memberId` , `amount` , `status` , `no_order` , `createTime`) VALUES (1378 , 1000 , 0 , '13781541567812303362' , '2018-11-07 13:16:52') [ RunTime:0.000447s ]
---------------------------------------------------------------
[ 2018-11-07T13:17:05+08:00 ] 27.151.29.104 115.236.102.36 POST /index/lianlianpay/notify_url
[ info ] www.dsqqweb.com/index/lianlianpay/notify_url [运行时间：0.607776s][吞吐率：1.65req/s] [内存消耗：4,043.86kb] [文件加载：66]
[ info ] [ CACHE ] INIT File
[ info ] [ LANG ] /www/wwwroot/feichangpeizi/thinkphp/lang/zh-cn.php
[ info ] [ ROUTE ] array (
  'type' => 'module',
  'module' => 
  array (
    0 => 'index',
    1 => 'lianlianpay',
    2 => 'notify_url',
  ),
)
[ info ] [ HEADER ] array (
  'content-type' => 'text/json;charset=UTF-8',
  'connection' => 'Close',
  'user-agent' => 'httpcomponents',
  'correlationid' => 'bc9888ee-5668-4323-b6a9-6aa46c596649',
  'content-length' => '440',
  'host' => 'www.dsqqweb.com',
  'cookie' => 'PHPSESSID=3mt2j85a52vsn0ap4qd1v8aue3',
  'cookie2' => '$Version=1',
  'accept-encoding' => 'gzip,deflate',
)
[ info ] [ PARAM ] array (
)
[ info ] [ BEHAVIOR ] Run app\common\behavior\Config @app_begin [ RunTime:0.000708s ]
[ info ] [ BEHAVIOR ] Run app\common\behavior\Hook @app_begin [ RunTime:0.067365s ]
[ info ] [ LOG ] INIT File
[ info ] [ RUN ] app\index\controller\Lianlianpay->notify_url[ /www/wwwroot/feichangpeizi/application/index/controller/Lianlianpay.php ]
[ info ] [ DB ] INIT mysql
[ 原串:bank_code=01050000&dt_order=20181107131652&money_order=1000.0&no_order=13781541567812303362&oid_partner=201810190002237014&oid_paybill=2018110704431957&pay_type=P&result_pay=SUCCESS&settle_date=20181107&sign_type=RSA
 ] log.txt
[ sign:IwjQb7pNlxfQDOIhRMHlPeNIqSc/CCE4Gr6z9AwC1whfhEzlur/zJdgdLvxHDuIagg6rg0O7K3jEkL5uhsBp4PuL/CH7CZyga0UifEsUZFLkEiFf8whvU3cZ7st3zIE0E72BpdK3q3lS+fpuZSWwFEtrO+MCFFKticvkl+aIkbo=
 ] log.txt
[ sql ] [ DB ] CONNECT:[ UseTime:0.003470s ] mysql:dbname=fcpeizi;host=localhost;port=3306;charset=utf8
[ sql ] [ SQL ] SHOW COLUMNS FROM `xh_member_recharge` [ RunTime:0.001695s ]
[ sql ] [ SQL ] UPDATE `xh_member_recharge`  SET `status`=1  WHERE  (  no_order='13781541567812303362' ) [ RunTime:0.001626s ]
[ sql ] [ SQL ] SELECT * FROM `xh_member_recharge` WHERE  (  no_order='13781541567812303362' ) LIMIT 1 [ RunTime:0.000395s ]
[ sql ] [ SQL ] SHOW COLUMNS FROM `xh_member` [ RunTime:0.001398s ]
[ sql ] [ SQL ] SELECT * FROM `xh_member` WHERE  (  id=1378 ) LIMIT 1 [ RunTime:0.000274s ]
[ sql ] [ SQL ] UPDATE `xh_member`  SET `usableSum`=usableSum+1000  WHERE  (  id=1378 ) [ RunTime:0.000402s ]
[ sql ] [ SQL ] SHOW COLUMNS FROM `xh_member_fundrecord` [ RunTime:0.002800s ]
[ sql ] [ SQL ] INSERT INTO `xh_member_fundrecord` (`memberId` , `flow` , `amount` , `usableSum` , `remarks` , `createTime`) VALUES (1378 , 1 , 1000 , 3415 , '连连支付充值成功' , '2018-11-07 13:17:05') [ RunTime:0.000402s ]
---------------------------------------------------------------
[ 2018-11-07T14:06:01+08:00 ] 27.151.29.104 112.17.236.188 GET /index/lianlianauthpay/authllpay_wap?b-pay-amount=19000&bankCard=6222081208006631431&realName=%E7%8E%8B%E7%87%95%E5%8D%97&IDCard=
[ info ] www.dsqqweb.com/index/lianlianauthpay/authllpay_wap?b-pay-amount=19000&bankCard=6222081208006631431&realName=%E7%8E%8B%E7%87%95%E5%8D%97&IDCard= [运行时间：0.697233s][吞吐率：1.43req/s] [内存消耗：4,083.60kb] [文件加载：68]
[ info ] [ CACHE ] INIT File
[ info ] [ LANG ] /www/wwwroot/feichangpeizi/thinkphp/lang/zh-cn.php
[ info ] [ ROUTE ] array (
  'type' => 'module',
  'module' => 
  array (
    0 => 'index',
    1 => 'lianlianauthpay',
    2 => 'authllpay_wap',
  ),
)
[ info ] [ HEADER ] array (
  'host' => 'www.dsqqweb.com',
  'connection' => 'keep-alive',
  'upgrade-insecure-requests' => '1',
  'user-agent' => 'Mozilla/5.0 (Linux; Android 8.0.0; VTR-AL00 Build/HUAWEIVTR-AL00; wv) AppleWebKit/537.36 (KHTML, like Gecko) Version/4.0 Chrome/66.0.3359.126 Mobile Safari/537.36',
  'accept' => 'text/html,application/xhtml+xml,application/xml;q=0.9,image/webp,image/apng,*/*;q=0.8',
  'referer' => 'http://www.dsqqweb.com/ucenter/quick_pay.html',
  'accept-encoding' => 'gzip, deflate',
  'accept-language' => 'zh-CN,en-US;q=0.9',
  'cookie' => 'PHPSESSID=7krcd33oq7d09n1gthahcukg16',
  'x-requested-with' => 'www.dsqqapp.com',
  'content-type' => '',
  'content-length' => '',
)
[ info ] [ PARAM ] array (
  'b-pay-amount' => '19000',
  'bankCard' => '6222081208006631431',
  'realName' => '王燕南',
  'IDCard' => '',
)
[ info ] [ BEHAVIOR ] Run app\common\behavior\Config @app_begin [ RunTime:0.000568s ]
[ info ] [ BEHAVIOR ] Run app\common\behavior\Hook @app_begin [ RunTime:0.032073s ]
[ info ] [ DB ] INIT mysql
[ info ] [ LOG ] INIT File
[ info ] [ RUN ] app\index\controller\Lianlianauthpay->authllpay_wap[ /www/wwwroot/feichangpeizi/application/index/controller/Lianlianauthpay.php ]
[ sql ] [ DB ] CONNECT:[ UseTime:0.000408s ] mysql:dbname=fcpeizi;host=localhost;port=3306;charset=utf8
[ sql ] [ SQL ] SHOW COLUMNS FROM `xh_member` [ RunTime:0.001727s ]
[ sql ] [ SQL ] SELECT `usableSum` FROM `xh_member` WHERE  (  id=1383 ) LIMIT 1 [ RunTime:0.000237s ]
[ sql ] [ SQL ] SELECT * FROM `xh_member` WHERE  (  id=1383 ) LIMIT 1 [ RunTime:0.000484s ]
[ sql ] [ SQL ] SHOW COLUMNS FROM `xh_member_recharge` [ RunTime:0.001713s ]
[ sql ] [ SQL ] INSERT INTO `xh_member_recharge` (`memberId` , `amount` , `status` , `no_order` , `createTime`) VALUES (1383 , 19000 , 0 , '13831541570761189273' , '2018-11-07 14:06:01') [ RunTime:0.001453s ]
---------------------------------------------------------------
[ 2018-11-07T14:06:13+08:00 ] 27.151.29.104 115.236.102.36 POST /index/lianlianpay/notify_url
[ info ] www.dsqqweb.com/index/lianlianpay/notify_url [运行时间：1.048762s][吞吐率：0.95req/s] [内存消耗：4,043.86kb] [文件加载：66]
[ info ] [ CACHE ] INIT File
[ info ] [ LANG ] /www/wwwroot/feichangpeizi/thinkphp/lang/zh-cn.php
[ info ] [ ROUTE ] array (
  'type' => 'module',
  'module' => 
  array (
    0 => 'index',
    1 => 'lianlianpay',
    2 => 'notify_url',
  ),
)
[ info ] [ HEADER ] array (
  'content-type' => 'text/json;charset=UTF-8',
  'connection' => 'Close',
  'user-agent' => 'httpcomponents',
  'correlationid' => '83639789-d234-499c-9b8d-b072712f9b5e',
  'content-length' => '441',
  'host' => 'www.dsqqweb.com',
  'cookie' => 'PHPSESSID=3mt2j85a52vsn0ap4qd1v8aue3',
  'cookie2' => '$Version=1',
  'accept-encoding' => 'gzip,deflate',
)
[ info ] [ PARAM ] array (
)
[ info ] [ BEHAVIOR ] Run app\common\behavior\Config @app_begin [ RunTime:0.083609s ]
[ info ] [ BEHAVIOR ] Run app\common\behavior\Hook @app_begin [ RunTime:0.091861s ]
[ info ] [ LOG ] INIT File
[ info ] [ RUN ] app\index\controller\Lianlianpay->notify_url[ /www/wwwroot/feichangpeizi/application/index/controller/Lianlianpay.php ]
[ info ] [ DB ] INIT mysql
[ 原串:bank_code=01020000&dt_order=20181107140601&money_order=19000.0&no_order=13831541570761189273&oid_partner=201810190002237014&oid_paybill=2018110704737612&pay_type=P&result_pay=SUCCESS&settle_date=20181107&sign_type=RSA
 ] log.txt
[ sign:E/cyzZohT95OhVhnmRjJokob7x4HAT9P3fbYjRcEv0wN24rRS28CrCTA2Qi83O7Vs9ZweRc8TvXSKcDGW2zjU+0INYwS4jrqsLr2+iD0WVWH7xtzpHOp5b8fuEpTkhYFODF8pTqCDXocKNvp9mGBYnJBSe0HyUPmiHpqaJULT5Q=
 ] log.txt
[ sql ] [ DB ] CONNECT:[ UseTime:0.010463s ] mysql:dbname=fcpeizi;host=localhost;port=3306;charset=utf8
[ sql ] [ SQL ] SHOW COLUMNS FROM `xh_member_recharge` [ RunTime:0.004119s ]
[ sql ] [ SQL ] UPDATE `xh_member_recharge`  SET `status`=1  WHERE  (  no_order='13831541570761189273' ) [ RunTime:0.000588s ]
[ sql ] [ SQL ] SELECT * FROM `xh_member_recharge` WHERE  (  no_order='13831541570761189273' ) LIMIT 1 [ RunTime:0.000493s ]
[ sql ] [ SQL ] SHOW COLUMNS FROM `xh_member` [ RunTime:0.001655s ]
[ sql ] [ SQL ] SELECT * FROM `xh_member` WHERE  (  id=1383 ) LIMIT 1 [ RunTime:0.000323s ]
[ sql ] [ SQL ] UPDATE `xh_member`  SET `usableSum`=usableSum+19000  WHERE  (  id=1383 ) [ RunTime:0.000623s ]
[ sql ] [ SQL ] SHOW COLUMNS FROM `xh_member_fundrecord` [ RunTime:0.008615s ]
[ sql ] [ SQL ] INSERT INTO `xh_member_fundrecord` (`memberId` , `flow` , `amount` , `usableSum` , `remarks` , `createTime`) VALUES (1383 , 1 , 19000 , 24180 , '连连支付充值成功' , '2018-11-07 14:06:13') [ RunTime:0.000442s ]
---------------------------------------------------------------
[ 2018-11-07T14:17:40+08:00 ] 27.151.29.104 112.17.245.54 GET /index/lianlianauthpay/authllpay_wap?b-pay-amount=4000&bankCard=6217001540014325599&realName=%E4%B8%A5%E5%8E%9A%E9%91%AB&IDCard=
[ info ] www.dsqqweb.com/index/lianlianauthpay/authllpay_wap?b-pay-amount=4000&bankCard=6217001540014325599&realName=%E4%B8%A5%E5%8E%9A%E9%91%AB&IDCard= [运行时间：0.581083s][吞吐率：1.72req/s] [内存消耗：4,083.60kb] [文件加载：68]
[ info ] [ CACHE ] INIT File
[ info ] [ LANG ] /www/wwwroot/feichangpeizi/thinkphp/lang/zh-cn.php
[ info ] [ ROUTE ] array (
  'type' => 'module',
  'module' => 
  array (
    0 => 'index',
    1 => 'lianlianauthpay',
    2 => 'authllpay_wap',
  ),
)
[ info ] [ HEADER ] array (
  'host' => 'www.dsqqweb.com',
  'cookie' => 'PHPSESSID=e1u96buuucgirsfpmfv0f4qc85',
  'connection' => 'keep-alive',
  'upgrade-insecure-requests' => '1',
  'accept' => 'text/html,application/xhtml+xml,application/xml;q=0.9,*/*;q=0.8',
  'user-agent' => 'Mozilla/5.0 (iPhone; CPU iPhone OS 12_1 like Mac OS X) AppleWebKit/605.1.15 (KHTML, like Gecko) Mobile/16B92',
  'referer' => 'http://www.dsqqweb.com/ucenter/quick_pay.html',
  'accept-language' => 'zh-cn',
  'accept-encoding' => 'gzip, deflate',
  'content-type' => '',
  'content-length' => '',
)
[ info ] [ PARAM ] array (
  'b-pay-amount' => '4000',
  'bankCard' => '6217001540014325599',
  'realName' => '严厚鑫',
  'IDCard' => '',
)
[ info ] [ BEHAVIOR ] Run app\common\behavior\Config @app_begin [ RunTime:0.000539s ]
[ info ] [ BEHAVIOR ] Run app\common\behavior\Hook @app_begin [ RunTime:0.156212s ]
[ info ] [ DB ] INIT mysql
[ info ] [ LOG ] INIT File
[ info ] [ RUN ] app\index\controller\Lianlianauthpay->authllpay_wap[ /www/wwwroot/feichangpeizi/application/index/controller/Lianlianauthpay.php ]
[ sql ] [ DB ] CONNECT:[ UseTime:0.003242s ] mysql:dbname=fcpeizi;host=localhost;port=3306;charset=utf8
[ sql ] [ SQL ] SHOW COLUMNS FROM `xh_member` [ RunTime:0.003930s ]
[ sql ] [ SQL ] SELECT `usableSum` FROM `xh_member` WHERE  (  id=1378 ) LIMIT 1 [ RunTime:0.001495s ]
[ sql ] [ SQL ] SELECT * FROM `xh_member` WHERE  (  id=1378 ) LIMIT 1 [ RunTime:0.000327s ]
[ sql ] [ SQL ] SHOW COLUMNS FROM `xh_member_recharge` [ RunTime:0.001484s ]
[ sql ] [ SQL ] INSERT INTO `xh_member_recharge` (`memberId` , `amount` , `status` , `no_order` , `createTime`) VALUES (1378 , 4000 , 0 , '13781541571460540507' , '2018-11-07 14:17:40') [ RunTime:0.000394s ]
---------------------------------------------------------------
[ 2018-11-07T14:18:20+08:00 ] 27.151.29.104 112.17.245.54 GET /index/lianlianauthpay/authllpay_wap?b-pay-amount=4000&bankCard=6217001540014325599&realName=%E4%B8%A5%E5%8E%9A%E9%91%AB&IDCard=
[ info ] www.dsqqweb.com/index/lianlianauthpay/authllpay_wap?b-pay-amount=4000&bankCard=6217001540014325599&realName=%E4%B8%A5%E5%8E%9A%E9%91%AB&IDCard= [运行时间：0.872588s][吞吐率：1.15req/s] [内存消耗：4,082.72kb] [文件加载：68]
[ info ] [ CACHE ] INIT File
[ info ] [ LANG ] /www/wwwroot/feichangpeizi/thinkphp/lang/zh-cn.php
[ info ] [ ROUTE ] array (
  'type' => 'module',
  'module' => 
  array (
    0 => 'index',
    1 => 'lianlianauthpay',
    2 => 'authllpay_wap',
  ),
)
[ info ] [ HEADER ] array (
  'host' => 'www.dsqqweb.com',
  'accept' => 'text/html,application/xhtml+xml,application/xml;q=0.9,*/*;q=0.8',
  'upgrade-insecure-requests' => '1',
  'cookie' => 'PHPSESSID=e1u96buuucgirsfpmfv0f4qc85',
  'user-agent' => 'Mozilla/5.0 (iPhone; CPU iPhone OS 12_1 like Mac OS X) AppleWebKit/605.1.15 (KHTML, like Gecko) Mobile/16B92',
  'accept-language' => 'zh-cn',
  'accept-encoding' => 'gzip, deflate',
  'connection' => 'keep-alive',
  'content-type' => '',
  'content-length' => '',
)
[ info ] [ PARAM ] array (
  'b-pay-amount' => '4000',
  'bankCard' => '6217001540014325599',
  'realName' => '严厚鑫',
  'IDCard' => '',
)
[ info ] [ BEHAVIOR ] Run app\common\behavior\Config @app_begin [ RunTime:0.000681s ]
[ info ] [ BEHAVIOR ] Run app\common\behavior\Hook @app_begin [ RunTime:0.036722s ]
[ info ] [ DB ] INIT mysql
[ info ] [ LOG ] INIT File
[ info ] [ RUN ] app\index\controller\Lianlianauthpay->authllpay_wap[ /www/wwwroot/feichangpeizi/application/index/controller/Lianlianauthpay.php ]
[ sql ] [ DB ] CONNECT:[ UseTime:0.019002s ] mysql:dbname=fcpeizi;host=localhost;port=3306;charset=utf8
[ sql ] [ SQL ] SHOW COLUMNS FROM `xh_member` [ RunTime:0.001951s ]
[ sql ] [ SQL ] SELECT `usableSum` FROM `xh_member` WHERE  (  id=1378 ) LIMIT 1 [ RunTime:0.000339s ]
[ sql ] [ SQL ] SELECT * FROM `xh_member` WHERE  (  id=1378 ) LIMIT 1 [ RunTime:0.000404s ]
[ sql ] [ SQL ] SHOW COLUMNS FROM `xh_member_recharge` [ RunTime:0.003342s ]
[ sql ] [ SQL ] INSERT INTO `xh_member_recharge` (`memberId` , `amount` , `status` , `no_order` , `createTime`) VALUES (1378 , 4000 , 0 , '13781541571500223794' , '2018-11-07 14:18:20') [ RunTime:0.000417s ]
---------------------------------------------------------------
[ 2018-11-07T14:18:30+08:00 ] 27.151.29.104 115.236.102.36 POST /index/lianlianpay/notify_url
[ info ] www.dsqqweb.com/index/lianlianpay/notify_url [运行时间：0.520821s][吞吐率：1.92req/s] [内存消耗：4,043.86kb] [文件加载：66]
[ info ] [ CACHE ] INIT File
[ info ] [ LANG ] /www/wwwroot/feichangpeizi/thinkphp/lang/zh-cn.php
[ info ] [ ROUTE ] array (
  'type' => 'module',
  'module' => 
  array (
    0 => 'index',
    1 => 'lianlianpay',
    2 => 'notify_url',
  ),
)
[ info ] [ HEADER ] array (
  'content-type' => 'text/json;charset=UTF-8',
  'connection' => 'Close',
  'user-agent' => 'httpcomponents',
  'correlationid' => 'd74d67ab-c5fb-433c-8da7-cdee9a67f8fa',
  'content-length' => '440',
  'host' => 'www.dsqqweb.com',
  'cookie' => 'PHPSESSID=ju1su3bn4asnonji0g4ek40lo6',
  'cookie2' => '$Version=1',
  'accept-encoding' => 'gzip,deflate',
)
[ info ] [ PARAM ] array (
)
[ info ] [ BEHAVIOR ] Run app\common\behavior\Config @app_begin [ RunTime:0.001706s ]
[ info ] [ BEHAVIOR ] Run app\common\behavior\Hook @app_begin [ RunTime:0.018311s ]
[ info ] [ LOG ] INIT File
[ info ] [ RUN ] app\index\controller\Lianlianpay->notify_url[ /www/wwwroot/feichangpeizi/application/index/controller/Lianlianpay.php ]
[ info ] [ DB ] INIT mysql
[ 原串:bank_code=01050000&dt_order=20181107141820&money_order=4000.0&no_order=13781541571500223794&oid_partner=201810190002237014&oid_paybill=2018110704774326&pay_type=P&result_pay=SUCCESS&settle_date=20181107&sign_type=RSA
 ] log.txt
[ sign:GLw0nHJFUEyVcgzVr5OQwaE4Jv+XZzvO6Q0I9RGp1FL9hzhwcw/UPlEhSk3omatUWXpajCi+OdtrI0BF99gMwQI0rHevDMsm7uzPSFu47nmmy5DYSkgwoXXHb8yJFReHpKbrNUP1ek4rI8WuuaQKXXZP9RRyYoO4RIrqrc0q3eQ=
 ] log.txt
[ sql ] [ DB ] CONNECT:[ UseTime:0.000368s ] mysql:dbname=fcpeizi;host=localhost;port=3306;charset=utf8
[ sql ] [ SQL ] SHOW COLUMNS FROM `xh_member_recharge` [ RunTime:0.001783s ]
[ sql ] [ SQL ] UPDATE `xh_member_recharge`  SET `status`=1  WHERE  (  no_order='13781541571500223794' ) [ RunTime:0.000445s ]
[ sql ] [ SQL ] SELECT * FROM `xh_member_recharge` WHERE  (  no_order='13781541571500223794' ) LIMIT 1 [ RunTime:0.000528s ]
[ sql ] [ SQL ] SHOW COLUMNS FROM `xh_member` [ RunTime:0.001581s ]
[ sql ] [ SQL ] SELECT * FROM `xh_member` WHERE  (  id=1378 ) LIMIT 1 [ RunTime:0.000414s ]
[ sql ] [ SQL ] UPDATE `xh_member`  SET `usableSum`=usableSum+4000  WHERE  (  id=1378 ) [ RunTime:0.000386s ]
[ sql ] [ SQL ] SHOW COLUMNS FROM `xh_member_fundrecord` [ RunTime:0.050044s ]
[ sql ] [ SQL ] INSERT INTO `xh_member_fundrecord` (`memberId` , `flow` , `amount` , `usableSum` , `remarks` , `createTime`) VALUES (1378 , 1 , 4000 , 4795 , '连连支付充值成功' , '2018-11-07 14:18:30') [ RunTime:0.000415s ]
---------------------------------------------------------------
[ 2018-11-07T19:23:44+08:00 ] 103.223.132.230 221.13.38.175 GET /index/lianlianauthpay/authllpay_wap?b-pay-amount=1000&bankCard=6217007110007744703&realName=%E5%BC%A0%E6%96%B0%E6%B3%A2&IDCard=
[ info ] www.dsqqweb.com/index/lianlianauthpay/authllpay_wap?b-pay-amount=1000&bankCard=6217007110007744703&realName=%E5%BC%A0%E6%96%B0%E6%B3%A2&IDCard= [运行时间：1.161269s][吞吐率：0.86req/s] [内存消耗：4,084.54kb] [文件加载：68]
[ info ] [ CACHE ] INIT File
[ info ] [ LANG ] /www/wwwroot/feichangpeizi/thinkphp/lang/zh-cn.php
[ info ] [ ROUTE ] array (
  'type' => 'module',
  'module' => 
  array (
    0 => 'index',
    1 => 'lianlianauthpay',
    2 => 'authllpay_wap',
  ),
)
[ info ] [ HEADER ] array (
  'host' => 'www.dsqqweb.com',
  'connection' => 'keep-alive',
  'upgrade-insecure-requests' => '1',
  'user-agent' => 'Mozilla/5.0 (Linux; Android 8.0.0; PIC-AL00 Build/HUAWEIPIC-AL00; wv) AppleWebKit/537.36 (KHTML, like Gecko) Version/4.0 Chrome/66.0.3359.126 Mobile Safari/537.36',
  'accept' => 'text/html,application/xhtml+xml,application/xml;q=0.9,image/webp,image/apng,*/*;q=0.8',
  'referer' => 'http://www.dsqqweb.com/ucenter/quick_pay.html',
  'accept-encoding' => 'gzip, deflate',
  'accept-language' => 'zh-CN,en-US;q=0.9',
  'cookie' => 'PHPSESSID=7porfu9bd8j394ue2qalen2j93',
  'x-requested-with' => 'www.dsqqapp.com',
  'content-type' => '',
  'content-length' => '',
)
[ info ] [ PARAM ] array (
  'b-pay-amount' => '1000',
  'bankCard' => '6217007110007744703',
  'realName' => '张新波',
  'IDCard' => '',
)
[ info ] [ BEHAVIOR ] Run app\common\behavior\Config @app_begin [ RunTime:0.000611s ]
[ info ] [ BEHAVIOR ] Run app\common\behavior\Hook @app_begin [ RunTime:0.078528s ]
[ info ] [ DB ] INIT mysql
[ info ] [ LOG ] INIT File
[ info ] [ RUN ] app\index\controller\Lianlianauthpay->authllpay_wap[ /www/wwwroot/feichangpeizi/application/index/controller/Lianlianauthpay.php ]
[ sql ] [ DB ] CONNECT:[ UseTime:0.000380s ] mysql:dbname=fcpeizi;host=localhost;port=3306;charset=utf8
[ sql ] [ SQL ] SHOW COLUMNS FROM `xh_member` [ RunTime:0.001752s ]
[ sql ] [ SQL ] SELECT `usableSum` FROM `xh_member` WHERE  (  id=1421 ) LIMIT 1 [ RunTime:0.000601s ]
[ sql ] [ SQL ] SELECT * FROM `xh_member` WHERE  (  id=1421 ) LIMIT 1 [ RunTime:0.000212s ]
[ sql ] [ SQL ] SHOW COLUMNS FROM `xh_member_recharge` [ RunTime:0.001366s ]
[ sql ] [ SQL ] INSERT INTO `xh_member_recharge` (`memberId` , `amount` , `status` , `no_order` , `createTime`) VALUES (1421 , 1000 , 0 , '14211541589824100724' , '2018-11-07 19:23:44') [ RunTime:0.000319s ]
---------------------------------------------------------------
[ 2018-11-07T19:24:14+08:00 ] 27.151.29.104 115.236.102.36 POST /index/lianlianpay/notify_url
[ info ] www.dsqqweb.com/index/lianlianpay/notify_url [运行时间：1.252592s][吞吐率：0.80req/s] [内存消耗：4,043.86kb] [文件加载：66]
[ info ] [ CACHE ] INIT File
[ info ] [ LANG ] /www/wwwroot/feichangpeizi/thinkphp/lang/zh-cn.php
[ info ] [ ROUTE ] array (
  'type' => 'module',
  'module' => 
  array (
    0 => 'index',
    1 => 'lianlianpay',
    2 => 'notify_url',
  ),
)
[ info ] [ HEADER ] array (
  'content-type' => 'text/json;charset=UTF-8',
  'connection' => 'Close',
  'user-agent' => 'httpcomponents',
  'correlationid' => '91aca71e-2650-4b3f-b64c-f75f94a8cfd2',
  'content-length' => '440',
  'host' => 'www.dsqqweb.com',
  'cookie' => 'PHPSESSID=ju1su3bn4asnonji0g4ek40lo6',
  'cookie2' => '$Version=1',
  'accept-encoding' => 'gzip,deflate',
)
[ info ] [ PARAM ] array (
)
[ info ] [ BEHAVIOR ] Run app\common\behavior\Config @app_begin [ RunTime:0.000577s ]
[ info ] [ BEHAVIOR ] Run app\common\behavior\Hook @app_begin [ RunTime:0.042822s ]
[ info ] [ LOG ] INIT File
[ info ] [ RUN ] app\index\controller\Lianlianpay->notify_url[ /www/wwwroot/feichangpeizi/application/index/controller/Lianlianpay.php ]
[ info ] [ DB ] INIT mysql
[ 原串:bank_code=01050000&dt_order=20181107192344&money_order=1000.0&no_order=14211541589824100724&oid_partner=201810190002237014&oid_paybill=2018110705673195&pay_type=P&result_pay=SUCCESS&settle_date=20181107&sign_type=RSA
 ] log.txt
[ sign:Dl2lCR7RuG7qC0SQsuqD1V9ht0s5B3HskbzPf0g5hfUyIjxvR/zbZSvrhvzgRPPfss3KVgoxviCpOSQ5F32fOO7irPpfR/BcIF/nZyLCoyDAIR3h3MFFEpfqLExZXb+zBSE2KI8jWQzX0vD8vTqZ+PC8X71Y0azq0C8En2Dhj4c=
 ] log.txt
[ sql ] [ DB ] CONNECT:[ UseTime:0.001134s ] mysql:dbname=fcpeizi;host=localhost;port=3306;charset=utf8
[ sql ] [ SQL ] SHOW COLUMNS FROM `xh_member_recharge` [ RunTime:0.001927s ]
[ sql ] [ SQL ] UPDATE `xh_member_recharge`  SET `status`=1  WHERE  (  no_order='14211541589824100724' ) [ RunTime:0.000429s ]
[ sql ] [ SQL ] SELECT * FROM `xh_member_recharge` WHERE  (  no_order='14211541589824100724' ) LIMIT 1 [ RunTime:0.000362s ]
[ sql ] [ SQL ] SHOW COLUMNS FROM `xh_member` [ RunTime:0.001584s ]
[ sql ] [ SQL ] SELECT * FROM `xh_member` WHERE  (  id=1421 ) LIMIT 1 [ RunTime:0.000289s ]
[ sql ] [ SQL ] UPDATE `xh_member`  SET `usableSum`=usableSum+1000  WHERE  (  id=1421 ) [ RunTime:0.000369s ]
[ sql ] [ SQL ] SHOW COLUMNS FROM `xh_member_fundrecord` [ RunTime:0.001424s ]
[ sql ] [ SQL ] INSERT INTO `xh_member_fundrecord` (`memberId` , `flow` , `amount` , `usableSum` , `remarks` , `createTime`) VALUES (1421 , 1 , 1000 , 1000 , '连连支付充值成功' , '2018-11-07 19:24:14') [ RunTime:0.000386s ]
---------------------------------------------------------------
[ 2018-11-07T20:15:11+08:00 ] 103.223.132.230 221.13.38.175 GET /index/lianlianauthpay/authllpay_wap?b-pay-amount=310&bankCard=6217007110007744703&realName=%E5%BC%A0%E6%96%B0%E6%B3%A2&IDCard=
[ info ] www.dsqqweb.com/index/lianlianauthpay/authllpay_wap?b-pay-amount=310&bankCard=6217007110007744703&realName=%E5%BC%A0%E6%96%B0%E6%B3%A2&IDCard= [运行时间：0.645012s][吞吐率：1.55req/s] [内存消耗：4,084.89kb] [文件加载：68]
[ info ] [ CACHE ] INIT File
[ info ] [ LANG ] /www/wwwroot/feichangpeizi/thinkphp/lang/zh-cn.php
[ info ] [ ROUTE ] array (
  'type' => 'module',
  'module' => 
  array (
    0 => 'index',
    1 => 'lianlianauthpay',
    2 => 'authllpay_wap',
  ),
)
[ info ] [ HEADER ] array (
  'host' => 'www.dsqqweb.com',
  'connection' => 'keep-alive',
  'upgrade-insecure-requests' => '1',
  'user-agent' => 'Mozilla/5.0 (Linux; Android 8.0.0; PIC-AL00 Build/HUAWEIPIC-AL00; wv) AppleWebKit/537.36 (KHTML, like Gecko) Version/4.0 Chrome/66.0.3359.126 Mobile Safari/537.36',
  'accept' => 'text/html,application/xhtml+xml,application/xml;q=0.9,image/webp,image/apng,*/*;q=0.8',
  'referer' => 'http://www.dsqqweb.com/ucenter/quick_pay.html',
  'accept-encoding' => 'gzip, deflate',
  'accept-language' => 'zh-CN,en-US;q=0.9',
  'cookie' => 'PHPSESSID=7porfu9bd8j394ue2qalen2j93',
  'x-requested-with' => 'www.dsqqapp.com',
  'content-type' => '',
  'content-length' => '',
)
[ info ] [ PARAM ] array (
  'b-pay-amount' => '310',
  'bankCard' => '6217007110007744703',
  'realName' => '张新波',
  'IDCard' => '',
)
[ info ] [ BEHAVIOR ] Run app\common\behavior\Config @app_begin [ RunTime:0.000607s ]
[ info ] [ BEHAVIOR ] Run app\common\behavior\Hook @app_begin [ RunTime:0.024527s ]
[ info ] [ DB ] INIT mysql
[ info ] [ LOG ] INIT File
[ info ] [ RUN ] app\index\controller\Lianlianauthpay->authllpay_wap[ /www/wwwroot/feichangpeizi/application/index/controller/Lianlianauthpay.php ]
[ sql ] [ DB ] CONNECT:[ UseTime:0.001698s ] mysql:dbname=fcpeizi;host=localhost;port=3306;charset=utf8
[ sql ] [ SQL ] SHOW COLUMNS FROM `xh_member` [ RunTime:0.002796s ]
[ sql ] [ SQL ] SELECT `usableSum` FROM `xh_member` WHERE  (  id=1421 ) LIMIT 1 [ RunTime:0.000500s ]
[ sql ] [ SQL ] SELECT * FROM `xh_member` WHERE  (  id=1421 ) LIMIT 1 [ RunTime:0.000458s ]
[ sql ] [ SQL ] SHOW COLUMNS FROM `xh_member_recharge` [ RunTime:0.001595s ]
[ sql ] [ SQL ] INSERT INTO `xh_member_recharge` (`memberId` , `amount` , `status` , `no_order` , `createTime`) VALUES (1421 , 310 , 0 , '14211541592911757779' , '2018-11-07 20:15:11') [ RunTime:0.000444s ]
---------------------------------------------------------------
[ 2018-11-07T20:15:26+08:00 ] 27.151.29.104 115.236.102.36 POST /index/lianlianpay/notify_url
[ info ] www.dsqqweb.com/index/lianlianpay/notify_url [运行时间：1.231918s][吞吐率：0.81req/s] [内存消耗：4,043.21kb] [文件加载：66]
[ info ] [ CACHE ] INIT File
[ info ] [ LANG ] /www/wwwroot/feichangpeizi/thinkphp/lang/zh-cn.php
[ info ] [ ROUTE ] array (
  'type' => 'module',
  'module' => 
  array (
    0 => 'index',
    1 => 'lianlianpay',
    2 => 'notify_url',
  ),
)
[ info ] [ HEADER ] array (
  'content-type' => 'text/json;charset=UTF-8',
  'connection' => 'Close',
  'user-agent' => 'httpcomponents',
  'correlationid' => '73248783-0478-4754-b0e8-f60f8ee92754',
  'content-length' => '439',
  'host' => 'www.dsqqweb.com',
  'cookie' => 'PHPSESSID=3mt2j85a52vsn0ap4qd1v8aue3',
  'cookie2' => '$Version=1',
  'accept-encoding' => 'gzip,deflate',
)
[ info ] [ PARAM ] array (
)
[ info ] [ BEHAVIOR ] Run app\common\behavior\Config @app_begin [ RunTime:0.000623s ]
[ info ] [ BEHAVIOR ] Run app\common\behavior\Hook @app_begin [ RunTime:0.050321s ]
[ info ] [ LOG ] INIT File
[ info ] [ RUN ] app\index\controller\Lianlianpay->notify_url[ /www/wwwroot/feichangpeizi/application/index/controller/Lianlianpay.php ]
[ info ] [ DB ] INIT mysql
[ 原串:bank_code=01050000&dt_order=20181107201511&money_order=310.0&no_order=14211541592911757779&oid_partner=201810190002237014&oid_paybill=2018110705760543&pay_type=P&result_pay=SUCCESS&settle_date=20181107&sign_type=RSA
 ] log.txt
[ sign:gPY3YoxieDw6xH6c+91TqboDqU3Lq+8gTy0XOAQE41qlN4WGrp5xM0orgcDhHy5ytBQeiUkPxkuqh6dpeJN3tDVBhMlSLNZrsBijcn57um7DMXwL89dwC3wAOxDNYzJE/AADyoIhxliRWaeN9Toced6veoTJs7KmGfuZO2fSaY8=
 ] log.txt
[ sql ] [ DB ] CONNECT:[ UseTime:0.000439s ] mysql:dbname=fcpeizi;host=localhost;port=3306;charset=utf8
[ sql ] [ SQL ] SHOW COLUMNS FROM `xh_member_recharge` [ RunTime:0.004880s ]
[ sql ] [ SQL ] UPDATE `xh_member_recharge`  SET `status`=1  WHERE  (  no_order='14211541592911757779' ) [ RunTime:0.000512s ]
[ sql ] [ SQL ] SELECT * FROM `xh_member_recharge` WHERE  (  no_order='14211541592911757779' ) LIMIT 1 [ RunTime:0.000444s ]
[ sql ] [ SQL ] SHOW COLUMNS FROM `xh_member` [ RunTime:0.001970s ]
[ sql ] [ SQL ] SELECT * FROM `xh_member` WHERE  (  id=1421 ) LIMIT 1 [ RunTime:0.000313s ]
[ sql ] [ SQL ] UPDATE `xh_member`  SET `usableSum`=usableSum+310  WHERE  (  id=1421 ) [ RunTime:0.001999s ]
[ sql ] [ SQL ] SHOW COLUMNS FROM `xh_member_fundrecord` [ RunTime:0.001631s ]
[ sql ] [ SQL ] INSERT INTO `xh_member_fundrecord` (`memberId` , `flow` , `amount` , `usableSum` , `remarks` , `createTime`) VALUES (1421 , 1 , 310 , 1310 , '连连支付充值成功' , '2018-11-07 20:15:26') [ RunTime:0.000390s ]
