---------------------------------------------------------------
[ 2018-11-14T13:21:38+08:00 ] 27.151.29.104 112.17.247.16 GET /index/lianlianauthpay/authllpay_wap?b-pay-amount=5000&bankCard=6228480378117677070&realName=%E9%99%86%E4%BA%9A%E4%BC%9F&IDCard=
[ info ] www.dsqqweb.com/index/lianlianauthpay/authllpay_wap?b-pay-amount=5000&bankCard=6228480378117677070&realName=%E9%99%86%E4%BA%9A%E4%BC%9F&IDCard= [运行时间：0.056479s][吞吐率：17.71req/s] [内存消耗：4,083.60kb] [文件加载：68]
[ info ] [ CACHE ] INIT File
[ info ] [ LANG ] /www/wwwroot/feichangpeizi/thinkphp/lang/zh-cn.php
[ info ] [ ROUTE ] array (
  'type' => 'module',
  'module' => 
  array (
    0 => 'index',
    1 => 'lianlianauthpay',
    2 => 'authllpay_wap',
  ),
)
[ info ] [ HEADER ] array (
  'host' => 'www.dsqqweb.com',
  'connection' => 'keep-alive',
  'upgrade-insecure-requests' => '1',
  'user-agent' => 'Mozilla/5.0 (Linux; Android 7.1.1; OPPO R11t Build/NMF26X; wv) AppleWebKit/537.36 (KHTML, like Gecko) Version/4.0 Chrome/55.0.2883.91 Mobile Safari/537.36',
  'accept' => 'text/html,application/xhtml+xml,application/xml;q=0.9,image/webp,*/*;q=0.8',
  'referer' => 'http://www.dsqqweb.com/ucenter/quick_pay.html',
  'accept-encoding' => 'gzip, deflate',
  'accept-language' => 'zh-CN,en-US;q=0.8',
  'cookie' => 'PHPSESSID=4e41bdf1h8fqm0v1bra43av941',
  'x-requested-with' => 'www.dsqqapp.com',
  'content-type' => '',
  'content-length' => '',
)
[ info ] [ PARAM ] array (
  'b-pay-amount' => '5000',
  'bankCard' => '6228480378117677070',
  'realName' => '陆亚伟',
  'IDCard' => '',
)
[ info ] [ BEHAVIOR ] Run app\common\behavior\Config @app_begin [ RunTime:0.000313s ]
[ info ] [ BEHAVIOR ] Run app\common\behavior\Hook @app_begin [ RunTime:0.004302s ]
[ info ] [ DB ] INIT mysql
[ info ] [ LOG ] INIT File
[ info ] [ RUN ] app\index\controller\Lianlianauthpay->authllpay_wap[ /www/wwwroot/feichangpeizi/application/index/controller/Lianlianauthpay.php ]
[ sql ] [ DB ] CONNECT:[ UseTime:0.000332s ] mysql:dbname=fcpeizi;host=localhost;port=3306;charset=utf8
[ sql ] [ SQL ] SHOW COLUMNS FROM `xh_member` [ RunTime:0.001243s ]
[ sql ] [ SQL ] SELECT `usableSum` FROM `xh_member` WHERE  (  id=1384 ) LIMIT 1 [ RunTime:0.000218s ]
[ sql ] [ SQL ] SELECT * FROM `xh_member` WHERE  (  id=1384 ) LIMIT 1 [ RunTime:0.000192s ]
[ sql ] [ SQL ] SHOW COLUMNS FROM `xh_member_recharge` [ RunTime:0.001002s ]
[ sql ] [ SQL ] INSERT INTO `xh_member_recharge` (`memberId` , `amount` , `status` , `no_order` , `createTime`) VALUES (1384 , 5000 , 0 , '13841542172898138393' , '2018-11-14 13:21:38') [ RunTime:0.000357s ]
---------------------------------------------------------------
[ 2018-11-14T13:21:47+08:00 ] 27.151.29.104 115.236.102.36 POST /index/lianlianpay/notify_url
[ info ] www.dsqqweb.com/index/lianlianpay/notify_url [运行时间：0.062767s][吞吐率：15.93req/s] [内存消耗：4,043.86kb] [文件加载：66]
[ info ] [ CACHE ] INIT File
[ info ] [ LANG ] /www/wwwroot/feichangpeizi/thinkphp/lang/zh-cn.php
[ info ] [ ROUTE ] array (
  'type' => 'module',
  'module' => 
  array (
    0 => 'index',
    1 => 'lianlianpay',
    2 => 'notify_url',
  ),
)
[ info ] [ HEADER ] array (
  'content-type' => 'text/json;charset=UTF-8',
  'connection' => 'Close',
  'user-agent' => 'httpcomponents',
  'correlationid' => 'ab5514d5-278b-4e00-896d-029b9f3b84e2',
  'content-length' => '440',
  'host' => 'www.dsqqweb.com',
  'cookie' => 'PHPSESSID=ju1su3bn4asnonji0g4ek40lo6',
  'cookie2' => '$Version=1',
  'accept-encoding' => 'gzip,deflate',
)
[ info ] [ PARAM ] array (
)
[ info ] [ BEHAVIOR ] Run app\common\behavior\Config @app_begin [ RunTime:0.000376s ]
[ info ] [ BEHAVIOR ] Run app\common\behavior\Hook @app_begin [ RunTime:0.004938s ]
[ info ] [ LOG ] INIT File
[ info ] [ RUN ] app\index\controller\Lianlianpay->notify_url[ /www/wwwroot/feichangpeizi/application/index/controller/Lianlianpay.php ]
[ info ] [ DB ] INIT mysql
[ 原串:bank_code=01030000&dt_order=20181114132138&money_order=5000.0&no_order=13841542172898138393&oid_partner=201810190002237014&oid_paybill=2018111428589259&pay_type=P&result_pay=SUCCESS&settle_date=20181114&sign_type=RSA
 ] log.txt
[ sign:FYiz42O168zc1hXDIOL9SNKIN98qkS2qFW6m0+PCl7XdL9JXz3RoInkY55v5g+jzSp6kMzEUaDCHhp70YXeIZPTv8CU6m3oM6Tob3MgD9w6ske6LTEbLv5gu84dAVsnWUAdRGBXayfhcdgurzdudhTZd47g3OQb0la1nGnth5+k=
 ] log.txt
[ sql ] [ DB ] CONNECT:[ UseTime:0.000551s ] mysql:dbname=fcpeizi;host=localhost;port=3306;charset=utf8
[ sql ] [ SQL ] SHOW COLUMNS FROM `xh_member_recharge` [ RunTime:0.001168s ]
[ sql ] [ SQL ] UPDATE `xh_member_recharge`  SET `status`=1  WHERE  (  no_order='13841542172898138393' ) [ RunTime:0.000477s ]
[ sql ] [ SQL ] SELECT * FROM `xh_member_recharge` WHERE  (  no_order='13841542172898138393' ) LIMIT 1 [ RunTime:0.000456s ]
[ sql ] [ SQL ] SHOW COLUMNS FROM `xh_member` [ RunTime:0.001153s ]
[ sql ] [ SQL ] SELECT * FROM `xh_member` WHERE  (  id=1384 ) LIMIT 1 [ RunTime:0.000246s ]
[ sql ] [ SQL ] UPDATE `xh_member`  SET `usableSum`=usableSum+5000  WHERE  (  id=1384 ) [ RunTime:0.000419s ]
[ sql ] [ SQL ] SHOW COLUMNS FROM `xh_member_fundrecord` [ RunTime:0.001048s ]
[ sql ] [ SQL ] INSERT INTO `xh_member_fundrecord` (`memberId` , `flow` , `amount` , `usableSum` , `remarks` , `createTime`) VALUES (1384 , 1 , 5000 , 5329 , '连连支付充值成功' , '2018-11-14 13:21:47') [ RunTime:0.000348s ]
---------------------------------------------------------------
[ 2018-11-14T14:47:38+08:00 ] 27.151.29.104 112.17.240.160 GET /index/lianlianauthpay/authllpay_wap?b-pay-amount=3000&bankCard=6236681450004327406&realName=%E5%BC%A0%E5%8D%8E%E5%A4%AB&IDCard=
[ info ] www.dsqqweb.com/index/lianlianauthpay/authllpay_wap?b-pay-amount=3000&bankCard=6236681450004327406&realName=%E5%BC%A0%E5%8D%8E%E5%A4%AB&IDCard= [运行时间：0.055968s][吞吐率：17.87req/s] [内存消耗：4,083.08kb] [文件加载：68]
[ info ] [ CACHE ] INIT File
[ info ] [ LANG ] /www/wwwroot/feichangpeizi/thinkphp/lang/zh-cn.php
[ info ] [ ROUTE ] array (
  'type' => 'module',
  'module' => 
  array (
    0 => 'index',
    1 => 'lianlianauthpay',
    2 => 'authllpay_wap',
  ),
)
[ info ] [ HEADER ] array (
  'host' => 'www.dsqqweb.com',
  'accept' => 'text/html,application/xhtml+xml,application/xml;q=0.9,*/*;q=0.8',
  'connection' => 'keep-alive',
  'cookie' => 'PHPSESSID=ji2i628qtcvg4p1ldid23c1m15',
  'user-agent' => 'Mozilla/5.0 (iPhone; CPU iPhone OS 8_3 like Mac OS X) AppleWebKit/600.1.4 (KHTML, like Gecko) Mobile/12F70',
  'accept-language' => 'zh-cn',
  'referer' => 'http://www.dsqqweb.com/ucenter/quick_pay.html',
  'accept-encoding' => 'gzip, deflate',
  'content-type' => '',
  'content-length' => '',
)
[ info ] [ PARAM ] array (
  'b-pay-amount' => '3000',
  'bankCard' => '6236681450004327406',
  'realName' => '张华夫',
  'IDCard' => '',
)
[ info ] [ BEHAVIOR ] Run app\common\behavior\Config @app_begin [ RunTime:0.000315s ]
[ info ] [ BEHAVIOR ] Run app\common\behavior\Hook @app_begin [ RunTime:0.004141s ]
[ info ] [ DB ] INIT mysql
[ info ] [ LOG ] INIT File
[ info ] [ RUN ] app\index\controller\Lianlianauthpay->authllpay_wap[ /www/wwwroot/feichangpeizi/application/index/controller/Lianlianauthpay.php ]
[ sql ] [ DB ] CONNECT:[ UseTime:0.000447s ] mysql:dbname=fcpeizi;host=localhost;port=3306;charset=utf8
[ sql ] [ SQL ] SHOW COLUMNS FROM `xh_member` [ RunTime:0.001262s ]
[ sql ] [ SQL ] SELECT `usableSum` FROM `xh_member` WHERE  (  id=1395 ) LIMIT 1 [ RunTime:0.000274s ]
[ sql ] [ SQL ] SELECT * FROM `xh_member` WHERE  (  id=1395 ) LIMIT 1 [ RunTime:0.000198s ]
[ sql ] [ SQL ] SHOW COLUMNS FROM `xh_member_recharge` [ RunTime:0.000974s ]
[ sql ] [ SQL ] INSERT INTO `xh_member_recharge` (`memberId` , `amount` , `status` , `no_order` , `createTime`) VALUES (1395 , 3000 , 0 , '13951542178058466885' , '2018-11-14 14:47:38') [ RunTime:0.000426s ]
---------------------------------------------------------------
[ 2018-11-14T14:47:51+08:00 ] 27.151.29.104 115.236.102.36 POST /index/lianlianpay/notify_url
[ info ] www.dsqqweb.com/index/lianlianpay/notify_url [运行时间：0.062957s][吞吐率：15.88req/s] [内存消耗：4,043.86kb] [文件加载：66]
[ info ] [ CACHE ] INIT File
[ info ] [ LANG ] /www/wwwroot/feichangpeizi/thinkphp/lang/zh-cn.php
[ info ] [ ROUTE ] array (
  'type' => 'module',
  'module' => 
  array (
    0 => 'index',
    1 => 'lianlianpay',
    2 => 'notify_url',
  ),
)
[ info ] [ HEADER ] array (
  'content-type' => 'text/json;charset=UTF-8',
  'connection' => 'Close',
  'user-agent' => 'httpcomponents',
  'correlationid' => '6ea58969-7a93-43f4-8932-88b1e1fc98ec',
  'content-length' => '440',
  'host' => 'www.dsqqweb.com',
  'cookie' => 'PHPSESSID=3mt2j85a52vsn0ap4qd1v8aue3',
  'cookie2' => '$Version=1',
  'accept-encoding' => 'gzip,deflate',
)
[ info ] [ PARAM ] array (
)
[ info ] [ BEHAVIOR ] Run app\common\behavior\Config @app_begin [ RunTime:0.000367s ]
[ info ] [ BEHAVIOR ] Run app\common\behavior\Hook @app_begin [ RunTime:0.005061s ]
[ info ] [ LOG ] INIT File
[ info ] [ RUN ] app\index\controller\Lianlianpay->notify_url[ /www/wwwroot/feichangpeizi/application/index/controller/Lianlianpay.php ]
[ info ] [ DB ] INIT mysql
[ 原串:bank_code=01050000&dt_order=20181114144738&money_order=3000.0&no_order=13951542178058466885&oid_partner=201810190002237014&oid_paybill=2018111429036670&pay_type=P&result_pay=SUCCESS&settle_date=20181114&sign_type=RSA
 ] log.txt
[ sign:XBxS0qmaycWV0YBIchnffSnwHlYi0oCYUUDJNWROTi65U0DuYwFp1ThVYx4rZdj5DnY6U+xB05CdNXMLVVqRmm4im3BcbTD4IQzlsQdfVte1hJCJfL7xzRaU0pfbIgjsfcfuiLoZ/+bBGk4qyeirKUNtxtD9b+q27kmBBkjJMn0=
 ] log.txt
[ sql ] [ DB ] CONNECT:[ UseTime:0.000464s ] mysql:dbname=fcpeizi;host=localhost;port=3306;charset=utf8
[ sql ] [ SQL ] SHOW COLUMNS FROM `xh_member_recharge` [ RunTime:0.001227s ]
[ sql ] [ SQL ] UPDATE `xh_member_recharge`  SET `status`=1  WHERE  (  no_order='13951542178058466885' ) [ RunTime:0.000525s ]
[ sql ] [ SQL ] SELECT * FROM `xh_member_recharge` WHERE  (  no_order='13951542178058466885' ) LIMIT 1 [ RunTime:0.000455s ]
[ sql ] [ SQL ] SHOW COLUMNS FROM `xh_member` [ RunTime:0.001020s ]
[ sql ] [ SQL ] SELECT * FROM `xh_member` WHERE  (  id=1395 ) LIMIT 1 [ RunTime:0.000319s ]
[ sql ] [ SQL ] UPDATE `xh_member`  SET `usableSum`=usableSum+3000  WHERE  (  id=1395 ) [ RunTime:0.000588s ]
[ sql ] [ SQL ] SHOW COLUMNS FROM `xh_member_fundrecord` [ RunTime:0.000939s ]
[ sql ] [ SQL ] INSERT INTO `xh_member_fundrecord` (`memberId` , `flow` , `amount` , `usableSum` , `remarks` , `createTime`) VALUES (1395 , 1 , 3000 , 6990 , '连连支付充值成功' , '2018-11-14 14:47:51') [ RunTime:0.000451s ]
---------------------------------------------------------------
[ 2018-11-14T14:58:40+08:00 ] 27.151.29.104 117.136.32.83 GET /index/lianlianauthpay/authllpay_wap?b-pay-amount=1500&bankCard=6216607000020794346&realName=%E6%9E%97%E5%AE%B9%E9%94%8B&IDCard=
[ info ] www.dsqqweb.com/index/lianlianauthpay/authllpay_wap?b-pay-amount=1500&bankCard=6216607000020794346&realName=%E6%9E%97%E5%AE%B9%E9%94%8B&IDCard= [运行时间：0.066589s][吞吐率：15.02req/s] [内存消耗：4,083.45kb] [文件加载：68]
[ info ] [ CACHE ] INIT File
[ info ] [ LANG ] /www/wwwroot/feichangpeizi/thinkphp/lang/zh-cn.php
[ info ] [ ROUTE ] array (
  'type' => 'module',
  'module' => 
  array (
    0 => 'index',
    1 => 'lianlianauthpay',
    2 => 'authllpay_wap',
  ),
)
[ info ] [ HEADER ] array (
  'host' => 'www.dsqqweb.com',
  'cookie' => 'PHPSESSID=dda5rc5pfpv16e7c8lr7lq4mh0',
  'connection' => 'keep-alive',
  'upgrade-insecure-requests' => '1',
  'accept' => 'text/html,application/xhtml+xml,application/xml;q=0.9,*/*;q=0.8',
  'user-agent' => 'Mozilla/5.0 (iPhone; CPU iPhone OS 12_1 like Mac OS X) AppleWebKit/605.1.15 (KHTML, like Gecko) Mobile/16B92',
  'referer' => 'http://www.dsqqweb.com/ucenter/quick_pay.html',
  'accept-language' => 'zh-cn',
  'accept-encoding' => 'gzip, deflate',
  'content-type' => '',
  'content-length' => '',
)
[ info ] [ PARAM ] array (
  'b-pay-amount' => '1500',
  'bankCard' => '6216607000020794346',
  'realName' => '林容锋',
  'IDCard' => '',
)
[ info ] [ BEHAVIOR ] Run app\common\behavior\Config @app_begin [ RunTime:0.000366s ]
[ info ] [ BEHAVIOR ] Run app\common\behavior\Hook @app_begin [ RunTime:0.004797s ]
[ info ] [ DB ] INIT mysql
[ info ] [ LOG ] INIT File
[ info ] [ RUN ] app\index\controller\Lianlianauthpay->authllpay_wap[ /www/wwwroot/feichangpeizi/application/index/controller/Lianlianauthpay.php ]
[ sql ] [ DB ] CONNECT:[ UseTime:0.000495s ] mysql:dbname=fcpeizi;host=localhost;port=3306;charset=utf8
[ sql ] [ SQL ] SHOW COLUMNS FROM `xh_member` [ RunTime:0.001254s ]
[ sql ] [ SQL ] SELECT `usableSum` FROM `xh_member` WHERE  (  id=1347 ) LIMIT 1 [ RunTime:0.000286s ]
[ sql ] [ SQL ] SELECT * FROM `xh_member` WHERE  (  id=1347 ) LIMIT 1 [ RunTime:0.000261s ]
[ sql ] [ SQL ] SHOW COLUMNS FROM `xh_member_recharge` [ RunTime:0.000979s ]
[ sql ] [ SQL ] INSERT INTO `xh_member_recharge` (`memberId` , `amount` , `status` , `no_order` , `createTime`) VALUES (1347 , 1500 , 0 , '13471542178720364664' , '2018-11-14 14:58:40') [ RunTime:0.000442s ]
---------------------------------------------------------------
[ 2018-11-14T14:58:54+08:00 ] 27.151.29.104 115.236.102.36 POST /index/lianlianpay/notify_url
[ info ] www.dsqqweb.com/index/lianlianpay/notify_url [运行时间：0.072357s][吞吐率：13.82req/s] [内存消耗：4,043.86kb] [文件加载：66]
[ info ] [ CACHE ] INIT File
[ info ] [ LANG ] /www/wwwroot/feichangpeizi/thinkphp/lang/zh-cn.php
[ info ] [ ROUTE ] array (
  'type' => 'module',
  'module' => 
  array (
    0 => 'index',
    1 => 'lianlianpay',
    2 => 'notify_url',
  ),
)
[ info ] [ HEADER ] array (
  'content-type' => 'text/json;charset=UTF-8',
  'connection' => 'Close',
  'user-agent' => 'httpcomponents',
  'correlationid' => '9d847050-e7ff-433e-a39c-a6759ec6fc6a',
  'content-length' => '440',
  'host' => 'www.dsqqweb.com',
  'cookie' => 'PHPSESSID=3mt2j85a52vsn0ap4qd1v8aue3',
  'cookie2' => '$Version=1',
  'accept-encoding' => 'gzip,deflate',
)
[ info ] [ PARAM ] array (
)
[ info ] [ BEHAVIOR ] Run app\common\behavior\Config @app_begin [ RunTime:0.000439s ]
[ info ] [ BEHAVIOR ] Run app\common\behavior\Hook @app_begin [ RunTime:0.006076s ]
[ info ] [ LOG ] INIT File
[ info ] [ RUN ] app\index\controller\Lianlianpay->notify_url[ /www/wwwroot/feichangpeizi/application/index/controller/Lianlianpay.php ]
[ info ] [ DB ] INIT mysql
[ 原串:bank_code=01040000&dt_order=20181114145840&money_order=1500.0&no_order=13471542178720364664&oid_partner=201810190002237014&oid_paybill=2018111429071428&pay_type=P&result_pay=SUCCESS&settle_date=20181114&sign_type=RSA
 ] log.txt
[ sign:Pz/4HEYzcQ0vVtH1wZ6CjQbBu2hTF3AB4bwtRXVNGr5MIA60FfNuIOI4Phs31Zh3OVs+RtbFgmuIQDZQOt0fSOmeNj33vyotcaGRSSOUsIS75mc29Guizu/o07Z8YxzQyLURt3qxQCHuUwpyOKg5eXRx7lSMPUutB9i/hL7tERY=
 ] log.txt
[ sql ] [ DB ] CONNECT:[ UseTime:0.000501s ] mysql:dbname=fcpeizi;host=localhost;port=3306;charset=utf8
[ sql ] [ SQL ] SHOW COLUMNS FROM `xh_member_recharge` [ RunTime:0.001243s ]
[ sql ] [ SQL ] UPDATE `xh_member_recharge`  SET `status`=1  WHERE  (  no_order='13471542178720364664' ) [ RunTime:0.000550s ]
[ sql ] [ SQL ] SELECT * FROM `xh_member_recharge` WHERE  (  no_order='13471542178720364664' ) LIMIT 1 [ RunTime:0.000500s ]
[ sql ] [ SQL ] SHOW COLUMNS FROM `xh_member` [ RunTime:0.001046s ]
[ sql ] [ SQL ] SELECT * FROM `xh_member` WHERE  (  id=1347 ) LIMIT 1 [ RunTime:0.000324s ]
[ sql ] [ SQL ] UPDATE `xh_member`  SET `usableSum`=usableSum+1500  WHERE  (  id=1347 ) [ RunTime:0.000517s ]
[ sql ] [ SQL ] SHOW COLUMNS FROM `xh_member_fundrecord` [ RunTime:0.001019s ]
[ sql ] [ SQL ] INSERT INTO `xh_member_fundrecord` (`memberId` , `flow` , `amount` , `usableSum` , `remarks` , `createTime`) VALUES (1347 , 1 , 1500 , 1785 , '连连支付充值成功' , '2018-11-14 14:58:54') [ RunTime:0.000384s ]
---------------------------------------------------------------
[ 2018-11-14T15:04:48+08:00 ] 27.151.29.104 36.5.193.159 GET /index/lianlianauthpay/authllpay_wap?b-pay-amount=50000&bankCard=&realName=&IDCard=
[ info ] www.dsqqweb.com/index/lianlianauthpay/authllpay_wap?b-pay-amount=50000&bankCard=&realName=&IDCard= [运行时间：0.073216s][吞吐率：13.66req/s] [内存消耗：4,082.99kb] [文件加载：68]
[ info ] [ CACHE ] INIT File
[ info ] [ LANG ] /www/wwwroot/feichangpeizi/thinkphp/lang/zh-cn.php
[ info ] [ ROUTE ] array (
  'type' => 'module',
  'module' => 
  array (
    0 => 'index',
    1 => 'lianlianauthpay',
    2 => 'authllpay_wap',
  ),
)
[ info ] [ HEADER ] array (
  'host' => 'www.dsqqweb.com',
  'cookie' => 'PHPSESSID=6v86mpmfon5a27vgkgg6di0257',
  'connection' => 'keep-alive',
  'upgrade-insecure-requests' => '1',
  'accept' => 'text/html,application/xhtml+xml,application/xml;q=0.9,*/*;q=0.8',
  'user-agent' => 'Mozilla/5.0 (iPhone; CPU iPhone OS 11_2_1 like Mac OS X) AppleWebKit/604.4.7 (KHTML, like Gecko) Mobile/15C153',
  'referer' => 'http://www.dsqqweb.com/ucenter/quick_pay.html',
  'accept-language' => 'zh-cn',
  'accept-encoding' => 'gzip, deflate',
  'content-type' => '',
  'content-length' => '',
)
[ info ] [ PARAM ] array (
  'b-pay-amount' => '50000',
  'bankCard' => '',
  'realName' => '',
  'IDCard' => '',
)
[ info ] [ BEHAVIOR ] Run app\common\behavior\Config @app_begin [ RunTime:0.000446s ]
[ info ] [ BEHAVIOR ] Run app\common\behavior\Hook @app_begin [ RunTime:0.006033s ]
[ info ] [ DB ] INIT mysql
[ info ] [ LOG ] INIT File
[ info ] [ RUN ] app\index\controller\Lianlianauthpay->authllpay_wap[ /www/wwwroot/feichangpeizi/application/index/controller/Lianlianauthpay.php ]
[ sql ] [ DB ] CONNECT:[ UseTime:0.000443s ] mysql:dbname=fcpeizi;host=localhost;port=3306;charset=utf8
[ sql ] [ SQL ] SHOW COLUMNS FROM `xh_member` [ RunTime:0.001266s ]
[ sql ] [ SQL ] SELECT `usableSum` FROM `xh_member` WHERE  (  id=1429 ) LIMIT 1 [ RunTime:0.000338s ]
[ sql ] [ SQL ] SELECT * FROM `xh_member` WHERE  (  id=1429 ) LIMIT 1 [ RunTime:0.000237s ]
[ sql ] [ SQL ] SHOW COLUMNS FROM `xh_member_recharge` [ RunTime:0.001020s ]
[ sql ] [ SQL ] INSERT INTO `xh_member_recharge` (`memberId` , `amount` , `status` , `no_order` , `createTime`) VALUES (1429 , 50000 , 0 , '14291542179088560899' , '2018-11-14 15:04:48') [ RunTime:0.000475s ]
---------------------------------------------------------------
[ 2018-11-14T15:09:43+08:00 ] 103.223.132.230 125.39.46.44 GET /index/lianlianauthpay/authllpay_wap?b-pay-amount=1250&bankCard=6222080406001178074&realName=%E9%9F%A9%E8%89%B3%E6%97%AD&IDCard=
[ info ] www.dsqqweb.com/index/lianlianauthpay/authllpay_wap?b-pay-amount=1250&bankCard=6222080406001178074&realName=%E9%9F%A9%E8%89%B3%E6%97%AD&IDCard= [运行时间：0.075673s][吞吐率：13.21req/s] [内存消耗：4,084.97kb] [文件加载：68]
[ info ] [ CACHE ] INIT File
[ info ] [ LANG ] /www/wwwroot/feichangpeizi/thinkphp/lang/zh-cn.php
[ info ] [ ROUTE ] array (
  'type' => 'module',
  'module' => 
  array (
    0 => 'index',
    1 => 'lianlianauthpay',
    2 => 'authllpay_wap',
  ),
)
[ info ] [ HEADER ] array (
  'accept' => 'text/html,application/xhtml+xml,application/xml;q=0.9,image/webp,image/apng,image/wxpic,image/sharpp,image/apng,image/tpg,*/*;q=0.8',
  'accept-encoding' => 'gzip',
  'accept-language' => 'zh-CN,en-US;q=0.8',
  'connection' => 'close',
  'cookie' => 'PHPSESSID=85hikj5qlou5gb7ko314nb0rr3',
  'host' => 'www.dsqqweb.com',
  'referer' => 'http://www.dsqqweb.com/ucenter/quick_pay.html',
  'user-agent' => 'Mozilla/5.0 (Linux; Android 8.0; BLN-AL10 Build/HONORBLN-AL10; wv) AppleWebKit/537.36 (KHTML, like Gecko) Version/4.0 Chrome/57.0.2987.132 MQQBrowser/6.2 TBS/044306 Mobile Safari/537.36 MMWEBID/1069 MicroMessenger/6.7.3.1360(0x26070339) NetType/WIFI Language/zh_CN Process/tools',
  'x-forwarded-for' => '120.14.23.199',
  'x-forwarded-for-pound' => '120.14.23.199',
  'content-type' => '',
  'content-length' => '',
)
[ info ] [ PARAM ] array (
  'b-pay-amount' => '1250',
  'bankCard' => '6222080406001178074',
  'realName' => '韩艳旭',
  'IDCard' => '',
)
[ info ] [ BEHAVIOR ] Run app\common\behavior\Config @app_begin [ RunTime:0.000453s ]
[ info ] [ BEHAVIOR ] Run app\common\behavior\Hook @app_begin [ RunTime:0.006202s ]
[ info ] [ DB ] INIT mysql
[ info ] [ LOG ] INIT File
[ info ] [ RUN ] app\index\controller\Lianlianauthpay->authllpay_wap[ /www/wwwroot/feichangpeizi/application/index/controller/Lianlianauthpay.php ]
[ sql ] [ DB ] CONNECT:[ UseTime:0.000441s ] mysql:dbname=fcpeizi;host=localhost;port=3306;charset=utf8
[ sql ] [ SQL ] SHOW COLUMNS FROM `xh_member` [ RunTime:0.001329s ]
[ sql ] [ SQL ] SELECT `usableSum` FROM `xh_member` WHERE  (  id=1433 ) LIMIT 1 [ RunTime:0.000351s ]
[ sql ] [ SQL ] SELECT * FROM `xh_member` WHERE  (  id=1433 ) LIMIT 1 [ RunTime:0.000257s ]
[ sql ] [ SQL ] SHOW COLUMNS FROM `xh_member_recharge` [ RunTime:0.000978s ]
[ sql ] [ SQL ] INSERT INTO `xh_member_recharge` (`memberId` , `amount` , `status` , `no_order` , `createTime`) VALUES (1433 , 1250 , 0 , '14331542179383553490' , '2018-11-14 15:09:43') [ RunTime:0.000421s ]
---------------------------------------------------------------
[ 2018-11-14T15:10:43+08:00 ] 27.151.29.104 101.89.19.149 GET /index/lianlianauthpay/authllpay_wap?b-pay-amount=1250&bankCard=6222080406001178074&realName=%E9%9F%A9%E8%89%B3%E6%97%AD&IDCard=
[ info ] www.dsqqweb.com/index/lianlianauthpay/authllpay_wap?b-pay-amount=1250&bankCard=6222080406001178074&realName=%E9%9F%A9%E8%89%B3%E6%97%AD&IDCard= [运行时间：0.051285s][吞吐率：19.50req/s] [内存消耗：2,990.45kb] [文件加载：57]
[ info ] [ CACHE ] INIT File
[ info ] [ LANG ] /www/wwwroot/feichangpeizi/thinkphp/lang/zh-cn.php
[ info ] [ ROUTE ] array (
  'type' => 'module',
  'module' => 
  array (
    0 => 'index',
    1 => 'lianlianauthpay',
    2 => 'authllpay_wap',
  ),
)
[ info ] [ HEADER ] array (
  'user-agent' => 'Mozilla/5.0 (Linux; Android 4.4.4; HUAWEI ALE-CL00 Build/HuaweiALE-CL00; wv) AppleWebKit/537.36 (KHTML, like Gecko) Version/4.0 Chrome/53.0.2785.49 Mobile MQQBrowser/6.2 TBS/043024 Safari/537.36 MicroMessenger/6.5.4.1000 NetType/4G Language/zh_CN',
  'accept' => '*/*',
  'accept-language' => 'zh-CN,zh;q=0.8,en-US;q=0.6,en;q=0.4',
  'host' => 'www.dsqqweb.com',
  'connection' => 'keep-alive',
  'content-type' => '',
  'content-length' => '',
)
[ info ] [ PARAM ] array (
  'b-pay-amount' => '1250',
  'bankCard' => '6222080406001178074',
  'realName' => '韩艳旭',
  'IDCard' => '',
)
[ info ] [ BEHAVIOR ] Run app\common\behavior\Config @app_begin [ RunTime:0.000486s ]
[ info ] [ BEHAVIOR ] Run app\common\behavior\Hook @app_begin [ RunTime:0.006583s ]
[ info ] [ LOG ] INIT File
[ info ] [ RUN ] app\index\controller\Lianlianauthpay->authllpay_wap[ /www/wwwroot/feichangpeizi/application/index/controller/Lianlianauthpay.php ]
---------------------------------------------------------------
[ 2018-11-14T15:10:53+08:00 ] 103.223.132.230 125.39.46.44 GET /index/lianlianauthpay/authllpay_wap?b-pay-amount=1250&bankCard=6222080406001178074&realName=%E9%9F%A9%E8%89%B3%E6%97%AD&IDCard=
[ info ] www.dsqqweb.com/index/lianlianauthpay/authllpay_wap?b-pay-amount=1250&bankCard=6222080406001178074&realName=%E9%9F%A9%E8%89%B3%E6%97%AD&IDCard= [运行时间：0.077269s][吞吐率：12.94req/s] [内存消耗：4,084.97kb] [文件加载：68]
[ info ] [ CACHE ] INIT File
[ info ] [ LANG ] /www/wwwroot/feichangpeizi/thinkphp/lang/zh-cn.php
[ info ] [ ROUTE ] array (
  'type' => 'module',
  'module' => 
  array (
    0 => 'index',
    1 => 'lianlianauthpay',
    2 => 'authllpay_wap',
  ),
)
[ info ] [ HEADER ] array (
  'accept' => 'text/html,application/xhtml+xml,application/xml;q=0.9,image/webp,image/apng,image/wxpic,image/sharpp,image/apng,image/tpg,*/*;q=0.8',
  'accept-encoding' => 'gzip',
  'accept-language' => 'zh-CN,en-US;q=0.8',
  'connection' => 'close',
  'cookie' => 'PHPSESSID=85hikj5qlou5gb7ko314nb0rr3',
  'host' => 'www.dsqqweb.com',
  'referer' => 'http://www.dsqqweb.com/ucenter/quick_pay.html',
  'user-agent' => 'Mozilla/5.0 (Linux; Android 8.0; BLN-AL10 Build/HONORBLN-AL10; wv) AppleWebKit/537.36 (KHTML, like Gecko) Version/4.0 Chrome/57.0.2987.132 MQQBrowser/6.2 TBS/044306 Mobile Safari/537.36 MMWEBID/1069 MicroMessenger/6.7.3.1360(0x26070339) NetType/WIFI Language/zh_CN Process/tools',
  'x-forwarded-for' => '120.14.23.199',
  'x-forwarded-for-pound' => '120.14.23.199',
  'content-type' => '',
  'content-length' => '',
)
[ info ] [ PARAM ] array (
  'b-pay-amount' => '1250',
  'bankCard' => '6222080406001178074',
  'realName' => '韩艳旭',
  'IDCard' => '',
)
[ info ] [ BEHAVIOR ] Run app\common\behavior\Config @app_begin [ RunTime:0.000474s ]
[ info ] [ BEHAVIOR ] Run app\common\behavior\Hook @app_begin [ RunTime:0.006582s ]
[ info ] [ DB ] INIT mysql
[ info ] [ LOG ] INIT File
[ info ] [ RUN ] app\index\controller\Lianlianauthpay->authllpay_wap[ /www/wwwroot/feichangpeizi/application/index/controller/Lianlianauthpay.php ]
[ sql ] [ DB ] CONNECT:[ UseTime:0.000492s ] mysql:dbname=fcpeizi;host=localhost;port=3306;charset=utf8
[ sql ] [ SQL ] SHOW COLUMNS FROM `xh_member` [ RunTime:0.001359s ]
[ sql ] [ SQL ] SELECT `usableSum` FROM `xh_member` WHERE  (  id=1433 ) LIMIT 1 [ RunTime:0.000428s ]
[ sql ] [ SQL ] SELECT * FROM `xh_member` WHERE  (  id=1433 ) LIMIT 1 [ RunTime:0.000334s ]
[ sql ] [ SQL ] SHOW COLUMNS FROM `xh_member_recharge` [ RunTime:0.001020s ]
[ sql ] [ SQL ] INSERT INTO `xh_member_recharge` (`memberId` , `amount` , `status` , `no_order` , `createTime`) VALUES (1433 , 1250 , 0 , '14331542179453719120' , '2018-11-14 15:10:53') [ RunTime:0.000518s ]
---------------------------------------------------------------
[ 2018-11-14T15:11:47+08:00 ] 27.151.29.104 115.236.102.36 POST /index/lianlianpay/notify_url
[ info ] www.dsqqweb.com/index/lianlianpay/notify_url [运行时间：0.071516s][吞吐率：13.98req/s] [内存消耗：4,043.86kb] [文件加载：66]
[ info ] [ CACHE ] INIT File
[ info ] [ LANG ] /www/wwwroot/feichangpeizi/thinkphp/lang/zh-cn.php
[ info ] [ ROUTE ] array (
  'type' => 'module',
  'module' => 
  array (
    0 => 'index',
    1 => 'lianlianpay',
    2 => 'notify_url',
  ),
)
[ info ] [ HEADER ] array (
  'content-type' => 'text/json;charset=UTF-8',
  'connection' => 'Close',
  'user-agent' => 'httpcomponents',
  'correlationid' => '6c76f670-c7e3-4c27-b3b9-bd286d8f215c',
  'content-length' => '440',
  'host' => 'www.dsqqweb.com',
  'cookie' => 'PHPSESSID=ju1su3bn4asnonji0g4ek40lo6',
  'cookie2' => '$Version=1',
  'accept-encoding' => 'gzip,deflate',
)
[ info ] [ PARAM ] array (
)
[ info ] [ BEHAVIOR ] Run app\common\behavior\Config @app_begin [ RunTime:0.000421s ]
[ info ] [ BEHAVIOR ] Run app\common\behavior\Hook @app_begin [ RunTime:0.005787s ]
[ info ] [ LOG ] INIT File
[ info ] [ RUN ] app\index\controller\Lianlianpay->notify_url[ /www/wwwroot/feichangpeizi/application/index/controller/Lianlianpay.php ]
[ info ] [ DB ] INIT mysql
[ 原串:bank_code=01020000&dt_order=20181114151053&money_order=1250.0&no_order=14331542179453719120&oid_partner=201810190002237014&oid_paybill=2018111429117406&pay_type=P&result_pay=SUCCESS&settle_date=20181114&sign_type=RSA
 ] log.txt
[ sign:khQzPOWC7zDtNkdPo4/NBLYcsNTt+SEIVXIR0aZAcwOtKUZooeluMTFY/vMj9t9Xxi3XW+wtT91E4GU4oclpLHj99y2lRvRk7HTovBc7PUfBEG9z7tmu8YqcaqyCdiKenZqsDxt2SXkih26I+maXb5sXzfjuuSGayRzNd84mb1g=
 ] log.txt
[ sql ] [ DB ] CONNECT:[ UseTime:0.000507s ] mysql:dbname=fcpeizi;host=localhost;port=3306;charset=utf8
[ sql ] [ SQL ] SHOW COLUMNS FROM `xh_member_recharge` [ RunTime:0.001237s ]
[ sql ] [ SQL ] UPDATE `xh_member_recharge`  SET `status`=1  WHERE  (  no_order='14331542179453719120' ) [ RunTime:0.000505s ]
[ sql ] [ SQL ] SELECT * FROM `xh_member_recharge` WHERE  (  no_order='14331542179453719120' ) LIMIT 1 [ RunTime:0.000470s ]
[ sql ] [ SQL ] SHOW COLUMNS FROM `xh_member` [ RunTime:0.001060s ]
[ sql ] [ SQL ] SELECT * FROM `xh_member` WHERE  (  id=1433 ) LIMIT 1 [ RunTime:0.000299s ]
[ sql ] [ SQL ] UPDATE `xh_member`  SET `usableSum`=usableSum+1250  WHERE  (  id=1433 ) [ RunTime:0.000637s ]
[ sql ] [ SQL ] SHOW COLUMNS FROM `xh_member_fundrecord` [ RunTime:0.001037s ]
[ sql ] [ SQL ] INSERT INTO `xh_member_fundrecord` (`memberId` , `flow` , `amount` , `usableSum` , `remarks` , `createTime`) VALUES (1433 , 1 , 1250 , 1250 , '连连支付充值成功' , '2018-11-14 15:11:47') [ RunTime:0.000468s ]
---------------------------------------------------------------
[ 2018-11-14T15:19:14+08:00 ] 27.151.29.104 117.136.93.141 GET /index/lianlianauthpay/authllpay_wap?b-pay-amount=1250&bankCard=6221994681010077666&realName=%E7%8E%8B%E5%AE%81&IDCard=
[ info ] www.dsqqweb.com/index/lianlianauthpay/authllpay_wap?b-pay-amount=1250&bankCard=6221994681010077666&realName=%E7%8E%8B%E5%AE%81&IDCard= [运行时间：0.075846s][吞吐率：13.18req/s] [内存消耗：4,083.13kb] [文件加载：68]
[ info ] [ CACHE ] INIT File
[ info ] [ LANG ] /www/wwwroot/feichangpeizi/thinkphp/lang/zh-cn.php
[ info ] [ ROUTE ] array (
  'type' => 'module',
  'module' => 
  array (
    0 => 'index',
    1 => 'lianlianauthpay',
    2 => 'authllpay_wap',
  ),
)
[ info ] [ HEADER ] array (
  'host' => 'www.dsqqweb.com',
  'cookie' => 'PHPSESSID=dbiqk4s88gp0ab5gm6cn4vqrb5',
  'connection' => 'keep-alive',
  'upgrade-insecure-requests' => '1',
  'accept' => 'text/html,application/xhtml+xml,application/xml;q=0.9,*/*;q=0.8',
  'user-agent' => 'Mozilla/5.0 (iPhone; CPU iPhone OS 12_1 like Mac OS X) AppleWebKit/605.1.15 (KHTML, like Gecko) Mobile/16B92',
  'referer' => 'http://www.dsqqweb.com/ucenter/quick_pay.html',
  'accept-language' => 'zh-cn',
  'accept-encoding' => 'gzip, deflate',
  'content-type' => '',
  'content-length' => '',
)
[ info ] [ PARAM ] array (
  'b-pay-amount' => '1250',
  'bankCard' => '6221994681010077666',
  'realName' => '王宁',
  'IDCard' => '',
)
[ info ] [ BEHAVIOR ] Run app\common\behavior\Config @app_begin [ RunTime:0.000429s ]
[ info ] [ BEHAVIOR ] Run app\common\behavior\Hook @app_begin [ RunTime:0.005636s ]
[ info ] [ DB ] INIT mysql
[ info ] [ LOG ] INIT File
[ info ] [ RUN ] app\index\controller\Lianlianauthpay->authllpay_wap[ /www/wwwroot/feichangpeizi/application/index/controller/Lianlianauthpay.php ]
[ sql ] [ DB ] CONNECT:[ UseTime:0.000534s ] mysql:dbname=fcpeizi;host=localhost;port=3306;charset=utf8
[ sql ] [ SQL ] SHOW COLUMNS FROM `xh_member` [ RunTime:0.001230s ]
[ sql ] [ SQL ] SELECT `usableSum` FROM `xh_member` WHERE  (  id=1428 ) LIMIT 1 [ RunTime:0.000288s ]
[ sql ] [ SQL ] SELECT * FROM `xh_member` WHERE  (  id=1428 ) LIMIT 1 [ RunTime:0.000333s ]
[ sql ] [ SQL ] SHOW COLUMNS FROM `xh_member_recharge` [ RunTime:0.001027s ]
[ sql ] [ SQL ] INSERT INTO `xh_member_recharge` (`memberId` , `amount` , `status` , `no_order` , `createTime`) VALUES (1428 , 1250 , 0 , '14281542179954511260' , '2018-11-14 15:19:14') [ RunTime:0.000539s ]
---------------------------------------------------------------
[ 2018-11-14T15:20:30+08:00 ] 27.151.29.104 36.5.193.159 GET /index/lianlianauthpay/authllpay_wap?b-pay-amount=50000&bankCard=6222021302021022107&realName=%E5%8D%9E%E5%A3%AB%E4%BD%99&IDCard=
[ info ] www.dsqqweb.com/index/lianlianauthpay/authllpay_wap?b-pay-amount=50000&bankCard=6222021302021022107&realName=%E5%8D%9E%E5%A3%AB%E4%BD%99&IDCard= [运行时间：0.074063s][吞吐率：13.50req/s] [内存消耗：4,083.50kb] [文件加载：68]
[ info ] [ CACHE ] INIT File
[ info ] [ LANG ] /www/wwwroot/feichangpeizi/thinkphp/lang/zh-cn.php
[ info ] [ ROUTE ] array (
  'type' => 'module',
  'module' => 
  array (
    0 => 'index',
    1 => 'lianlianauthpay',
    2 => 'authllpay_wap',
  ),
)
[ info ] [ HEADER ] array (
  'host' => 'www.dsqqweb.com',
  'cookie' => 'PHPSESSID=6gp6l6qsvfbutqr5flo1k5lra1',
  'connection' => 'keep-alive',
  'upgrade-insecure-requests' => '1',
  'accept' => 'text/html,application/xhtml+xml,application/xml;q=0.9,*/*;q=0.8',
  'user-agent' => 'Mozilla/5.0 (iPhone; CPU iPhone OS 11_2_1 like Mac OS X) AppleWebKit/604.4.7 (KHTML, like Gecko) Mobile/15C153',
  'referer' => 'http://www.dsqqweb.com/ucenter/quick_pay.html',
  'accept-language' => 'zh-cn',
  'accept-encoding' => 'gzip, deflate',
  'content-type' => '',
  'content-length' => '',
)
[ info ] [ PARAM ] array (
  'b-pay-amount' => '50000',
  'bankCard' => '6222021302021022107',
  'realName' => '卞士余',
  'IDCard' => '',
)
[ info ] [ BEHAVIOR ] Run app\common\behavior\Config @app_begin [ RunTime:0.000456s ]
[ info ] [ BEHAVIOR ] Run app\common\behavior\Hook @app_begin [ RunTime:0.006070s ]
[ info ] [ DB ] INIT mysql
[ info ] [ LOG ] INIT File
[ info ] [ RUN ] app\index\controller\Lianlianauthpay->authllpay_wap[ /www/wwwroot/feichangpeizi/application/index/controller/Lianlianauthpay.php ]
[ sql ] [ DB ] CONNECT:[ UseTime:0.000545s ] mysql:dbname=fcpeizi;host=localhost;port=3306;charset=utf8
[ sql ] [ SQL ] SHOW COLUMNS FROM `xh_member` [ RunTime:0.001266s ]
[ sql ] [ SQL ] SELECT `usableSum` FROM `xh_member` WHERE  (  id=1429 ) LIMIT 1 [ RunTime:0.000291s ]
[ sql ] [ SQL ] SELECT * FROM `xh_member` WHERE  (  id=1429 ) LIMIT 1 [ RunTime:0.000315s ]
[ sql ] [ SQL ] SHOW COLUMNS FROM `xh_member_recharge` [ RunTime:0.000996s ]
[ sql ] [ SQL ] INSERT INTO `xh_member_recharge` (`memberId` , `amount` , `status` , `no_order` , `createTime`) VALUES (1429 , 50000 , 0 , '14291542180030425288' , '2018-11-14 15:20:30') [ RunTime:0.000496s ]
---------------------------------------------------------------
[ 2018-11-14T15:20:43+08:00 ] 27.151.29.104 117.136.93.141 GET /index/lianlianauthpay/authllpay_wap?b-pay-amount=1250&bankCard=6221994681010077666&realName=%E7%8E%8B%E5%AE%81&IDCard=
[ info ] www.dsqqweb.com/index/lianlianauthpay/authllpay_wap?b-pay-amount=1250&bankCard=6221994681010077666&realName=%E7%8E%8B%E5%AE%81&IDCard= [运行时间：0.076467s][吞吐率：13.08req/s] [内存消耗：4,082.84kb] [文件加载：68]
[ info ] [ CACHE ] INIT File
[ info ] [ LANG ] /www/wwwroot/feichangpeizi/thinkphp/lang/zh-cn.php
[ info ] [ ROUTE ] array (
  'type' => 'module',
  'module' => 
  array (
    0 => 'index',
    1 => 'lianlianauthpay',
    2 => 'authllpay_wap',
  ),
)
[ info ] [ HEADER ] array (
  'host' => 'www.dsqqweb.com',
  'accept' => 'text/html,application/xhtml+xml,application/xml;q=0.9,*/*;q=0.8',
  'upgrade-insecure-requests' => '1',
  'cookie' => 'PHPSESSID=dbiqk4s88gp0ab5gm6cn4vqrb5',
  'user-agent' => 'Mozilla/5.0 (iPhone; CPU iPhone OS 12_1 like Mac OS X) AppleWebKit/605.1.15 (KHTML, like Gecko) Mobile/16B92',
  'accept-language' => 'zh-cn',
  'accept-encoding' => 'gzip, deflate',
  'connection' => 'keep-alive',
  'content-type' => '',
  'content-length' => '',
)
[ info ] [ PARAM ] array (
  'b-pay-amount' => '1250',
  'bankCard' => '6221994681010077666',
  'realName' => '王宁',
  'IDCard' => '',
)
[ info ] [ BEHAVIOR ] Run app\common\behavior\Config @app_begin [ RunTime:0.000451s ]
[ info ] [ BEHAVIOR ] Run app\common\behavior\Hook @app_begin [ RunTime:0.006104s ]
[ info ] [ DB ] INIT mysql
[ info ] [ LOG ] INIT File
[ info ] [ RUN ] app\index\controller\Lianlianauthpay->authllpay_wap[ /www/wwwroot/feichangpeizi/application/index/controller/Lianlianauthpay.php ]
[ sql ] [ DB ] CONNECT:[ UseTime:0.000579s ] mysql:dbname=fcpeizi;host=localhost;port=3306;charset=utf8
[ sql ] [ SQL ] SHOW COLUMNS FROM `xh_member` [ RunTime:0.001316s ]
[ sql ] [ SQL ] SELECT `usableSum` FROM `xh_member` WHERE  (  id=1428 ) LIMIT 1 [ RunTime:0.000294s ]
[ sql ] [ SQL ] SELECT * FROM `xh_member` WHERE  (  id=1428 ) LIMIT 1 [ RunTime:0.000313s ]
[ sql ] [ SQL ] SHOW COLUMNS FROM `xh_member_recharge` [ RunTime:0.001010s ]
[ sql ] [ SQL ] INSERT INTO `xh_member_recharge` (`memberId` , `amount` , `status` , `no_order` , `createTime`) VALUES (1428 , 1250 , 0 , '14281542180043241802' , '2018-11-14 15:20:43') [ RunTime:0.000432s ]
---------------------------------------------------------------
[ 2018-11-14T15:21:00+08:00 ] 27.151.29.104 117.136.93.141 GET /index/lianlianauthpay/authllpay_wap?b-pay-amount=1250&bankCard=6221994681010077666&realName=%E7%8E%8B%E5%AE%81&IDCard=
[ info ] www.dsqqweb.com/index/lianlianauthpay/authllpay_wap?b-pay-amount=1250&bankCard=6221994681010077666&realName=%E7%8E%8B%E5%AE%81&IDCard= [运行时间：0.080097s][吞吐率：12.48req/s] [内存消耗：4,082.84kb] [文件加载：68]
[ info ] [ CACHE ] INIT File
[ info ] [ LANG ] /www/wwwroot/feichangpeizi/thinkphp/lang/zh-cn.php
[ info ] [ ROUTE ] array (
  'type' => 'module',
  'module' => 
  array (
    0 => 'index',
    1 => 'lianlianauthpay',
    2 => 'authllpay_wap',
  ),
)
[ info ] [ HEADER ] array (
  'host' => 'www.dsqqweb.com',
  'accept' => 'text/html,application/xhtml+xml,application/xml;q=0.9,*/*;q=0.8',
  'upgrade-insecure-requests' => '1',
  'cookie' => 'PHPSESSID=dbiqk4s88gp0ab5gm6cn4vqrb5',
  'user-agent' => 'Mozilla/5.0 (iPhone; CPU iPhone OS 12_1 like Mac OS X) AppleWebKit/605.1.15 (KHTML, like Gecko) Mobile/16B92',
  'accept-language' => 'zh-cn',
  'accept-encoding' => 'gzip, deflate',
  'connection' => 'keep-alive',
  'content-type' => '',
  'content-length' => '',
)
[ info ] [ PARAM ] array (
  'b-pay-amount' => '1250',
  'bankCard' => '6221994681010077666',
  'realName' => '王宁',
  'IDCard' => '',
)
[ info ] [ BEHAVIOR ] Run app\common\behavior\Config @app_begin [ RunTime:0.000489s ]
[ info ] [ BEHAVIOR ] Run app\common\behavior\Hook @app_begin [ RunTime:0.006568s ]
[ info ] [ DB ] INIT mysql
[ info ] [ LOG ] INIT File
[ info ] [ RUN ] app\index\controller\Lianlianauthpay->authllpay_wap[ /www/wwwroot/feichangpeizi/application/index/controller/Lianlianauthpay.php ]
[ sql ] [ DB ] CONNECT:[ UseTime:0.000509s ] mysql:dbname=fcpeizi;host=localhost;port=3306;charset=utf8
[ sql ] [ SQL ] SHOW COLUMNS FROM `xh_member` [ RunTime:0.001186s ]
[ sql ] [ SQL ] SELECT `usableSum` FROM `xh_member` WHERE  (  id=1428 ) LIMIT 1 [ RunTime:0.000371s ]
[ sql ] [ SQL ] SELECT * FROM `xh_member` WHERE  (  id=1428 ) LIMIT 1 [ RunTime:0.000312s ]
[ sql ] [ SQL ] SHOW COLUMNS FROM `xh_member_recharge` [ RunTime:0.000991s ]
[ sql ] [ SQL ] INSERT INTO `xh_member_recharge` (`memberId` , `amount` , `status` , `no_order` , `createTime`) VALUES (1428 , 1250 , 0 , '14281542180060979135' , '2018-11-14 15:21:00') [ RunTime:0.000388s ]
---------------------------------------------------------------
[ 2018-11-14T15:21:04+08:00 ] 27.151.29.104 117.136.93.141 GET /index/lianlianauthpay/authllpay_wap?b-pay-amount=1250&bankCard=6221994681010077666&realName=%E7%8E%8B%E5%AE%81&IDCard=
[ info ] www.dsqqweb.com/index/lianlianauthpay/authllpay_wap?b-pay-amount=1250&bankCard=6221994681010077666&realName=%E7%8E%8B%E5%AE%81&IDCard= [运行时间：0.076354s][吞吐率：13.10req/s] [内存消耗：4,082.84kb] [文件加载：68]
[ info ] [ CACHE ] INIT File
[ info ] [ LANG ] /www/wwwroot/feichangpeizi/thinkphp/lang/zh-cn.php
[ info ] [ ROUTE ] array (
  'type' => 'module',
  'module' => 
  array (
    0 => 'index',
    1 => 'lianlianauthpay',
    2 => 'authllpay_wap',
  ),
)
[ info ] [ HEADER ] array (
  'host' => 'www.dsqqweb.com',
  'accept' => 'text/html,application/xhtml+xml,application/xml;q=0.9,*/*;q=0.8',
  'upgrade-insecure-requests' => '1',
  'cookie' => 'PHPSESSID=dbiqk4s88gp0ab5gm6cn4vqrb5',
  'user-agent' => 'Mozilla/5.0 (iPhone; CPU iPhone OS 12_1 like Mac OS X) AppleWebKit/605.1.15 (KHTML, like Gecko) Mobile/16B92',
  'accept-language' => 'zh-cn',
  'accept-encoding' => 'gzip, deflate',
  'connection' => 'keep-alive',
  'content-type' => '',
  'content-length' => '',
)
[ info ] [ PARAM ] array (
  'b-pay-amount' => '1250',
  'bankCard' => '6221994681010077666',
  'realName' => '王宁',
  'IDCard' => '',
)
[ info ] [ BEHAVIOR ] Run app\common\behavior\Config @app_begin [ RunTime:0.000452s ]
[ info ] [ BEHAVIOR ] Run app\common\behavior\Hook @app_begin [ RunTime:0.006105s ]
[ info ] [ DB ] INIT mysql
[ info ] [ LOG ] INIT File
[ info ] [ RUN ] app\index\controller\Lianlianauthpay->authllpay_wap[ /www/wwwroot/feichangpeizi/application/index/controller/Lianlianauthpay.php ]
[ sql ] [ DB ] CONNECT:[ UseTime:0.000530s ] mysql:dbname=fcpeizi;host=localhost;port=3306;charset=utf8
[ sql ] [ SQL ] SHOW COLUMNS FROM `xh_member` [ RunTime:0.001211s ]
[ sql ] [ SQL ] SELECT `usableSum` FROM `xh_member` WHERE  (  id=1428 ) LIMIT 1 [ RunTime:0.000284s ]
[ sql ] [ SQL ] SELECT * FROM `xh_member` WHERE  (  id=1428 ) LIMIT 1 [ RunTime:0.000350s ]
[ sql ] [ SQL ] SHOW COLUMNS FROM `xh_member_recharge` [ RunTime:0.001032s ]
[ sql ] [ SQL ] INSERT INTO `xh_member_recharge` (`memberId` , `amount` , `status` , `no_order` , `createTime`) VALUES (1428 , 1250 , 0 , '14281542180064156321' , '2018-11-14 15:21:04') [ RunTime:0.000423s ]
---------------------------------------------------------------
[ 2018-11-14T15:21:06+08:00 ] 27.151.29.104 117.136.93.141 GET /index/lianlianauthpay/authllpay_wap?b-pay-amount=1250&bankCard=6221994681010077666&realName=%E7%8E%8B%E5%AE%81&IDCard=
[ info ] www.dsqqweb.com/index/lianlianauthpay/authllpay_wap?b-pay-amount=1250&bankCard=6221994681010077666&realName=%E7%8E%8B%E5%AE%81&IDCard= [运行时间：0.077095s][吞吐率：12.97req/s] [内存消耗：4,082.84kb] [文件加载：68]
[ info ] [ CACHE ] INIT File
[ info ] [ LANG ] /www/wwwroot/feichangpeizi/thinkphp/lang/zh-cn.php
[ info ] [ ROUTE ] array (
  'type' => 'module',
  'module' => 
  array (
    0 => 'index',
    1 => 'lianlianauthpay',
    2 => 'authllpay_wap',
  ),
)
[ info ] [ HEADER ] array (
  'host' => 'www.dsqqweb.com',
  'accept' => 'text/html,application/xhtml+xml,application/xml;q=0.9,*/*;q=0.8',
  'upgrade-insecure-requests' => '1',
  'cookie' => 'PHPSESSID=dbiqk4s88gp0ab5gm6cn4vqrb5',
  'user-agent' => 'Mozilla/5.0 (iPhone; CPU iPhone OS 12_1 like Mac OS X) AppleWebKit/605.1.15 (KHTML, like Gecko) Mobile/16B92',
  'accept-language' => 'zh-cn',
  'accept-encoding' => 'gzip, deflate',
  'connection' => 'keep-alive',
  'content-type' => '',
  'content-length' => '',
)
[ info ] [ PARAM ] array (
  'b-pay-amount' => '1250',
  'bankCard' => '6221994681010077666',
  'realName' => '王宁',
  'IDCard' => '',
)
[ info ] [ BEHAVIOR ] Run app\common\behavior\Config @app_begin [ RunTime:0.000450s ]
[ info ] [ BEHAVIOR ] Run app\common\behavior\Hook @app_begin [ RunTime:0.006112s ]
[ info ] [ DB ] INIT mysql
[ info ] [ LOG ] INIT File
[ info ] [ RUN ] app\index\controller\Lianlianauthpay->authllpay_wap[ /www/wwwroot/feichangpeizi/application/index/controller/Lianlianauthpay.php ]
[ sql ] [ DB ] CONNECT:[ UseTime:0.000503s ] mysql:dbname=fcpeizi;host=localhost;port=3306;charset=utf8
[ sql ] [ SQL ] SHOW COLUMNS FROM `xh_member` [ RunTime:0.001317s ]
[ sql ] [ SQL ] SELECT `usableSum` FROM `xh_member` WHERE  (  id=1428 ) LIMIT 1 [ RunTime:0.000239s ]
[ sql ] [ SQL ] SELECT * FROM `xh_member` WHERE  (  id=1428 ) LIMIT 1 [ RunTime:0.000330s ]
[ sql ] [ SQL ] SHOW COLUMNS FROM `xh_member_recharge` [ RunTime:0.001033s ]
[ sql ] [ SQL ] INSERT INTO `xh_member_recharge` (`memberId` , `amount` , `status` , `no_order` , `createTime`) VALUES (1428 , 1250 , 0 , '14281542180066337455' , '2018-11-14 15:21:06') [ RunTime:0.000489s ]
---------------------------------------------------------------
[ 2018-11-14T15:34:32+08:00 ] 27.151.29.104 123.151.77.49 GET /index/lianlianauthpay/authllpay_wap?b-pay-amount=1000&bankCard=6222080406001178074&realName=%E9%9F%A9%E8%89%B3%E6%97%AD&IDCard=
[ info ] www.dsqqweb.com/index/lianlianauthpay/authllpay_wap?b-pay-amount=1000&bankCard=6222080406001178074&realName=%E9%9F%A9%E8%89%B3%E6%97%AD&IDCard= [运行时间：0.075817s][吞吐率：13.19req/s] [内存消耗：4,083.92kb] [文件加载：68]
[ info ] [ CACHE ] INIT File
[ info ] [ LANG ] /www/wwwroot/feichangpeizi/thinkphp/lang/zh-cn.php
[ info ] [ ROUTE ] array (
  'type' => 'module',
  'module' => 
  array (
    0 => 'index',
    1 => 'lianlianauthpay',
    2 => 'authllpay_wap',
  ),
)
[ info ] [ HEADER ] array (
  'accept' => 'text/html,application/xhtml+xml,application/xml;q=0.9,image/webp,image/apng,image/wxpic,image/sharpp,image/apng,image/tpg,*/*;q=0.8',
  'accept-encoding' => 'gzip',
  'accept-language' => 'zh-CN,en-US;q=0.8',
  'connection' => 'close',
  'cookie' => 'PHPSESSID=54hleqnsh5jmbd7smfuocrabh6',
  'host' => 'www.dsqqweb.com',
  'referer' => 'http://www.dsqqweb.com/ucenter/quick_pay.html',
  'user-agent' => 'Mozilla/5.0 (Linux; Android 8.0; BLN-AL10 Build/HONORBLN-AL10; wv) AppleWebKit/537.36 (KHTML, like Gecko) Version/4.0 Chrome/57.0.2987.132 MQQBrowser/6.2 TBS/044306 Mobile Safari/537.36 MMWEBID/1069 MicroMessenger/6.7.3.1360(0x26070339) NetType/WIFI Language/zh_CN Process/tools',
  'x-forwarded-for' => '120.14.23.199',
  'x-forwarded-for-pound' => '120.14.23.199',
  'content-type' => '',
  'content-length' => '',
)
[ info ] [ PARAM ] array (
  'b-pay-amount' => '1000',
  'bankCard' => '6222080406001178074',
  'realName' => '韩艳旭',
  'IDCard' => '',
)
[ info ] [ BEHAVIOR ] Run app\common\behavior\Config @app_begin [ RunTime:0.000460s ]
[ info ] [ BEHAVIOR ] Run app\common\behavior\Hook @app_begin [ RunTime:0.006221s ]
[ info ] [ DB ] INIT mysql
[ info ] [ LOG ] INIT File
[ info ] [ RUN ] app\index\controller\Lianlianauthpay->authllpay_wap[ /www/wwwroot/feichangpeizi/application/index/controller/Lianlianauthpay.php ]
[ sql ] [ DB ] CONNECT:[ UseTime:0.000364s ] mysql:dbname=fcpeizi;host=localhost;port=3306;charset=utf8
[ sql ] [ SQL ] SHOW COLUMNS FROM `xh_member` [ RunTime:0.001178s ]
[ sql ] [ SQL ] SELECT `usableSum` FROM `xh_member` WHERE  (  id=1433 ) LIMIT 1 [ RunTime:0.000223s ]
[ sql ] [ SQL ] SELECT * FROM `xh_member` WHERE  (  id=1433 ) LIMIT 1 [ RunTime:0.000262s ]
[ sql ] [ SQL ] SHOW COLUMNS FROM `xh_member_recharge` [ RunTime:0.000995s ]
[ sql ] [ SQL ] INSERT INTO `xh_member_recharge` (`memberId` , `amount` , `status` , `no_order` , `createTime`) VALUES (1433 , 1000 , 0 , '14331542180872453522' , '2018-11-14 15:34:32') [ RunTime:0.000497s ]
---------------------------------------------------------------
[ 2018-11-14T15:34:51+08:00 ] 27.151.29.104 115.236.102.36 POST /index/lianlianpay/notify_url
[ info ] www.dsqqweb.com/index/lianlianpay/notify_url [运行时间：0.056306s][吞吐率：17.76req/s] [内存消耗：4,043.86kb] [文件加载：66]
[ info ] [ CACHE ] INIT File
[ info ] [ LANG ] /www/wwwroot/feichangpeizi/thinkphp/lang/zh-cn.php
[ info ] [ ROUTE ] array (
  'type' => 'module',
  'module' => 
  array (
    0 => 'index',
    1 => 'lianlianpay',
    2 => 'notify_url',
  ),
)
[ info ] [ HEADER ] array (
  'content-type' => 'text/json;charset=UTF-8',
  'connection' => 'Close',
  'user-agent' => 'httpcomponents',
  'correlationid' => 'f375b017-08c6-4410-b825-5a7ff9721fb5',
  'content-length' => '440',
  'host' => 'www.dsqqweb.com',
  'cookie' => 'PHPSESSID=ju1su3bn4asnonji0g4ek40lo6',
  'cookie2' => '$Version=1',
  'accept-encoding' => 'gzip,deflate',
)
[ info ] [ PARAM ] array (
)
[ info ] [ BEHAVIOR ] Run app\common\behavior\Config @app_begin [ RunTime:0.000315s ]
[ info ] [ BEHAVIOR ] Run app\common\behavior\Hook @app_begin [ RunTime:0.004139s ]
[ info ] [ LOG ] INIT File
[ info ] [ RUN ] app\index\controller\Lianlianpay->notify_url[ /www/wwwroot/feichangpeizi/application/index/controller/Lianlianpay.php ]
[ info ] [ DB ] INIT mysql
[ 原串:bank_code=01020000&dt_order=20181114153432&money_order=1000.0&no_order=14331542180872453522&oid_partner=201810190002237014&oid_paybill=2018111429184564&pay_type=P&result_pay=SUCCESS&settle_date=20181114&sign_type=RSA
 ] log.txt
[ sign:cSd0tHdF4j9YPKipQea+3kqlU0mp2hkUa4gvI7h5i/MdvlgjzsgGdRwcRkfAqzv76d9rLb3Qz8jidRTWnSyzkelwgw9b2dA9Skr5/duOrT/Qcl2j1tj/o4/55bxC5OgjEo2oKl+GTd/+iEVlrrScDaO1q+Sxz7U1+KpSc5NtAgc=
 ] log.txt
[ sql ] [ DB ] CONNECT:[ UseTime:0.000515s ] mysql:dbname=fcpeizi;host=localhost;port=3306;charset=utf8
[ sql ] [ SQL ] SHOW COLUMNS FROM `xh_member_recharge` [ RunTime:0.001272s ]
[ sql ] [ SQL ] UPDATE `xh_member_recharge`  SET `status`=1  WHERE  (  no_order='14331542180872453522' ) [ RunTime:0.000533s ]
[ sql ] [ SQL ] SELECT * FROM `xh_member_recharge` WHERE  (  no_order='14331542180872453522' ) LIMIT 1 [ RunTime:0.000458s ]
[ sql ] [ SQL ] SHOW COLUMNS FROM `xh_member` [ RunTime:0.001107s ]
[ sql ] [ SQL ] SELECT * FROM `xh_member` WHERE  (  id=1433 ) LIMIT 1 [ RunTime:0.000305s ]
[ sql ] [ SQL ] UPDATE `xh_member`  SET `usableSum`=usableSum+1000  WHERE  (  id=1433 ) [ RunTime:0.000670s ]
[ sql ] [ SQL ] SHOW COLUMNS FROM `xh_member_fundrecord` [ RunTime:0.001079s ]
[ sql ] [ SQL ] INSERT INTO `xh_member_fundrecord` (`memberId` , `flow` , `amount` , `usableSum` , `remarks` , `createTime`) VALUES (1433 , 1 , 1000 , 2250 , '连连支付充值成功' , '2018-11-14 15:34:51') [ RunTime:0.000422s ]
---------------------------------------------------------------
[ 2018-11-14T15:35:31+08:00 ] 27.151.29.104 61.129.6.251 GET /index/lianlianauthpay/authllpay_wap?b-pay-amount=1000&bankCard=6222080406001178074&realName=%E9%9F%A9%E8%89%B3%E6%97%AD&IDCard=
[ info ] www.dsqqweb.com/index/lianlianauthpay/authllpay_wap?b-pay-amount=1000&bankCard=6222080406001178074&realName=%E9%9F%A9%E8%89%B3%E6%97%AD&IDCard= [运行时间：0.051133s][吞吐率：19.56req/s] [内存消耗：2,990.55kb] [文件加载：57]
[ info ] [ CACHE ] INIT File
[ info ] [ LANG ] /www/wwwroot/feichangpeizi/thinkphp/lang/zh-cn.php
[ info ] [ ROUTE ] array (
  'type' => 'module',
  'module' => 
  array (
    0 => 'index',
    1 => 'lianlianauthpay',
    2 => 'authllpay_wap',
  ),
)
[ info ] [ HEADER ] array (
  'user-agent' => 'Mozilla/5.0 (iPhone; CPU iPhone OS 10_2_1 like Mac OS X) AppleWebKit/602.4.6 (KHTML, like Gecko) Mobile/14D27 MicroMessenger/6.5.5 NetType/WIFI Language/zh_CN',
  'accept' => '*/*',
  'accept-language' => 'zh-CN,zh;q=0.8,en-US;q=0.6,en;q=0.4',
  'host' => 'www.dsqqweb.com',
  'connection' => 'keep-alive',
  'content-type' => '',
  'content-length' => '',
)
[ info ] [ PARAM ] array (
  'b-pay-amount' => '1000',
  'bankCard' => '6222080406001178074',
  'realName' => '韩艳旭',
  'IDCard' => '',
)
[ info ] [ BEHAVIOR ] Run app\common\behavior\Config @app_begin [ RunTime:0.000482s ]
[ info ] [ BEHAVIOR ] Run app\common\behavior\Hook @app_begin [ RunTime:0.006075s ]
[ info ] [ LOG ] INIT File
[ info ] [ RUN ] app\index\controller\Lianlianauthpay->authllpay_wap[ /www/wwwroot/feichangpeizi/application/index/controller/Lianlianauthpay.php ]
---------------------------------------------------------------
[ 2018-11-14T16:39:09+08:00 ] 27.151.29.104 223.104.31.168 GET /index/lianlianauthpay/authllpay_wap?b-pay-amount=1250&bankCard=6217906500025268051&realName=%E7%8E%8B%E5%8D%87%E8%B4%A2&IDCard=
[ info ] www.dsqqweb.com/index/lianlianauthpay/authllpay_wap?b-pay-amount=1250&bankCard=6217906500025268051&realName=%E7%8E%8B%E5%8D%87%E8%B4%A2&IDCard= [运行时间：0.069739s][吞吐率：14.34req/s] [内存消耗：4,083.30kb] [文件加载：68]
[ info ] [ CACHE ] INIT File
[ info ] [ LANG ] /www/wwwroot/feichangpeizi/thinkphp/lang/zh-cn.php
[ info ] [ ROUTE ] array (
  'type' => 'module',
  'module' => 
  array (
    0 => 'index',
    1 => 'lianlianauthpay',
    2 => 'authllpay_wap',
  ),
)
[ info ] [ HEADER ] array (
  'host' => 'www.dsqqweb.com',
  'cookie' => 'PHPSESSID=ppa3gsho7mk8eoqhq3r7qh2l33',
  'connection' => 'keep-alive',
  'upgrade-insecure-requests' => '1',
  'accept' => 'text/html,application/xhtml+xml,application/xml;q=0.9,*/*;q=0.8',
  'user-agent' => 'Mozilla/5.0 (iPhone; CPU iPhone OS 11_1_2 like Mac OS X) AppleWebKit/604.3.5 (KHTML, like Gecko) Mobile/15B202',
  'referer' => 'http://www.dsqqweb.com/ucenter/quick_pay.html',
  'accept-language' => 'zh-cn',
  'accept-encoding' => 'gzip, deflate',
  'content-type' => '',
  'content-length' => '',
)
[ info ] [ PARAM ] array (
  'b-pay-amount' => '1250',
  'bankCard' => '6217906500025268051',
  'realName' => '王升财',
  'IDCard' => '',
)
[ info ] [ BEHAVIOR ] Run app\common\behavior\Config @app_begin [ RunTime:0.000396s ]
[ info ] [ BEHAVIOR ] Run app\common\behavior\Hook @app_begin [ RunTime:0.005259s ]
[ info ] [ DB ] INIT mysql
[ info ] [ LOG ] INIT File
[ info ] [ RUN ] app\index\controller\Lianlianauthpay->authllpay_wap[ /www/wwwroot/feichangpeizi/application/index/controller/Lianlianauthpay.php ]
[ sql ] [ DB ] CONNECT:[ UseTime:0.000530s ] mysql:dbname=fcpeizi;host=localhost;port=3306;charset=utf8
[ sql ] [ SQL ] SHOW COLUMNS FROM `xh_member` [ RunTime:0.001393s ]
[ sql ] [ SQL ] SELECT `usableSum` FROM `xh_member` WHERE  (  id=1419 ) LIMIT 1 [ RunTime:0.000291s ]
[ sql ] [ SQL ] SELECT * FROM `xh_member` WHERE  (  id=1419 ) LIMIT 1 [ RunTime:0.000259s ]
[ sql ] [ SQL ] SHOW COLUMNS FROM `xh_member_recharge` [ RunTime:0.001012s ]
[ sql ] [ SQL ] INSERT INTO `xh_member_recharge` (`memberId` , `amount` , `status` , `no_order` , `createTime`) VALUES (1419 , 1250 , 0 , '14191542184749393524' , '2018-11-14 16:39:09') [ RunTime:0.000552s ]
---------------------------------------------------------------
[ 2018-11-14T16:40:18+08:00 ] 27.151.29.104 115.236.102.36 POST /index/lianlianpay/notify_url
[ info ] www.dsqqweb.com/index/lianlianpay/notify_url [运行时间：0.065896s][吞吐率：15.18req/s] [内存消耗：4,043.86kb] [文件加载：66]
[ info ] [ CACHE ] INIT File
[ info ] [ LANG ] /www/wwwroot/feichangpeizi/thinkphp/lang/zh-cn.php
[ info ] [ ROUTE ] array (
  'type' => 'module',
  'module' => 
  array (
    0 => 'index',
    1 => 'lianlianpay',
    2 => 'notify_url',
  ),
)
[ info ] [ HEADER ] array (
  'content-type' => 'text/json;charset=UTF-8',
  'connection' => 'Close',
  'user-agent' => 'httpcomponents',
  'correlationid' => '652841b6-7903-4a52-b7ad-8f7acaee5605',
  'content-length' => '440',
  'host' => 'www.dsqqweb.com',
  'cookie' => 'PHPSESSID=3mt2j85a52vsn0ap4qd1v8aue3',
  'cookie2' => '$Version=1',
  'accept-encoding' => 'gzip,deflate',
)
[ info ] [ PARAM ] array (
)
[ info ] [ BEHAVIOR ] Run app\common\behavior\Config @app_begin [ RunTime:0.000389s ]
[ info ] [ BEHAVIOR ] Run app\common\behavior\Hook @app_begin [ RunTime:0.005408s ]
[ info ] [ LOG ] INIT File
[ info ] [ RUN ] app\index\controller\Lianlianpay->notify_url[ /www/wwwroot/feichangpeizi/application/index/controller/Lianlianpay.php ]
[ info ] [ DB ] INIT mysql
[ 原串:bank_code=01040000&dt_order=20181114163909&money_order=1250.0&no_order=14191542184749393524&oid_partner=201810190002237014&oid_paybill=2018111429414916&pay_type=P&result_pay=SUCCESS&settle_date=20181114&sign_type=RSA
 ] log.txt
[ sign:Q9EX6Yt3cWIjXiVWrpIjn5T0H6msShtU4mY0TvD5vVJLC4kk0HFWI8ahlltQBzYLt2/254VnFjfhqOG5HcF/iiloO9US5Zhm1r/ig/TnsPSssZmm0RPrWs80H4zbLcX/ty3ndYU0fbEdQeJb5EULFzUW80xStqzaswTE+VUtte4=
 ] log.txt
[ sql ] [ DB ] CONNECT:[ UseTime:0.000662s ] mysql:dbname=fcpeizi;host=localhost;port=3306;charset=utf8
[ sql ] [ SQL ] SHOW COLUMNS FROM `xh_member_recharge` [ RunTime:0.001361s ]
[ sql ] [ SQL ] UPDATE `xh_member_recharge`  SET `status`=1  WHERE  (  no_order='14191542184749393524' ) [ RunTime:0.000463s ]
[ sql ] [ SQL ] SELECT * FROM `xh_member_recharge` WHERE  (  no_order='14191542184749393524' ) LIMIT 1 [ RunTime:0.000469s ]
[ sql ] [ SQL ] SHOW COLUMNS FROM `xh_member` [ RunTime:0.001071s ]
[ sql ] [ SQL ] SELECT * FROM `xh_member` WHERE  (  id=1419 ) LIMIT 1 [ RunTime:0.000241s ]
[ sql ] [ SQL ] UPDATE `xh_member`  SET `usableSum`=usableSum+1250  WHERE  (  id=1419 ) [ RunTime:0.000536s ]
[ sql ] [ SQL ] SHOW COLUMNS FROM `xh_member_fundrecord` [ RunTime:0.001006s ]
[ sql ] [ SQL ] INSERT INTO `xh_member_fundrecord` (`memberId` , `flow` , `amount` , `usableSum` , `remarks` , `createTime`) VALUES (1419 , 1 , 1250 , 1250 , '连连支付充值成功' , '2018-11-14 16:40:18') [ RunTime:0.000329s ]
