---------------------------------------------------------------
[ 2018-11-22T09:46:00+08:00 ] 27.151.29.104 111.2.97.216 GET /index/lianlianauthpay/authllpay_wap?b-pay-amount=5000&bankCard=6228480389436961817&realName=%E9%BE%99%E6%96%87%E4%B8%9C&IDCard=
[ info ] www.dsqqweb.com/index/lianlianauthpay/authllpay_wap?b-pay-amount=5000&bankCard=6228480389436961817&realName=%E9%BE%99%E6%96%87%E4%B8%9C&IDCard= [运行时间：0.074025s][吞吐率：13.51req/s] [内存消耗：4,083.98kb] [文件加载：68]
[ info ] [ CACHE ] INIT File
[ info ] [ LANG ] /www/wwwroot/feichangpeizi/thinkphp/lang/zh-cn.php
[ info ] [ ROUTE ] array (
  'type' => 'module',
  'module' => 
  array (
    0 => 'index',
    1 => 'lianlianauthpay',
    2 => 'authllpay_wap',
  ),
)
[ info ] [ HEADER ] array (
  'host' => 'www.dsqqweb.com',
  'connection' => 'keep-alive',
  'upgrade-insecure-requests' => '1',
  'user-agent' => 'Mozilla/5.0 (Linux; Android 7.1.2; MI 5X Build/N2G47H; wv) AppleWebKit/537.36 (KHTML, like Gecko) Version/4.0 Chrome/64.0.3282.137 Mobile Safari/537.36',
  'accept' => 'text/html,application/xhtml+xml,application/xml;q=0.9,image/webp,image/apng,*/*;q=0.8',
  'referer' => 'http://www.dsqqweb.com/ucenter/quick_pay.html',
  'accept-encoding' => 'gzip, deflate',
  'accept-language' => 'zh-CN,en-US;q=0.9',
  'cookie' => 'PHPSESSID=b8faclkqj054jgkje8e9cjdk03',
  'x-requested-with' => 'www.dsqqapp.com',
  'content-type' => '',
  'content-length' => '',
)
[ info ] [ PARAM ] array (
  'b-pay-amount' => '5000',
  'bankCard' => '6228480389436961817',
  'realName' => '龙文东',
  'IDCard' => '',
)
[ info ] [ BEHAVIOR ] Run app\common\behavior\Config @app_begin [ RunTime:0.000456s ]
[ info ] [ BEHAVIOR ] Run app\common\behavior\Hook @app_begin [ RunTime:0.006086s ]
[ info ] [ DB ] INIT mysql
[ info ] [ LOG ] INIT File
[ info ] [ RUN ] app\index\controller\Lianlianauthpay->authllpay_wap[ /www/wwwroot/feichangpeizi/application/index/controller/Lianlianauthpay.php ]
[ sql ] [ DB ] CONNECT:[ UseTime:0.000502s ] mysql:dbname=fcpeizi;host=localhost;port=3306;charset=utf8
[ sql ] [ SQL ] SHOW COLUMNS FROM `xh_member` [ RunTime:0.001266s ]
[ sql ] [ SQL ] SELECT `usableSum` FROM `xh_member` WHERE  (  id=1470 ) LIMIT 1 [ RunTime:0.000354s ]
[ sql ] [ SQL ] SELECT * FROM `xh_member` WHERE  (  id=1470 ) LIMIT 1 [ RunTime:0.000249s ]
[ sql ] [ SQL ] SHOW COLUMNS FROM `xh_member_recharge` [ RunTime:0.000957s ]
[ sql ] [ SQL ] INSERT INTO `xh_member_recharge` (`memberId` , `amount` , `status` , `no_order` , `createTime`) VALUES (1470 , 5000 , 0 , '14701542851160014538' , '2018-11-22 09:46:00') [ RunTime:0.000447s ]
---------------------------------------------------------------
[ 2018-11-22T09:46:41+08:00 ] 27.151.29.104 111.2.97.216 GET /index/lianlianauthpay/authllpay_wap?b-pay-amount=5000&bankCard=6228480389436961817&realName=%E9%BE%99%E6%96%87%E4%B8%9C&IDCard=
[ info ] www.dsqqweb.com/index/lianlianauthpay/authllpay_wap?b-pay-amount=5000&bankCard=6228480389436961817&realName=%E9%BE%99%E6%96%87%E4%B8%9C&IDCard= [运行时间：0.056734s][吞吐率：17.63req/s] [内存消耗：4,083.68kb] [文件加载：68]
[ info ] [ CACHE ] INIT File
[ info ] [ LANG ] /www/wwwroot/feichangpeizi/thinkphp/lang/zh-cn.php
[ info ] [ ROUTE ] array (
  'type' => 'module',
  'module' => 
  array (
    0 => 'index',
    1 => 'lianlianauthpay',
    2 => 'authllpay_wap',
  ),
)
[ info ] [ HEADER ] array (
  'host' => 'www.dsqqweb.com',
  'connection' => 'keep-alive',
  'upgrade-insecure-requests' => '1',
  'user-agent' => 'Mozilla/5.0 (Linux; Android 7.1.2; MI 5X Build/N2G47H; wv) AppleWebKit/537.36 (KHTML, like Gecko) Version/4.0 Chrome/64.0.3282.137 Mobile Safari/537.36',
  'accept' => 'text/html,application/xhtml+xml,application/xml;q=0.9,image/webp,image/apng,*/*;q=0.8',
  'accept-encoding' => 'gzip, deflate',
  'accept-language' => 'zh-CN,en-US;q=0.9',
  'cookie' => 'PHPSESSID=b8faclkqj054jgkje8e9cjdk03',
  'x-requested-with' => 'www.dsqqapp.com',
  'content-type' => '',
  'content-length' => '',
)
[ info ] [ PARAM ] array (
  'b-pay-amount' => '5000',
  'bankCard' => '6228480389436961817',
  'realName' => '龙文东',
  'IDCard' => '',
)
[ info ] [ BEHAVIOR ] Run app\common\behavior\Config @app_begin [ RunTime:0.000334s ]
[ info ] [ BEHAVIOR ] Run app\common\behavior\Hook @app_begin [ RunTime:0.004404s ]
[ info ] [ DB ] INIT mysql
[ info ] [ LOG ] INIT File
[ info ] [ RUN ] app\index\controller\Lianlianauthpay->authllpay_wap[ /www/wwwroot/feichangpeizi/application/index/controller/Lianlianauthpay.php ]
[ sql ] [ DB ] CONNECT:[ UseTime:0.000363s ] mysql:dbname=fcpeizi;host=localhost;port=3306;charset=utf8
[ sql ] [ SQL ] SHOW COLUMNS FROM `xh_member` [ RunTime:0.001237s ]
[ sql ] [ SQL ] SELECT `usableSum` FROM `xh_member` WHERE  (  id=1470 ) LIMIT 1 [ RunTime:0.000222s ]
[ sql ] [ SQL ] SELECT * FROM `xh_member` WHERE  (  id=1470 ) LIMIT 1 [ RunTime:0.000252s ]
[ sql ] [ SQL ] SHOW COLUMNS FROM `xh_member_recharge` [ RunTime:0.000763s ]
[ sql ] [ SQL ] INSERT INTO `xh_member_recharge` (`memberId` , `amount` , `status` , `no_order` , `createTime`) VALUES (1470 , 5000 , 0 , '14701542851201625646' , '2018-11-22 09:46:41') [ RunTime:0.000288s ]
---------------------------------------------------------------
[ 2018-11-22T09:46:43+08:00 ] 27.151.29.104 111.2.97.216 GET /index/lianlianauthpay/authllpay_wap?b-pay-amount=5000&bankCard=6228480389436961817&realName=%E9%BE%99%E6%96%87%E4%B8%9C&IDCard=
[ info ] www.dsqqweb.com/index/lianlianauthpay/authllpay_wap?b-pay-amount=5000&bankCard=6228480389436961817&realName=%E9%BE%99%E6%96%87%E4%B8%9C&IDCard= [运行时间：0.056592s][吞吐率：17.67req/s] [内存消耗：4,083.68kb] [文件加载：68]
[ info ] [ CACHE ] INIT File
[ info ] [ LANG ] /www/wwwroot/feichangpeizi/thinkphp/lang/zh-cn.php
[ info ] [ ROUTE ] array (
  'type' => 'module',
  'module' => 
  array (
    0 => 'index',
    1 => 'lianlianauthpay',
    2 => 'authllpay_wap',
  ),
)
[ info ] [ HEADER ] array (
  'host' => 'www.dsqqweb.com',
  'connection' => 'keep-alive',
  'upgrade-insecure-requests' => '1',
  'user-agent' => 'Mozilla/5.0 (Linux; Android 7.1.2; MI 5X Build/N2G47H; wv) AppleWebKit/537.36 (KHTML, like Gecko) Version/4.0 Chrome/64.0.3282.137 Mobile Safari/537.36',
  'accept' => 'text/html,application/xhtml+xml,application/xml;q=0.9,image/webp,image/apng,*/*;q=0.8',
  'accept-encoding' => 'gzip, deflate',
  'accept-language' => 'zh-CN,en-US;q=0.9',
  'cookie' => 'PHPSESSID=b8faclkqj054jgkje8e9cjdk03',
  'x-requested-with' => 'www.dsqqapp.com',
  'content-type' => '',
  'content-length' => '',
)
[ info ] [ PARAM ] array (
  'b-pay-amount' => '5000',
  'bankCard' => '6228480389436961817',
  'realName' => '龙文东',
  'IDCard' => '',
)
[ info ] [ BEHAVIOR ] Run app\common\behavior\Config @app_begin [ RunTime:0.000328s ]
[ info ] [ BEHAVIOR ] Run app\common\behavior\Hook @app_begin [ RunTime:0.004205s ]
[ info ] [ DB ] INIT mysql
[ info ] [ LOG ] INIT File
[ info ] [ RUN ] app\index\controller\Lianlianauthpay->authllpay_wap[ /www/wwwroot/feichangpeizi/application/index/controller/Lianlianauthpay.php ]
[ sql ] [ DB ] CONNECT:[ UseTime:0.000296s ] mysql:dbname=fcpeizi;host=localhost;port=3306;charset=utf8
[ sql ] [ SQL ] SHOW COLUMNS FROM `xh_member` [ RunTime:0.001227s ]
[ sql ] [ SQL ] SELECT `usableSum` FROM `xh_member` WHERE  (  id=1470 ) LIMIT 1 [ RunTime:0.000220s ]
[ sql ] [ SQL ] SELECT * FROM `xh_member` WHERE  (  id=1470 ) LIMIT 1 [ RunTime:0.000191s ]
[ sql ] [ SQL ] SHOW COLUMNS FROM `xh_member_recharge` [ RunTime:0.000998s ]
[ sql ] [ SQL ] INSERT INTO `xh_member_recharge` (`memberId` , `amount` , `status` , `no_order` , `createTime`) VALUES (1470 , 5000 , 0 , '14701542851203404622' , '2018-11-22 09:46:43') [ RunTime:0.000355s ]
---------------------------------------------------------------
[ 2018-11-22T09:46:45+08:00 ] 27.151.29.104 111.2.97.216 GET /index/lianlianauthpay/authllpay_wap?b-pay-amount=5000&bankCard=6228480389436961817&realName=%E9%BE%99%E6%96%87%E4%B8%9C&IDCard=
[ info ] www.dsqqweb.com/index/lianlianauthpay/authllpay_wap?b-pay-amount=5000&bankCard=6228480389436961817&realName=%E9%BE%99%E6%96%87%E4%B8%9C&IDCard= [运行时间：0.076249s][吞吐率：13.11req/s] [内存消耗：4,083.68kb] [文件加载：68]
[ info ] [ CACHE ] INIT File
[ info ] [ LANG ] /www/wwwroot/feichangpeizi/thinkphp/lang/zh-cn.php
[ info ] [ ROUTE ] array (
  'type' => 'module',
  'module' => 
  array (
    0 => 'index',
    1 => 'lianlianauthpay',
    2 => 'authllpay_wap',
  ),
)
[ info ] [ HEADER ] array (
  'host' => 'www.dsqqweb.com',
  'connection' => 'keep-alive',
  'upgrade-insecure-requests' => '1',
  'user-agent' => 'Mozilla/5.0 (Linux; Android 7.1.2; MI 5X Build/N2G47H; wv) AppleWebKit/537.36 (KHTML, like Gecko) Version/4.0 Chrome/64.0.3282.137 Mobile Safari/537.36',
  'accept' => 'text/html,application/xhtml+xml,application/xml;q=0.9,image/webp,image/apng,*/*;q=0.8',
  'accept-encoding' => 'gzip, deflate',
  'accept-language' => 'zh-CN,en-US;q=0.9',
  'cookie' => 'PHPSESSID=b8faclkqj054jgkje8e9cjdk03',
  'x-requested-with' => 'www.dsqqapp.com',
  'content-type' => '',
  'content-length' => '',
)
[ info ] [ PARAM ] array (
  'b-pay-amount' => '5000',
  'bankCard' => '6228480389436961817',
  'realName' => '龙文东',
  'IDCard' => '',
)
[ info ] [ BEHAVIOR ] Run app\common\behavior\Config @app_begin [ RunTime:0.000562s ]
[ info ] [ BEHAVIOR ] Run app\common\behavior\Hook @app_begin [ RunTime:0.005739s ]
[ info ] [ DB ] INIT mysql
[ info ] [ LOG ] INIT File
[ info ] [ RUN ] app\index\controller\Lianlianauthpay->authllpay_wap[ /www/wwwroot/feichangpeizi/application/index/controller/Lianlianauthpay.php ]
[ sql ] [ DB ] CONNECT:[ UseTime:0.000566s ] mysql:dbname=fcpeizi;host=localhost;port=3306;charset=utf8
[ sql ] [ SQL ] SHOW COLUMNS FROM `xh_member` [ RunTime:0.001150s ]
[ sql ] [ SQL ] SELECT `usableSum` FROM `xh_member` WHERE  (  id=1470 ) LIMIT 1 [ RunTime:0.000349s ]
[ sql ] [ SQL ] SELECT * FROM `xh_member` WHERE  (  id=1470 ) LIMIT 1 [ RunTime:0.000261s ]
[ sql ] [ SQL ] SHOW COLUMNS FROM `xh_member_recharge` [ RunTime:0.001016s ]
[ sql ] [ SQL ] INSERT INTO `xh_member_recharge` (`memberId` , `amount` , `status` , `no_order` , `createTime`) VALUES (1470 , 5000 , 0 , '14701542851204994604' , '2018-11-22 09:46:44') [ RunTime:0.000382s ]
---------------------------------------------------------------
[ 2018-11-22T09:46:46+08:00 ] 27.151.29.104 111.2.97.216 GET /index/lianlianauthpay/authllpay_wap?b-pay-amount=5000&bankCard=6228480389436961817&realName=%E9%BE%99%E6%96%87%E4%B8%9C&IDCard=
[ info ] www.dsqqweb.com/index/lianlianauthpay/authllpay_wap?b-pay-amount=5000&bankCard=6228480389436961817&realName=%E9%BE%99%E6%96%87%E4%B8%9C&IDCard= [运行时间：0.074724s][吞吐率：13.38req/s] [内存消耗：4,083.68kb] [文件加载：68]
[ info ] [ CACHE ] INIT File
[ info ] [ LANG ] /www/wwwroot/feichangpeizi/thinkphp/lang/zh-cn.php
[ info ] [ ROUTE ] array (
  'type' => 'module',
  'module' => 
  array (
    0 => 'index',
    1 => 'lianlianauthpay',
    2 => 'authllpay_wap',
  ),
)
[ info ] [ HEADER ] array (
  'host' => 'www.dsqqweb.com',
  'connection' => 'keep-alive',
  'upgrade-insecure-requests' => '1',
  'user-agent' => 'Mozilla/5.0 (Linux; Android 7.1.2; MI 5X Build/N2G47H; wv) AppleWebKit/537.36 (KHTML, like Gecko) Version/4.0 Chrome/64.0.3282.137 Mobile Safari/537.36',
  'accept' => 'text/html,application/xhtml+xml,application/xml;q=0.9,image/webp,image/apng,*/*;q=0.8',
  'accept-encoding' => 'gzip, deflate',
  'accept-language' => 'zh-CN,en-US;q=0.9',
  'cookie' => 'PHPSESSID=b8faclkqj054jgkje8e9cjdk03',
  'x-requested-with' => 'www.dsqqapp.com',
  'content-type' => '',
  'content-length' => '',
)
[ info ] [ PARAM ] array (
  'b-pay-amount' => '5000',
  'bankCard' => '6228480389436961817',
  'realName' => '龙文东',
  'IDCard' => '',
)
[ info ] [ BEHAVIOR ] Run app\common\behavior\Config @app_begin [ RunTime:0.000462s ]
[ info ] [ BEHAVIOR ] Run app\common\behavior\Hook @app_begin [ RunTime:0.005901s ]
[ info ] [ DB ] INIT mysql
[ info ] [ LOG ] INIT File
[ info ] [ RUN ] app\index\controller\Lianlianauthpay->authllpay_wap[ /www/wwwroot/feichangpeizi/application/index/controller/Lianlianauthpay.php ]
[ sql ] [ DB ] CONNECT:[ UseTime:0.000521s ] mysql:dbname=fcpeizi;host=localhost;port=3306;charset=utf8
[ sql ] [ SQL ] SHOW COLUMNS FROM `xh_member` [ RunTime:0.001042s ]
[ sql ] [ SQL ] SELECT `usableSum` FROM `xh_member` WHERE  (  id=1470 ) LIMIT 1 [ RunTime:0.000313s ]
[ sql ] [ SQL ] SELECT * FROM `xh_member` WHERE  (  id=1470 ) LIMIT 1 [ RunTime:0.000234s ]
[ sql ] [ SQL ] SHOW COLUMNS FROM `xh_member_recharge` [ RunTime:0.000868s ]
[ sql ] [ SQL ] INSERT INTO `xh_member_recharge` (`memberId` , `amount` , `status` , `no_order` , `createTime`) VALUES (1470 , 5000 , 0 , '14701542851206826826' , '2018-11-22 09:46:46') [ RunTime:0.000353s ]
---------------------------------------------------------------
[ 2018-11-22T09:46:48+08:00 ] 27.151.29.104 111.2.97.216 GET /index/lianlianauthpay/authllpay_wap?b-pay-amount=5000&bankCard=6228480389436961817&realName=%E9%BE%99%E6%96%87%E4%B8%9C&IDCard=
[ info ] www.dsqqweb.com/index/lianlianauthpay/authllpay_wap?b-pay-amount=5000&bankCard=6228480389436961817&realName=%E9%BE%99%E6%96%87%E4%B8%9C&IDCard= [运行时间：0.057629s][吞吐率：17.35req/s] [内存消耗：4,083.68kb] [文件加载：68]
[ info ] [ CACHE ] INIT File
[ info ] [ LANG ] /www/wwwroot/feichangpeizi/thinkphp/lang/zh-cn.php
[ info ] [ ROUTE ] array (
  'type' => 'module',
  'module' => 
  array (
    0 => 'index',
    1 => 'lianlianauthpay',
    2 => 'authllpay_wap',
  ),
)
[ info ] [ HEADER ] array (
  'host' => 'www.dsqqweb.com',
  'connection' => 'keep-alive',
  'upgrade-insecure-requests' => '1',
  'user-agent' => 'Mozilla/5.0 (Linux; Android 7.1.2; MI 5X Build/N2G47H; wv) AppleWebKit/537.36 (KHTML, like Gecko) Version/4.0 Chrome/64.0.3282.137 Mobile Safari/537.36',
  'accept' => 'text/html,application/xhtml+xml,application/xml;q=0.9,image/webp,image/apng,*/*;q=0.8',
  'accept-encoding' => 'gzip, deflate',
  'accept-language' => 'zh-CN,en-US;q=0.9',
  'cookie' => 'PHPSESSID=b8faclkqj054jgkje8e9cjdk03',
  'x-requested-with' => 'www.dsqqapp.com',
  'content-type' => '',
  'content-length' => '',
)
[ info ] [ PARAM ] array (
  'b-pay-amount' => '5000',
  'bankCard' => '6228480389436961817',
  'realName' => '龙文东',
  'IDCard' => '',
)
[ info ] [ BEHAVIOR ] Run app\common\behavior\Config @app_begin [ RunTime:0.000319s ]
[ info ] [ BEHAVIOR ] Run app\common\behavior\Hook @app_begin [ RunTime:0.004322s ]
[ info ] [ DB ] INIT mysql
[ info ] [ LOG ] INIT File
[ info ] [ RUN ] app\index\controller\Lianlianauthpay->authllpay_wap[ /www/wwwroot/feichangpeizi/application/index/controller/Lianlianauthpay.php ]
[ sql ] [ DB ] CONNECT:[ UseTime:0.000396s ] mysql:dbname=fcpeizi;host=localhost;port=3306;charset=utf8
[ sql ] [ SQL ] SHOW COLUMNS FROM `xh_member` [ RunTime:0.001204s ]
[ sql ] [ SQL ] SELECT `usableSum` FROM `xh_member` WHERE  (  id=1470 ) LIMIT 1 [ RunTime:0.000348s ]
[ sql ] [ SQL ] SELECT * FROM `xh_member` WHERE  (  id=1470 ) LIMIT 1 [ RunTime:0.000336s ]
[ sql ] [ SQL ] SHOW COLUMNS FROM `xh_member_recharge` [ RunTime:0.001015s ]
[ sql ] [ SQL ] INSERT INTO `xh_member_recharge` (`memberId` , `amount` , `status` , `no_order` , `createTime`) VALUES (1470 , 5000 , 0 , '14701542851208550726' , '2018-11-22 09:46:48') [ RunTime:0.000435s ]
---------------------------------------------------------------
[ 2018-11-22T09:47:30+08:00 ] 27.151.29.104 111.2.97.216 GET /index/lianlianauthpay/authllpay_wap?b-pay-amount=5000&bankCard=6228480389436961817&realName=%E9%BE%99%E6%96%87%E4%B8%9C&IDCard=
[ info ] www.dsqqweb.com/index/lianlianauthpay/authllpay_wap?b-pay-amount=5000&bankCard=6228480389436961817&realName=%E9%BE%99%E6%96%87%E4%B8%9C&IDCard= [运行时间：0.061388s][吞吐率：16.29req/s] [内存消耗：4,083.68kb] [文件加载：68]
[ info ] [ CACHE ] INIT File
[ info ] [ LANG ] /www/wwwroot/feichangpeizi/thinkphp/lang/zh-cn.php
[ info ] [ ROUTE ] array (
  'type' => 'module',
  'module' => 
  array (
    0 => 'index',
    1 => 'lianlianauthpay',
    2 => 'authllpay_wap',
  ),
)
[ info ] [ HEADER ] array (
  'host' => 'www.dsqqweb.com',
  'connection' => 'keep-alive',
  'upgrade-insecure-requests' => '1',
  'user-agent' => 'Mozilla/5.0 (Linux; Android 7.1.2; MI 5X Build/N2G47H; wv) AppleWebKit/537.36 (KHTML, like Gecko) Version/4.0 Chrome/64.0.3282.137 Mobile Safari/537.36',
  'accept' => 'text/html,application/xhtml+xml,application/xml;q=0.9,image/webp,image/apng,*/*;q=0.8',
  'accept-encoding' => 'gzip, deflate',
  'accept-language' => 'zh-CN,en-US;q=0.9',
  'cookie' => 'PHPSESSID=b8faclkqj054jgkje8e9cjdk03',
  'x-requested-with' => 'www.dsqqapp.com',
  'content-type' => '',
  'content-length' => '',
)
[ info ] [ PARAM ] array (
  'b-pay-amount' => '5000',
  'bankCard' => '6228480389436961817',
  'realName' => '龙文东',
  'IDCard' => '',
)
[ info ] [ BEHAVIOR ] Run app\common\behavior\Config @app_begin [ RunTime:0.000315s ]
[ info ] [ BEHAVIOR ] Run app\common\behavior\Hook @app_begin [ RunTime:0.004296s ]
[ info ] [ DB ] INIT mysql
[ info ] [ LOG ] INIT File
[ info ] [ RUN ] app\index\controller\Lianlianauthpay->authllpay_wap[ /www/wwwroot/feichangpeizi/application/index/controller/Lianlianauthpay.php ]
[ sql ] [ DB ] CONNECT:[ UseTime:0.000544s ] mysql:dbname=fcpeizi;host=localhost;port=3306;charset=utf8
[ sql ] [ SQL ] SHOW COLUMNS FROM `xh_member` [ RunTime:0.001271s ]
[ sql ] [ SQL ] SELECT `usableSum` FROM `xh_member` WHERE  (  id=1470 ) LIMIT 1 [ RunTime:0.000334s ]
[ sql ] [ SQL ] SELECT * FROM `xh_member` WHERE  (  id=1470 ) LIMIT 1 [ RunTime:0.000344s ]
[ sql ] [ SQL ] SHOW COLUMNS FROM `xh_member_recharge` [ RunTime:0.001023s ]
[ sql ] [ SQL ] INSERT INTO `xh_member_recharge` (`memberId` , `amount` , `status` , `no_order` , `createTime`) VALUES (1470 , 5000 , 0 , '14701542851250319576' , '2018-11-22 09:47:30') [ RunTime:0.000507s ]
---------------------------------------------------------------
[ 2018-11-22T09:47:31+08:00 ] 27.151.29.104 111.2.97.216 GET /index/lianlianauthpay/authllpay_wap?b-pay-amount=5000&bankCard=6228480389436961817&realName=%E9%BE%99%E6%96%87%E4%B8%9C&IDCard=
[ info ] www.dsqqweb.com/index/lianlianauthpay/authllpay_wap?b-pay-amount=5000&bankCard=6228480389436961817&realName=%E9%BE%99%E6%96%87%E4%B8%9C&IDCard= [运行时间：0.056377s][吞吐率：17.74req/s] [内存消耗：4,083.68kb] [文件加载：68]
[ info ] [ CACHE ] INIT File
[ info ] [ LANG ] /www/wwwroot/feichangpeizi/thinkphp/lang/zh-cn.php
[ info ] [ ROUTE ] array (
  'type' => 'module',
  'module' => 
  array (
    0 => 'index',
    1 => 'lianlianauthpay',
    2 => 'authllpay_wap',
  ),
)
[ info ] [ HEADER ] array (
  'host' => 'www.dsqqweb.com',
  'connection' => 'keep-alive',
  'upgrade-insecure-requests' => '1',
  'user-agent' => 'Mozilla/5.0 (Linux; Android 7.1.2; MI 5X Build/N2G47H; wv) AppleWebKit/537.36 (KHTML, like Gecko) Version/4.0 Chrome/64.0.3282.137 Mobile Safari/537.36',
  'accept' => 'text/html,application/xhtml+xml,application/xml;q=0.9,image/webp,image/apng,*/*;q=0.8',
  'accept-encoding' => 'gzip, deflate',
  'accept-language' => 'zh-CN,en-US;q=0.9',
  'cookie' => 'PHPSESSID=b8faclkqj054jgkje8e9cjdk03',
  'x-requested-with' => 'www.dsqqapp.com',
  'content-type' => '',
  'content-length' => '',
)
[ info ] [ PARAM ] array (
  'b-pay-amount' => '5000',
  'bankCard' => '6228480389436961817',
  'realName' => '龙文东',
  'IDCard' => '',
)
[ info ] [ BEHAVIOR ] Run app\common\behavior\Config @app_begin [ RunTime:0.000309s ]
[ info ] [ BEHAVIOR ] Run app\common\behavior\Hook @app_begin [ RunTime:0.004163s ]
[ info ] [ DB ] INIT mysql
[ info ] [ LOG ] INIT File
[ info ] [ RUN ] app\index\controller\Lianlianauthpay->authllpay_wap[ /www/wwwroot/feichangpeizi/application/index/controller/Lianlianauthpay.php ]
[ sql ] [ DB ] CONNECT:[ UseTime:0.000500s ] mysql:dbname=fcpeizi;host=localhost;port=3306;charset=utf8
[ sql ] [ SQL ] SHOW COLUMNS FROM `xh_member` [ RunTime:0.001269s ]
[ sql ] [ SQL ] SELECT `usableSum` FROM `xh_member` WHERE  (  id=1470 ) LIMIT 1 [ RunTime:0.000274s ]
[ sql ] [ SQL ] SELECT * FROM `xh_member` WHERE  (  id=1470 ) LIMIT 1 [ RunTime:0.000302s ]
[ sql ] [ SQL ] SHOW COLUMNS FROM `xh_member_recharge` [ RunTime:0.001009s ]
[ sql ] [ SQL ] INSERT INTO `xh_member_recharge` (`memberId` , `amount` , `status` , `no_order` , `createTime`) VALUES (1470 , 5000 , 0 , '14701542851251812552' , '2018-11-22 09:47:31') [ RunTime:0.000520s ]
---------------------------------------------------------------
[ 2018-11-22T09:47:31+08:00 ] 27.151.29.104 111.2.97.216 GET /index/lianlianauthpay/authllpay_wap?b-pay-amount=5000&bankCard=6228480389436961817&realName=%E9%BE%99%E6%96%87%E4%B8%9C&IDCard=
[ info ] www.dsqqweb.com/index/lianlianauthpay/authllpay_wap?b-pay-amount=5000&bankCard=6228480389436961817&realName=%E9%BE%99%E6%96%87%E4%B8%9C&IDCard= [运行时间：0.062049s][吞吐率：16.12req/s] [内存消耗：4,083.68kb] [文件加载：68]
[ info ] [ CACHE ] INIT File
[ info ] [ LANG ] /www/wwwroot/feichangpeizi/thinkphp/lang/zh-cn.php
[ info ] [ ROUTE ] array (
  'type' => 'module',
  'module' => 
  array (
    0 => 'index',
    1 => 'lianlianauthpay',
    2 => 'authllpay_wap',
  ),
)
[ info ] [ HEADER ] array (
  'host' => 'www.dsqqweb.com',
  'connection' => 'keep-alive',
  'upgrade-insecure-requests' => '1',
  'user-agent' => 'Mozilla/5.0 (Linux; Android 7.1.2; MI 5X Build/N2G47H; wv) AppleWebKit/537.36 (KHTML, like Gecko) Version/4.0 Chrome/64.0.3282.137 Mobile Safari/537.36',
  'accept' => 'text/html,application/xhtml+xml,application/xml;q=0.9,image/webp,image/apng,*/*;q=0.8',
  'accept-encoding' => 'gzip, deflate',
  'accept-language' => 'zh-CN,en-US;q=0.9',
  'cookie' => 'PHPSESSID=b8faclkqj054jgkje8e9cjdk03',
  'x-requested-with' => 'www.dsqqapp.com',
  'content-type' => '',
  'content-length' => '',
)
[ info ] [ PARAM ] array (
  'b-pay-amount' => '5000',
  'bankCard' => '6228480389436961817',
  'realName' => '龙文东',
  'IDCard' => '',
)
[ info ] [ BEHAVIOR ] Run app\common\behavior\Config @app_begin [ RunTime:0.000313s ]
[ info ] [ BEHAVIOR ] Run app\common\behavior\Hook @app_begin [ RunTime:0.004261s ]
[ info ] [ DB ] INIT mysql
[ info ] [ LOG ] INIT File
[ info ] [ RUN ] app\index\controller\Lianlianauthpay->authllpay_wap[ /www/wwwroot/feichangpeizi/application/index/controller/Lianlianauthpay.php ]
[ sql ] [ DB ] CONNECT:[ UseTime:0.000511s ] mysql:dbname=fcpeizi;host=localhost;port=3306;charset=utf8
[ sql ] [ SQL ] SHOW COLUMNS FROM `xh_member` [ RunTime:0.001253s ]
[ sql ] [ SQL ] SELECT `usableSum` FROM `xh_member` WHERE  (  id=1470 ) LIMIT 1 [ RunTime:0.000285s ]
[ sql ] [ SQL ] SELECT * FROM `xh_member` WHERE  (  id=1470 ) LIMIT 1 [ RunTime:0.000330s ]
[ sql ] [ SQL ] SHOW COLUMNS FROM `xh_member_recharge` [ RunTime:0.001016s ]
[ sql ] [ SQL ] INSERT INTO `xh_member_recharge` (`memberId` , `amount` , `status` , `no_order` , `createTime`) VALUES (1470 , 5000 , 0 , '14701542851251924605' , '2018-11-22 09:47:31') [ RunTime:0.000467s ]
---------------------------------------------------------------
[ 2018-11-22T09:47:35+08:00 ] 27.151.29.104 111.2.97.216 GET /index/lianlianauthpay/authllpay_wap?b-pay-amount=5000&bankCard=6228480389436961817&realName=%E9%BE%99%E6%96%87%E4%B8%9C&IDCard=
[ info ] www.dsqqweb.com/index/lianlianauthpay/authllpay_wap?b-pay-amount=5000&bankCard=6228480389436961817&realName=%E9%BE%99%E6%96%87%E4%B8%9C&IDCard= [运行时间：0.061807s][吞吐率：16.18req/s] [内存消耗：4,083.68kb] [文件加载：68]
[ info ] [ CACHE ] INIT File
[ info ] [ LANG ] /www/wwwroot/feichangpeizi/thinkphp/lang/zh-cn.php
[ info ] [ ROUTE ] array (
  'type' => 'module',
  'module' => 
  array (
    0 => 'index',
    1 => 'lianlianauthpay',
    2 => 'authllpay_wap',
  ),
)
[ info ] [ HEADER ] array (
  'host' => 'www.dsqqweb.com',
  'connection' => 'keep-alive',
  'upgrade-insecure-requests' => '1',
  'user-agent' => 'Mozilla/5.0 (Linux; Android 7.1.2; MI 5X Build/N2G47H; wv) AppleWebKit/537.36 (KHTML, like Gecko) Version/4.0 Chrome/64.0.3282.137 Mobile Safari/537.36',
  'accept' => 'text/html,application/xhtml+xml,application/xml;q=0.9,image/webp,image/apng,*/*;q=0.8',
  'accept-encoding' => 'gzip, deflate',
  'accept-language' => 'zh-CN,en-US;q=0.9',
  'cookie' => 'PHPSESSID=b8faclkqj054jgkje8e9cjdk03',
  'x-requested-with' => 'www.dsqqapp.com',
  'content-type' => '',
  'content-length' => '',
)
[ info ] [ PARAM ] array (
  'b-pay-amount' => '5000',
  'bankCard' => '6228480389436961817',
  'realName' => '龙文东',
  'IDCard' => '',
)
[ info ] [ BEHAVIOR ] Run app\common\behavior\Config @app_begin [ RunTime:0.000323s ]
[ info ] [ BEHAVIOR ] Run app\common\behavior\Hook @app_begin [ RunTime:0.004299s ]
[ info ] [ DB ] INIT mysql
[ info ] [ LOG ] INIT File
[ info ] [ RUN ] app\index\controller\Lianlianauthpay->authllpay_wap[ /www/wwwroot/feichangpeizi/application/index/controller/Lianlianauthpay.php ]
[ sql ] [ DB ] CONNECT:[ UseTime:0.000514s ] mysql:dbname=fcpeizi;host=localhost;port=3306;charset=utf8
[ sql ] [ SQL ] SHOW COLUMNS FROM `xh_member` [ RunTime:0.001317s ]
[ sql ] [ SQL ] SELECT `usableSum` FROM `xh_member` WHERE  (  id=1470 ) LIMIT 1 [ RunTime:0.000289s ]
[ sql ] [ SQL ] SELECT * FROM `xh_member` WHERE  (  id=1470 ) LIMIT 1 [ RunTime:0.000398s ]
[ sql ] [ SQL ] SHOW COLUMNS FROM `xh_member_recharge` [ RunTime:0.001043s ]
[ sql ] [ SQL ] INSERT INTO `xh_member_recharge` (`memberId` , `amount` , `status` , `no_order` , `createTime`) VALUES (1470 , 5000 , 0 , '14701542851255160416' , '2018-11-22 09:47:35') [ RunTime:0.000493s ]
---------------------------------------------------------------
[ 2018-11-22T09:47:45+08:00 ] 27.151.29.104 111.2.97.216 GET /index/lianlianauthpay/authllpay_wap?b-pay-amount=5000&bankCard=6228480389436961817&realName=%E9%BE%99%E6%96%87%E4%B8%9C&IDCard=
[ info ] www.dsqqweb.com/index/lianlianauthpay/authllpay_wap?b-pay-amount=5000&bankCard=6228480389436961817&realName=%E9%BE%99%E6%96%87%E4%B8%9C&IDCard= [运行时间：0.060188s][吞吐率：16.61req/s] [内存消耗：4,083.68kb] [文件加载：68]
[ info ] [ CACHE ] INIT File
[ info ] [ LANG ] /www/wwwroot/feichangpeizi/thinkphp/lang/zh-cn.php
[ info ] [ ROUTE ] array (
  'type' => 'module',
  'module' => 
  array (
    0 => 'index',
    1 => 'lianlianauthpay',
    2 => 'authllpay_wap',
  ),
)
[ info ] [ HEADER ] array (
  'host' => 'www.dsqqweb.com',
  'connection' => 'keep-alive',
  'upgrade-insecure-requests' => '1',
  'user-agent' => 'Mozilla/5.0 (Linux; Android 7.1.2; MI 5X Build/N2G47H; wv) AppleWebKit/537.36 (KHTML, like Gecko) Version/4.0 Chrome/64.0.3282.137 Mobile Safari/537.36',
  'accept' => 'text/html,application/xhtml+xml,application/xml;q=0.9,image/webp,image/apng,*/*;q=0.8',
  'accept-encoding' => 'gzip, deflate',
  'accept-language' => 'zh-CN,en-US;q=0.9',
  'cookie' => 'PHPSESSID=b8faclkqj054jgkje8e9cjdk03',
  'x-requested-with' => 'www.dsqqapp.com',
  'content-type' => '',
  'content-length' => '',
)
[ info ] [ PARAM ] array (
  'b-pay-amount' => '5000',
  'bankCard' => '6228480389436961817',
  'realName' => '龙文东',
  'IDCard' => '',
)
[ info ] [ BEHAVIOR ] Run app\common\behavior\Config @app_begin [ RunTime:0.000310s ]
[ info ] [ BEHAVIOR ] Run app\common\behavior\Hook @app_begin [ RunTime:0.004221s ]
[ info ] [ DB ] INIT mysql
[ info ] [ LOG ] INIT File
[ info ] [ RUN ] app\index\controller\Lianlianauthpay->authllpay_wap[ /www/wwwroot/feichangpeizi/application/index/controller/Lianlianauthpay.php ]
[ sql ] [ DB ] CONNECT:[ UseTime:0.000507s ] mysql:dbname=fcpeizi;host=localhost;port=3306;charset=utf8
[ sql ] [ SQL ] SHOW COLUMNS FROM `xh_member` [ RunTime:0.001281s ]
[ sql ] [ SQL ] SELECT `usableSum` FROM `xh_member` WHERE  (  id=1470 ) LIMIT 1 [ RunTime:0.000221s ]
[ sql ] [ SQL ] SELECT * FROM `xh_member` WHERE  (  id=1470 ) LIMIT 1 [ RunTime:0.000334s ]
[ sql ] [ SQL ] SHOW COLUMNS FROM `xh_member_recharge` [ RunTime:0.001009s ]
[ sql ] [ SQL ] INSERT INTO `xh_member_recharge` (`memberId` , `amount` , `status` , `no_order` , `createTime`) VALUES (1470 , 5000 , 0 , '14701542851265383776' , '2018-11-22 09:47:45') [ RunTime:0.000475s ]
---------------------------------------------------------------
[ 2018-11-22T09:47:48+08:00 ] 27.151.29.104 111.2.97.216 GET /index/lianlianauthpay/authllpay_wap?b-pay-amount=5000&bankCard=6228480389436961817&realName=%E9%BE%99%E6%96%87%E4%B8%9C&IDCard=
[ info ] www.dsqqweb.com/index/lianlianauthpay/authllpay_wap?b-pay-amount=5000&bankCard=6228480389436961817&realName=%E9%BE%99%E6%96%87%E4%B8%9C&IDCard= [运行时间：0.056824s][吞吐率：17.60req/s] [内存消耗：4,083.68kb] [文件加载：68]
[ info ] [ CACHE ] INIT File
[ info ] [ LANG ] /www/wwwroot/feichangpeizi/thinkphp/lang/zh-cn.php
[ info ] [ ROUTE ] array (
  'type' => 'module',
  'module' => 
  array (
    0 => 'index',
    1 => 'lianlianauthpay',
    2 => 'authllpay_wap',
  ),
)
[ info ] [ HEADER ] array (
  'host' => 'www.dsqqweb.com',
  'connection' => 'keep-alive',
  'upgrade-insecure-requests' => '1',
  'user-agent' => 'Mozilla/5.0 (Linux; Android 7.1.2; MI 5X Build/N2G47H; wv) AppleWebKit/537.36 (KHTML, like Gecko) Version/4.0 Chrome/64.0.3282.137 Mobile Safari/537.36',
  'accept' => 'text/html,application/xhtml+xml,application/xml;q=0.9,image/webp,image/apng,*/*;q=0.8',
  'accept-encoding' => 'gzip, deflate',
  'accept-language' => 'zh-CN,en-US;q=0.9',
  'cookie' => 'PHPSESSID=b8faclkqj054jgkje8e9cjdk03',
  'x-requested-with' => 'www.dsqqapp.com',
  'content-type' => '',
  'content-length' => '',
)
[ info ] [ PARAM ] array (
  'b-pay-amount' => '5000',
  'bankCard' => '6228480389436961817',
  'realName' => '龙文东',
  'IDCard' => '',
)
[ info ] [ BEHAVIOR ] Run app\common\behavior\Config @app_begin [ RunTime:0.000324s ]
[ info ] [ BEHAVIOR ] Run app\common\behavior\Hook @app_begin [ RunTime:0.004282s ]
[ info ] [ DB ] INIT mysql
[ info ] [ LOG ] INIT File
[ info ] [ RUN ] app\index\controller\Lianlianauthpay->authllpay_wap[ /www/wwwroot/feichangpeizi/application/index/controller/Lianlianauthpay.php ]
[ sql ] [ DB ] CONNECT:[ UseTime:0.000469s ] mysql:dbname=fcpeizi;host=localhost;port=3306;charset=utf8
[ sql ] [ SQL ] SHOW COLUMNS FROM `xh_member` [ RunTime:0.001193s ]
[ sql ] [ SQL ] SELECT `usableSum` FROM `xh_member` WHERE  (  id=1470 ) LIMIT 1 [ RunTime:0.000308s ]
[ sql ] [ SQL ] SELECT * FROM `xh_member` WHERE  (  id=1470 ) LIMIT 1 [ RunTime:0.000295s ]
[ sql ] [ SQL ] SHOW COLUMNS FROM `xh_member_recharge` [ RunTime:0.000926s ]
[ sql ] [ SQL ] INSERT INTO `xh_member_recharge` (`memberId` , `amount` , `status` , `no_order` , `createTime`) VALUES (1470 , 5000 , 0 , '14701542851268234266' , '2018-11-22 09:47:48') [ RunTime:0.000491s ]
---------------------------------------------------------------
[ 2018-11-22T09:47:49+08:00 ] 27.151.29.104 111.2.97.216 GET /index/lianlianauthpay/authllpay_wap?b-pay-amount=5000&bankCard=6228480389436961817&realName=%E9%BE%99%E6%96%87%E4%B8%9C&IDCard=
[ info ] www.dsqqweb.com/index/lianlianauthpay/authllpay_wap?b-pay-amount=5000&bankCard=6228480389436961817&realName=%E9%BE%99%E6%96%87%E4%B8%9C&IDCard= [运行时间：0.058098s][吞吐率：17.21req/s] [内存消耗：4,083.68kb] [文件加载：68]
[ info ] [ CACHE ] INIT File
[ info ] [ LANG ] /www/wwwroot/feichangpeizi/thinkphp/lang/zh-cn.php
[ info ] [ ROUTE ] array (
  'type' => 'module',
  'module' => 
  array (
    0 => 'index',
    1 => 'lianlianauthpay',
    2 => 'authllpay_wap',
  ),
)
[ info ] [ HEADER ] array (
  'host' => 'www.dsqqweb.com',
  'connection' => 'keep-alive',
  'upgrade-insecure-requests' => '1',
  'user-agent' => 'Mozilla/5.0 (Linux; Android 7.1.2; MI 5X Build/N2G47H; wv) AppleWebKit/537.36 (KHTML, like Gecko) Version/4.0 Chrome/64.0.3282.137 Mobile Safari/537.36',
  'accept' => 'text/html,application/xhtml+xml,application/xml;q=0.9,image/webp,image/apng,*/*;q=0.8',
  'accept-encoding' => 'gzip, deflate',
  'accept-language' => 'zh-CN,en-US;q=0.9',
  'cookie' => 'PHPSESSID=b8faclkqj054jgkje8e9cjdk03',
  'x-requested-with' => 'www.dsqqapp.com',
  'content-type' => '',
  'content-length' => '',
)
[ info ] [ PARAM ] array (
  'b-pay-amount' => '5000',
  'bankCard' => '6228480389436961817',
  'realName' => '龙文东',
  'IDCard' => '',
)
[ info ] [ BEHAVIOR ] Run app\common\behavior\Config @app_begin [ RunTime:0.000332s ]
[ info ] [ BEHAVIOR ] Run app\common\behavior\Hook @app_begin [ RunTime:0.004535s ]
[ info ] [ DB ] INIT mysql
[ info ] [ LOG ] INIT File
[ info ] [ RUN ] app\index\controller\Lianlianauthpay->authllpay_wap[ /www/wwwroot/feichangpeizi/application/index/controller/Lianlianauthpay.php ]
[ sql ] [ DB ] CONNECT:[ UseTime:0.000496s ] mysql:dbname=fcpeizi;host=localhost;port=3306;charset=utf8
[ sql ] [ SQL ] SHOW COLUMNS FROM `xh_member` [ RunTime:0.001266s ]
[ sql ] [ SQL ] SELECT `usableSum` FROM `xh_member` WHERE  (  id=1470 ) LIMIT 1 [ RunTime:0.000327s ]
[ sql ] [ SQL ] SELECT * FROM `xh_member` WHERE  (  id=1470 ) LIMIT 1 [ RunTime:0.000296s ]
[ sql ] [ SQL ] SHOW COLUMNS FROM `xh_member_recharge` [ RunTime:0.000928s ]
[ sql ] [ SQL ] INSERT INTO `xh_member_recharge` (`memberId` , `amount` , `status` , `no_order` , `createTime`) VALUES (1470 , 5000 , 0 , '14701542851269577754' , '2018-11-22 09:47:49') [ RunTime:0.000490s ]
---------------------------------------------------------------
[ 2018-11-22T09:47:50+08:00 ] 27.151.29.104 111.2.97.216 GET /index/lianlianauthpay/authllpay_wap?b-pay-amount=5000&bankCard=6228480389436961817&realName=%E9%BE%99%E6%96%87%E4%B8%9C&IDCard=
[ info ] www.dsqqweb.com/index/lianlianauthpay/authllpay_wap?b-pay-amount=5000&bankCard=6228480389436961817&realName=%E9%BE%99%E6%96%87%E4%B8%9C&IDCard= [运行时间：0.075970s][吞吐率：13.16req/s] [内存消耗：4,083.68kb] [文件加载：68]
[ info ] [ CACHE ] INIT File
[ info ] [ LANG ] /www/wwwroot/feichangpeizi/thinkphp/lang/zh-cn.php
[ info ] [ ROUTE ] array (
  'type' => 'module',
  'module' => 
  array (
    0 => 'index',
    1 => 'lianlianauthpay',
    2 => 'authllpay_wap',
  ),
)
[ info ] [ HEADER ] array (
  'host' => 'www.dsqqweb.com',
  'connection' => 'keep-alive',
  'upgrade-insecure-requests' => '1',
  'user-agent' => 'Mozilla/5.0 (Linux; Android 7.1.2; MI 5X Build/N2G47H; wv) AppleWebKit/537.36 (KHTML, like Gecko) Version/4.0 Chrome/64.0.3282.137 Mobile Safari/537.36',
  'accept' => 'text/html,application/xhtml+xml,application/xml;q=0.9,image/webp,image/apng,*/*;q=0.8',
  'accept-encoding' => 'gzip, deflate',
  'accept-language' => 'zh-CN,en-US;q=0.9',
  'cookie' => 'PHPSESSID=b8faclkqj054jgkje8e9cjdk03',
  'x-requested-with' => 'www.dsqqapp.com',
  'content-type' => '',
  'content-length' => '',
)
[ info ] [ PARAM ] array (
  'b-pay-amount' => '5000',
  'bankCard' => '6228480389436961817',
  'realName' => '龙文东',
  'IDCard' => '',
)
[ info ] [ BEHAVIOR ] Run app\common\behavior\Config @app_begin [ RunTime:0.000425s ]
[ info ] [ BEHAVIOR ] Run app\common\behavior\Hook @app_begin [ RunTime:0.005827s ]
[ info ] [ DB ] INIT mysql
[ info ] [ LOG ] INIT File
[ info ] [ RUN ] app\index\controller\Lianlianauthpay->authllpay_wap[ /www/wwwroot/feichangpeizi/application/index/controller/Lianlianauthpay.php ]
[ sql ] [ DB ] CONNECT:[ UseTime:0.000449s ] mysql:dbname=fcpeizi;host=localhost;port=3306;charset=utf8
[ sql ] [ SQL ] SHOW COLUMNS FROM `xh_member` [ RunTime:0.001139s ]
[ sql ] [ SQL ] SELECT `usableSum` FROM `xh_member` WHERE  (  id=1470 ) LIMIT 1 [ RunTime:0.000319s ]
[ sql ] [ SQL ] SELECT * FROM `xh_member` WHERE  (  id=1470 ) LIMIT 1 [ RunTime:0.000331s ]
[ sql ] [ SQL ] SHOW COLUMNS FROM `xh_member_recharge` [ RunTime:0.000974s ]
[ sql ] [ SQL ] INSERT INTO `xh_member_recharge` (`memberId` , `amount` , `status` , `no_order` , `createTime`) VALUES (1470 , 5000 , 0 , '14701542851270912491' , '2018-11-22 09:47:50') [ RunTime:0.000404s ]
---------------------------------------------------------------
[ 2018-11-22T09:48:57+08:00 ] 27.151.29.104 111.2.97.216 GET /index/lianlianauthpay/authllpay_wap?b-pay-amount=5000&bankCard=6228480389436961817&realName=%E9%BE%99%E6%96%87%E4%B8%9C&IDCard=
[ info ] www.dsqqweb.com/index/lianlianauthpay/authllpay_wap?b-pay-amount=5000&bankCard=6228480389436961817&realName=%E9%BE%99%E6%96%87%E4%B8%9C&IDCard= [运行时间：0.057316s][吞吐率：17.45req/s] [内存消耗：4,083.68kb] [文件加载：68]
[ info ] [ CACHE ] INIT File
[ info ] [ LANG ] /www/wwwroot/feichangpeizi/thinkphp/lang/zh-cn.php
[ info ] [ ROUTE ] array (
  'type' => 'module',
  'module' => 
  array (
    0 => 'index',
    1 => 'lianlianauthpay',
    2 => 'authllpay_wap',
  ),
)
[ info ] [ HEADER ] array (
  'host' => 'www.dsqqweb.com',
  'connection' => 'keep-alive',
  'upgrade-insecure-requests' => '1',
  'user-agent' => 'Mozilla/5.0 (Linux; Android 7.1.2; MI 5X Build/N2G47H; wv) AppleWebKit/537.36 (KHTML, like Gecko) Version/4.0 Chrome/64.0.3282.137 Mobile Safari/537.36',
  'accept' => 'text/html,application/xhtml+xml,application/xml;q=0.9,image/webp,image/apng,*/*;q=0.8',
  'accept-encoding' => 'gzip, deflate',
  'accept-language' => 'zh-CN,en-US;q=0.9',
  'cookie' => 'PHPSESSID=b8faclkqj054jgkje8e9cjdk03',
  'x-requested-with' => 'www.dsqqapp.com',
  'content-type' => '',
  'content-length' => '',
)
[ info ] [ PARAM ] array (
  'b-pay-amount' => '5000',
  'bankCard' => '6228480389436961817',
  'realName' => '龙文东',
  'IDCard' => '',
)
[ info ] [ BEHAVIOR ] Run app\common\behavior\Config @app_begin [ RunTime:0.000321s ]
[ info ] [ BEHAVIOR ] Run app\common\behavior\Hook @app_begin [ RunTime:0.004267s ]
[ info ] [ DB ] INIT mysql
[ info ] [ LOG ] INIT File
[ info ] [ RUN ] app\index\controller\Lianlianauthpay->authllpay_wap[ /www/wwwroot/feichangpeizi/application/index/controller/Lianlianauthpay.php ]
[ sql ] [ DB ] CONNECT:[ UseTime:0.000480s ] mysql:dbname=fcpeizi;host=localhost;port=3306;charset=utf8
[ sql ] [ SQL ] SHOW COLUMNS FROM `xh_member` [ RunTime:0.001266s ]
[ sql ] [ SQL ] SELECT `usableSum` FROM `xh_member` WHERE  (  id=1470 ) LIMIT 1 [ RunTime:0.000361s ]
[ sql ] [ SQL ] SELECT * FROM `xh_member` WHERE  (  id=1470 ) LIMIT 1 [ RunTime:0.000386s ]
[ sql ] [ SQL ] SHOW COLUMNS FROM `xh_member_recharge` [ RunTime:0.000979s ]
[ sql ] [ SQL ] INSERT INTO `xh_member_recharge` (`memberId` , `amount` , `status` , `no_order` , `createTime`) VALUES (1470 , 5000 , 0 , '14701542851337567124' , '2018-11-22 09:48:57') [ RunTime:0.000470s ]
---------------------------------------------------------------
[ 2018-11-22T09:48:59+08:00 ] 27.151.29.104 111.2.97.216 GET /index/lianlianauthpay/authllpay_wap?b-pay-amount=5000&bankCard=6228480389436961817&realName=%E9%BE%99%E6%96%87%E4%B8%9C&IDCard=
[ info ] www.dsqqweb.com/index/lianlianauthpay/authllpay_wap?b-pay-amount=5000&bankCard=6228480389436961817&realName=%E9%BE%99%E6%96%87%E4%B8%9C&IDCard= [运行时间：0.073905s][吞吐率：13.53req/s] [内存消耗：4,083.68kb] [文件加载：68]
[ info ] [ CACHE ] INIT File
[ info ] [ LANG ] /www/wwwroot/feichangpeizi/thinkphp/lang/zh-cn.php
[ info ] [ ROUTE ] array (
  'type' => 'module',
  'module' => 
  array (
    0 => 'index',
    1 => 'lianlianauthpay',
    2 => 'authllpay_wap',
  ),
)
[ info ] [ HEADER ] array (
  'host' => 'www.dsqqweb.com',
  'connection' => 'keep-alive',
  'upgrade-insecure-requests' => '1',
  'user-agent' => 'Mozilla/5.0 (Linux; Android 7.1.2; MI 5X Build/N2G47H; wv) AppleWebKit/537.36 (KHTML, like Gecko) Version/4.0 Chrome/64.0.3282.137 Mobile Safari/537.36',
  'accept' => 'text/html,application/xhtml+xml,application/xml;q=0.9,image/webp,image/apng,*/*;q=0.8',
  'accept-encoding' => 'gzip, deflate',
  'accept-language' => 'zh-CN,en-US;q=0.9',
  'cookie' => 'PHPSESSID=b8faclkqj054jgkje8e9cjdk03',
  'x-requested-with' => 'www.dsqqapp.com',
  'content-type' => '',
  'content-length' => '',
)
[ info ] [ PARAM ] array (
  'b-pay-amount' => '5000',
  'bankCard' => '6228480389436961817',
  'realName' => '龙文东',
  'IDCard' => '',
)
[ info ] [ BEHAVIOR ] Run app\common\behavior\Config @app_begin [ RunTime:0.000416s ]
[ info ] [ BEHAVIOR ] Run app\common\behavior\Hook @app_begin [ RunTime:0.005766s ]
[ info ] [ DB ] INIT mysql
[ info ] [ LOG ] INIT File
[ info ] [ RUN ] app\index\controller\Lianlianauthpay->authllpay_wap[ /www/wwwroot/feichangpeizi/application/index/controller/Lianlianauthpay.php ]
[ sql ] [ DB ] CONNECT:[ UseTime:0.000533s ] mysql:dbname=fcpeizi;host=localhost;port=3306;charset=utf8
[ sql ] [ SQL ] SHOW COLUMNS FROM `xh_member` [ RunTime:0.001254s ]
[ sql ] [ SQL ] SELECT `usableSum` FROM `xh_member` WHERE  (  id=1470 ) LIMIT 1 [ RunTime:0.000365s ]
[ sql ] [ SQL ] SELECT * FROM `xh_member` WHERE  (  id=1470 ) LIMIT 1 [ RunTime:0.000334s ]
[ sql ] [ SQL ] SHOW COLUMNS FROM `xh_member_recharge` [ RunTime:0.001008s ]
[ sql ] [ SQL ] INSERT INTO `xh_member_recharge` (`memberId` , `amount` , `status` , `no_order` , `createTime`) VALUES (1470 , 5000 , 0 , '14701542851339432731' , '2018-11-22 09:48:59') [ RunTime:0.000332s ]
---------------------------------------------------------------
[ 2018-11-22T09:49:02+08:00 ] 27.151.29.104 111.2.97.216 GET /index/lianlianauthpay/authllpay_wap?b-pay-amount=5000&bankCard=6228480389436961817&realName=%E9%BE%99%E6%96%87%E4%B8%9C&IDCard=
[ info ] www.dsqqweb.com/index/lianlianauthpay/authllpay_wap?b-pay-amount=5000&bankCard=6228480389436961817&realName=%E9%BE%99%E6%96%87%E4%B8%9C&IDCard= [运行时间：0.056362s][吞吐率：17.74req/s] [内存消耗：4,083.68kb] [文件加载：68]
[ info ] [ CACHE ] INIT File
[ info ] [ LANG ] /www/wwwroot/feichangpeizi/thinkphp/lang/zh-cn.php
[ info ] [ ROUTE ] array (
  'type' => 'module',
  'module' => 
  array (
    0 => 'index',
    1 => 'lianlianauthpay',
    2 => 'authllpay_wap',
  ),
)
[ info ] [ HEADER ] array (
  'host' => 'www.dsqqweb.com',
  'connection' => 'keep-alive',
  'upgrade-insecure-requests' => '1',
  'user-agent' => 'Mozilla/5.0 (Linux; Android 7.1.2; MI 5X Build/N2G47H; wv) AppleWebKit/537.36 (KHTML, like Gecko) Version/4.0 Chrome/64.0.3282.137 Mobile Safari/537.36',
  'accept' => 'text/html,application/xhtml+xml,application/xml;q=0.9,image/webp,image/apng,*/*;q=0.8',
  'accept-encoding' => 'gzip, deflate',
  'accept-language' => 'zh-CN,en-US;q=0.9',
  'cookie' => 'PHPSESSID=b8faclkqj054jgkje8e9cjdk03',
  'x-requested-with' => 'www.dsqqapp.com',
  'content-type' => '',
  'content-length' => '',
)
[ info ] [ PARAM ] array (
  'b-pay-amount' => '5000',
  'bankCard' => '6228480389436961817',
  'realName' => '龙文东',
  'IDCard' => '',
)
[ info ] [ BEHAVIOR ] Run app\common\behavior\Config @app_begin [ RunTime:0.000323s ]
[ info ] [ BEHAVIOR ] Run app\common\behavior\Hook @app_begin [ RunTime:0.004285s ]
[ info ] [ DB ] INIT mysql
[ info ] [ LOG ] INIT File
[ info ] [ RUN ] app\index\controller\Lianlianauthpay->authllpay_wap[ /www/wwwroot/feichangpeizi/application/index/controller/Lianlianauthpay.php ]
[ sql ] [ DB ] CONNECT:[ UseTime:0.000439s ] mysql:dbname=fcpeizi;host=localhost;port=3306;charset=utf8
[ sql ] [ SQL ] SHOW COLUMNS FROM `xh_member` [ RunTime:0.001250s ]
[ sql ] [ SQL ] SELECT `usableSum` FROM `xh_member` WHERE  (  id=1470 ) LIMIT 1 [ RunTime:0.000359s ]
[ sql ] [ SQL ] SELECT * FROM `xh_member` WHERE  (  id=1470 ) LIMIT 1 [ RunTime:0.000343s ]
[ sql ] [ SQL ] SHOW COLUMNS FROM `xh_member_recharge` [ RunTime:0.000977s ]
[ sql ] [ SQL ] INSERT INTO `xh_member_recharge` (`memberId` , `amount` , `status` , `no_order` , `createTime`) VALUES (1470 , 5000 , 0 , '14701542851342794612' , '2018-11-22 09:49:02') [ RunTime:0.000524s ]
---------------------------------------------------------------
[ 2018-11-22T09:51:06+08:00 ] 27.151.29.104 111.2.97.216 GET /index/lianlianauthpay/authllpay_wap?b-pay-amount=&bankCard=6228480389436961871&realName=%E9%BE%99%E6%96%87%E4%B8%9C&IDCard=
[ info ] www.dsqqweb.com/index/lianlianauthpay/authllpay_wap?b-pay-amount=&bankCard=6228480389436961871&realName=%E9%BE%99%E6%96%87%E4%B8%9C&IDCard= [运行时间：0.053456s][吞吐率：18.71req/s] [内存消耗：3,924.16kb] [文件加载：63]
[ info ] [ CACHE ] INIT File
[ info ] [ LANG ] /www/wwwroot/feichangpeizi/thinkphp/lang/zh-cn.php
[ info ] [ ROUTE ] array (
  'type' => 'module',
  'module' => 
  array (
    0 => 'index',
    1 => 'lianlianauthpay',
    2 => 'authllpay_wap',
  ),
)
[ info ] [ HEADER ] array (
  'host' => 'www.dsqqweb.com',
  'connection' => 'keep-alive',
  'upgrade-insecure-requests' => '1',
  'user-agent' => 'Mozilla/5.0 (Linux; Android 7.1.2; MI 5X Build/N2G47H; wv) AppleWebKit/537.36 (KHTML, like Gecko) Version/4.0 Chrome/64.0.3282.137 Mobile Safari/537.36',
  'accept' => 'text/html,application/xhtml+xml,application/xml;q=0.9,image/webp,image/apng,*/*;q=0.8',
  'referer' => 'http://www.dsqqweb.com/ucenter/quick_pay.html',
  'accept-encoding' => 'gzip, deflate',
  'accept-language' => 'zh-CN,en-US;q=0.9',
  'cookie' => 'PHPSESSID=b8faclkqj054jgkje8e9cjdk03',
  'x-requested-with' => 'www.dsqqapp.com',
  'content-type' => '',
  'content-length' => '',
)
[ info ] [ PARAM ] array (
  'b-pay-amount' => '',
  'bankCard' => '6228480389436961871',
  'realName' => '龙文东',
  'IDCard' => '',
)
[ info ] [ BEHAVIOR ] Run app\common\behavior\Config @app_begin [ RunTime:0.000380s ]
[ info ] [ BEHAVIOR ] Run app\common\behavior\Hook @app_begin [ RunTime:0.004883s ]
[ info ] [ DB ] INIT mysql
[ info ] [ LOG ] INIT File
[ info ] [ RUN ] app\index\controller\Lianlianauthpay->authllpay_wap[ /www/wwwroot/feichangpeizi/application/index/controller/Lianlianauthpay.php ]
[ sql ] [ DB ] CONNECT:[ UseTime:0.000432s ] mysql:dbname=fcpeizi;host=localhost;port=3306;charset=utf8
[ sql ] [ SQL ] SHOW COLUMNS FROM `xh_member` [ RunTime:0.001234s ]
[ sql ] [ SQL ] SELECT `usableSum` FROM `xh_member` WHERE  (  id=1470 ) LIMIT 1 [ RunTime:0.000271s ]
---------------------------------------------------------------
[ 2018-11-22T09:51:18+08:00 ] 27.151.29.104 111.2.97.216 GET /index/lianlianauthpay/authllpay_wap?b-pay-amount=5000&bankCard=6228480389436961871&realName=%E9%BE%99%E6%96%87%E4%B8%9C&IDCard=
[ info ] www.dsqqweb.com/index/lianlianauthpay/authllpay_wap?b-pay-amount=5000&bankCard=6228480389436961871&realName=%E9%BE%99%E6%96%87%E4%B8%9C&IDCard= [运行时间：0.072415s][吞吐率：13.81req/s] [内存消耗：4,083.99kb] [文件加载：68]
[ info ] [ CACHE ] INIT File
[ info ] [ LANG ] /www/wwwroot/feichangpeizi/thinkphp/lang/zh-cn.php
[ info ] [ ROUTE ] array (
  'type' => 'module',
  'module' => 
  array (
    0 => 'index',
    1 => 'lianlianauthpay',
    2 => 'authllpay_wap',
  ),
)
[ info ] [ HEADER ] array (
  'host' => 'www.dsqqweb.com',
  'connection' => 'keep-alive',
  'upgrade-insecure-requests' => '1',
  'user-agent' => 'Mozilla/5.0 (Linux; Android 7.1.2; MI 5X Build/N2G47H; wv) AppleWebKit/537.36 (KHTML, like Gecko) Version/4.0 Chrome/64.0.3282.137 Mobile Safari/537.36',
  'accept' => 'text/html,application/xhtml+xml,application/xml;q=0.9,image/webp,image/apng,*/*;q=0.8',
  'referer' => 'http://www.dsqqweb.com/ucenter/quick_pay.html',
  'accept-encoding' => 'gzip, deflate',
  'accept-language' => 'zh-CN,en-US;q=0.9',
  'cookie' => 'PHPSESSID=b8faclkqj054jgkje8e9cjdk03',
  'x-requested-with' => 'www.dsqqapp.com',
  'content-type' => '',
  'content-length' => '',
)
[ info ] [ PARAM ] array (
  'b-pay-amount' => '5000',
  'bankCard' => '6228480389436961871',
  'realName' => '龙文东',
  'IDCard' => '',
)
[ info ] [ BEHAVIOR ] Run app\common\behavior\Config @app_begin [ RunTime:0.000466s ]
[ info ] [ BEHAVIOR ] Run app\common\behavior\Hook @app_begin [ RunTime:0.005902s ]
[ info ] [ DB ] INIT mysql
[ info ] [ LOG ] INIT File
[ info ] [ RUN ] app\index\controller\Lianlianauthpay->authllpay_wap[ /www/wwwroot/feichangpeizi/application/index/controller/Lianlianauthpay.php ]
[ sql ] [ DB ] CONNECT:[ UseTime:0.000545s ] mysql:dbname=fcpeizi;host=localhost;port=3306;charset=utf8
[ sql ] [ SQL ] SHOW COLUMNS FROM `xh_member` [ RunTime:0.001224s ]
[ sql ] [ SQL ] SELECT `usableSum` FROM `xh_member` WHERE  (  id=1470 ) LIMIT 1 [ RunTime:0.000348s ]
[ sql ] [ SQL ] SELECT * FROM `xh_member` WHERE  (  id=1470 ) LIMIT 1 [ RunTime:0.000344s ]
[ sql ] [ SQL ] SHOW COLUMNS FROM `xh_member_recharge` [ RunTime:0.001015s ]
[ sql ] [ SQL ] INSERT INTO `xh_member_recharge` (`memberId` , `amount` , `status` , `no_order` , `createTime`) VALUES (1470 , 5000 , 0 , '14701542851478268684' , '2018-11-22 09:51:18') [ RunTime:0.000434s ]
---------------------------------------------------------------
[ 2018-11-22T09:51:45+08:00 ] 27.151.29.104 115.236.102.36 POST /index/lianlianpay/notify_url
[ info ] www.dsqqweb.com/index/lianlianpay/notify_url [运行时间：0.071410s][吞吐率：14.00req/s] [内存消耗：4,043.77kb] [文件加载：66]
[ info ] [ CACHE ] INIT File
[ info ] [ LANG ] /www/wwwroot/feichangpeizi/thinkphp/lang/zh-cn.php
[ info ] [ ROUTE ] array (
  'type' => 'module',
  'module' => 
  array (
    0 => 'index',
    1 => 'lianlianpay',
    2 => 'notify_url',
  ),
)
[ info ] [ HEADER ] array (
  'content-type' => 'text/json;charset=UTF-8',
  'connection' => 'Close',
  'user-agent' => 'httpcomponents',
  'correlationid' => 'a81e3c20-675a-4a82-bba6-e143a70e4741',
  'content-length' => '440',
  'host' => 'www.dsqqweb.com',
  'cookie' => 'PHPSESSID=ju1su3bn4asnonji0g4ek40lo6',
  'cookie2' => '$Version=1',
  'accept-encoding' => 'gzip,deflate',
)
[ info ] [ PARAM ] array (
)
[ info ] [ BEHAVIOR ] Run app\common\behavior\Config @app_begin [ RunTime:0.000444s ]
[ info ] [ BEHAVIOR ] Run app\common\behavior\Hook @app_begin [ RunTime:0.006082s ]
[ info ] [ LOG ] INIT File
[ info ] [ RUN ] app\index\controller\Lianlianpay->notify_url[ /www/wwwroot/feichangpeizi/application/index/controller/Lianlianpay.php ]
[ info ] [ DB ] INIT mysql
[ 原串:bank_code=01030000&dt_order=20181122095118&money_order=5000.0&no_order=14701542851478268684&oid_partner=201810190002237014&oid_paybill=2018112253977341&pay_type=P&result_pay=SUCCESS&settle_date=20181122&sign_type=RSA
 ] log.txt
[ sign:JjLuWod3JC9yiYMK3MDS8PovhRskaCDXkJeddNQWWx9SkxRliQ7amCo+Fps1VkQLYxIvP6XhgwmgCMaK2EN1/x68/VWaXYHR6rOc5XuczuTl6AE8yTp9zQ+eAbwR6DaD82a2Et3wS2hO8QKLuYX5vX1w/z6IGizLZCgqf0L5BjA=
 ] log.txt
[ sql ] [ DB ] CONNECT:[ UseTime:0.000528s ] mysql:dbname=fcpeizi;host=localhost;port=3306;charset=utf8
[ sql ] [ SQL ] SHOW COLUMNS FROM `xh_member_recharge` [ RunTime:0.001185s ]
[ sql ] [ SQL ] UPDATE `xh_member_recharge`  SET `status`=1  WHERE  (  no_order='14701542851478268684' ) [ RunTime:0.000489s ]
[ sql ] [ SQL ] SELECT * FROM `xh_member_recharge` WHERE  (  no_order='14701542851478268684' ) LIMIT 1 [ RunTime:0.000454s ]
[ sql ] [ SQL ] SHOW COLUMNS FROM `xh_member` [ RunTime:0.001123s ]
[ sql ] [ SQL ] SELECT * FROM `xh_member` WHERE  (  id=1470 ) LIMIT 1 [ RunTime:0.000261s ]
[ sql ] [ SQL ] UPDATE `xh_member`  SET `usableSum`=usableSum+5000  WHERE  (  id=1470 ) [ RunTime:0.000466s ]
[ sql ] [ SQL ] SHOW COLUMNS FROM `xh_member_fundrecord` [ RunTime:0.000994s ]
[ sql ] [ SQL ] INSERT INTO `xh_member_fundrecord` (`memberId` , `flow` , `amount` , `usableSum` , `remarks` , `createTime`) VALUES (1470 , 1 , 5000 , 5000 , '连连支付充值成功' , '2018-11-22 09:51:45') [ RunTime:0.000355s ]
---------------------------------------------------------------
[ 2018-11-22T10:08:07+08:00 ] 27.151.29.104 183.27.99.2 GET /index/lianlianauthpay/authllpay_wap?b-pay-amount=2500&bankCard=6228481458562648773&realName=%E9%99%88%E5%AD%A6&IDCard=
[ info ] www.dsqqweb.com/index/lianlianauthpay/authllpay_wap?b-pay-amount=2500&bankCard=6228481458562648773&realName=%E9%99%88%E5%AD%A6&IDCard= [运行时间：0.069319s][吞吐率：14.43req/s] [内存消耗：4,083.55kb] [文件加载：68]
[ info ] [ CACHE ] INIT File
[ info ] [ LANG ] /www/wwwroot/feichangpeizi/thinkphp/lang/zh-cn.php
[ info ] [ ROUTE ] array (
  'type' => 'module',
  'module' => 
  array (
    0 => 'index',
    1 => 'lianlianauthpay',
    2 => 'authllpay_wap',
  ),
)
[ info ] [ HEADER ] array (
  'host' => 'www.dsqqweb.com',
  'cookie' => 'PHPSESSID=3k0gofmr6q172gv1q0sc677tt0',
  'connection' => 'keep-alive',
  'upgrade-insecure-requests' => '1',
  'accept' => 'text/html,application/xhtml+xml,application/xml;q=0.9,*/*;q=0.8',
  'user-agent' => 'Mozilla/5.0 (iPhone; CPU iPhone OS 12_1 like Mac OS X) AppleWebKit/605.1.15 (KHTML, like Gecko) Mobile/16B92',
  'referer' => 'http://www.dsqqweb.com/ucenter/quick_pay.html',
  'accept-language' => 'zh-cn',
  'accept-encoding' => 'gzip, deflate',
  'content-type' => '',
  'content-length' => '',
)
[ info ] [ PARAM ] array (
  'b-pay-amount' => '2500',
  'bankCard' => '6228481458562648773',
  'realName' => '陈学',
  'IDCard' => '',
)
[ info ] [ BEHAVIOR ] Run app\common\behavior\Config @app_begin [ RunTime:0.000425s ]
[ info ] [ BEHAVIOR ] Run app\common\behavior\Hook @app_begin [ RunTime:0.005634s ]
[ info ] [ DB ] INIT mysql
[ info ] [ LOG ] INIT File
[ info ] [ RUN ] app\index\controller\Lianlianauthpay->authllpay_wap[ /www/wwwroot/feichangpeizi/application/index/controller/Lianlianauthpay.php ]
[ sql ] [ DB ] CONNECT:[ UseTime:0.000372s ] mysql:dbname=fcpeizi;host=localhost;port=3306;charset=utf8
[ sql ] [ SQL ] SHOW COLUMNS FROM `xh_member` [ RunTime:0.001276s ]
[ sql ] [ SQL ] SELECT `usableSum` FROM `xh_member` WHERE  (  id=1443 ) LIMIT 1 [ RunTime:0.000221s ]
[ sql ] [ SQL ] SELECT * FROM `xh_member` WHERE  (  id=1443 ) LIMIT 1 [ RunTime:0.000283s ]
[ sql ] [ SQL ] SHOW COLUMNS FROM `xh_member_recharge` [ RunTime:0.001010s ]
[ sql ] [ SQL ] INSERT INTO `xh_member_recharge` (`memberId` , `amount` , `status` , `no_order` , `createTime`) VALUES (1443 , 2500 , 0 , '14431542852487696649' , '2018-11-22 10:08:07') [ RunTime:0.000455s ]
---------------------------------------------------------------
[ 2018-11-22T10:09:08+08:00 ] 27.151.29.104 115.236.102.36 POST /index/lianlianpay/notify_url
[ info ] www.dsqqweb.com/index/lianlianpay/notify_url [运行时间：0.055860s][吞吐率：17.90req/s] [内存消耗：4,043.61kb] [文件加载：66]
[ info ] [ CACHE ] INIT File
[ info ] [ LANG ] /www/wwwroot/feichangpeizi/thinkphp/lang/zh-cn.php
[ info ] [ ROUTE ] array (
  'type' => 'module',
  'module' => 
  array (
    0 => 'index',
    1 => 'lianlianpay',
    2 => 'notify_url',
  ),
)
[ info ] [ HEADER ] array (
  'content-type' => 'text/json;charset=UTF-8',
  'connection' => 'Close',
  'user-agent' => 'httpcomponents',
  'correlationid' => '3e42ca02-1648-45fc-ac9e-1b8b5d4956c3',
  'content-length' => '440',
  'host' => 'www.dsqqweb.com',
  'cookie' => 'PHPSESSID=3mt2j85a52vsn0ap4qd1v8aue3',
  'cookie2' => '$Version=1',
  'accept-encoding' => 'gzip,deflate',
)
[ info ] [ PARAM ] array (
)
[ info ] [ BEHAVIOR ] Run app\common\behavior\Config @app_begin [ RunTime:0.000339s ]
[ info ] [ BEHAVIOR ] Run app\common\behavior\Hook @app_begin [ RunTime:0.004318s ]
[ info ] [ LOG ] INIT File
[ info ] [ RUN ] app\index\controller\Lianlianpay->notify_url[ /www/wwwroot/feichangpeizi/application/index/controller/Lianlianpay.php ]
[ info ] [ DB ] INIT mysql
[ 原串:bank_code=01030000&dt_order=20181122100807&money_order=2500.0&no_order=14431542852487696649&oid_partner=201810190002237014&oid_paybill=2018112254077391&pay_type=P&result_pay=SUCCESS&settle_date=20181122&sign_type=RSA
 ] log.txt
[ sign:dj5/qJV6Vq2kuFJ98Sp59pXqelvKB/8IH2okHW0dntPOP9azRZf0ePX0xycRbMSqFYnblP4FzAZ1MWqN/mtVOLqGhiTFDCNo/rop9McGRkH9Fg8cFnck30Zn5p1AyDECUXGhQtgMrUUegzHziC79JXg51ALEE7zPzkceM1dtdz8=
 ] log.txt
[ sql ] [ DB ] CONNECT:[ UseTime:0.000460s ] mysql:dbname=fcpeizi;host=localhost;port=3306;charset=utf8
[ sql ] [ SQL ] SHOW COLUMNS FROM `xh_member_recharge` [ RunTime:0.001230s ]
[ sql ] [ SQL ] UPDATE `xh_member_recharge`  SET `status`=1  WHERE  (  no_order='14431542852487696649' ) [ RunTime:0.000414s ]
[ sql ] [ SQL ] SELECT * FROM `xh_member_recharge` WHERE  (  no_order='14431542852487696649' ) LIMIT 1 [ RunTime:0.000357s ]
[ sql ] [ SQL ] SHOW COLUMNS FROM `xh_member` [ RunTime:0.001039s ]
[ sql ] [ SQL ] SELECT * FROM `xh_member` WHERE  (  id=1443 ) LIMIT 1 [ RunTime:0.000234s ]
[ sql ] [ SQL ] UPDATE `xh_member`  SET `usableSum`=usableSum+2500  WHERE  (  id=1443 ) [ RunTime:0.000717s ]
[ sql ] [ SQL ] SHOW COLUMNS FROM `xh_member_fundrecord` [ RunTime:0.001232s ]
[ sql ] [ SQL ] INSERT INTO `xh_member_fundrecord` (`memberId` , `flow` , `amount` , `usableSum` , `remarks` , `createTime`) VALUES (1443 , 1 , 2500 , 2500 , '连连支付充值成功' , '2018-11-22 10:09:08') [ RunTime:0.000323s ]
---------------------------------------------------------------
[ 2018-11-22T10:45:44+08:00 ] 27.151.29.104 218.201.115.106 GET /index/lianlianauthpay/authllpay_wap?b-pay-amount=1000&bankCard=6217233803006527311&realName=%E7%8E%8B%E6%B0%B8%E5%88%9A&IDCard=
[ info ] www.dsqqweb.com/index/lianlianauthpay/authllpay_wap?b-pay-amount=1000&bankCard=6217233803006527311&realName=%E7%8E%8B%E6%B0%B8%E5%88%9A&IDCard= [运行时间：0.060952s][吞吐率：16.41req/s] [内存消耗：4,083.55kb] [文件加载：68]
[ info ] [ CACHE ] INIT File
[ info ] [ LANG ] /www/wwwroot/feichangpeizi/thinkphp/lang/zh-cn.php
[ info ] [ ROUTE ] array (
  'type' => 'module',
  'module' => 
  array (
    0 => 'index',
    1 => 'lianlianauthpay',
    2 => 'authllpay_wap',
  ),
)
[ info ] [ HEADER ] array (
  'host' => 'www.dsqqweb.com',
  'connection' => 'keep-alive',
  'upgrade-insecure-requests' => '1',
  'user-agent' => 'Mozilla/5.0 (Linux; Android 8.0.0; SM-C9000 Build/R16NW; wv) AppleWebKit/537.36 (KHTML, like Gecko) Version/4.0 Chrome/70.0.3538.80 Mobile Safari/537.36',
  'accept' => 'text/html,application/xhtml+xml,application/xml;q=0.9,image/webp,image/apng,*/*;q=0.8',
  'referer' => 'http://www.dsqqweb.com/ucenter/quick_pay.html',
  'accept-encoding' => 'gzip, deflate',
  'accept-language' => 'zh-CN,en-US;q=0.9',
  'cookie' => 'PHPSESSID=q66nob5knbtk64h27rk0a0akp1',
  'x-requested-with' => 'www.dsqqapp.com',
  'content-type' => '',
  'content-length' => '',
)
[ info ] [ PARAM ] array (
  'b-pay-amount' => '1000',
  'bankCard' => '6217233803006527311',
  'realName' => '王永刚',
  'IDCard' => '',
)
[ info ] [ BEHAVIOR ] Run app\common\behavior\Config @app_begin [ RunTime:0.000307s ]
[ info ] [ BEHAVIOR ] Run app\common\behavior\Hook @app_begin [ RunTime:0.004267s ]
[ info ] [ DB ] INIT mysql
[ info ] [ LOG ] INIT File
[ info ] [ RUN ] app\index\controller\Lianlianauthpay->authllpay_wap[ /www/wwwroot/feichangpeizi/application/index/controller/Lianlianauthpay.php ]
[ sql ] [ DB ] CONNECT:[ UseTime:0.000431s ] mysql:dbname=fcpeizi;host=localhost;port=3306;charset=utf8
[ sql ] [ SQL ] SHOW COLUMNS FROM `xh_member` [ RunTime:0.001254s ]
[ sql ] [ SQL ] SELECT `usableSum` FROM `xh_member` WHERE  (  id=1375 ) LIMIT 1 [ RunTime:0.000268s ]
[ sql ] [ SQL ] SELECT * FROM `xh_member` WHERE  (  id=1375 ) LIMIT 1 [ RunTime:0.000324s ]
[ sql ] [ SQL ] SHOW COLUMNS FROM `xh_member_recharge` [ RunTime:0.001061s ]
[ sql ] [ SQL ] INSERT INTO `xh_member_recharge` (`memberId` , `amount` , `status` , `no_order` , `createTime`) VALUES (1375 , 1000 , 0 , '13751542854744558314' , '2018-11-22 10:45:44') [ RunTime:0.000470s ]
---------------------------------------------------------------
[ 2018-11-22T10:46:25+08:00 ] 27.151.29.104 218.201.115.106 GET /index/lianlianauthpay/authllpay_wap?b-pay-amount=1000&bankCard=6217233803006527311&realName=%E7%8E%8B%E6%B0%B8%E5%88%9A&IDCard=
[ info ] www.dsqqweb.com/index/lianlianauthpay/authllpay_wap?b-pay-amount=1000&bankCard=6217233803006527311&realName=%E7%8E%8B%E6%B0%B8%E5%88%9A&IDCard= [运行时间：0.060496s][吞吐率：16.53req/s] [内存消耗：4,083.55kb] [文件加载：68]
[ info ] [ CACHE ] INIT File
[ info ] [ LANG ] /www/wwwroot/feichangpeizi/thinkphp/lang/zh-cn.php
[ info ] [ ROUTE ] array (
  'type' => 'module',
  'module' => 
  array (
    0 => 'index',
    1 => 'lianlianauthpay',
    2 => 'authllpay_wap',
  ),
)
[ info ] [ HEADER ] array (
  'host' => 'www.dsqqweb.com',
  'connection' => 'keep-alive',
  'upgrade-insecure-requests' => '1',
  'user-agent' => 'Mozilla/5.0 (Linux; Android 8.0.0; SM-C9000 Build/R16NW; wv) AppleWebKit/537.36 (KHTML, like Gecko) Version/4.0 Chrome/70.0.3538.80 Mobile Safari/537.36',
  'accept' => 'text/html,application/xhtml+xml,application/xml;q=0.9,image/webp,image/apng,*/*;q=0.8',
  'referer' => 'http://www.dsqqweb.com/ucenter/quick_pay.html',
  'accept-encoding' => 'gzip, deflate',
  'accept-language' => 'zh-CN,en-US;q=0.9',
  'cookie' => 'PHPSESSID=q66nob5knbtk64h27rk0a0akp1',
  'x-requested-with' => 'www.dsqqapp.com',
  'content-type' => '',
  'content-length' => '',
)
[ info ] [ PARAM ] array (
  'b-pay-amount' => '1000',
  'bankCard' => '6217233803006527311',
  'realName' => '王永刚',
  'IDCard' => '',
)
[ info ] [ BEHAVIOR ] Run app\common\behavior\Config @app_begin [ RunTime:0.000304s ]
[ info ] [ BEHAVIOR ] Run app\common\behavior\Hook @app_begin [ RunTime:0.004136s ]
[ info ] [ DB ] INIT mysql
[ info ] [ LOG ] INIT File
[ info ] [ RUN ] app\index\controller\Lianlianauthpay->authllpay_wap[ /www/wwwroot/feichangpeizi/application/index/controller/Lianlianauthpay.php ]
[ sql ] [ DB ] CONNECT:[ UseTime:0.000480s ] mysql:dbname=fcpeizi;host=localhost;port=3306;charset=utf8
[ sql ] [ SQL ] SHOW COLUMNS FROM `xh_member` [ RunTime:0.001242s ]
[ sql ] [ SQL ] SELECT `usableSum` FROM `xh_member` WHERE  (  id=1375 ) LIMIT 1 [ RunTime:0.000292s ]
[ sql ] [ SQL ] SELECT * FROM `xh_member` WHERE  (  id=1375 ) LIMIT 1 [ RunTime:0.000437s ]
[ sql ] [ SQL ] SHOW COLUMNS FROM `xh_member_recharge` [ RunTime:0.001032s ]
[ sql ] [ SQL ] INSERT INTO `xh_member_recharge` (`memberId` , `amount` , `status` , `no_order` , `createTime`) VALUES (1375 , 1000 , 0 , '13751542854785145918' , '2018-11-22 10:46:25') [ RunTime:0.000445s ]
---------------------------------------------------------------
[ 2018-11-22T10:46:40+08:00 ] 27.151.29.104 115.236.102.36 POST /index/lianlianpay/notify_url
[ info ] www.dsqqweb.com/index/lianlianpay/notify_url [运行时间：0.070164s][吞吐率：14.25req/s] [内存消耗：4,043.61kb] [文件加载：66]
[ info ] [ CACHE ] INIT File
[ info ] [ LANG ] /www/wwwroot/feichangpeizi/thinkphp/lang/zh-cn.php
[ info ] [ ROUTE ] array (
  'type' => 'module',
  'module' => 
  array (
    0 => 'index',
    1 => 'lianlianpay',
    2 => 'notify_url',
  ),
)
[ info ] [ HEADER ] array (
  'content-type' => 'text/json;charset=UTF-8',
  'connection' => 'Close',
  'user-agent' => 'httpcomponents',
  'correlationid' => '98ced8aa-4e17-4fb5-9d96-2cf94b64f711',
  'content-length' => '440',
  'host' => 'www.dsqqweb.com',
  'cookie' => 'PHPSESSID=3mt2j85a52vsn0ap4qd1v8aue3',
  'cookie2' => '$Version=1',
  'accept-encoding' => 'gzip,deflate',
)
[ info ] [ PARAM ] array (
)
[ info ] [ BEHAVIOR ] Run app\common\behavior\Config @app_begin [ RunTime:0.000468s ]
[ info ] [ BEHAVIOR ] Run app\common\behavior\Hook @app_begin [ RunTime:0.006086s ]
[ info ] [ LOG ] INIT File
[ info ] [ RUN ] app\index\controller\Lianlianpay->notify_url[ /www/wwwroot/feichangpeizi/application/index/controller/Lianlianpay.php ]
[ info ] [ DB ] INIT mysql
[ 原串:bank_code=01020000&dt_order=20181122104625&money_order=1000.0&no_order=13751542854785145918&oid_partner=201810190002237014&oid_paybill=2018112254294843&pay_type=P&result_pay=SUCCESS&settle_date=20181122&sign_type=RSA
 ] log.txt
[ sign:E4hNU9QUZdasoUZLaKk75wIEFEcnm7IaVxJui6G7n+mC28Ym5rlkEEfrV8mMV/tHdEj6QinOvkDND3XQdCNa4N7BZ1UIWcdVzmkNxkbwAPPsaDo6hAlgTt+++PcrwJloDqjjyExMe8BrdR+6A20x+36WwHs8eTCVkaw0ndNr8+k=
 ] log.txt
[ sql ] [ DB ] CONNECT:[ UseTime:0.000369s ] mysql:dbname=fcpeizi;host=localhost;port=3306;charset=utf8
[ sql ] [ SQL ] SHOW COLUMNS FROM `xh_member_recharge` [ RunTime:0.001167s ]
[ sql ] [ SQL ] UPDATE `xh_member_recharge`  SET `status`=1  WHERE  (  no_order='13751542854785145918' ) [ RunTime:0.000431s ]
[ sql ] [ SQL ] SELECT * FROM `xh_member_recharge` WHERE  (  no_order='13751542854785145918' ) LIMIT 1 [ RunTime:0.000423s ]
[ sql ] [ SQL ] SHOW COLUMNS FROM `xh_member` [ RunTime:0.001203s ]
[ sql ] [ SQL ] SELECT * FROM `xh_member` WHERE  (  id=1375 ) LIMIT 1 [ RunTime:0.000327s ]
[ sql ] [ SQL ] UPDATE `xh_member`  SET `usableSum`=usableSum+1000  WHERE  (  id=1375 ) [ RunTime:0.000466s ]
[ sql ] [ SQL ] SHOW COLUMNS FROM `xh_member_fundrecord` [ RunTime:0.001078s ]
[ sql ] [ SQL ] INSERT INTO `xh_member_fundrecord` (`memberId` , `flow` , `amount` , `usableSum` , `remarks` , `createTime`) VALUES (1375 , 1 , 1000 , 4375 , '连连支付充值成功' , '2018-11-22 10:46:40') [ RunTime:0.000414s ]
---------------------------------------------------------------
[ 2018-11-22T16:43:04+08:00 ] 103.223.132.230 124.160.214.41 GET /index/lianlianauthpay/authllpay_wap?b-pay-amount=100&bankCard=6226662300111913&realName=%E7%A8%8B%E4%BF%AE%E8%BF%9C&IDCard=
[ info ] www.dsqqweb.com/index/lianlianauthpay/authllpay_wap?b-pay-amount=100&bankCard=6226662300111913&realName=%E7%A8%8B%E4%BF%AE%E8%BF%9C&IDCard= [运行时间：0.077286s][吞吐率：12.94req/s] [内存消耗：4,083.66kb] [文件加载：68]
[ info ] [ CACHE ] INIT File
[ info ] [ LANG ] /www/wwwroot/feichangpeizi/thinkphp/lang/zh-cn.php
[ info ] [ ROUTE ] array (
  'type' => 'module',
  'module' => 
  array (
    0 => 'index',
    1 => 'lianlianauthpay',
    2 => 'authllpay_wap',
  ),
)
[ info ] [ HEADER ] array (
  'host' => 'www.dsqqweb.com',
  'cookie' => 'PHPSESSID=t6jc02rb6g98916lre4fm0auv0',
  'connection' => 'keep-alive',
  'upgrade-insecure-requests' => '1',
  'accept' => 'text/html,application/xhtml+xml,application/xml;q=0.9,*/*;q=0.8',
  'user-agent' => 'Mozilla/5.0 (iPhone; CPU iPhone OS 10_3_2 like Mac OS X) AppleWebKit/603.2.4 (KHTML, like Gecko) Mobile/14F89',
  'referer' => 'http://www.dsqqweb.com/ucenter/quick_pay.html',
  'accept-language' => 'zh-cn',
  'accept-encoding' => 'gzip, deflate',
  'content-type' => '',
  'content-length' => '',
)
[ info ] [ PARAM ] array (
  'b-pay-amount' => '100',
  'bankCard' => '6226662300111913',
  'realName' => '程修远',
  'IDCard' => '',
)
[ info ] [ BEHAVIOR ] Run app\common\behavior\Config @app_begin [ RunTime:0.000452s ]
[ info ] [ BEHAVIOR ] Run app\common\behavior\Hook @app_begin [ RunTime:0.006218s ]
[ info ] [ DB ] INIT mysql
[ info ] [ LOG ] INIT File
[ info ] [ RUN ] app\index\controller\Lianlianauthpay->authllpay_wap[ /www/wwwroot/feichangpeizi/application/index/controller/Lianlianauthpay.php ]
[ sql ] [ DB ] CONNECT:[ UseTime:0.000611s ] mysql:dbname=fcpeizi;host=localhost;port=3306;charset=utf8
[ sql ] [ SQL ] SHOW COLUMNS FROM `xh_member` [ RunTime:0.001317s ]
[ sql ] [ SQL ] SELECT `usableSum` FROM `xh_member` WHERE  (  id=1334 ) LIMIT 1 [ RunTime:0.000294s ]
[ sql ] [ SQL ] SELECT * FROM `xh_member` WHERE  (  id=1334 ) LIMIT 1 [ RunTime:0.000338s ]
[ sql ] [ SQL ] SHOW COLUMNS FROM `xh_member_recharge` [ RunTime:0.001034s ]
[ sql ] [ SQL ] INSERT INTO `xh_member_recharge` (`memberId` , `amount` , `status` , `no_order` , `createTime`) VALUES (1334 , 100 , 0 , '13341542876184616723' , '2018-11-22 16:43:04') [ RunTime:0.000380s ]
---------------------------------------------------------------
[ 2018-11-22T16:43:14+08:00 ] 27.151.29.104 115.236.102.36 POST /index/lianlianpay/notify_url
[ info ] www.dsqqweb.com/index/lianlianpay/notify_url [运行时间：0.069018s][吞吐率：14.49req/s] [内存消耗：4,043.21kb] [文件加载：66]
[ info ] [ CACHE ] INIT File
[ info ] [ LANG ] /www/wwwroot/feichangpeizi/thinkphp/lang/zh-cn.php
[ info ] [ ROUTE ] array (
  'type' => 'module',
  'module' => 
  array (
    0 => 'index',
    1 => 'lianlianpay',
    2 => 'notify_url',
  ),
)
[ info ] [ HEADER ] array (
  'content-type' => 'text/json;charset=UTF-8',
  'connection' => 'Close',
  'user-agent' => 'httpcomponents',
  'correlationid' => '4e84f213-d9ac-4380-9788-11e5bd079623',
  'content-length' => '439',
  'host' => 'www.dsqqweb.com',
  'cookie' => 'PHPSESSID=3mt2j85a52vsn0ap4qd1v8aue3',
  'cookie2' => '$Version=1',
  'accept-encoding' => 'gzip,deflate',
)
[ info ] [ PARAM ] array (
)
[ info ] [ BEHAVIOR ] Run app\common\behavior\Config @app_begin [ RunTime:0.000426s ]
[ info ] [ BEHAVIOR ] Run app\common\behavior\Hook @app_begin [ RunTime:0.005631s ]
[ info ] [ LOG ] INIT File
[ info ] [ RUN ] app\index\controller\Lianlianpay->notify_url[ /www/wwwroot/feichangpeizi/application/index/controller/Lianlianpay.php ]
[ info ] [ DB ] INIT mysql
[ 原串:bank_code=03030000&dt_order=20181122164304&money_order=100.0&no_order=13341542876184616723&oid_partner=201810190002237014&oid_paybill=2018112255976118&pay_type=P&result_pay=SUCCESS&settle_date=20181122&sign_type=RSA
 ] log.txt
[ sign:QjtEW3F5TTx6hHsIfj/l4QdWhJFadyGOKh07G/a9SDdf7X7UpYc7XoyPct/zhXlP6Ft5aZDGZvTZiBh5+oNH09ozWTXnb7RGWXNCxdL1U3LXApdaF3rmYPuD519/b/cXoBIBrI/34pdO55hM+KSmv+pd8RrjbkXsF65eX+mIX2E=
 ] log.txt
[ sql ] [ DB ] CONNECT:[ UseTime:0.000513s ] mysql:dbname=fcpeizi;host=localhost;port=3306;charset=utf8
[ sql ] [ SQL ] SHOW COLUMNS FROM `xh_member_recharge` [ RunTime:0.001232s ]
[ sql ] [ SQL ] UPDATE `xh_member_recharge`  SET `status`=1  WHERE  (  no_order='13341542876184616723' ) [ RunTime:0.000448s ]
[ sql ] [ SQL ] SELECT * FROM `xh_member_recharge` WHERE  (  no_order='13341542876184616723' ) LIMIT 1 [ RunTime:0.000309s ]
[ sql ] [ SQL ] SHOW COLUMNS FROM `xh_member` [ RunTime:0.001021s ]
[ sql ] [ SQL ] SELECT * FROM `xh_member` WHERE  (  id=1334 ) LIMIT 1 [ RunTime:0.000278s ]
[ sql ] [ SQL ] UPDATE `xh_member`  SET `usableSum`=usableSum+100  WHERE  (  id=1334 ) [ RunTime:0.000570s ]
[ sql ] [ SQL ] SHOW COLUMNS FROM `xh_member_fundrecord` [ RunTime:0.000877s ]
[ sql ] [ SQL ] INSERT INTO `xh_member_fundrecord` (`memberId` , `flow` , `amount` , `usableSum` , `remarks` , `createTime`) VALUES (1334 , 1 , 100 , 9851 , '连连支付充值成功' , '2018-11-22 16:43:14') [ RunTime:0.000455s ]
---------------------------------------------------------------
[ 2018-11-22T16:55:33+08:00 ] 103.223.132.230 124.160.214.41 GET /index/lianlianauthpay/authllpay_wap?b-pay-amount=&bankCard=6226662300111913&realName=%E7%A8%8B%E4%BF%AE%E8%BF%9C&IDCard=
[ info ] www.dsqqweb.com/index/lianlianauthpay/authllpay_wap?b-pay-amount=&bankCard=6226662300111913&realName=%E7%A8%8B%E4%BF%AE%E8%BF%9C&IDCard= [运行时间：0.051606s][吞吐率：19.38req/s] [内存消耗：3,923.63kb] [文件加载：63]
[ info ] [ CACHE ] INIT File
[ info ] [ LANG ] /www/wwwroot/feichangpeizi/thinkphp/lang/zh-cn.php
[ info ] [ ROUTE ] array (
  'type' => 'module',
  'module' => 
  array (
    0 => 'index',
    1 => 'lianlianauthpay',
    2 => 'authllpay_wap',
  ),
)
[ info ] [ HEADER ] array (
  'host' => 'www.dsqqweb.com',
  'cookie' => 'PHPSESSID=t6jc02rb6g98916lre4fm0auv0',
  'connection' => 'keep-alive',
  'upgrade-insecure-requests' => '1',
  'accept' => 'text/html,application/xhtml+xml,application/xml;q=0.9,*/*;q=0.8',
  'user-agent' => 'Mozilla/5.0 (iPhone; CPU iPhone OS 10_3_2 like Mac OS X) AppleWebKit/603.2.4 (KHTML, like Gecko) Mobile/14F89',
  'referer' => 'http://www.dsqqweb.com/ucenter/quick_pay.html',
  'accept-language' => 'zh-cn',
  'accept-encoding' => 'gzip, deflate',
  'content-type' => '',
  'content-length' => '',
)
[ info ] [ PARAM ] array (
  'b-pay-amount' => '',
  'bankCard' => '6226662300111913',
  'realName' => '程修远',
  'IDCard' => '',
)
[ info ] [ BEHAVIOR ] Run app\common\behavior\Config @app_begin [ RunTime:0.000348s ]
[ info ] [ BEHAVIOR ] Run app\common\behavior\Hook @app_begin [ RunTime:0.004622s ]
[ info ] [ DB ] INIT mysql
[ info ] [ LOG ] INIT File
[ info ] [ RUN ] app\index\controller\Lianlianauthpay->authllpay_wap[ /www/wwwroot/feichangpeizi/application/index/controller/Lianlianauthpay.php ]
[ sql ] [ DB ] CONNECT:[ UseTime:0.000542s ] mysql:dbname=fcpeizi;host=localhost;port=3306;charset=utf8
[ sql ] [ SQL ] SHOW COLUMNS FROM `xh_member` [ RunTime:0.001170s ]
[ sql ] [ SQL ] SELECT `usableSum` FROM `xh_member` WHERE  (  id=1334 ) LIMIT 1 [ RunTime:0.000285s ]
