---------------------------------------------------------------
[ 2018-11-29T09:35:49+08:00 ] 27.151.29.104 112.17.236.197 GET /index/lianlianauthpay/authllpay_wap?b-pay-amount=10000&bankCard=6217231202000626512&realName=%E5%BC%A0%E4%B8%80%E9%AA%8F&IDCard=
[ info ] www.dsqqweb.com/index/lianlianauthpay/authllpay_wap?b-pay-amount=10000&bankCard=6217231202000626512&realName=%E5%BC%A0%E4%B8%80%E9%AA%8F&IDCard= [运行时间：0.064793s][吞吐率：15.43req/s] [内存消耗：4,083.74kb] [文件加载：68]
[ info ] [ CACHE ] INIT File
[ info ] [ LANG ] /www/wwwroot/feichangpeizi/thinkphp/lang/zh-cn.php
[ info ] [ ROUTE ] array (
  'type' => 'module',
  'module' => 
  array (
    0 => 'index',
    1 => 'lianlianauthpay',
    2 => 'authllpay_wap',
  ),
)
[ info ] [ HEADER ] array (
  'host' => 'www.dsqqweb.com',
  'cookie' => 'PHPSESSID=a6np2sgkcsb6vfq70ok1l3qp67; gdt_fp=ac77082148b0d284865a9f5c58cc7bee',
  'connection' => 'keep-alive',
  'upgrade-insecure-requests' => '1',
  'accept' => 'text/html,application/xhtml+xml,application/xml;q=0.9,*/*;q=0.8',
  'user-agent' => 'Mozilla/5.0 (iPhone; CPU iPhone OS 12_0_1 like Mac OS X) AppleWebKit/605.1.15 (KHTML, like Gecko) Mobile/16A404',
  'referer' => 'http://www.dsqqweb.com/ucenter/quick_pay.html',
  'accept-language' => 'zh-cn',
  'accept-encoding' => 'gzip, deflate',
  'content-type' => '',
  'content-length' => '',
)
[ info ] [ PARAM ] array (
  'b-pay-amount' => '10000',
  'bankCard' => '6217231202000626512',
  'realName' => '张一骏',
  'IDCard' => '',
)
[ info ] [ BEHAVIOR ] Run app\common\behavior\Config @app_begin [ RunTime:0.000351s ]
[ info ] [ BEHAVIOR ] Run app\common\behavior\Hook @app_begin [ RunTime:0.004615s ]
[ info ] [ DB ] INIT mysql
[ info ] [ LOG ] INIT File
[ info ] [ RUN ] app\index\controller\Lianlianauthpay->authllpay_wap[ /www/wwwroot/feichangpeizi/application/index/controller/Lianlianauthpay.php ]
[ sql ] [ DB ] CONNECT:[ UseTime:0.000514s ] mysql:dbname=fcpeizi;host=localhost;port=3306;charset=utf8
[ sql ] [ SQL ] SHOW COLUMNS FROM `xh_member` [ RunTime:0.001300s ]
[ sql ] [ SQL ] SELECT `usableSum` FROM `xh_member` WHERE  (  id=1408 ) LIMIT 1 [ RunTime:0.000310s ]
[ sql ] [ SQL ] SELECT * FROM `xh_member` WHERE  (  id=1408 ) LIMIT 1 [ RunTime:0.000311s ]
[ sql ] [ SQL ] SHOW COLUMNS FROM `xh_member_recharge` [ RunTime:0.001025s ]
[ sql ] [ SQL ] INSERT INTO `xh_member_recharge` (`memberId` , `amount` , `status` , `no_order` , `createTime`) VALUES (1408 , 10000 , 0 , '14081543455349927152' , '2018-11-29 09:35:49') [ RunTime:0.000412s ]
---------------------------------------------------------------
[ 2018-11-29T09:36:36+08:00 ] 27.151.29.104 183.129.255.242 GET /index/lianlianpay/doPay?b-pay-amount=10000
[ info ] www.dsqqweb.com/index/lianlianpay/doPay?b-pay-amount=10000 [运行时间：0.062102s][吞吐率：16.10req/s] [内存消耗：4,026.70kb] [文件加载：67]
[ info ] [ CACHE ] INIT File
[ info ] [ LANG ] /www/wwwroot/feichangpeizi/thinkphp/lang/zh-cn.php
[ info ] [ ROUTE ] array (
  'type' => 'module',
  'module' => 
  array (
    0 => 'index',
    1 => 'lianlianpay',
    2 => 'doPay',
  ),
)
[ info ] [ HEADER ] array (
  'host' => 'www.dsqqweb.com',
  'connection' => 'keep-alive',
  'upgrade-insecure-requests' => '1',
  'user-agent' => 'Mozilla/5.0 (Windows NT 10.0; WOW64) AppleWebKit/537.36 (KHTML, like Gecko) Chrome/55.0.2883.87 Safari/537.36',
  'accept' => 'text/html,application/xhtml+xml,application/xml;q=0.9,image/webp,*/*;q=0.8',
  'referer' => 'http://www.dsqqweb.com/ucenter/payment.html',
  'accept-encoding' => 'gzip, deflate, sdch',
  'accept-language' => 'zh-CN,zh;q=0.8',
  'cookie' => '__guid=33923495.1784464685517020700.1542593037655.2192; PHPSESSID=tntelt7qv2hdj1g44dgsfbd223; monitor_count=203',
  'content-type' => '',
  'content-length' => '',
)
[ info ] [ PARAM ] array (
  'b-pay-amount' => '10000',
)
[ info ] [ BEHAVIOR ] Run app\common\behavior\Config @app_begin [ RunTime:0.000324s ]
[ info ] [ BEHAVIOR ] Run app\common\behavior\Hook @app_begin [ RunTime:0.004484s ]
[ info ] [ DB ] INIT mysql
[ info ] [ LOG ] INIT File
[ info ] [ RUN ] app\index\controller\Lianlianpay->doPay[ /www/wwwroot/feichangpeizi/application/index/controller/Lianlianpay.php ]
[ sql ] [ DB ] CONNECT:[ UseTime:0.000490s ] mysql:dbname=fcpeizi;host=localhost;port=3306;charset=utf8
[ sql ] [ SQL ] SHOW COLUMNS FROM `xh_member` [ RunTime:0.001169s ]
[ sql ] [ SQL ] SELECT `usableSum` FROM `xh_member` WHERE  (  id=1408 ) LIMIT 1 [ RunTime:0.000303s ]
[ sql ] [ SQL ] SHOW COLUMNS FROM `xh_member_recharge` [ RunTime:0.001030s ]
[ sql ] [ SQL ] INSERT INTO `xh_member_recharge` (`memberId` , `amount` , `status` , `no_order` , `createTime`) VALUES (1408 , 10000 , 0 , '14081543455396963223' , '2018-11-29 09:36:36') [ RunTime:0.000447s ]
[ sql ] [ SQL ] SELECT * FROM `xh_member` WHERE  (  id=1408 ) LIMIT 1 [ RunTime:0.000301s ]
---------------------------------------------------------------
[ 2018-11-29T09:55:55+08:00 ] 27.151.29.104 42.236.10.75 GET /index/lianlianpay/doPay?b-pay-amount=10000
[ info ] www.dsqqweb.com/index/lianlianpay/doPay?b-pay-amount=10000 [运行时间：0.041539s][吞吐率：24.07req/s] [内存消耗：2,922.22kb] [文件加载：56]
[ info ] [ CACHE ] INIT File
[ info ] [ LANG ] /www/wwwroot/feichangpeizi/thinkphp/lang/zh-cn.php
[ info ] [ ROUTE ] array (
  'type' => 'module',
  'module' => 
  array (
    0 => 'index',
    1 => 'lianlianpay',
    2 => 'doPay',
  ),
)
[ info ] [ HEADER ] array (
  'host' => 'www.dsqqweb.com',
  'user-agent' => 'Mozilla/5.0 (Windows NT 6.1) AppleWebKit/537.36 (KHTML, like Gecko) Chrome/36.0.1985.125 Safari/537.36',
  'accept' => 'text/html,application/xhtml+xml,application/xml;q=0.9,image/webp,image/apng,*/*;q=0.8',
  'accept-encoding' => 'gzip, deflate',
  'upgrade-insecure-requests' => '1',
  'content-type' => '',
  'content-length' => '',
)
[ info ] [ PARAM ] array (
  'b-pay-amount' => '10000',
)
[ info ] [ BEHAVIOR ] Run app\common\behavior\Config @app_begin [ RunTime:0.000361s ]
[ info ] [ BEHAVIOR ] Run app\common\behavior\Hook @app_begin [ RunTime:0.004901s ]
[ info ] [ LOG ] INIT File
[ info ] [ RUN ] app\index\controller\Lianlianpay->doPay[ /www/wwwroot/feichangpeizi/application/index/controller/Lianlianpay.php ]
