---------------------------------------------------------------
[ 2018-09-28T19:34:24+08:00 ] 202.53.138.176 58.243.250.212 GET /index/lianlianpay/doPay?b-pay-amount=1000
[ info ] www.5chevip.com/index/lianlianpay/doPay?b-pay-amount=1000 [运行时间：0.233403s][吞吐率：4.28req/s] [内存消耗：4,014.93kb] [文件加载：67]
[ info ] [ CACHE ] INIT File
[ info ] [ LANG ] /www/wwwroot/feichangpeizi/thinkphp/lang/zh-cn.php
[ info ] [ ROUTE ] array (
  'type' => 'module',
  'module' => 
  array (
    0 => 'index',
    1 => 'lianlianpay',
    2 => 'doPay',
  ),
)
[ info ] [ HEADER ] array (
  'host' => 'www.5chevip.com',
  'connection' => 'keep-alive',
  'accept' => 'text/html,application/xhtml+xml,application/xml;q=0.9,image/webp,*/*;q=0.8',
  'upgrade-insecure-requests' => '1',
  'user-agent' => 'Mozilla/5.0 (Windows NT 6.1; WOW64) AppleWebKit/537.36 (KHTML, like Gecko) Chrome/49.0.2623.112 Safari/537.36',
  'referer' => 'http://www.5chevip.com/ucenter/payment.html',
  'accept-encoding' => 'gzip, deflate, sdch',
  'accept-language' => 'zh-CN,zh;q=0.8',
  'cookie' => 'PHPSESSID=3q2ek5beiv837jfisgprstsmd0',
  'content-type' => '',
  'content-length' => '',
)
[ info ] [ PARAM ] array (
  'b-pay-amount' => '1000',
)
[ info ] [ BEHAVIOR ] Run app\common\behavior\Config @app_begin [ RunTime:0.000946s ]
[ info ] [ BEHAVIOR ] Run app\common\behavior\Hook @app_begin [ RunTime:0.022971s ]
[ info ] [ DB ] INIT mysql
[ info ] [ LOG ] INIT File
[ info ] [ RUN ] app\index\controller\Lianlianpay->doPay[ /www/wwwroot/feichangpeizi/application/index/controller/Lianlianpay.php ]
[ sql ] [ DB ] CONNECT:[ UseTime:0.000760s ] mysql:dbname=fcpeizi;host=localhost;port=3306;charset=utf8
[ sql ] [ SQL ] SHOW COLUMNS FROM `xh_member` [ RunTime:0.002452s ]
[ sql ] [ SQL ] SELECT `usableSum` FROM `xh_member` WHERE  (  id=1313 ) LIMIT 1 [ RunTime:0.000548s ]
[ sql ] [ SQL ] SHOW COLUMNS FROM `xh_member_recharge` [ RunTime:0.003652s ]
[ sql ] [ SQL ] INSERT INTO `xh_member_recharge` (`memberId` , `amount` , `status` , `no_order` , `createTime`) VALUES (1313 , 1000 , 0 , '13131538134464677669' , '2018-09-28 19:34:24') [ RunTime:0.000904s ]
---------------------------------------------------------------
[ 2018-09-28T19:42:34+08:00 ] 202.53.138.176 58.243.250.212 GET /index/lianlianpay/doPay?b-pay-amount=1000
[ info ] www.5chevip.com/index/lianlianpay/doPay?b-pay-amount=1000 [运行时间：0.293998s][吞吐率：3.40req/s] [内存消耗：4,014.95kb] [文件加载：67]
[ info ] [ CACHE ] INIT File
[ info ] [ LANG ] /www/wwwroot/feichangpeizi/thinkphp/lang/zh-cn.php
[ info ] [ ROUTE ] array (
  'type' => 'module',
  'module' => 
  array (
    0 => 'index',
    1 => 'lianlianpay',
    2 => 'doPay',
  ),
)
[ info ] [ HEADER ] array (
  'host' => 'www.5chevip.com',
  'connection' => 'keep-alive',
  'accept' => 'text/html,application/xhtml+xml,application/xml;q=0.9,image/webp,*/*;q=0.8',
  'upgrade-insecure-requests' => '1',
  'user-agent' => 'Mozilla/5.0 (Windows NT 6.1; WOW64) AppleWebKit/537.36 (KHTML, like Gecko) Chrome/49.0.2623.112 Safari/537.36',
  'referer' => 'http://www.5chevip.com/ucenter/payment.html',
  'accept-encoding' => 'gzip, deflate, sdch',
  'accept-language' => 'zh-CN,zh;q=0.8',
  'cookie' => 'PHPSESSID=3q2ek5beiv837jfisgprstsmd0',
  'content-type' => '',
  'content-length' => '',
)
[ info ] [ PARAM ] array (
  'b-pay-amount' => '1000',
)
[ info ] [ BEHAVIOR ] Run app\common\behavior\Config @app_begin [ RunTime:0.001857s ]
[ info ] [ BEHAVIOR ] Run app\common\behavior\Hook @app_begin [ RunTime:0.033409s ]
[ info ] [ DB ] INIT mysql
[ info ] [ LOG ] INIT File
[ info ] [ RUN ] app\index\controller\Lianlianpay->doPay[ /www/wwwroot/feichangpeizi/application/index/controller/Lianlianpay.php ]
[ sql ] [ DB ] CONNECT:[ UseTime:0.000819s ] mysql:dbname=fcpeizi;host=localhost;port=3306;charset=utf8
[ sql ] [ SQL ] SHOW COLUMNS FROM `xh_member` [ RunTime:0.002788s ]
[ sql ] [ SQL ] SELECT `usableSum` FROM `xh_member` WHERE  (  id=1313 ) LIMIT 1 [ RunTime:0.000577s ]
[ sql ] [ SQL ] SHOW COLUMNS FROM `xh_member_recharge` [ RunTime:0.002478s ]
[ sql ] [ SQL ] INSERT INTO `xh_member_recharge` (`memberId` , `amount` , `status` , `no_order` , `createTime`) VALUES (1313 , 1000 , 0 , '13131538134954416448' , '2018-09-28 19:42:34') [ RunTime:0.000780s ]
---------------------------------------------------------------
[ 2018-09-28T20:12:20+08:00 ] 202.53.138.176 106.122.177.255 GET /index/lianlianpay/doPay?b-pay-amount=10
[ info ] vip.5chevip.com/index/lianlianpay/doPay?b-pay-amount=10 [运行时间：0.216447s][吞吐率：4.62req/s] [内存消耗：4,014.07kb] [文件加载：67]
[ info ] [ CACHE ] INIT File
[ info ] [ LANG ] /www/wwwroot/feichangpeizi/thinkphp/lang/zh-cn.php
[ info ] [ ROUTE ] array (
  'type' => 'module',
  'module' => 
  array (
    0 => 'index',
    1 => 'lianlianpay',
    2 => 'doPay',
  ),
)
[ info ] [ HEADER ] array (
  'host' => 'vip.5chevip.com',
  'connection' => 'keep-alive',
  'upgrade-insecure-requests' => '1',
  'user-agent' => 'Mozilla/5.0 (Windows NT 6.1; WOW64) AppleWebKit/537.36 (KHTML, like Gecko) Chrome/63.0.3239.132 Safari/537.36',
  'accept' => 'text/html,application/xhtml+xml,application/xml;q=0.9,image/webp,image/apng,*/*;q=0.8',
  'referer' => 'http://vip.5chevip.com/ucenter/payment.html',
  'accept-encoding' => 'gzip, deflate',
  'accept-language' => 'zh-CN,zh;q=0.9,en;q=0.8',
  'cookie' => 'PHPSESSID=kqu1n3s1oaf99q8o0utbnl4md3',
  'content-type' => '',
  'content-length' => '',
)
[ info ] [ PARAM ] array (
  'b-pay-amount' => '10',
)
[ info ] [ BEHAVIOR ] Run app\common\behavior\Config @app_begin [ RunTime:0.001059s ]
[ info ] [ BEHAVIOR ] Run app\common\behavior\Hook @app_begin [ RunTime:0.019039s ]
[ info ] [ DB ] INIT mysql
[ info ] [ LOG ] INIT File
[ info ] [ RUN ] app\index\controller\Lianlianpay->doPay[ /www/wwwroot/feichangpeizi/application/index/controller/Lianlianpay.php ]
[ sql ] [ DB ] CONNECT:[ UseTime:0.000663s ] mysql:dbname=fcpeizi;host=localhost;port=3306;charset=utf8
[ sql ] [ SQL ] SHOW COLUMNS FROM `xh_member` [ RunTime:0.002199s ]
[ sql ] [ SQL ] SELECT `usableSum` FROM `xh_member` WHERE  (  id=1315 ) LIMIT 1 [ RunTime:0.004662s ]
[ sql ] [ SQL ] SHOW COLUMNS FROM `xh_member_recharge` [ RunTime:0.004003s ]
[ sql ] [ SQL ] INSERT INTO `xh_member_recharge` (`memberId` , `amount` , `status` , `no_order` , `createTime`) VALUES (1315 , 10 , 0 , '13151538136740222495' , '2018-09-28 20:12:20') [ RunTime:0.000911s ]
---------------------------------------------------------------
[ 2018-09-28T20:13:19+08:00 ] 202.53.138.176 61.151.178.177 GET /index/lianlianpay/doPay?b-pay-amount=10
[ info ] vip.5chevip.com/index/lianlianpay/doPay?b-pay-amount=10 [运行时间：0.170666s][吞吐率：5.86req/s] [内存消耗：2,918.61kb] [文件加载：56]
[ info ] [ CACHE ] INIT File
[ info ] [ LANG ] /www/wwwroot/feichangpeizi/thinkphp/lang/zh-cn.php
[ info ] [ ROUTE ] array (
  'type' => 'module',
  'module' => 
  array (
    0 => 'index',
    1 => 'lianlianpay',
    2 => 'doPay',
  ),
)
[ info ] [ HEADER ] array (
  'user-agent' => 'Mozilla/5.0 (Windows NT 6.1; WOW64; Trident/7.0; SLCC2; .NET CLR 2.0.50727; .NET CLR 3.5.30729; .NET CLR 3.0.30729; Media Center PC 6.0; .NET4.0C; .NET4.0E; InfoPath.3; rv:11.0) like Gecko',
  'accept' => '*/*',
  'referer' => 'http://vip.5chevip.com/ucenter/payment.html',
  'accept-language' => 'zh-CN,zh;q=0.8,en-US;q=0.6,en;q=0.4',
  'host' => 'vip.5chevip.com',
  'connection' => 'keep-alive',
  'content-type' => '',
  'content-length' => '',
)
[ info ] [ PARAM ] array (
  'b-pay-amount' => '10',
)
[ info ] [ BEHAVIOR ] Run app\common\behavior\Config @app_begin [ RunTime:0.000829s ]
[ info ] [ BEHAVIOR ] Run app\common\behavior\Hook @app_begin [ RunTime:0.024842s ]
[ info ] [ LOG ] INIT File
[ info ] [ RUN ] app\index\controller\Lianlianpay->doPay[ /www/wwwroot/feichangpeizi/application/index/controller/Lianlianpay.php ]
---------------------------------------------------------------
[ 2018-09-28T20:16:22+08:00 ] 202.53.138.176 106.122.177.255 GET /index/lianlianpay/doPay?b-pay-amount=10
[ info ] vip.5chevip.com/index/lianlianpay/doPay?b-pay-amount=10 [运行时间：0.217067s][吞吐率：4.61req/s] [内存消耗：4,014.04kb] [文件加载：67]
[ info ] [ CACHE ] INIT File
[ info ] [ LANG ] /www/wwwroot/feichangpeizi/thinkphp/lang/zh-cn.php
[ info ] [ ROUTE ] array (
  'type' => 'module',
  'module' => 
  array (
    0 => 'index',
    1 => 'lianlianpay',
    2 => 'doPay',
  ),
)
[ info ] [ HEADER ] array (
  'host' => 'vip.5chevip.com',
  'connection' => 'keep-alive',
  'upgrade-insecure-requests' => '1',
  'user-agent' => 'Mozilla/5.0 (Windows NT 6.1; WOW64) AppleWebKit/537.36 (KHTML, like Gecko) Chrome/63.0.3239.132 Safari/537.36',
  'accept' => 'text/html,application/xhtml+xml,application/xml;q=0.9,image/webp,image/apng,*/*;q=0.8',
  'referer' => 'http://vip.5chevip.com/ucenter/payment.html',
  'accept-encoding' => 'gzip, deflate',
  'accept-language' => 'zh-CN,zh;q=0.9,en;q=0.8',
  'cookie' => 'PHPSESSID=kqu1n3s1oaf99q8o0utbnl4md3',
  'content-type' => '',
  'content-length' => '',
)
[ info ] [ PARAM ] array (
  'b-pay-amount' => '10',
)
[ info ] [ BEHAVIOR ] Run app\common\behavior\Config @app_begin [ RunTime:0.000908s ]
[ info ] [ BEHAVIOR ] Run app\common\behavior\Hook @app_begin [ RunTime:0.021444s ]
[ info ] [ DB ] INIT mysql
[ info ] [ LOG ] INIT File
[ info ] [ RUN ] app\index\controller\Lianlianpay->doPay[ /www/wwwroot/feichangpeizi/application/index/controller/Lianlianpay.php ]
[ sql ] [ DB ] CONNECT:[ UseTime:0.000735s ] mysql:dbname=fcpeizi;host=localhost;port=3306;charset=utf8
[ sql ] [ SQL ] SHOW COLUMNS FROM `xh_member` [ RunTime:0.002728s ]
[ sql ] [ SQL ] SELECT `usableSum` FROM `xh_member` WHERE  (  id=1315 ) LIMIT 1 [ RunTime:0.000533s ]
[ sql ] [ SQL ] SHOW COLUMNS FROM `xh_member_recharge` [ RunTime:0.002433s ]
[ sql ] [ SQL ] INSERT INTO `xh_member_recharge` (`memberId` , `amount` , `status` , `no_order` , `createTime`) VALUES (1315 , 10 , 0 , '13151538136982576643' , '2018-09-28 20:16:22') [ RunTime:0.000817s ]
---------------------------------------------------------------
[ 2018-09-28T20:16:37+08:00 ] 202.53.138.176 106.122.177.255 GET /index/lianlianpay/doPay?b-pay-amount=10
[ info ] vip.5chevip.com/index/lianlianpay/doPay?b-pay-amount=10 [运行时间：0.269643s][吞吐率：3.71req/s] [内存消耗：4,014.04kb] [文件加载：67]
[ info ] [ CACHE ] INIT File
[ info ] [ LANG ] /www/wwwroot/feichangpeizi/thinkphp/lang/zh-cn.php
[ info ] [ ROUTE ] array (
  'type' => 'module',
  'module' => 
  array (
    0 => 'index',
    1 => 'lianlianpay',
    2 => 'doPay',
  ),
)
[ info ] [ HEADER ] array (
  'host' => 'vip.5chevip.com',
  'connection' => 'keep-alive',
  'upgrade-insecure-requests' => '1',
  'user-agent' => 'Mozilla/5.0 (Windows NT 6.1; WOW64) AppleWebKit/537.36 (KHTML, like Gecko) Chrome/63.0.3239.132 Safari/537.36',
  'accept' => 'text/html,application/xhtml+xml,application/xml;q=0.9,image/webp,image/apng,*/*;q=0.8',
  'referer' => 'http://vip.5chevip.com/ucenter/payment.html',
  'accept-encoding' => 'gzip, deflate',
  'accept-language' => 'zh-CN,zh;q=0.9,en;q=0.8',
  'cookie' => 'PHPSESSID=kqu1n3s1oaf99q8o0utbnl4md3',
  'content-type' => '',
  'content-length' => '',
)
[ info ] [ PARAM ] array (
  'b-pay-amount' => '10',
)
[ info ] [ BEHAVIOR ] Run app\common\behavior\Config @app_begin [ RunTime:0.001068s ]
[ info ] [ BEHAVIOR ] Run app\common\behavior\Hook @app_begin [ RunTime:0.026838s ]
[ info ] [ DB ] INIT mysql
[ info ] [ LOG ] INIT File
[ info ] [ RUN ] app\index\controller\Lianlianpay->doPay[ /www/wwwroot/feichangpeizi/application/index/controller/Lianlianpay.php ]
[ sql ] [ DB ] CONNECT:[ UseTime:0.000729s ] mysql:dbname=fcpeizi;host=localhost;port=3306;charset=utf8
[ sql ] [ SQL ] SHOW COLUMNS FROM `xh_member` [ RunTime:0.002448s ]
[ sql ] [ SQL ] SELECT `usableSum` FROM `xh_member` WHERE  (  id=1315 ) LIMIT 1 [ RunTime:0.000482s ]
[ sql ] [ SQL ] SHOW COLUMNS FROM `xh_member_recharge` [ RunTime:0.002185s ]
[ sql ] [ SQL ] INSERT INTO `xh_member_recharge` (`memberId` , `amount` , `status` , `no_order` , `createTime`) VALUES (1315 , 10 , 0 , '13151538136997329837' , '2018-09-28 20:16:37') [ RunTime:0.001069s ]
---------------------------------------------------------------
[ 2018-09-28T21:24:41+08:00 ] 202.53.138.176 106.122.177.255 GET /index/lianlianpay/doPay?b-pay-amount=10
[ info ] vip.5chevip.com/index/lianlianpay/doPay?b-pay-amount=10 [运行时间：0.244746s][吞吐率：4.09req/s] [内存消耗：4,014.04kb] [文件加载：67]
[ info ] [ CACHE ] INIT File
[ info ] [ LANG ] /www/wwwroot/feichangpeizi/thinkphp/lang/zh-cn.php
[ info ] [ ROUTE ] array (
  'type' => 'module',
  'module' => 
  array (
    0 => 'index',
    1 => 'lianlianpay',
    2 => 'doPay',
  ),
)
[ info ] [ HEADER ] array (
  'host' => 'vip.5chevip.com',
  'connection' => 'keep-alive',
  'upgrade-insecure-requests' => '1',
  'user-agent' => 'Mozilla/5.0 (Windows NT 6.1; WOW64) AppleWebKit/537.36 (KHTML, like Gecko) Chrome/63.0.3239.132 Safari/537.36',
  'accept' => 'text/html,application/xhtml+xml,application/xml;q=0.9,image/webp,image/apng,*/*;q=0.8',
  'referer' => 'http://vip.5chevip.com/ucenter/payment.html',
  'accept-encoding' => 'gzip, deflate',
  'accept-language' => 'zh-CN,zh;q=0.9,en;q=0.8',
  'cookie' => 'PHPSESSID=kqu1n3s1oaf99q8o0utbnl4md3',
  'content-type' => '',
  'content-length' => '',
)
[ info ] [ PARAM ] array (
  'b-pay-amount' => '10',
)
[ info ] [ BEHAVIOR ] Run app\common\behavior\Config @app_begin [ RunTime:0.004854s ]
[ info ] [ BEHAVIOR ] Run app\common\behavior\Hook @app_begin [ RunTime:0.024533s ]
[ info ] [ DB ] INIT mysql
[ info ] [ LOG ] INIT File
[ info ] [ RUN ] app\index\controller\Lianlianpay->doPay[ /www/wwwroot/feichangpeizi/application/index/controller/Lianlianpay.php ]
[ sql ] [ DB ] CONNECT:[ UseTime:0.000737s ] mysql:dbname=fcpeizi;host=localhost;port=3306;charset=utf8
[ sql ] [ SQL ] SHOW COLUMNS FROM `xh_member` [ RunTime:0.002925s ]
[ sql ] [ SQL ] SELECT `usableSum` FROM `xh_member` WHERE  (  id=1315 ) LIMIT 1 [ RunTime:0.000520s ]
[ sql ] [ SQL ] SHOW COLUMNS FROM `xh_member_recharge` [ RunTime:0.003596s ]
[ sql ] [ SQL ] INSERT INTO `xh_member_recharge` (`memberId` , `amount` , `status` , `no_order` , `createTime`) VALUES (1315 , 10 , 0 , '13151538141081457222' , '2018-09-28 21:24:41') [ RunTime:0.001118s ]
---------------------------------------------------------------
[ 2018-09-28T21:56:01+08:00 ] 202.53.138.176 58.243.250.212 GET /index/lianlianpay/doPay?b-pay-amount=1000
[ info ] www.5chevip.com/index/lianlianpay/doPay?b-pay-amount=1000 [运行时间：0.245642s][吞吐率：4.07req/s] [内存消耗：4,014.92kb] [文件加载：67]
[ info ] [ CACHE ] INIT File
[ info ] [ LANG ] /www/wwwroot/feichangpeizi/thinkphp/lang/zh-cn.php
[ info ] [ ROUTE ] array (
  'type' => 'module',
  'module' => 
  array (
    0 => 'index',
    1 => 'lianlianpay',
    2 => 'doPay',
  ),
)
[ info ] [ HEADER ] array (
  'host' => 'www.5chevip.com',
  'connection' => 'keep-alive',
  'accept' => 'text/html,application/xhtml+xml,application/xml;q=0.9,image/webp,*/*;q=0.8',
  'upgrade-insecure-requests' => '1',
  'user-agent' => 'Mozilla/5.0 (Windows NT 6.1; WOW64) AppleWebKit/537.36 (KHTML, like Gecko) Chrome/49.0.2623.112 Safari/537.36',
  'referer' => 'http://www.5chevip.com/ucenter/payment.html',
  'accept-encoding' => 'gzip, deflate, sdch',
  'accept-language' => 'zh-CN,zh;q=0.8',
  'cookie' => 'PHPSESSID=3q2ek5beiv837jfisgprstsmd0',
  'content-type' => '',
  'content-length' => '',
)
[ info ] [ PARAM ] array (
  'b-pay-amount' => '1000',
)
[ info ] [ BEHAVIOR ] Run app\common\behavior\Config @app_begin [ RunTime:0.000894s ]
[ info ] [ BEHAVIOR ] Run app\common\behavior\Hook @app_begin [ RunTime:0.022712s ]
[ info ] [ DB ] INIT mysql
[ info ] [ LOG ] INIT File
[ info ] [ RUN ] app\index\controller\Lianlianpay->doPay[ /www/wwwroot/feichangpeizi/application/index/controller/Lianlianpay.php ]
[ sql ] [ DB ] CONNECT:[ UseTime:0.001056s ] mysql:dbname=fcpeizi;host=localhost;port=3306;charset=utf8
[ sql ] [ SQL ] SHOW COLUMNS FROM `xh_member` [ RunTime:0.002871s ]
[ sql ] [ SQL ] SELECT `usableSum` FROM `xh_member` WHERE  (  id=1313 ) LIMIT 1 [ RunTime:0.000508s ]
[ sql ] [ SQL ] SHOW COLUMNS FROM `xh_member_recharge` [ RunTime:0.002440s ]
[ sql ] [ SQL ] INSERT INTO `xh_member_recharge` (`memberId` , `amount` , `status` , `no_order` , `createTime`) VALUES (1313 , 1000 , 0 , '13131538142961285207' , '2018-09-28 21:56:01') [ RunTime:0.000735s ]
---------------------------------------------------------------
[ 2018-09-28T21:56:34+08:00 ] 202.53.138.176 58.243.250.212 GET /index/lianlianpay/doPay?b-pay-amount=1000
[ info ] www.5chevip.com/index/lianlianpay/doPay?b-pay-amount=1000 [运行时间：0.265669s][吞吐率：3.76req/s] [内存消耗：4,015.37kb] [文件加载：67]
[ info ] [ CACHE ] INIT File
[ info ] [ LANG ] /www/wwwroot/feichangpeizi/thinkphp/lang/zh-cn.php
[ info ] [ ROUTE ] array (
  'type' => 'module',
  'module' => 
  array (
    0 => 'index',
    1 => 'lianlianpay',
    2 => 'doPay',
  ),
)
[ info ] [ HEADER ] array (
  'host' => 'www.5chevip.com',
  'connection' => 'keep-alive',
  'cache-control' => 'max-age=0',
  'accept' => 'text/html,application/xhtml+xml,application/xml;q=0.9,image/webp,*/*;q=0.8',
  'upgrade-insecure-requests' => '1',
  'user-agent' => 'Mozilla/5.0 (Windows NT 6.1; WOW64) AppleWebKit/537.36 (KHTML, like Gecko) Chrome/49.0.2623.112 Safari/537.36',
  'referer' => 'http://www.5chevip.com/ucenter/payment.html',
  'accept-encoding' => 'gzip, deflate, sdch',
  'accept-language' => 'zh-CN,zh;q=0.8',
  'cookie' => 'PHPSESSID=3q2ek5beiv837jfisgprstsmd0',
  'content-type' => '',
  'content-length' => '',
)
[ info ] [ PARAM ] array (
  'b-pay-amount' => '1000',
)
[ info ] [ BEHAVIOR ] Run app\common\behavior\Config @app_begin [ RunTime:0.001392s ]
[ info ] [ BEHAVIOR ] Run app\common\behavior\Hook @app_begin [ RunTime:0.025445s ]
[ info ] [ DB ] INIT mysql
[ info ] [ LOG ] INIT File
[ info ] [ RUN ] app\index\controller\Lianlianpay->doPay[ /www/wwwroot/feichangpeizi/application/index/controller/Lianlianpay.php ]
[ sql ] [ DB ] CONNECT:[ UseTime:0.000805s ] mysql:dbname=fcpeizi;host=localhost;port=3306;charset=utf8
[ sql ] [ SQL ] SHOW COLUMNS FROM `xh_member` [ RunTime:0.002714s ]
[ sql ] [ SQL ] SELECT `usableSum` FROM `xh_member` WHERE  (  id=1313 ) LIMIT 1 [ RunTime:0.000507s ]
[ sql ] [ SQL ] SHOW COLUMNS FROM `xh_member_recharge` [ RunTime:0.002058s ]
[ sql ] [ SQL ] INSERT INTO `xh_member_recharge` (`memberId` , `amount` , `status` , `no_order` , `createTime`) VALUES (1313 , 1000 , 0 , '13131538142994766780' , '2018-09-28 21:56:34') [ RunTime:0.000881s ]
---------------------------------------------------------------
[ 2018-09-28T22:15:49+08:00 ] 202.53.138.176 58.243.250.212 GET /index/lianlianpay/doPay?b-pay-amount=1000
[ info ] www.5chevip.com/index/lianlianpay/doPay?b-pay-amount=1000 [运行时间：0.380489s][吞吐率：2.63req/s] [内存消耗：4,014.92kb] [文件加载：67]
[ info ] [ CACHE ] INIT File
[ info ] [ LANG ] /www/wwwroot/feichangpeizi/thinkphp/lang/zh-cn.php
[ info ] [ ROUTE ] array (
  'type' => 'module',
  'module' => 
  array (
    0 => 'index',
    1 => 'lianlianpay',
    2 => 'doPay',
  ),
)
[ info ] [ HEADER ] array (
  'host' => 'www.5chevip.com',
  'connection' => 'keep-alive',
  'accept' => 'text/html,application/xhtml+xml,application/xml;q=0.9,image/webp,*/*;q=0.8',
  'upgrade-insecure-requests' => '1',
  'user-agent' => 'Mozilla/5.0 (Windows NT 6.1; WOW64) AppleWebKit/537.36 (KHTML, like Gecko) Chrome/49.0.2623.112 Safari/537.36',
  'referer' => 'http://www.5chevip.com/ucenter/payment.html',
  'accept-encoding' => 'gzip, deflate, sdch',
  'accept-language' => 'zh-CN,zh;q=0.8',
  'cookie' => 'PHPSESSID=3q2ek5beiv837jfisgprstsmd0',
  'content-type' => '',
  'content-length' => '',
)
[ info ] [ PARAM ] array (
  'b-pay-amount' => '1000',
)
[ info ] [ BEHAVIOR ] Run app\common\behavior\Config @app_begin [ RunTime:0.001124s ]
[ info ] [ BEHAVIOR ] Run app\common\behavior\Hook @app_begin [ RunTime:0.024661s ]
[ info ] [ DB ] INIT mysql
[ info ] [ LOG ] INIT File
[ info ] [ RUN ] app\index\controller\Lianlianpay->doPay[ /www/wwwroot/feichangpeizi/application/index/controller/Lianlianpay.php ]
[ sql ] [ DB ] CONNECT:[ UseTime:0.000661s ] mysql:dbname=fcpeizi;host=localhost;port=3306;charset=utf8
[ sql ] [ SQL ] SHOW COLUMNS FROM `xh_member` [ RunTime:0.003823s ]
[ sql ] [ SQL ] SELECT `usableSum` FROM `xh_member` WHERE  (  id=1313 ) LIMIT 1 [ RunTime:0.000474s ]
[ sql ] [ SQL ] SHOW COLUMNS FROM `xh_member_recharge` [ RunTime:0.005170s ]
[ sql ] [ SQL ] INSERT INTO `xh_member_recharge` (`memberId` , `amount` , `status` , `no_order` , `createTime`) VALUES (1313 , 1000 , 0 , '13131538144149920583' , '2018-09-28 22:15:49') [ RunTime:0.001062s ]
---------------------------------------------------------------
[ 2018-09-28T22:45:11+08:00 ] 202.53.138.176 58.243.250.212 GET /index/lianlianpay/doPay?b-pay-amount=1000
[ info ] www.5chevip.com/index/lianlianpay/doPay?b-pay-amount=1000 [运行时间：0.249300s][吞吐率：4.01req/s] [内存消耗：4,014.92kb] [文件加载：67]
[ info ] [ CACHE ] INIT File
[ info ] [ LANG ] /www/wwwroot/feichangpeizi/thinkphp/lang/zh-cn.php
[ info ] [ ROUTE ] array (
  'type' => 'module',
  'module' => 
  array (
    0 => 'index',
    1 => 'lianlianpay',
    2 => 'doPay',
  ),
)
[ info ] [ HEADER ] array (
  'host' => 'www.5chevip.com',
  'connection' => 'keep-alive',
  'accept' => 'text/html,application/xhtml+xml,application/xml;q=0.9,image/webp,*/*;q=0.8',
  'upgrade-insecure-requests' => '1',
  'user-agent' => 'Mozilla/5.0 (Windows NT 6.1; WOW64) AppleWebKit/537.36 (KHTML, like Gecko) Chrome/49.0.2623.112 Safari/537.36',
  'referer' => 'http://www.5chevip.com/ucenter/payment.html',
  'accept-encoding' => 'gzip, deflate, sdch',
  'accept-language' => 'zh-CN,zh;q=0.8',
  'cookie' => 'PHPSESSID=3q2ek5beiv837jfisgprstsmd0',
  'content-type' => '',
  'content-length' => '',
)
[ info ] [ PARAM ] array (
  'b-pay-amount' => '1000',
)
[ info ] [ BEHAVIOR ] Run app\common\behavior\Config @app_begin [ RunTime:0.001145s ]
[ info ] [ BEHAVIOR ] Run app\common\behavior\Hook @app_begin [ RunTime:0.032567s ]
[ info ] [ DB ] INIT mysql
[ info ] [ LOG ] INIT File
[ info ] [ RUN ] app\index\controller\Lianlianpay->doPay[ /www/wwwroot/feichangpeizi/application/index/controller/Lianlianpay.php ]
[ sql ] [ DB ] CONNECT:[ UseTime:0.000942s ] mysql:dbname=fcpeizi;host=localhost;port=3306;charset=utf8
[ sql ] [ SQL ] SHOW COLUMNS FROM `xh_member` [ RunTime:0.003376s ]
[ sql ] [ SQL ] SELECT `usableSum` FROM `xh_member` WHERE  (  id=1313 ) LIMIT 1 [ RunTime:0.000659s ]
[ sql ] [ SQL ] SHOW COLUMNS FROM `xh_member_recharge` [ RunTime:0.002552s ]
[ sql ] [ SQL ] INSERT INTO `xh_member_recharge` (`memberId` , `amount` , `status` , `no_order` , `createTime`) VALUES (1313 , 1000 , 0 , '13131538145911572594' , '2018-09-28 22:45:11') [ RunTime:0.000933s ]
---------------------------------------------------------------
[ 2018-09-28T22:52:55+08:00 ] 202.53.138.176 106.122.177.255 GET /index/lianlianpay/doPay?b-pay-amount=10
[ info ] vip.5chevip.com/index/lianlianpay/doPay?b-pay-amount=10 [运行时间：0.301884s][吞吐率：3.31req/s] [内存消耗：4,014.59kb] [文件加载：67]
[ info ] [ CACHE ] INIT File
[ info ] [ LANG ] /www/wwwroot/feichangpeizi/thinkphp/lang/zh-cn.php
[ info ] [ ROUTE ] array (
  'type' => 'module',
  'module' => 
  array (
    0 => 'index',
    1 => 'lianlianpay',
    2 => 'doPay',
  ),
)
[ info ] [ HEADER ] array (
  'host' => 'vip.5chevip.com',
  'connection' => 'keep-alive',
  'upgrade-insecure-requests' => '1',
  'user-agent' => 'Mozilla/5.0 (Windows NT 6.1; WOW64) AppleWebKit/537.36 (KHTML, like Gecko) Chrome/63.0.3239.132 Safari/537.36',
  'accept' => 'text/html,application/xhtml+xml,application/xml;q=0.9,image/webp,image/apng,*/*;q=0.8',
  'referer' => 'http://vip.5chevip.com/ucenter/payment.html',
  'accept-encoding' => 'gzip, deflate',
  'accept-language' => 'zh-CN,zh;q=0.9,en;q=0.8',
  'cookie' => 'PHPSESSID=2j6sis0mleqe8f8jmmlg33aj36',
  'content-type' => '',
  'content-length' => '',
)
[ info ] [ PARAM ] array (
  'b-pay-amount' => '10',
)
[ info ] [ BEHAVIOR ] Run app\common\behavior\Config @app_begin [ RunTime:0.000886s ]
[ info ] [ BEHAVIOR ] Run app\common\behavior\Hook @app_begin [ RunTime:0.031447s ]
[ info ] [ DB ] INIT mysql
[ info ] [ LOG ] INIT File
[ info ] [ RUN ] app\index\controller\Lianlianpay->doPay[ /www/wwwroot/feichangpeizi/application/index/controller/Lianlianpay.php ]
[ sql ] [ DB ] CONNECT:[ UseTime:0.000920s ] mysql:dbname=fcpeizi;host=localhost;port=3306;charset=utf8
[ sql ] [ SQL ] SHOW COLUMNS FROM `xh_member` [ RunTime:0.003285s ]
[ sql ] [ SQL ] SELECT `usableSum` FROM `xh_member` WHERE  (  id=1315 ) LIMIT 1 [ RunTime:0.000609s ]
[ sql ] [ SQL ] SHOW COLUMNS FROM `xh_member_recharge` [ RunTime:0.002499s ]
[ sql ] [ SQL ] INSERT INTO `xh_member_recharge` (`memberId` , `amount` , `status` , `no_order` , `createTime`) VALUES (1315 , 10 , 0 , '13151538146375604730' , '2018-09-28 22:52:55') [ RunTime:0.000902s ]
---------------------------------------------------------------
[ 2018-09-28T22:53:07+08:00 ] 202.53.138.176 106.122.177.255 GET /index/lianlianpay/doPay?b-pay-amount=10
[ info ] vip.5chevip.com/index/lianlianpay/doPay?b-pay-amount=10 [运行时间：0.309212s][吞吐率：3.23req/s] [内存消耗：4,014.59kb] [文件加载：67]
[ info ] [ CACHE ] INIT File
[ info ] [ LANG ] /www/wwwroot/feichangpeizi/thinkphp/lang/zh-cn.php
[ info ] [ ROUTE ] array (
  'type' => 'module',
  'module' => 
  array (
    0 => 'index',
    1 => 'lianlianpay',
    2 => 'doPay',
  ),
)
[ info ] [ HEADER ] array (
  'host' => 'vip.5chevip.com',
  'connection' => 'keep-alive',
  'upgrade-insecure-requests' => '1',
  'user-agent' => 'Mozilla/5.0 (Windows NT 6.1; WOW64) AppleWebKit/537.36 (KHTML, like Gecko) Chrome/63.0.3239.132 Safari/537.36',
  'accept' => 'text/html,application/xhtml+xml,application/xml;q=0.9,image/webp,image/apng,*/*;q=0.8',
  'referer' => 'http://vip.5chevip.com/ucenter/payment.html',
  'accept-encoding' => 'gzip, deflate',
  'accept-language' => 'zh-CN,zh;q=0.9,en;q=0.8',
  'cookie' => 'PHPSESSID=2j6sis0mleqe8f8jmmlg33aj36',
  'content-type' => '',
  'content-length' => '',
)
[ info ] [ PARAM ] array (
  'b-pay-amount' => '10',
)
[ info ] [ BEHAVIOR ] Run app\common\behavior\Config @app_begin [ RunTime:0.005433s ]
[ info ] [ BEHAVIOR ] Run app\common\behavior\Hook @app_begin [ RunTime:0.023671s ]
[ info ] [ DB ] INIT mysql
[ info ] [ LOG ] INIT File
[ info ] [ RUN ] app\index\controller\Lianlianpay->doPay[ /www/wwwroot/feichangpeizi/application/index/controller/Lianlianpay.php ]
[ sql ] [ DB ] CONNECT:[ UseTime:0.000737s ] mysql:dbname=fcpeizi;host=localhost;port=3306;charset=utf8
[ sql ] [ SQL ] SHOW COLUMNS FROM `xh_member` [ RunTime:0.003467s ]
[ sql ] [ SQL ] SELECT `usableSum` FROM `xh_member` WHERE  (  id=1315 ) LIMIT 1 [ RunTime:0.000719s ]
[ sql ] [ SQL ] SHOW COLUMNS FROM `xh_member_recharge` [ RunTime:0.012101s ]
[ sql ] [ SQL ] INSERT INTO `xh_member_recharge` (`memberId` , `amount` , `status` , `no_order` , `createTime`) VALUES (1315 , 10 , 0 , '13151538146387537164' , '2018-09-28 22:53:07') [ RunTime:0.001258s ]
---------------------------------------------------------------
[ 2018-09-28T22:58:18+08:00 ] 202.53.138.176 106.122.177.255 GET /index/lianlianpay/doPay?b-pay-amount=10
[ info ] vip.5chevip.com/index/lianlianpay/doPay?b-pay-amount=10 [运行时间：0.266523s][吞吐率：3.75req/s] [内存消耗：4,002.15kb] [文件加载：67]
[ info ] [ CACHE ] INIT File
[ info ] [ LANG ] /www/wwwroot/feichangpeizi/thinkphp/lang/zh-cn.php
[ info ] [ ROUTE ] array (
  'type' => 'module',
  'module' => 
  array (
    0 => 'index',
    1 => 'lianlianpay',
    2 => 'doPay',
  ),
)
[ info ] [ HEADER ] array (
  'host' => 'vip.5chevip.com',
  'connection' => 'keep-alive',
  'upgrade-insecure-requests' => '1',
  'user-agent' => 'Mozilla/5.0 (Windows NT 6.1; WOW64) AppleWebKit/537.36 (KHTML, like Gecko) Chrome/63.0.3239.132 Safari/537.36',
  'accept' => 'text/html,application/xhtml+xml,application/xml;q=0.9,image/webp,image/apng,*/*;q=0.8',
  'referer' => 'http://vip.5chevip.com/ucenter/payment.html',
  'accept-encoding' => 'gzip, deflate',
  'accept-language' => 'zh-CN,zh;q=0.9,en;q=0.8',
  'cookie' => 'PHPSESSID=2j6sis0mleqe8f8jmmlg33aj36',
  'content-type' => '',
  'content-length' => '',
)
[ info ] [ PARAM ] array (
  'b-pay-amount' => '10',
)
[ info ] [ BEHAVIOR ] Run app\common\behavior\Config @app_begin [ RunTime:0.001020s ]
[ info ] [ BEHAVIOR ] Run app\common\behavior\Hook @app_begin [ RunTime:0.020294s ]
[ info ] [ DB ] INIT mysql
[ info ] [ LOG ] INIT File
[ info ] [ RUN ] app\index\controller\Lianlianpay->doPay[ /www/wwwroot/feichangpeizi/application/index/controller/Lianlianpay.php ]
[ sql ] [ DB ] CONNECT:[ UseTime:0.000862s ] mysql:dbname=fcpeizi;host=localhost;port=3306;charset=utf8
[ sql ] [ SQL ] SHOW COLUMNS FROM `xh_member` [ RunTime:0.004597s ]
[ sql ] [ SQL ] SELECT `usableSum` FROM `xh_member` WHERE  (  id=1315 ) LIMIT 1 [ RunTime:0.000672s ]
[ sql ] [ SQL ] SHOW COLUMNS FROM `xh_member_recharge` [ RunTime:0.002839s ]
[ sql ] [ SQL ] INSERT INTO `xh_member_recharge` (`memberId` , `amount` , `status` , `no_order` , `createTime`) VALUES (1315 , 10 , 0 , '13151538146698718458' , '2018-09-28 22:58:18') [ RunTime:0.001013s ]
---------------------------------------------------------------
[ 2018-09-28T22:58:50+08:00 ] 202.53.138.176 106.122.177.255 GET /index/lianlianpay/doPay?b-pay-amount=10
[ info ] vip.5chevip.com/index/lianlianpay/doPay?b-pay-amount=10 [运行时间：0.365938s][吞吐率：2.73req/s] [内存消耗：4,002.15kb] [文件加载：67]
[ info ] [ CACHE ] INIT File
[ info ] [ LANG ] /www/wwwroot/feichangpeizi/thinkphp/lang/zh-cn.php
[ info ] [ ROUTE ] array (
  'type' => 'module',
  'module' => 
  array (
    0 => 'index',
    1 => 'lianlianpay',
    2 => 'doPay',
  ),
)
[ info ] [ HEADER ] array (
  'host' => 'vip.5chevip.com',
  'connection' => 'keep-alive',
  'upgrade-insecure-requests' => '1',
  'user-agent' => 'Mozilla/5.0 (Windows NT 6.1; WOW64) AppleWebKit/537.36 (KHTML, like Gecko) Chrome/63.0.3239.132 Safari/537.36',
  'accept' => 'text/html,application/xhtml+xml,application/xml;q=0.9,image/webp,image/apng,*/*;q=0.8',
  'referer' => 'http://vip.5chevip.com/ucenter/payment.html',
  'accept-encoding' => 'gzip, deflate',
  'accept-language' => 'zh-CN,zh;q=0.9,en;q=0.8',
  'cookie' => 'PHPSESSID=2j6sis0mleqe8f8jmmlg33aj36',
  'content-type' => '',
  'content-length' => '',
)
[ info ] [ PARAM ] array (
  'b-pay-amount' => '10',
)
[ info ] [ BEHAVIOR ] Run app\common\behavior\Config @app_begin [ RunTime:0.001492s ]
[ info ] [ BEHAVIOR ] Run app\common\behavior\Hook @app_begin [ RunTime:0.033484s ]
[ info ] [ DB ] INIT mysql
[ info ] [ LOG ] INIT File
[ info ] [ RUN ] app\index\controller\Lianlianpay->doPay[ /www/wwwroot/feichangpeizi/application/index/controller/Lianlianpay.php ]
[ sql ] [ DB ] CONNECT:[ UseTime:0.000887s ] mysql:dbname=fcpeizi;host=localhost;port=3306;charset=utf8
[ sql ] [ SQL ] SHOW COLUMNS FROM `xh_member` [ RunTime:0.002589s ]
[ sql ] [ SQL ] SELECT `usableSum` FROM `xh_member` WHERE  (  id=1315 ) LIMIT 1 [ RunTime:0.000511s ]
[ sql ] [ SQL ] SHOW COLUMNS FROM `xh_member_recharge` [ RunTime:0.004919s ]
[ sql ] [ SQL ] INSERT INTO `xh_member_recharge` (`memberId` , `amount` , `status` , `no_order` , `createTime`) VALUES (1315 , 10 , 0 , '13151538146730340293' , '2018-09-28 22:58:50') [ RunTime:0.001104s ]
---------------------------------------------------------------
[ 2018-09-28T23:00:28+08:00 ] 202.53.138.176 106.122.177.255 GET /index/lianlianpay/doPay?b-pay-amount=10
[ info ] vip.5chevip.com/index/lianlianpay/doPay?b-pay-amount=10 [运行时间：0.238098s][吞吐率：4.20req/s] [内存消耗：4,001.76kb] [文件加载：67]
[ info ] [ CACHE ] INIT File
[ info ] [ LANG ] /www/wwwroot/feichangpeizi/thinkphp/lang/zh-cn.php
[ info ] [ ROUTE ] array (
  'type' => 'module',
  'module' => 
  array (
    0 => 'index',
    1 => 'lianlianpay',
    2 => 'doPay',
  ),
)
[ info ] [ HEADER ] array (
  'host' => 'vip.5chevip.com',
  'connection' => 'keep-alive',
  'upgrade-insecure-requests' => '1',
  'user-agent' => 'Mozilla/5.0 (Windows NT 6.1; WOW64) AppleWebKit/537.36 (KHTML, like Gecko) Chrome/63.0.3239.132 Safari/537.36',
  'accept' => 'text/html,application/xhtml+xml,application/xml;q=0.9,image/webp,image/apng,*/*;q=0.8',
  'referer' => 'http://vip.5chevip.com/ucenter/payment.html',
  'accept-encoding' => 'gzip, deflate',
  'accept-language' => 'zh-CN,zh;q=0.9,en;q=0.8',
  'cookie' => 'PHPSESSID=2j6sis0mleqe8f8jmmlg33aj36',
  'content-type' => '',
  'content-length' => '',
)
[ info ] [ PARAM ] array (
  'b-pay-amount' => '10',
)
[ info ] [ BEHAVIOR ] Run app\common\behavior\Config @app_begin [ RunTime:0.000927s ]
[ info ] [ BEHAVIOR ] Run app\common\behavior\Hook @app_begin [ RunTime:0.016392s ]
[ info ] [ DB ] INIT mysql
[ info ] [ LOG ] INIT File
[ info ] [ RUN ] app\index\controller\Lianlianpay->doPay[ /www/wwwroot/feichangpeizi/application/index/controller/Lianlianpay.php ]
[ sql ] [ DB ] CONNECT:[ UseTime:0.001023s ] mysql:dbname=fcpeizi;host=localhost;port=3306;charset=utf8
[ sql ] [ SQL ] SHOW COLUMNS FROM `xh_member` [ RunTime:0.003310s ]
[ sql ] [ SQL ] SELECT `usableSum` FROM `xh_member` WHERE  (  id=1315 ) LIMIT 1 [ RunTime:0.000604s ]
[ sql ] [ SQL ] SHOW COLUMNS FROM `xh_member_recharge` [ RunTime:0.003608s ]
[ sql ] [ SQL ] INSERT INTO `xh_member_recharge` (`memberId` , `amount` , `status` , `no_order` , `createTime`) VALUES (1315 , 10 , 0 , '13151538146828255520' , '2018-09-28 23:00:28') [ RunTime:0.001398s ]
---------------------------------------------------------------
[ 2018-09-28T23:01:44+08:00 ] 202.53.138.176 58.243.250.212 GET /index/lianlianpay/doPay?b-pay-amount=1000
[ info ] www.5chevip.com/index/lianlianpay/doPay?b-pay-amount=1000 [运行时间：0.296194s][吞吐率：3.38req/s] [内存消耗：4,002.73kb] [文件加载：67]
[ info ] [ CACHE ] INIT File
[ info ] [ LANG ] /www/wwwroot/feichangpeizi/thinkphp/lang/zh-cn.php
[ info ] [ ROUTE ] array (
  'type' => 'module',
  'module' => 
  array (
    0 => 'index',
    1 => 'lianlianpay',
    2 => 'doPay',
  ),
)
[ info ] [ HEADER ] array (
  'host' => 'www.5chevip.com',
  'connection' => 'keep-alive',
  'accept' => 'text/html,application/xhtml+xml,application/xml;q=0.9,image/webp,*/*;q=0.8',
  'upgrade-insecure-requests' => '1',
  'user-agent' => 'Mozilla/5.0 (Windows NT 6.1; WOW64) AppleWebKit/537.36 (KHTML, like Gecko) Chrome/49.0.2623.112 Safari/537.36',
  'referer' => 'http://www.5chevip.com/ucenter/payment.html',
  'accept-encoding' => 'gzip, deflate, sdch',
  'accept-language' => 'zh-CN,zh;q=0.8',
  'cookie' => 'PHPSESSID=3q2ek5beiv837jfisgprstsmd0',
  'content-type' => '',
  'content-length' => '',
)
[ info ] [ PARAM ] array (
  'b-pay-amount' => '1000',
)
[ info ] [ BEHAVIOR ] Run app\common\behavior\Config @app_begin [ RunTime:0.001696s ]
[ info ] [ BEHAVIOR ] Run app\common\behavior\Hook @app_begin [ RunTime:0.032568s ]
[ info ] [ DB ] INIT mysql
[ info ] [ LOG ] INIT File
[ info ] [ RUN ] app\index\controller\Lianlianpay->doPay[ /www/wwwroot/feichangpeizi/application/index/controller/Lianlianpay.php ]
[ sql ] [ DB ] CONNECT:[ UseTime:0.001169s ] mysql:dbname=fcpeizi;host=localhost;port=3306;charset=utf8
[ sql ] [ SQL ] SHOW COLUMNS FROM `xh_member` [ RunTime:0.003551s ]
[ sql ] [ SQL ] SELECT `usableSum` FROM `xh_member` WHERE  (  id=1313 ) LIMIT 1 [ RunTime:0.000577s ]
[ sql ] [ SQL ] SHOW COLUMNS FROM `xh_member_recharge` [ RunTime:0.003178s ]
[ sql ] [ SQL ] INSERT INTO `xh_member_recharge` (`memberId` , `amount` , `status` , `no_order` , `createTime`) VALUES (1313 , 1000 , 0 , '13131538146904533653' , '2018-09-28 23:01:44') [ RunTime:0.001418s ]
---------------------------------------------------------------
[ 2018-09-28T23:04:21+08:00 ] 202.53.138.176 106.122.177.255 GET /index/lianlianpay/doPay?b-pay-amount=10
[ info ] vip.5chevip.com/index/lianlianpay/doPay?b-pay-amount=10 [运行时间：0.227891s][吞吐率：4.39req/s] [内存消耗：4,001.73kb] [文件加载：67]
[ info ] [ CACHE ] INIT File
[ info ] [ LANG ] /www/wwwroot/feichangpeizi/thinkphp/lang/zh-cn.php
[ info ] [ ROUTE ] array (
  'type' => 'module',
  'module' => 
  array (
    0 => 'index',
    1 => 'lianlianpay',
    2 => 'doPay',
  ),
)
[ info ] [ HEADER ] array (
  'host' => 'vip.5chevip.com',
  'connection' => 'keep-alive',
  'upgrade-insecure-requests' => '1',
  'user-agent' => 'Mozilla/5.0 (Windows NT 6.1; WOW64) AppleWebKit/537.36 (KHTML, like Gecko) Chrome/63.0.3239.132 Safari/537.36',
  'accept' => 'text/html,application/xhtml+xml,application/xml;q=0.9,image/webp,image/apng,*/*;q=0.8',
  'referer' => 'http://vip.5chevip.com/ucenter/payment.html',
  'accept-encoding' => 'gzip, deflate',
  'accept-language' => 'zh-CN,zh;q=0.9,en;q=0.8',
  'cookie' => 'PHPSESSID=2j6sis0mleqe8f8jmmlg33aj36',
  'content-type' => '',
  'content-length' => '',
)
[ info ] [ PARAM ] array (
  'b-pay-amount' => '10',
)
[ info ] [ BEHAVIOR ] Run app\common\behavior\Config @app_begin [ RunTime:0.000779s ]
[ info ] [ BEHAVIOR ] Run app\common\behavior\Hook @app_begin [ RunTime:0.018437s ]
[ info ] [ DB ] INIT mysql
[ info ] [ LOG ] INIT File
[ info ] [ RUN ] app\index\controller\Lianlianpay->doPay[ /www/wwwroot/feichangpeizi/application/index/controller/Lianlianpay.php ]
[ sql ] [ DB ] CONNECT:[ UseTime:0.000793s ] mysql:dbname=fcpeizi;host=localhost;port=3306;charset=utf8
[ sql ] [ SQL ] SHOW COLUMNS FROM `xh_member` [ RunTime:0.002451s ]
[ sql ] [ SQL ] SELECT `usableSum` FROM `xh_member` WHERE  (  id=1315 ) LIMIT 1 [ RunTime:0.000490s ]
[ sql ] [ SQL ] SHOW COLUMNS FROM `xh_member_recharge` [ RunTime:0.002672s ]
[ sql ] [ SQL ] INSERT INTO `xh_member_recharge` (`memberId` , `amount` , `status` , `no_order` , `createTime`) VALUES (1315 , 10 , 0 , '13151538147061859521' , '2018-09-28 23:04:21') [ RunTime:0.000964s ]
---------------------------------------------------------------
[ 2018-09-28T23:07:45+08:00 ] 202.53.138.176 106.122.177.255 GET /index/lianlianpay/doPay?b-pay-amount=10
[ info ] vip.5chevip.com/index/lianlianpay/doPay?b-pay-amount=10 [运行时间：0.261976s][吞吐率：3.82req/s] [内存消耗：4,001.73kb] [文件加载：67]
[ info ] [ CACHE ] INIT File
[ info ] [ LANG ] /www/wwwroot/feichangpeizi/thinkphp/lang/zh-cn.php
[ info ] [ ROUTE ] array (
  'type' => 'module',
  'module' => 
  array (
    0 => 'index',
    1 => 'lianlianpay',
    2 => 'doPay',
  ),
)
[ info ] [ HEADER ] array (
  'host' => 'vip.5chevip.com',
  'connection' => 'keep-alive',
  'upgrade-insecure-requests' => '1',
  'user-agent' => 'Mozilla/5.0 (Windows NT 6.1; WOW64) AppleWebKit/537.36 (KHTML, like Gecko) Chrome/63.0.3239.132 Safari/537.36',
  'accept' => 'text/html,application/xhtml+xml,application/xml;q=0.9,image/webp,image/apng,*/*;q=0.8',
  'referer' => 'http://vip.5chevip.com/ucenter/payment.html',
  'accept-encoding' => 'gzip, deflate',
  'accept-language' => 'zh-CN,zh;q=0.9,en;q=0.8',
  'cookie' => 'PHPSESSID=2j6sis0mleqe8f8jmmlg33aj36',
  'content-type' => '',
  'content-length' => '',
)
[ info ] [ PARAM ] array (
  'b-pay-amount' => '10',
)
[ info ] [ BEHAVIOR ] Run app\common\behavior\Config @app_begin [ RunTime:0.001289s ]
[ info ] [ BEHAVIOR ] Run app\common\behavior\Hook @app_begin [ RunTime:0.023969s ]
[ info ] [ DB ] INIT mysql
[ info ] [ LOG ] INIT File
[ info ] [ RUN ] app\index\controller\Lianlianpay->doPay[ /www/wwwroot/feichangpeizi/application/index/controller/Lianlianpay.php ]
[ sql ] [ DB ] CONNECT:[ UseTime:0.000721s ] mysql:dbname=fcpeizi;host=localhost;port=3306;charset=utf8
[ sql ] [ SQL ] SHOW COLUMNS FROM `xh_member` [ RunTime:0.003987s ]
[ sql ] [ SQL ] SELECT `usableSum` FROM `xh_member` WHERE  (  id=1315 ) LIMIT 1 [ RunTime:0.000865s ]
[ sql ] [ SQL ] SHOW COLUMNS FROM `xh_member_recharge` [ RunTime:0.008791s ]
[ sql ] [ SQL ] INSERT INTO `xh_member_recharge` (`memberId` , `amount` , `status` , `no_order` , `createTime`) VALUES (1315 , 10 , 0 , '13151538147265608674' , '2018-09-28 23:07:45') [ RunTime:0.000850s ]
---------------------------------------------------------------
[ 2018-09-28T23:10:19+08:00 ] 202.53.138.176 106.122.177.255 GET /index/lianlianpay/doPay?b-pay-amount=10
[ info ] vip.5chevip.com/index/lianlianpay/doPay?b-pay-amount=10 [运行时间：0.290249s][吞吐率：3.45req/s] [内存消耗：4,002.09kb] [文件加载：67]
[ info ] [ CACHE ] INIT File
[ info ] [ LANG ] /www/wwwroot/feichangpeizi/thinkphp/lang/zh-cn.php
[ info ] [ ROUTE ] array (
  'type' => 'module',
  'module' => 
  array (
    0 => 'index',
    1 => 'lianlianpay',
    2 => 'doPay',
  ),
)
[ info ] [ HEADER ] array (
  'host' => 'vip.5chevip.com',
  'connection' => 'keep-alive',
  'upgrade-insecure-requests' => '1',
  'user-agent' => 'Mozilla/5.0 (Windows NT 6.1; WOW64) AppleWebKit/537.36 (KHTML, like Gecko) Chrome/63.0.3239.132 Safari/537.36',
  'accept' => 'text/html,application/xhtml+xml,application/xml;q=0.9,image/webp,image/apng,*/*;q=0.8',
  'referer' => 'http://vip.5chevip.com/ucenter/payment.html',
  'accept-encoding' => 'gzip, deflate',
  'accept-language' => 'zh-CN,zh;q=0.9,en;q=0.8',
  'cookie' => 'PHPSESSID=2j6sis0mleqe8f8jmmlg33aj36',
  'content-type' => '',
  'content-length' => '',
)
[ info ] [ PARAM ] array (
  'b-pay-amount' => '10',
)
[ info ] [ BEHAVIOR ] Run app\common\behavior\Config @app_begin [ RunTime:0.006325s ]
[ info ] [ BEHAVIOR ] Run app\common\behavior\Hook @app_begin [ RunTime:0.027673s ]
[ info ] [ DB ] INIT mysql
[ info ] [ LOG ] INIT File
[ info ] [ RUN ] app\index\controller\Lianlianpay->doPay[ /www/wwwroot/feichangpeizi/application/index/controller/Lianlianpay.php ]
[ sql ] [ DB ] CONNECT:[ UseTime:0.000878s ] mysql:dbname=fcpeizi;host=localhost;port=3306;charset=utf8
[ sql ] [ SQL ] SHOW COLUMNS FROM `xh_member` [ RunTime:0.003628s ]
[ sql ] [ SQL ] SELECT `usableSum` FROM `xh_member` WHERE  (  id=1315 ) LIMIT 1 [ RunTime:0.000708s ]
[ sql ] [ SQL ] SHOW COLUMNS FROM `xh_member_recharge` [ RunTime:0.002761s ]
[ sql ] [ SQL ] INSERT INTO `xh_member_recharge` (`memberId` , `amount` , `status` , `no_order` , `createTime`) VALUES (1315 , 10 , 0 , '13151538147419600682' , '2018-09-28 23:10:19') [ RunTime:0.000977s ]
---------------------------------------------------------------
[ 2018-09-28T23:14:36+08:00 ] 202.53.138.176 106.122.177.255 GET /index/lianlianpay/doPay?b-pay-amount=10
[ info ] vip.5chevip.com/index/lianlianpay/doPay?b-pay-amount=10 [运行时间：0.273457s][吞吐率：3.66req/s] [内存消耗：4,002.41kb] [文件加载：67]
[ info ] [ CACHE ] INIT File
[ info ] [ LANG ] /www/wwwroot/feichangpeizi/thinkphp/lang/zh-cn.php
[ info ] [ ROUTE ] array (
  'type' => 'module',
  'module' => 
  array (
    0 => 'index',
    1 => 'lianlianpay',
    2 => 'doPay',
  ),
)
[ info ] [ HEADER ] array (
  'host' => 'vip.5chevip.com',
  'connection' => 'keep-alive',
  'upgrade-insecure-requests' => '1',
  'user-agent' => 'Mozilla/5.0 (Windows NT 6.1; WOW64) AppleWebKit/537.36 (KHTML, like Gecko) Chrome/63.0.3239.132 Safari/537.36',
  'accept' => 'text/html,application/xhtml+xml,application/xml;q=0.9,image/webp,image/apng,*/*;q=0.8',
  'referer' => 'http://vip.5chevip.com/ucenter/payment.html',
  'accept-encoding' => 'gzip, deflate',
  'accept-language' => 'zh-CN,zh;q=0.9,en;q=0.8',
  'cookie' => 'PHPSESSID=2j6sis0mleqe8f8jmmlg33aj36',
  'content-type' => '',
  'content-length' => '',
)
[ info ] [ PARAM ] array (
  'b-pay-amount' => '10',
)
[ info ] [ BEHAVIOR ] Run app\common\behavior\Config @app_begin [ RunTime:0.002411s ]
[ info ] [ BEHAVIOR ] Run app\common\behavior\Hook @app_begin [ RunTime:0.034162s ]
[ info ] [ DB ] INIT mysql
[ info ] [ LOG ] INIT File
[ info ] [ RUN ] app\index\controller\Lianlianpay->doPay[ /www/wwwroot/feichangpeizi/application/index/controller/Lianlianpay.php ]
[ sql ] [ DB ] CONNECT:[ UseTime:0.000797s ] mysql:dbname=fcpeizi;host=localhost;port=3306;charset=utf8
[ sql ] [ SQL ] SHOW COLUMNS FROM `xh_member` [ RunTime:0.004293s ]
[ sql ] [ SQL ] SELECT `usableSum` FROM `xh_member` WHERE  (  id=1315 ) LIMIT 1 [ RunTime:0.000736s ]
[ sql ] [ SQL ] SHOW COLUMNS FROM `xh_member_recharge` [ RunTime:0.002572s ]
[ sql ] [ SQL ] INSERT INTO `xh_member_recharge` (`memberId` , `amount` , `status` , `no_order` , `createTime`) VALUES (1315 , 10 , 0 , '13151538147676321652' , '2018-09-28 23:14:36') [ RunTime:0.000916s ]
---------------------------------------------------------------
[ 2018-09-28T23:14:43+08:00 ] 202.53.138.176 58.243.250.212 GET /index/lianlianpay/doPay?b-pay-amount=1000
[ info ] www.5chevip.com/index/lianlianpay/doPay?b-pay-amount=1000 [运行时间：0.248470s][吞吐率：4.02req/s] [内存消耗：4,003.36kb] [文件加载：67]
[ info ] [ CACHE ] INIT File
[ info ] [ LANG ] /www/wwwroot/feichangpeizi/thinkphp/lang/zh-cn.php
[ info ] [ ROUTE ] array (
  'type' => 'module',
  'module' => 
  array (
    0 => 'index',
    1 => 'lianlianpay',
    2 => 'doPay',
  ),
)
[ info ] [ HEADER ] array (
  'host' => 'www.5chevip.com',
  'connection' => 'keep-alive',
  'accept' => 'text/html,application/xhtml+xml,application/xml;q=0.9,image/webp,*/*;q=0.8',
  'upgrade-insecure-requests' => '1',
  'user-agent' => 'Mozilla/5.0 (Windows NT 6.1; WOW64) AppleWebKit/537.36 (KHTML, like Gecko) Chrome/49.0.2623.112 Safari/537.36',
  'referer' => 'http://www.5chevip.com/ucenter/payment.html',
  'accept-encoding' => 'gzip, deflate, sdch',
  'accept-language' => 'zh-CN,zh;q=0.8',
  'cookie' => 'PHPSESSID=3q2ek5beiv837jfisgprstsmd0',
  'content-type' => '',
  'content-length' => '',
)
[ info ] [ PARAM ] array (
  'b-pay-amount' => '1000',
)
[ info ] [ BEHAVIOR ] Run app\common\behavior\Config @app_begin [ RunTime:0.000729s ]
[ info ] [ BEHAVIOR ] Run app\common\behavior\Hook @app_begin [ RunTime:0.021838s ]
[ info ] [ DB ] INIT mysql
[ info ] [ LOG ] INIT File
[ info ] [ RUN ] app\index\controller\Lianlianpay->doPay[ /www/wwwroot/feichangpeizi/application/index/controller/Lianlianpay.php ]
[ sql ] [ DB ] CONNECT:[ UseTime:0.000726s ] mysql:dbname=fcpeizi;host=localhost;port=3306;charset=utf8
[ sql ] [ SQL ] SHOW COLUMNS FROM `xh_member` [ RunTime:0.002746s ]
[ sql ] [ SQL ] SELECT `usableSum` FROM `xh_member` WHERE  (  id=1313 ) LIMIT 1 [ RunTime:0.000551s ]
[ sql ] [ SQL ] SHOW COLUMNS FROM `xh_member_recharge` [ RunTime:0.005659s ]
[ sql ] [ SQL ] INSERT INTO `xh_member_recharge` (`memberId` , `amount` , `status` , `no_order` , `createTime`) VALUES (1313 , 1000 , 0 , '13131538147683411612' , '2018-09-28 23:14:43') [ RunTime:0.000961s ]
---------------------------------------------------------------
[ 2018-09-28T23:16:06+08:00 ] 202.53.138.176 106.122.177.255 GET /index/lianlianpay/doPay?b-pay-amount=10
[ info ] vip.5chevip.com/index/lianlianpay/doPay?b-pay-amount=10 [运行时间：0.285285s][吞吐率：3.51req/s] [内存消耗：4,002.41kb] [文件加载：67]
[ info ] [ CACHE ] INIT File
[ info ] [ LANG ] /www/wwwroot/feichangpeizi/thinkphp/lang/zh-cn.php
[ info ] [ ROUTE ] array (
  'type' => 'module',
  'module' => 
  array (
    0 => 'index',
    1 => 'lianlianpay',
    2 => 'doPay',
  ),
)
[ info ] [ HEADER ] array (
  'host' => 'vip.5chevip.com',
  'connection' => 'keep-alive',
  'upgrade-insecure-requests' => '1',
  'user-agent' => 'Mozilla/5.0 (Windows NT 6.1; WOW64) AppleWebKit/537.36 (KHTML, like Gecko) Chrome/63.0.3239.132 Safari/537.36',
  'accept' => 'text/html,application/xhtml+xml,application/xml;q=0.9,image/webp,image/apng,*/*;q=0.8',
  'referer' => 'http://vip.5chevip.com/ucenter/payment.html',
  'accept-encoding' => 'gzip, deflate',
  'accept-language' => 'zh-CN,zh;q=0.9,en;q=0.8',
  'cookie' => 'PHPSESSID=2j6sis0mleqe8f8jmmlg33aj36',
  'content-type' => '',
  'content-length' => '',
)
[ info ] [ PARAM ] array (
  'b-pay-amount' => '10',
)
[ info ] [ BEHAVIOR ] Run app\common\behavior\Config @app_begin [ RunTime:0.001644s ]
[ info ] [ BEHAVIOR ] Run app\common\behavior\Hook @app_begin [ RunTime:0.041796s ]
[ info ] [ DB ] INIT mysql
[ info ] [ LOG ] INIT File
[ info ] [ RUN ] app\index\controller\Lianlianpay->doPay[ /www/wwwroot/feichangpeizi/application/index/controller/Lianlianpay.php ]
[ sql ] [ DB ] CONNECT:[ UseTime:0.000663s ] mysql:dbname=fcpeizi;host=localhost;port=3306;charset=utf8
[ sql ] [ SQL ] SHOW COLUMNS FROM `xh_member` [ RunTime:0.002545s ]
[ sql ] [ SQL ] SELECT `usableSum` FROM `xh_member` WHERE  (  id=1315 ) LIMIT 1 [ RunTime:0.000537s ]
[ sql ] [ SQL ] SHOW COLUMNS FROM `xh_member_recharge` [ RunTime:0.002487s ]
[ sql ] [ SQL ] INSERT INTO `xh_member_recharge` (`memberId` , `amount` , `status` , `no_order` , `createTime`) VALUES (1315 , 10 , 0 , '13151538147766218666' , '2018-09-28 23:16:06') [ RunTime:0.000963s ]
---------------------------------------------------------------
[ 2018-09-28T23:19:47+08:00 ] 202.53.138.176 106.122.177.255 GET /index/lianlianpay/doPay?b-pay-amount=10
[ info ] vip.5chevip.com/index/lianlianpay/doPay?b-pay-amount=10 [运行时间：0.267758s][吞吐率：3.73req/s] [内存消耗：4,002.78kb] [文件加载：67]
[ info ] [ CACHE ] INIT File
[ info ] [ LANG ] /www/wwwroot/feichangpeizi/thinkphp/lang/zh-cn.php
[ info ] [ ROUTE ] array (
  'type' => 'module',
  'module' => 
  array (
    0 => 'index',
    1 => 'lianlianpay',
    2 => 'doPay',
  ),
)
[ info ] [ HEADER ] array (
  'host' => 'vip.5chevip.com',
  'connection' => 'keep-alive',
  'upgrade-insecure-requests' => '1',
  'user-agent' => 'Mozilla/5.0 (Windows NT 6.1; WOW64) AppleWebKit/537.36 (KHTML, like Gecko) Chrome/63.0.3239.132 Safari/537.36',
  'accept' => 'text/html,application/xhtml+xml,application/xml;q=0.9,image/webp,image/apng,*/*;q=0.8',
  'referer' => 'http://vip.5chevip.com/ucenter/payment.html',
  'accept-encoding' => 'gzip, deflate',
  'accept-language' => 'zh-CN,zh;q=0.9,en;q=0.8',
  'cookie' => 'PHPSESSID=2j6sis0mleqe8f8jmmlg33aj36',
  'content-type' => '',
  'content-length' => '',
)
[ info ] [ PARAM ] array (
  'b-pay-amount' => '10',
)
[ info ] [ BEHAVIOR ] Run app\common\behavior\Config @app_begin [ RunTime:0.005054s ]
[ info ] [ BEHAVIOR ] Run app\common\behavior\Hook @app_begin [ RunTime:0.020514s ]
[ info ] [ DB ] INIT mysql
[ info ] [ LOG ] INIT File
[ info ] [ RUN ] app\index\controller\Lianlianpay->doPay[ /www/wwwroot/feichangpeizi/application/index/controller/Lianlianpay.php ]
[ sql ] [ DB ] CONNECT:[ UseTime:0.000806s ] mysql:dbname=fcpeizi;host=localhost;port=3306;charset=utf8
[ sql ] [ SQL ] SHOW COLUMNS FROM `xh_member` [ RunTime:0.003533s ]
[ sql ] [ SQL ] SELECT `usableSum` FROM `xh_member` WHERE  (  id=1315 ) LIMIT 1 [ RunTime:0.000615s ]
[ sql ] [ SQL ] SHOW COLUMNS FROM `xh_member_recharge` [ RunTime:0.003896s ]
[ sql ] [ SQL ] INSERT INTO `xh_member_recharge` (`memberId` , `amount` , `status` , `no_order` , `createTime`) VALUES (1315 , 10 , 0 , '13151538147987288413' , '2018-09-28 23:19:47') [ RunTime:0.000973s ]
---------------------------------------------------------------
[ 2018-09-28T23:20:45+08:00 ] 202.53.138.176 106.122.177.255 GET /index/lianlianpay/doPay?b-pay-amount=10
[ info ] vip.5chevip.com/index/lianlianpay/doPay?b-pay-amount=10 [运行时间：0.405946s][吞吐率：2.46req/s] [内存消耗：4,002.78kb] [文件加载：67]
[ info ] [ CACHE ] INIT File
[ info ] [ LANG ] /www/wwwroot/feichangpeizi/thinkphp/lang/zh-cn.php
[ info ] [ ROUTE ] array (
  'type' => 'module',
  'module' => 
  array (
    0 => 'index',
    1 => 'lianlianpay',
    2 => 'doPay',
  ),
)
[ info ] [ HEADER ] array (
  'host' => 'vip.5chevip.com',
  'connection' => 'keep-alive',
  'upgrade-insecure-requests' => '1',
  'user-agent' => 'Mozilla/5.0 (Windows NT 6.1; WOW64) AppleWebKit/537.36 (KHTML, like Gecko) Chrome/63.0.3239.132 Safari/537.36',
  'accept' => 'text/html,application/xhtml+xml,application/xml;q=0.9,image/webp,image/apng,*/*;q=0.8',
  'referer' => 'http://vip.5chevip.com/ucenter/payment.html',
  'accept-encoding' => 'gzip, deflate',
  'accept-language' => 'zh-CN,zh;q=0.9,en;q=0.8',
  'cookie' => 'PHPSESSID=2j6sis0mleqe8f8jmmlg33aj36',
  'content-type' => '',
  'content-length' => '',
)
[ info ] [ PARAM ] array (
  'b-pay-amount' => '10',
)
[ info ] [ BEHAVIOR ] Run app\common\behavior\Config @app_begin [ RunTime:0.001914s ]
[ info ] [ BEHAVIOR ] Run app\common\behavior\Hook @app_begin [ RunTime:0.028188s ]
[ info ] [ DB ] INIT mysql
[ info ] [ LOG ] INIT File
[ info ] [ RUN ] app\index\controller\Lianlianpay->doPay[ /www/wwwroot/feichangpeizi/application/index/controller/Lianlianpay.php ]
[ sql ] [ DB ] CONNECT:[ UseTime:0.000901s ] mysql:dbname=fcpeizi;host=localhost;port=3306;charset=utf8
[ sql ] [ SQL ] SHOW COLUMNS FROM `xh_member` [ RunTime:0.006189s ]
[ sql ] [ SQL ] SELECT `usableSum` FROM `xh_member` WHERE  (  id=1315 ) LIMIT 1 [ RunTime:0.001161s ]
[ sql ] [ SQL ] SHOW COLUMNS FROM `xh_member_recharge` [ RunTime:0.005593s ]
[ sql ] [ SQL ] INSERT INTO `xh_member_recharge` (`memberId` , `amount` , `status` , `no_order` , `createTime`) VALUES (1315 , 10 , 0 , '13151538148045573334' , '2018-09-28 23:20:45') [ RunTime:0.001279s ]
---------------------------------------------------------------
[ 2018-09-28T23:22:01+08:00 ] 202.53.138.176 58.243.250.212 GET /index/lianlianpay/doPay?b-pay-amount=1000
[ info ] www.5chevip.com/index/lianlianpay/doPay?b-pay-amount=1000 [运行时间：0.389849s][吞吐率：2.57req/s] [内存消耗：4,003.47kb] [文件加载：67]
[ info ] [ CACHE ] INIT File
[ info ] [ LANG ] /www/wwwroot/feichangpeizi/thinkphp/lang/zh-cn.php
[ info ] [ ROUTE ] array (
  'type' => 'module',
  'module' => 
  array (
    0 => 'index',
    1 => 'lianlianpay',
    2 => 'doPay',
  ),
)
[ info ] [ HEADER ] array (
  'host' => 'www.5chevip.com',
  'connection' => 'keep-alive',
  'accept' => 'text/html,application/xhtml+xml,application/xml;q=0.9,image/webp,*/*;q=0.8',
  'upgrade-insecure-requests' => '1',
  'user-agent' => 'Mozilla/5.0 (Windows NT 6.1; WOW64) AppleWebKit/537.36 (KHTML, like Gecko) Chrome/49.0.2623.112 Safari/537.36',
  'referer' => 'http://www.5chevip.com/ucenter/payment.html',
  'accept-encoding' => 'gzip, deflate, sdch',
  'accept-language' => 'zh-CN,zh;q=0.8',
  'cookie' => 'PHPSESSID=3q2ek5beiv837jfisgprstsmd0',
  'content-type' => '',
  'content-length' => '',
)
[ info ] [ PARAM ] array (
  'b-pay-amount' => '1000',
)
[ info ] [ BEHAVIOR ] Run app\common\behavior\Config @app_begin [ RunTime:0.001335s ]
[ info ] [ BEHAVIOR ] Run app\common\behavior\Hook @app_begin [ RunTime:0.024881s ]
[ info ] [ DB ] INIT mysql
[ info ] [ LOG ] INIT File
[ info ] [ RUN ] app\index\controller\Lianlianpay->doPay[ /www/wwwroot/feichangpeizi/application/index/controller/Lianlianpay.php ]
[ sql ] [ DB ] CONNECT:[ UseTime:0.004093s ] mysql:dbname=fcpeizi;host=localhost;port=3306;charset=utf8
[ sql ] [ SQL ] SHOW COLUMNS FROM `xh_member` [ RunTime:0.002883s ]
[ sql ] [ SQL ] SELECT `usableSum` FROM `xh_member` WHERE  (  id=1313 ) LIMIT 1 [ RunTime:0.000727s ]
[ sql ] [ SQL ] SHOW COLUMNS FROM `xh_member_recharge` [ RunTime:0.004827s ]
[ sql ] [ SQL ] INSERT INTO `xh_member_recharge` (`memberId` , `amount` , `status` , `no_order` , `createTime`) VALUES (1313 , 1000 , 0 , '13131538148121301712' , '2018-09-28 23:22:01') [ RunTime:0.001960s ]
---------------------------------------------------------------
[ 2018-09-28T23:23:59+08:00 ] 202.53.138.176 106.122.177.255 GET /index/lianlianpay/doPay?b-pay-amount=10
[ info ] vip.5chevip.com/index/lianlianpay/doPay?b-pay-amount=10 [运行时间：0.261496s][吞吐率：3.82req/s] [内存消耗：4,003.17kb] [文件加载：67]
[ info ] [ CACHE ] INIT File
[ info ] [ LANG ] /www/wwwroot/feichangpeizi/thinkphp/lang/zh-cn.php
[ info ] [ ROUTE ] array (
  'type' => 'module',
  'module' => 
  array (
    0 => 'index',
    1 => 'lianlianpay',
    2 => 'doPay',
  ),
)
[ info ] [ HEADER ] array (
  'host' => 'vip.5chevip.com',
  'connection' => 'keep-alive',
  'upgrade-insecure-requests' => '1',
  'user-agent' => 'Mozilla/5.0 (Windows NT 6.1; WOW64) AppleWebKit/537.36 (KHTML, like Gecko) Chrome/63.0.3239.132 Safari/537.36',
  'accept' => 'text/html,application/xhtml+xml,application/xml;q=0.9,image/webp,image/apng,*/*;q=0.8',
  'referer' => 'http://vip.5chevip.com/ucenter/payment.html',
  'accept-encoding' => 'gzip, deflate',
  'accept-language' => 'zh-CN,zh;q=0.9,en;q=0.8',
  'cookie' => 'PHPSESSID=2j6sis0mleqe8f8jmmlg33aj36',
  'content-type' => '',
  'content-length' => '',
)
[ info ] [ PARAM ] array (
  'b-pay-amount' => '10',
)
[ info ] [ BEHAVIOR ] Run app\common\behavior\Config @app_begin [ RunTime:0.001267s ]
[ info ] [ BEHAVIOR ] Run app\common\behavior\Hook @app_begin [ RunTime:0.020890s ]
[ info ] [ DB ] INIT mysql
[ info ] [ LOG ] INIT File
[ info ] [ RUN ] app\index\controller\Lianlianpay->doPay[ /www/wwwroot/feichangpeizi/application/index/controller/Lianlianpay.php ]
[ sql ] [ DB ] CONNECT:[ UseTime:0.000725s ] mysql:dbname=fcpeizi;host=localhost;port=3306;charset=utf8
[ sql ] [ SQL ] SHOW COLUMNS FROM `xh_member` [ RunTime:0.003186s ]
[ sql ] [ SQL ] SELECT `usableSum` FROM `xh_member` WHERE  (  id=1315 ) LIMIT 1 [ RunTime:0.000593s ]
[ sql ] [ SQL ] SHOW COLUMNS FROM `xh_member_recharge` [ RunTime:0.007869s ]
[ sql ] [ SQL ] INSERT INTO `xh_member_recharge` (`memberId` , `amount` , `status` , `no_order` , `createTime`) VALUES (1315 , 10 , 0 , '13151538148239005850' , '2018-09-28 23:23:59') [ RunTime:0.001025s ]
---------------------------------------------------------------
[ 2018-09-28T23:24:56+08:00 ] 202.53.138.176 58.243.250.212 GET /index/lianlianpay/doPay?b-pay-amount=1000
[ info ] www.5chevip.com/index/lianlianpay/doPay?b-pay-amount=1000 [运行时间：0.264525s][吞吐率：3.78req/s] [内存消耗：4,003.67kb] [文件加载：67]
[ info ] [ CACHE ] INIT File
[ info ] [ LANG ] /www/wwwroot/feichangpeizi/thinkphp/lang/zh-cn.php
[ info ] [ ROUTE ] array (
  'type' => 'module',
  'module' => 
  array (
    0 => 'index',
    1 => 'lianlianpay',
    2 => 'doPay',
  ),
)
[ info ] [ HEADER ] array (
  'host' => 'www.5chevip.com',
  'connection' => 'keep-alive',
  'accept' => 'text/html,application/xhtml+xml,application/xml;q=0.9,image/webp,*/*;q=0.8',
  'upgrade-insecure-requests' => '1',
  'user-agent' => 'Mozilla/5.0 (Windows NT 6.1; WOW64) AppleWebKit/537.36 (KHTML, like Gecko) Chrome/49.0.2623.112 Safari/537.36',
  'referer' => 'http://www.5chevip.com/ucenter/payment.html',
  'accept-encoding' => 'gzip, deflate, sdch',
  'accept-language' => 'zh-CN,zh;q=0.8',
  'cookie' => 'PHPSESSID=3q2ek5beiv837jfisgprstsmd0',
  'content-type' => '',
  'content-length' => '',
)
[ info ] [ PARAM ] array (
  'b-pay-amount' => '1000',
)
[ info ] [ BEHAVIOR ] Run app\common\behavior\Config @app_begin [ RunTime:0.000955s ]
[ info ] [ BEHAVIOR ] Run app\common\behavior\Hook @app_begin [ RunTime:0.022084s ]
[ info ] [ DB ] INIT mysql
[ info ] [ LOG ] INIT File
[ info ] [ RUN ] app\index\controller\Lianlianpay->doPay[ /www/wwwroot/feichangpeizi/application/index/controller/Lianlianpay.php ]
[ sql ] [ DB ] CONNECT:[ UseTime:0.001009s ] mysql:dbname=fcpeizi;host=localhost;port=3306;charset=utf8
[ sql ] [ SQL ] SHOW COLUMNS FROM `xh_member` [ RunTime:0.003195s ]
[ sql ] [ SQL ] SELECT `usableSum` FROM `xh_member` WHERE  (  id=1313 ) LIMIT 1 [ RunTime:0.000651s ]
[ sql ] [ SQL ] SHOW COLUMNS FROM `xh_member_recharge` [ RunTime:0.007527s ]
[ sql ] [ SQL ] INSERT INTO `xh_member_recharge` (`memberId` , `amount` , `status` , `no_order` , `createTime`) VALUES (1313 , 1000 , 0 , '13131538148296017626' , '2018-09-28 23:24:56') [ RunTime:0.000781s ]
---------------------------------------------------------------
[ 2018-09-28T23:26:23+08:00 ] 202.53.138.176 106.122.177.255 GET /index/lianlianpay/doPay?b-pay-amount=10
[ info ] vip.5chevip.com/index/lianlianpay/doPay?b-pay-amount=10 [运行时间：0.265919s][吞吐率：3.76req/s] [内存消耗：4,003.17kb] [文件加载：67]
[ info ] [ CACHE ] INIT File
[ info ] [ LANG ] /www/wwwroot/feichangpeizi/thinkphp/lang/zh-cn.php
[ info ] [ ROUTE ] array (
  'type' => 'module',
  'module' => 
  array (
    0 => 'index',
    1 => 'lianlianpay',
    2 => 'doPay',
  ),
)
[ info ] [ HEADER ] array (
  'host' => 'vip.5chevip.com',
  'connection' => 'keep-alive',
  'upgrade-insecure-requests' => '1',
  'user-agent' => 'Mozilla/5.0 (Windows NT 6.1; WOW64) AppleWebKit/537.36 (KHTML, like Gecko) Chrome/63.0.3239.132 Safari/537.36',
  'accept' => 'text/html,application/xhtml+xml,application/xml;q=0.9,image/webp,image/apng,*/*;q=0.8',
  'referer' => 'http://vip.5chevip.com/ucenter/payment.html',
  'accept-encoding' => 'gzip, deflate',
  'accept-language' => 'zh-CN,zh;q=0.9,en;q=0.8',
  'cookie' => 'PHPSESSID=2j6sis0mleqe8f8jmmlg33aj36',
  'content-type' => '',
  'content-length' => '',
)
[ info ] [ PARAM ] array (
  'b-pay-amount' => '10',
)
[ info ] [ BEHAVIOR ] Run app\common\behavior\Config @app_begin [ RunTime:0.000831s ]
[ info ] [ BEHAVIOR ] Run app\common\behavior\Hook @app_begin [ RunTime:0.019543s ]
[ info ] [ DB ] INIT mysql
[ info ] [ LOG ] INIT File
[ info ] [ RUN ] app\index\controller\Lianlianpay->doPay[ /www/wwwroot/feichangpeizi/application/index/controller/Lianlianpay.php ]
[ sql ] [ DB ] CONNECT:[ UseTime:0.000848s ] mysql:dbname=fcpeizi;host=localhost;port=3306;charset=utf8
[ sql ] [ SQL ] SHOW COLUMNS FROM `xh_member` [ RunTime:0.002705s ]
[ sql ] [ SQL ] SELECT `usableSum` FROM `xh_member` WHERE  (  id=1315 ) LIMIT 1 [ RunTime:0.000515s ]
[ sql ] [ SQL ] SHOW COLUMNS FROM `xh_member_recharge` [ RunTime:0.003157s ]
[ sql ] [ SQL ] INSERT INTO `xh_member_recharge` (`memberId` , `amount` , `status` , `no_order` , `createTime`) VALUES (1315 , 10 , 0 , '13151538148383807963' , '2018-09-28 23:26:23') [ RunTime:0.001212s ]
---------------------------------------------------------------
[ 2018-09-28T23:27:45+08:00 ] 202.53.138.176 106.122.177.255 GET /index/lianlianpay/doPay?b-pay-amount=10
[ info ] vip.5chevip.com/index/lianlianpay/doPay?b-pay-amount=10 [运行时间：0.248587s][吞吐率：4.02req/s] [内存消耗：4,003.17kb] [文件加载：67]
[ info ] [ CACHE ] INIT File
[ info ] [ LANG ] /www/wwwroot/feichangpeizi/thinkphp/lang/zh-cn.php
[ info ] [ ROUTE ] array (
  'type' => 'module',
  'module' => 
  array (
    0 => 'index',
    1 => 'lianlianpay',
    2 => 'doPay',
  ),
)
[ info ] [ HEADER ] array (
  'host' => 'vip.5chevip.com',
  'connection' => 'keep-alive',
  'upgrade-insecure-requests' => '1',
  'user-agent' => 'Mozilla/5.0 (Windows NT 6.1; WOW64) AppleWebKit/537.36 (KHTML, like Gecko) Chrome/63.0.3239.132 Safari/537.36',
  'accept' => 'text/html,application/xhtml+xml,application/xml;q=0.9,image/webp,image/apng,*/*;q=0.8',
  'referer' => 'http://vip.5chevip.com/ucenter/payment.html',
  'accept-encoding' => 'gzip, deflate',
  'accept-language' => 'zh-CN,zh;q=0.9,en;q=0.8',
  'cookie' => 'PHPSESSID=2j6sis0mleqe8f8jmmlg33aj36',
  'content-type' => '',
  'content-length' => '',
)
[ info ] [ PARAM ] array (
  'b-pay-amount' => '10',
)
[ info ] [ BEHAVIOR ] Run app\common\behavior\Config @app_begin [ RunTime:0.000769s ]
[ info ] [ BEHAVIOR ] Run app\common\behavior\Hook @app_begin [ RunTime:0.015972s ]
[ info ] [ DB ] INIT mysql
[ info ] [ LOG ] INIT File
[ info ] [ RUN ] app\index\controller\Lianlianpay->doPay[ /www/wwwroot/feichangpeizi/application/index/controller/Lianlianpay.php ]
[ sql ] [ DB ] CONNECT:[ UseTime:0.016920s ] mysql:dbname=fcpeizi;host=localhost;port=3306;charset=utf8
[ sql ] [ SQL ] SHOW COLUMNS FROM `xh_member` [ RunTime:0.002854s ]
[ sql ] [ SQL ] SELECT `usableSum` FROM `xh_member` WHERE  (  id=1315 ) LIMIT 1 [ RunTime:0.000454s ]
[ sql ] [ SQL ] SHOW COLUMNS FROM `xh_member_recharge` [ RunTime:0.002524s ]
[ sql ] [ SQL ] INSERT INTO `xh_member_recharge` (`memberId` , `amount` , `status` , `no_order` , `createTime`) VALUES (1315 , 10 , 0 , '13151538148465932261' , '2018-09-28 23:27:45') [ RunTime:0.000902s ]
---------------------------------------------------------------
[ 2018-09-28T23:28:31+08:00 ] 202.53.138.176 106.122.177.255 GET /index/lianlianpay/doPay?b-pay-amount=10
[ info ] vip.5chevip.com/index/lianlianpay/doPay?b-pay-amount=10 [运行时间：0.258325s][吞吐率：3.87req/s] [内存消耗：4,003.17kb] [文件加载：67]
[ info ] [ CACHE ] INIT File
[ info ] [ LANG ] /www/wwwroot/feichangpeizi/thinkphp/lang/zh-cn.php
[ info ] [ ROUTE ] array (
  'type' => 'module',
  'module' => 
  array (
    0 => 'index',
    1 => 'lianlianpay',
    2 => 'doPay',
  ),
)
[ info ] [ HEADER ] array (
  'host' => 'vip.5chevip.com',
  'connection' => 'keep-alive',
  'upgrade-insecure-requests' => '1',
  'user-agent' => 'Mozilla/5.0 (Windows NT 6.1; WOW64) AppleWebKit/537.36 (KHTML, like Gecko) Chrome/63.0.3239.132 Safari/537.36',
  'accept' => 'text/html,application/xhtml+xml,application/xml;q=0.9,image/webp,image/apng,*/*;q=0.8',
  'referer' => 'http://vip.5chevip.com/ucenter/payment.html',
  'accept-encoding' => 'gzip, deflate',
  'accept-language' => 'zh-CN,zh;q=0.9,en;q=0.8',
  'cookie' => 'PHPSESSID=2j6sis0mleqe8f8jmmlg33aj36',
  'content-type' => '',
  'content-length' => '',
)
[ info ] [ PARAM ] array (
  'b-pay-amount' => '10',
)
[ info ] [ BEHAVIOR ] Run app\common\behavior\Config @app_begin [ RunTime:0.001085s ]
[ info ] [ BEHAVIOR ] Run app\common\behavior\Hook @app_begin [ RunTime:0.017504s ]
[ info ] [ DB ] INIT mysql
[ info ] [ LOG ] INIT File
[ info ] [ RUN ] app\index\controller\Lianlianpay->doPay[ /www/wwwroot/feichangpeizi/application/index/controller/Lianlianpay.php ]
[ sql ] [ DB ] CONNECT:[ UseTime:0.001060s ] mysql:dbname=fcpeizi;host=localhost;port=3306;charset=utf8
[ sql ] [ SQL ] SHOW COLUMNS FROM `xh_member` [ RunTime:0.003147s ]
[ sql ] [ SQL ] SELECT `usableSum` FROM `xh_member` WHERE  (  id=1315 ) LIMIT 1 [ RunTime:0.000814s ]
[ sql ] [ SQL ] SHOW COLUMNS FROM `xh_member_recharge` [ RunTime:0.002689s ]
[ sql ] [ SQL ] INSERT INTO `xh_member_recharge` (`memberId` , `amount` , `status` , `no_order` , `createTime`) VALUES (1315 , 10 , 0 , '13151538148511529839' , '2018-09-28 23:28:31') [ RunTime:0.000855s ]
---------------------------------------------------------------
[ 2018-09-28T23:35:31+08:00 ] 202.53.138.176 106.122.177.255 GET /index/lianlianpay/doPay?b-pay-amount=1
[ info ] vip.5chevip.com/index/lianlianpay/doPay?b-pay-amount=1 [运行时间：0.260798s][吞吐率：3.83req/s] [内存消耗：4,002.98kb] [文件加载：67]
[ info ] [ CACHE ] INIT File
[ info ] [ LANG ] /www/wwwroot/feichangpeizi/thinkphp/lang/zh-cn.php
[ info ] [ ROUTE ] array (
  'type' => 'module',
  'module' => 
  array (
    0 => 'index',
    1 => 'lianlianpay',
    2 => 'doPay',
  ),
)
[ info ] [ HEADER ] array (
  'host' => 'vip.5chevip.com',
  'connection' => 'keep-alive',
  'upgrade-insecure-requests' => '1',
  'user-agent' => 'Mozilla/5.0 (Windows NT 6.1; WOW64) AppleWebKit/537.36 (KHTML, like Gecko) Chrome/63.0.3239.132 Safari/537.36',
  'accept' => 'text/html,application/xhtml+xml,application/xml;q=0.9,image/webp,image/apng,*/*;q=0.8',
  'referer' => 'http://vip.5chevip.com/ucenter/payment.html',
  'accept-encoding' => 'gzip, deflate',
  'accept-language' => 'zh-CN,zh;q=0.9,en;q=0.8',
  'cookie' => 'PHPSESSID=2j6sis0mleqe8f8jmmlg33aj36',
  'content-type' => '',
  'content-length' => '',
)
[ info ] [ PARAM ] array (
  'b-pay-amount' => '1',
)
[ info ] [ BEHAVIOR ] Run app\common\behavior\Config @app_begin [ RunTime:0.006180s ]
[ info ] [ BEHAVIOR ] Run app\common\behavior\Hook @app_begin [ RunTime:0.021704s ]
[ info ] [ DB ] INIT mysql
[ info ] [ LOG ] INIT File
[ info ] [ RUN ] app\index\controller\Lianlianpay->doPay[ /www/wwwroot/feichangpeizi/application/index/controller/Lianlianpay.php ]
[ sql ] [ DB ] CONNECT:[ UseTime:0.000721s ] mysql:dbname=fcpeizi;host=localhost;port=3306;charset=utf8
[ sql ] [ SQL ] SHOW COLUMNS FROM `xh_member` [ RunTime:0.007237s ]
[ sql ] [ SQL ] SELECT `usableSum` FROM `xh_member` WHERE  (  id=1315 ) LIMIT 1 [ RunTime:0.000692s ]
[ sql ] [ SQL ] SHOW COLUMNS FROM `xh_member_recharge` [ RunTime:0.002852s ]
[ sql ] [ SQL ] INSERT INTO `xh_member_recharge` (`memberId` , `amount` , `status` , `no_order` , `createTime`) VALUES (1315 , 1 , 0 , '13151538148931222471' , '2018-09-28 23:35:31') [ RunTime:0.000810s ]
---------------------------------------------------------------
[ 2018-09-28T23:36:31+08:00 ] 202.53.138.176 101.91.60.110 GET /index/lianlianpay/doPay?b-pay-amount=1
[ info ] vip.5chevip.com/index/lianlianpay/doPay?b-pay-amount=1 [运行时间：0.205794s][吞吐率：4.86req/s] [内存消耗：2,911.81kb] [文件加载：56]
[ info ] [ CACHE ] INIT File
[ info ] [ LANG ] /www/wwwroot/feichangpeizi/thinkphp/lang/zh-cn.php
[ info ] [ ROUTE ] array (
  'type' => 'module',
  'module' => 
  array (
    0 => 'index',
    1 => 'lianlianpay',
    2 => 'doPay',
  ),
)
[ info ] [ HEADER ] array (
  'user-agent' => 'Mozilla/5.0 (Windows NT 6.1; WOW64) AppleWebKit/537.36 (KHTML, like Gecko) Chrome/56.0.2924.87 Safari/537.36',
  'accept' => '*/*',
  'referer' => 'http://vip.5chevip.com/ucenter/payment.html',
  'accept-language' => 'zh-CN,zh;q=0.8,en-US;q=0.6,en;q=0.4',
  'host' => 'vip.5chevip.com',
  'connection' => 'keep-alive',
  'content-type' => '',
  'content-length' => '',
)
[ info ] [ PARAM ] array (
  'b-pay-amount' => '1',
)
[ info ] [ BEHAVIOR ] Run app\common\behavior\Config @app_begin [ RunTime:0.000707s ]
[ info ] [ BEHAVIOR ] Run app\common\behavior\Hook @app_begin [ RunTime:0.025505s ]
[ info ] [ LOG ] INIT File
[ info ] [ RUN ] app\index\controller\Lianlianpay->doPay[ /www/wwwroot/feichangpeizi/application/index/controller/Lianlianpay.php ]
---------------------------------------------------------------
[ 2018-09-28T23:37:00+08:00 ] 202.53.138.176 106.122.177.255 GET /index/lianlianpay/doPay?b-pay-amount=1
[ info ] vip.5chevip.com/index/lianlianpay/doPay?b-pay-amount=1 [运行时间：0.230402s][吞吐率：4.34req/s] [内存消耗：4,002.98kb] [文件加载：67]
[ info ] [ CACHE ] INIT File
[ info ] [ LANG ] /www/wwwroot/feichangpeizi/thinkphp/lang/zh-cn.php
[ info ] [ ROUTE ] array (
  'type' => 'module',
  'module' => 
  array (
    0 => 'index',
    1 => 'lianlianpay',
    2 => 'doPay',
  ),
)
[ info ] [ HEADER ] array (
  'host' => 'vip.5chevip.com',
  'connection' => 'keep-alive',
  'upgrade-insecure-requests' => '1',
  'user-agent' => 'Mozilla/5.0 (Windows NT 6.1; WOW64) AppleWebKit/537.36 (KHTML, like Gecko) Chrome/63.0.3239.132 Safari/537.36',
  'accept' => 'text/html,application/xhtml+xml,application/xml;q=0.9,image/webp,image/apng,*/*;q=0.8',
  'referer' => 'http://vip.5chevip.com/ucenter/payment.html',
  'accept-encoding' => 'gzip, deflate',
  'accept-language' => 'zh-CN,zh;q=0.9,en;q=0.8',
  'cookie' => 'PHPSESSID=2j6sis0mleqe8f8jmmlg33aj36',
  'content-type' => '',
  'content-length' => '',
)
[ info ] [ PARAM ] array (
  'b-pay-amount' => '1',
)
[ info ] [ BEHAVIOR ] Run app\common\behavior\Config @app_begin [ RunTime:0.000758s ]
[ info ] [ BEHAVIOR ] Run app\common\behavior\Hook @app_begin [ RunTime:0.019499s ]
[ info ] [ DB ] INIT mysql
[ info ] [ LOG ] INIT File
[ info ] [ RUN ] app\index\controller\Lianlianpay->doPay[ /www/wwwroot/feichangpeizi/application/index/controller/Lianlianpay.php ]
[ sql ] [ DB ] CONNECT:[ UseTime:0.000716s ] mysql:dbname=fcpeizi;host=localhost;port=3306;charset=utf8
[ sql ] [ SQL ] SHOW COLUMNS FROM `xh_member` [ RunTime:0.003045s ]
[ sql ] [ SQL ] SELECT `usableSum` FROM `xh_member` WHERE  (  id=1315 ) LIMIT 1 [ RunTime:0.000490s ]
[ sql ] [ SQL ] SHOW COLUMNS FROM `xh_member_recharge` [ RunTime:0.002776s ]
[ sql ] [ SQL ] INSERT INTO `xh_member_recharge` (`memberId` , `amount` , `status` , `no_order` , `createTime`) VALUES (1315 , 1 , 0 , '13151538149020076381' , '2018-09-28 23:37:00') [ RunTime:0.000872s ]
---------------------------------------------------------------
[ 2018-09-28T23:40:19+08:00 ] 202.53.138.176 58.243.250.212 GET /index/lianlianpay/doPay?b-pay-amount=1000
[ info ] www.5chevip.com/index/lianlianpay/doPay?b-pay-amount=1000 [运行时间：0.289776s][吞吐率：3.45req/s] [内存消耗：4,003.90kb] [文件加载：67]
[ info ] [ CACHE ] INIT File
[ info ] [ LANG ] /www/wwwroot/feichangpeizi/thinkphp/lang/zh-cn.php
[ info ] [ ROUTE ] array (
  'type' => 'module',
  'module' => 
  array (
    0 => 'index',
    1 => 'lianlianpay',
    2 => 'doPay',
  ),
)
[ info ] [ HEADER ] array (
  'host' => 'www.5chevip.com',
  'connection' => 'keep-alive',
  'accept' => 'text/html,application/xhtml+xml,application/xml;q=0.9,image/webp,*/*;q=0.8',
  'upgrade-insecure-requests' => '1',
  'user-agent' => 'Mozilla/5.0 (Windows NT 6.1; WOW64) AppleWebKit/537.36 (KHTML, like Gecko) Chrome/49.0.2623.112 Safari/537.36',
  'referer' => 'http://www.5chevip.com/ucenter/payment.html',
  'accept-encoding' => 'gzip, deflate, sdch',
  'accept-language' => 'zh-CN,zh;q=0.8',
  'cookie' => 'PHPSESSID=3q2ek5beiv837jfisgprstsmd0',
  'content-type' => '',
  'content-length' => '',
)
[ info ] [ PARAM ] array (
  'b-pay-amount' => '1000',
)
[ info ] [ BEHAVIOR ] Run app\common\behavior\Config @app_begin [ RunTime:0.001635s ]
[ info ] [ BEHAVIOR ] Run app\common\behavior\Hook @app_begin [ RunTime:0.038969s ]
[ info ] [ DB ] INIT mysql
[ info ] [ LOG ] INIT File
[ info ] [ RUN ] app\index\controller\Lianlianpay->doPay[ /www/wwwroot/feichangpeizi/application/index/controller/Lianlianpay.php ]
[ sql ] [ DB ] CONNECT:[ UseTime:0.004836s ] mysql:dbname=fcpeizi;host=localhost;port=3306;charset=utf8
[ sql ] [ SQL ] SHOW COLUMNS FROM `xh_member` [ RunTime:0.002804s ]
[ sql ] [ SQL ] SELECT `usableSum` FROM `xh_member` WHERE  (  id=1313 ) LIMIT 1 [ RunTime:0.000847s ]
[ sql ] [ SQL ] SHOW COLUMNS FROM `xh_member_recharge` [ RunTime:0.003872s ]
[ sql ] [ SQL ] INSERT INTO `xh_member_recharge` (`memberId` , `amount` , `status` , `no_order` , `createTime`) VALUES (1313 , 1000 , 0 , '13131538149219688203' , '2018-09-28 23:40:19') [ RunTime:0.000926s ]
