---------------------------------------------------------------
[ 2018-09-28T19:34:24+08:00 ] 202.53.138.176 58.243.250.212 GET /index/lianlianpay/doPay?b-pay-amount=1000
[ error ] [8]未定义数组索引: url_order[/www/wwwroot/feichangpeizi/application/index/controller/Lianlianpay.php:238]
[ error ] [8]未定义数组索引: userreq_ip[/www/wwwroot/feichangpeizi/application/index/controller/Lianlianpay.php:300]
[ error ] [2]Missing argument 3 for LLpaySubmit::buildRequestForm(), called in /www/wwwroot/feichangpeizi/application/index/controller/Lianlianpay.php on line 327 and defined[/www/wwwroot/feichangpeizi/application/llpay/lib/llpay_submit.class.php:99]
[ error ] [8]未定义数组索引: info_order[/www/wwwroot/feichangpeizi/application/llpay/lib/llpay_submit.class.php:115]
[ error ] [8]未定义数组索引: userreq_ip[/www/wwwroot/feichangpeizi/application/llpay/lib/llpay_submit.class.php:119]
[ error ] [8]未定义数组索引: url_order[/www/wwwroot/feichangpeizi/application/llpay/lib/llpay_submit.class.php:120]
[ error ] [8]未定义数组索引: bank_code[/www/wwwroot/feichangpeizi/application/llpay/lib/llpay_submit.class.php:122]
[ error ] [8]未定义数组索引: pay_type[/www/wwwroot/feichangpeizi/application/llpay/lib/llpay_submit.class.php:123]
[ error ] [8]未定义数组索引: no_agree[/www/wwwroot/feichangpeizi/application/llpay/lib/llpay_submit.class.php:124]
[ error ] [8]未定义数组索引: shareing_data[/www/wwwroot/feichangpeizi/application/llpay/lib/llpay_submit.class.php:125]
[ error ] [8]未定义数组索引: id_no[/www/wwwroot/feichangpeizi/application/llpay/lib/llpay_submit.class.php:128]
[ error ] [8]未定义数组索引: acct_name[/www/wwwroot/feichangpeizi/application/llpay/lib/llpay_submit.class.php:129]
[ error ] [8]未定义数组索引: card_no[/www/wwwroot/feichangpeizi/application/llpay/lib/llpay_submit.class.php:131]
[ error ] [8]未定义数组索引: back_url[/www/wwwroot/feichangpeizi/application/llpay/lib/llpay_submit.class.php:132]
[ error ] [8]未定义变量: button_name[/www/wwwroot/feichangpeizi/application/llpay/lib/llpay_submit.class.php:134]
---------------------------------------------------------------
[ 2018-09-28T19:42:34+08:00 ] 202.53.138.176 58.243.250.212 GET /index/lianlianpay/doPay?b-pay-amount=1000
[ error ] [8]未定义数组索引: url_order[/www/wwwroot/feichangpeizi/application/index/controller/Lianlianpay.php:238]
[ error ] [8]未定义数组索引: userreq_ip[/www/wwwroot/feichangpeizi/application/index/controller/Lianlianpay.php:300]
[ error ] [2]Missing argument 3 for LLpaySubmit::buildRequestForm(), called in /www/wwwroot/feichangpeizi/application/index/controller/Lianlianpay.php on line 327 and defined[/www/wwwroot/feichangpeizi/application/llpay/lib/llpay_submit.class.php:99]
[ error ] [8]未定义数组索引: info_order[/www/wwwroot/feichangpeizi/application/llpay/lib/llpay_submit.class.php:115]
[ error ] [8]未定义数组索引: userreq_ip[/www/wwwroot/feichangpeizi/application/llpay/lib/llpay_submit.class.php:119]
[ error ] [8]未定义数组索引: url_order[/www/wwwroot/feichangpeizi/application/llpay/lib/llpay_submit.class.php:120]
[ error ] [8]未定义数组索引: bank_code[/www/wwwroot/feichangpeizi/application/llpay/lib/llpay_submit.class.php:122]
[ error ] [8]未定义数组索引: pay_type[/www/wwwroot/feichangpeizi/application/llpay/lib/llpay_submit.class.php:123]
[ error ] [8]未定义数组索引: no_agree[/www/wwwroot/feichangpeizi/application/llpay/lib/llpay_submit.class.php:124]
[ error ] [8]未定义数组索引: shareing_data[/www/wwwroot/feichangpeizi/application/llpay/lib/llpay_submit.class.php:125]
[ error ] [8]未定义数组索引: id_no[/www/wwwroot/feichangpeizi/application/llpay/lib/llpay_submit.class.php:128]
[ error ] [8]未定义数组索引: acct_name[/www/wwwroot/feichangpeizi/application/llpay/lib/llpay_submit.class.php:129]
[ error ] [8]未定义数组索引: card_no[/www/wwwroot/feichangpeizi/application/llpay/lib/llpay_submit.class.php:131]
[ error ] [8]未定义数组索引: back_url[/www/wwwroot/feichangpeizi/application/llpay/lib/llpay_submit.class.php:132]
[ error ] [8]未定义变量: button_name[/www/wwwroot/feichangpeizi/application/llpay/lib/llpay_submit.class.php:134]
---------------------------------------------------------------
[ 2018-09-28T20:12:20+08:00 ] 202.53.138.176 106.122.177.255 GET /index/lianlianpay/doPay?b-pay-amount=10
[ error ] [8]未定义数组索引: url_order[/www/wwwroot/feichangpeizi/application/index/controller/Lianlianpay.php:238]
[ error ] [8]未定义数组索引: userreq_ip[/www/wwwroot/feichangpeizi/application/index/controller/Lianlianpay.php:300]
[ error ] [2]Missing argument 3 for LLpaySubmit::buildRequestForm(), called in /www/wwwroot/feichangpeizi/application/index/controller/Lianlianpay.php on line 327 and defined[/www/wwwroot/feichangpeizi/application/llpay/lib/llpay_submit.class.php:99]
[ error ] [8]未定义数组索引: info_order[/www/wwwroot/feichangpeizi/application/llpay/lib/llpay_submit.class.php:115]
[ error ] [8]未定义数组索引: userreq_ip[/www/wwwroot/feichangpeizi/application/llpay/lib/llpay_submit.class.php:119]
[ error ] [8]未定义数组索引: url_order[/www/wwwroot/feichangpeizi/application/llpay/lib/llpay_submit.class.php:120]
[ error ] [8]未定义数组索引: bank_code[/www/wwwroot/feichangpeizi/application/llpay/lib/llpay_submit.class.php:122]
[ error ] [8]未定义数组索引: pay_type[/www/wwwroot/feichangpeizi/application/llpay/lib/llpay_submit.class.php:123]
[ error ] [8]未定义数组索引: no_agree[/www/wwwroot/feichangpeizi/application/llpay/lib/llpay_submit.class.php:124]
[ error ] [8]未定义数组索引: shareing_data[/www/wwwroot/feichangpeizi/application/llpay/lib/llpay_submit.class.php:125]
[ error ] [8]未定义数组索引: id_no[/www/wwwroot/feichangpeizi/application/llpay/lib/llpay_submit.class.php:128]
[ error ] [8]未定义数组索引: acct_name[/www/wwwroot/feichangpeizi/application/llpay/lib/llpay_submit.class.php:129]
[ error ] [8]未定义数组索引: card_no[/www/wwwroot/feichangpeizi/application/llpay/lib/llpay_submit.class.php:131]
[ error ] [8]未定义数组索引: back_url[/www/wwwroot/feichangpeizi/application/llpay/lib/llpay_submit.class.php:132]
[ error ] [8]未定义变量: button_name[/www/wwwroot/feichangpeizi/application/llpay/lib/llpay_submit.class.php:134]
---------------------------------------------------------------
[ 2018-09-28T20:16:22+08:00 ] 202.53.138.176 106.122.177.255 GET /index/lianlianpay/doPay?b-pay-amount=10
[ error ] [8]未定义数组索引: url_order[/www/wwwroot/feichangpeizi/application/index/controller/Lianlianpay.php:238]
[ error ] [8]未定义数组索引: userreq_ip[/www/wwwroot/feichangpeizi/application/index/controller/Lianlianpay.php:300]
[ error ] [2]Missing argument 3 for LLpaySubmit::buildRequestForm(), called in /www/wwwroot/feichangpeizi/application/index/controller/Lianlianpay.php on line 327 and defined[/www/wwwroot/feichangpeizi/application/llpay/lib/llpay_submit.class.php:99]
[ error ] [8]未定义数组索引: info_order[/www/wwwroot/feichangpeizi/application/llpay/lib/llpay_submit.class.php:115]
[ error ] [8]未定义数组索引: userreq_ip[/www/wwwroot/feichangpeizi/application/llpay/lib/llpay_submit.class.php:119]
[ error ] [8]未定义数组索引: url_order[/www/wwwroot/feichangpeizi/application/llpay/lib/llpay_submit.class.php:120]
[ error ] [8]未定义数组索引: bank_code[/www/wwwroot/feichangpeizi/application/llpay/lib/llpay_submit.class.php:122]
[ error ] [8]未定义数组索引: pay_type[/www/wwwroot/feichangpeizi/application/llpay/lib/llpay_submit.class.php:123]
[ error ] [8]未定义数组索引: no_agree[/www/wwwroot/feichangpeizi/application/llpay/lib/llpay_submit.class.php:124]
[ error ] [8]未定义数组索引: shareing_data[/www/wwwroot/feichangpeizi/application/llpay/lib/llpay_submit.class.php:125]
[ error ] [8]未定义数组索引: id_no[/www/wwwroot/feichangpeizi/application/llpay/lib/llpay_submit.class.php:128]
[ error ] [8]未定义数组索引: acct_name[/www/wwwroot/feichangpeizi/application/llpay/lib/llpay_submit.class.php:129]
[ error ] [8]未定义数组索引: card_no[/www/wwwroot/feichangpeizi/application/llpay/lib/llpay_submit.class.php:131]
[ error ] [8]未定义数组索引: back_url[/www/wwwroot/feichangpeizi/application/llpay/lib/llpay_submit.class.php:132]
[ error ] [8]未定义变量: button_name[/www/wwwroot/feichangpeizi/application/llpay/lib/llpay_submit.class.php:134]
---------------------------------------------------------------
[ 2018-09-28T20:16:37+08:00 ] 202.53.138.176 106.122.177.255 GET /index/lianlianpay/doPay?b-pay-amount=10
[ error ] [8]未定义数组索引: url_order[/www/wwwroot/feichangpeizi/application/index/controller/Lianlianpay.php:238]
[ error ] [8]未定义数组索引: userreq_ip[/www/wwwroot/feichangpeizi/application/index/controller/Lianlianpay.php:300]
[ error ] [2]Missing argument 3 for LLpaySubmit::buildRequestForm(), called in /www/wwwroot/feichangpeizi/application/index/controller/Lianlianpay.php on line 327 and defined[/www/wwwroot/feichangpeizi/application/llpay/lib/llpay_submit.class.php:99]
[ error ] [8]未定义数组索引: info_order[/www/wwwroot/feichangpeizi/application/llpay/lib/llpay_submit.class.php:115]
[ error ] [8]未定义数组索引: userreq_ip[/www/wwwroot/feichangpeizi/application/llpay/lib/llpay_submit.class.php:119]
[ error ] [8]未定义数组索引: url_order[/www/wwwroot/feichangpeizi/application/llpay/lib/llpay_submit.class.php:120]
[ error ] [8]未定义数组索引: bank_code[/www/wwwroot/feichangpeizi/application/llpay/lib/llpay_submit.class.php:122]
[ error ] [8]未定义数组索引: pay_type[/www/wwwroot/feichangpeizi/application/llpay/lib/llpay_submit.class.php:123]
[ error ] [8]未定义数组索引: no_agree[/www/wwwroot/feichangpeizi/application/llpay/lib/llpay_submit.class.php:124]
[ error ] [8]未定义数组索引: shareing_data[/www/wwwroot/feichangpeizi/application/llpay/lib/llpay_submit.class.php:125]
[ error ] [8]未定义数组索引: id_no[/www/wwwroot/feichangpeizi/application/llpay/lib/llpay_submit.class.php:128]
[ error ] [8]未定义数组索引: acct_name[/www/wwwroot/feichangpeizi/application/llpay/lib/llpay_submit.class.php:129]
[ error ] [8]未定义数组索引: card_no[/www/wwwroot/feichangpeizi/application/llpay/lib/llpay_submit.class.php:131]
[ error ] [8]未定义数组索引: back_url[/www/wwwroot/feichangpeizi/application/llpay/lib/llpay_submit.class.php:132]
[ error ] [8]未定义变量: button_name[/www/wwwroot/feichangpeizi/application/llpay/lib/llpay_submit.class.php:134]
---------------------------------------------------------------
[ 2018-09-28T21:24:41+08:00 ] 202.53.138.176 106.122.177.255 GET /index/lianlianpay/doPay?b-pay-amount=10
[ error ] [8]未定义数组索引: url_order[/www/wwwroot/feichangpeizi/application/index/controller/Lianlianpay.php:238]
[ error ] [8]未定义数组索引: userreq_ip[/www/wwwroot/feichangpeizi/application/index/controller/Lianlianpay.php:300]
[ error ] [2]Missing argument 3 for LLpaySubmit::buildRequestForm(), called in /www/wwwroot/feichangpeizi/application/index/controller/Lianlianpay.php on line 327 and defined[/www/wwwroot/feichangpeizi/application/llpay/lib/llpay_submit.class.php:99]
[ error ] [8]未定义数组索引: info_order[/www/wwwroot/feichangpeizi/application/llpay/lib/llpay_submit.class.php:115]
[ error ] [8]未定义数组索引: userreq_ip[/www/wwwroot/feichangpeizi/application/llpay/lib/llpay_submit.class.php:119]
[ error ] [8]未定义数组索引: url_order[/www/wwwroot/feichangpeizi/application/llpay/lib/llpay_submit.class.php:120]
[ error ] [8]未定义数组索引: bank_code[/www/wwwroot/feichangpeizi/application/llpay/lib/llpay_submit.class.php:122]
[ error ] [8]未定义数组索引: pay_type[/www/wwwroot/feichangpeizi/application/llpay/lib/llpay_submit.class.php:123]
[ error ] [8]未定义数组索引: no_agree[/www/wwwroot/feichangpeizi/application/llpay/lib/llpay_submit.class.php:124]
[ error ] [8]未定义数组索引: shareing_data[/www/wwwroot/feichangpeizi/application/llpay/lib/llpay_submit.class.php:125]
[ error ] [8]未定义数组索引: id_no[/www/wwwroot/feichangpeizi/application/llpay/lib/llpay_submit.class.php:128]
[ error ] [8]未定义数组索引: acct_name[/www/wwwroot/feichangpeizi/application/llpay/lib/llpay_submit.class.php:129]
[ error ] [8]未定义数组索引: card_no[/www/wwwroot/feichangpeizi/application/llpay/lib/llpay_submit.class.php:131]
[ error ] [8]未定义数组索引: back_url[/www/wwwroot/feichangpeizi/application/llpay/lib/llpay_submit.class.php:132]
[ error ] [8]未定义变量: button_name[/www/wwwroot/feichangpeizi/application/llpay/lib/llpay_submit.class.php:134]
---------------------------------------------------------------
[ 2018-09-28T21:56:01+08:00 ] 202.53.138.176 58.243.250.212 GET /index/lianlianpay/doPay?b-pay-amount=1000
[ error ] [8]未定义数组索引: url_order[/www/wwwroot/feichangpeizi/application/index/controller/Lianlianpay.php:238]
[ error ] [8]未定义数组索引: userreq_ip[/www/wwwroot/feichangpeizi/application/index/controller/Lianlianpay.php:300]
[ error ] [2]Missing argument 3 for LLpaySubmit::buildRequestForm(), called in /www/wwwroot/feichangpeizi/application/index/controller/Lianlianpay.php on line 327 and defined[/www/wwwroot/feichangpeizi/application/llpay/lib/llpay_submit.class.php:99]
[ error ] [8]未定义数组索引: info_order[/www/wwwroot/feichangpeizi/application/llpay/lib/llpay_submit.class.php:115]
[ error ] [8]未定义数组索引: userreq_ip[/www/wwwroot/feichangpeizi/application/llpay/lib/llpay_submit.class.php:119]
[ error ] [8]未定义数组索引: url_order[/www/wwwroot/feichangpeizi/application/llpay/lib/llpay_submit.class.php:120]
[ error ] [8]未定义数组索引: bank_code[/www/wwwroot/feichangpeizi/application/llpay/lib/llpay_submit.class.php:122]
[ error ] [8]未定义数组索引: pay_type[/www/wwwroot/feichangpeizi/application/llpay/lib/llpay_submit.class.php:123]
[ error ] [8]未定义数组索引: no_agree[/www/wwwroot/feichangpeizi/application/llpay/lib/llpay_submit.class.php:124]
[ error ] [8]未定义数组索引: shareing_data[/www/wwwroot/feichangpeizi/application/llpay/lib/llpay_submit.class.php:125]
[ error ] [8]未定义数组索引: id_no[/www/wwwroot/feichangpeizi/application/llpay/lib/llpay_submit.class.php:128]
[ error ] [8]未定义数组索引: acct_name[/www/wwwroot/feichangpeizi/application/llpay/lib/llpay_submit.class.php:129]
[ error ] [8]未定义数组索引: card_no[/www/wwwroot/feichangpeizi/application/llpay/lib/llpay_submit.class.php:131]
[ error ] [8]未定义数组索引: back_url[/www/wwwroot/feichangpeizi/application/llpay/lib/llpay_submit.class.php:132]
[ error ] [8]未定义变量: button_name[/www/wwwroot/feichangpeizi/application/llpay/lib/llpay_submit.class.php:134]
---------------------------------------------------------------
[ 2018-09-28T21:56:34+08:00 ] 202.53.138.176 58.243.250.212 GET /index/lianlianpay/doPay?b-pay-amount=1000
[ error ] [8]未定义数组索引: url_order[/www/wwwroot/feichangpeizi/application/index/controller/Lianlianpay.php:238]
[ error ] [8]未定义数组索引: userreq_ip[/www/wwwroot/feichangpeizi/application/index/controller/Lianlianpay.php:300]
[ error ] [2]Missing argument 3 for LLpaySubmit::buildRequestForm(), called in /www/wwwroot/feichangpeizi/application/index/controller/Lianlianpay.php on line 327 and defined[/www/wwwroot/feichangpeizi/application/llpay/lib/llpay_submit.class.php:99]
[ error ] [8]未定义数组索引: info_order[/www/wwwroot/feichangpeizi/application/llpay/lib/llpay_submit.class.php:115]
[ error ] [8]未定义数组索引: userreq_ip[/www/wwwroot/feichangpeizi/application/llpay/lib/llpay_submit.class.php:119]
[ error ] [8]未定义数组索引: url_order[/www/wwwroot/feichangpeizi/application/llpay/lib/llpay_submit.class.php:120]
[ error ] [8]未定义数组索引: bank_code[/www/wwwroot/feichangpeizi/application/llpay/lib/llpay_submit.class.php:122]
[ error ] [8]未定义数组索引: pay_type[/www/wwwroot/feichangpeizi/application/llpay/lib/llpay_submit.class.php:123]
[ error ] [8]未定义数组索引: no_agree[/www/wwwroot/feichangpeizi/application/llpay/lib/llpay_submit.class.php:124]
[ error ] [8]未定义数组索引: shareing_data[/www/wwwroot/feichangpeizi/application/llpay/lib/llpay_submit.class.php:125]
[ error ] [8]未定义数组索引: id_no[/www/wwwroot/feichangpeizi/application/llpay/lib/llpay_submit.class.php:128]
[ error ] [8]未定义数组索引: acct_name[/www/wwwroot/feichangpeizi/application/llpay/lib/llpay_submit.class.php:129]
[ error ] [8]未定义数组索引: card_no[/www/wwwroot/feichangpeizi/application/llpay/lib/llpay_submit.class.php:131]
[ error ] [8]未定义数组索引: back_url[/www/wwwroot/feichangpeizi/application/llpay/lib/llpay_submit.class.php:132]
[ error ] [8]未定义变量: button_name[/www/wwwroot/feichangpeizi/application/llpay/lib/llpay_submit.class.php:134]
---------------------------------------------------------------
[ 2018-09-28T22:15:49+08:00 ] 202.53.138.176 58.243.250.212 GET /index/lianlianpay/doPay?b-pay-amount=1000
[ error ] [8]未定义数组索引: url_order[/www/wwwroot/feichangpeizi/application/index/controller/Lianlianpay.php:238]
[ error ] [8]未定义数组索引: userreq_ip[/www/wwwroot/feichangpeizi/application/index/controller/Lianlianpay.php:300]
[ error ] [2]Missing argument 3 for LLpaySubmit::buildRequestForm(), called in /www/wwwroot/feichangpeizi/application/index/controller/Lianlianpay.php on line 327 and defined[/www/wwwroot/feichangpeizi/application/llpay/lib/llpay_submit.class.php:99]
[ error ] [8]未定义数组索引: info_order[/www/wwwroot/feichangpeizi/application/llpay/lib/llpay_submit.class.php:115]
[ error ] [8]未定义数组索引: userreq_ip[/www/wwwroot/feichangpeizi/application/llpay/lib/llpay_submit.class.php:119]
[ error ] [8]未定义数组索引: url_order[/www/wwwroot/feichangpeizi/application/llpay/lib/llpay_submit.class.php:120]
[ error ] [8]未定义数组索引: bank_code[/www/wwwroot/feichangpeizi/application/llpay/lib/llpay_submit.class.php:122]
[ error ] [8]未定义数组索引: pay_type[/www/wwwroot/feichangpeizi/application/llpay/lib/llpay_submit.class.php:123]
[ error ] [8]未定义数组索引: no_agree[/www/wwwroot/feichangpeizi/application/llpay/lib/llpay_submit.class.php:124]
[ error ] [8]未定义数组索引: shareing_data[/www/wwwroot/feichangpeizi/application/llpay/lib/llpay_submit.class.php:125]
[ error ] [8]未定义数组索引: id_no[/www/wwwroot/feichangpeizi/application/llpay/lib/llpay_submit.class.php:128]
[ error ] [8]未定义数组索引: acct_name[/www/wwwroot/feichangpeizi/application/llpay/lib/llpay_submit.class.php:129]
[ error ] [8]未定义数组索引: card_no[/www/wwwroot/feichangpeizi/application/llpay/lib/llpay_submit.class.php:131]
[ error ] [8]未定义数组索引: back_url[/www/wwwroot/feichangpeizi/application/llpay/lib/llpay_submit.class.php:132]
[ error ] [8]未定义变量: button_name[/www/wwwroot/feichangpeizi/application/llpay/lib/llpay_submit.class.php:134]
---------------------------------------------------------------
[ 2018-09-28T22:45:11+08:00 ] 202.53.138.176 58.243.250.212 GET /index/lianlianpay/doPay?b-pay-amount=1000
[ error ] [8]未定义数组索引: url_order[/www/wwwroot/feichangpeizi/application/index/controller/Lianlianpay.php:238]
[ error ] [8]未定义数组索引: userreq_ip[/www/wwwroot/feichangpeizi/application/index/controller/Lianlianpay.php:300]
[ error ] [2]Missing argument 3 for LLpaySubmit::buildRequestForm(), called in /www/wwwroot/feichangpeizi/application/index/controller/Lianlianpay.php on line 327 and defined[/www/wwwroot/feichangpeizi/application/llpay/lib/llpay_submit.class.php:99]
[ error ] [8]未定义数组索引: info_order[/www/wwwroot/feichangpeizi/application/llpay/lib/llpay_submit.class.php:115]
[ error ] [8]未定义数组索引: userreq_ip[/www/wwwroot/feichangpeizi/application/llpay/lib/llpay_submit.class.php:119]
[ error ] [8]未定义数组索引: url_order[/www/wwwroot/feichangpeizi/application/llpay/lib/llpay_submit.class.php:120]
[ error ] [8]未定义数组索引: bank_code[/www/wwwroot/feichangpeizi/application/llpay/lib/llpay_submit.class.php:122]
[ error ] [8]未定义数组索引: pay_type[/www/wwwroot/feichangpeizi/application/llpay/lib/llpay_submit.class.php:123]
[ error ] [8]未定义数组索引: no_agree[/www/wwwroot/feichangpeizi/application/llpay/lib/llpay_submit.class.php:124]
[ error ] [8]未定义数组索引: shareing_data[/www/wwwroot/feichangpeizi/application/llpay/lib/llpay_submit.class.php:125]
[ error ] [8]未定义数组索引: id_no[/www/wwwroot/feichangpeizi/application/llpay/lib/llpay_submit.class.php:128]
[ error ] [8]未定义数组索引: acct_name[/www/wwwroot/feichangpeizi/application/llpay/lib/llpay_submit.class.php:129]
[ error ] [8]未定义数组索引: card_no[/www/wwwroot/feichangpeizi/application/llpay/lib/llpay_submit.class.php:131]
[ error ] [8]未定义数组索引: back_url[/www/wwwroot/feichangpeizi/application/llpay/lib/llpay_submit.class.php:132]
[ error ] [8]未定义变量: button_name[/www/wwwroot/feichangpeizi/application/llpay/lib/llpay_submit.class.php:134]
---------------------------------------------------------------
[ 2018-09-28T22:52:55+08:00 ] 202.53.138.176 106.122.177.255 GET /index/lianlianpay/doPay?b-pay-amount=10
[ error ] [8]未定义数组索引: url_order[/www/wwwroot/feichangpeizi/application/index/controller/Lianlianpay.php:238]
[ error ] [2]Missing argument 3 for LLpaySubmit::buildRequestForm(), called in /www/wwwroot/feichangpeizi/application/index/controller/Lianlianpay.php on line 314 and defined[/www/wwwroot/feichangpeizi/application/llpay/lib/llpay_submit.class.php:99]
[ error ] [8]未定义数组索引: risk_item[/www/wwwroot/feichangpeizi/application/llpay/lib/llpay_submit.class.php:103]
[ error ] [8]未定义数组索引: version[/www/wwwroot/feichangpeizi/application/llpay/lib/llpay_submit.class.php:105]
[ error ] [8]未定义数组索引: oid_partner[/www/wwwroot/feichangpeizi/application/llpay/lib/llpay_submit.class.php:106]
[ error ] [8]未定义数组索引: timestamp[/www/wwwroot/feichangpeizi/application/llpay/lib/llpay_submit.class.php:108]
[ error ] [8]未定义数组索引: busi_partner[/www/wwwroot/feichangpeizi/application/llpay/lib/llpay_submit.class.php:111]
[ error ] [8]未定义数组索引: no_order[/www/wwwroot/feichangpeizi/application/llpay/lib/llpay_submit.class.php:112]
[ error ] [8]未定义数组索引: dt_order[/www/wwwroot/feichangpeizi/application/llpay/lib/llpay_submit.class.php:113]
[ error ] [8]未定义数组索引: name_goods[/www/wwwroot/feichangpeizi/application/llpay/lib/llpay_submit.class.php:114]
[ error ] [8]未定义数组索引: info_order[/www/wwwroot/feichangpeizi/application/llpay/lib/llpay_submit.class.php:115]
[ error ] [8]未定义数组索引: money_order[/www/wwwroot/feichangpeizi/application/llpay/lib/llpay_submit.class.php:116]
[ error ] [8]未定义数组索引: url_return[/www/wwwroot/feichangpeizi/application/llpay/lib/llpay_submit.class.php:118]
[ error ] [8]未定义数组索引: userreq_ip[/www/wwwroot/feichangpeizi/application/llpay/lib/llpay_submit.class.php:119]
[ error ] [8]未定义数组索引: url_order[/www/wwwroot/feichangpeizi/application/llpay/lib/llpay_submit.class.php:120]
[ error ] [8]未定义数组索引: valid_order[/www/wwwroot/feichangpeizi/application/llpay/lib/llpay_submit.class.php:121]
[ error ] [8]未定义数组索引: bank_code[/www/wwwroot/feichangpeizi/application/llpay/lib/llpay_submit.class.php:122]
[ error ] [8]未定义数组索引: pay_type[/www/wwwroot/feichangpeizi/application/llpay/lib/llpay_submit.class.php:123]
[ error ] [8]未定义数组索引: no_agree[/www/wwwroot/feichangpeizi/application/llpay/lib/llpay_submit.class.php:124]
[ error ] [8]未定义数组索引: shareing_data[/www/wwwroot/feichangpeizi/application/llpay/lib/llpay_submit.class.php:125]
[ error ] [8]未定义数组索引: id_type[/www/wwwroot/feichangpeizi/application/llpay/lib/llpay_submit.class.php:127]
[ error ] [8]未定义数组索引: id_no[/www/wwwroot/feichangpeizi/application/llpay/lib/llpay_submit.class.php:128]
[ error ] [8]未定义数组索引: acct_name[/www/wwwroot/feichangpeizi/application/llpay/lib/llpay_submit.class.php:129]
[ error ] [8]未定义数组索引: flag_modify[/www/wwwroot/feichangpeizi/application/llpay/lib/llpay_submit.class.php:130]
[ error ] [8]未定义数组索引: card_no[/www/wwwroot/feichangpeizi/application/llpay/lib/llpay_submit.class.php:131]
[ error ] [8]未定义数组索引: back_url[/www/wwwroot/feichangpeizi/application/llpay/lib/llpay_submit.class.php:132]
[ error ] [8]未定义变量: button_name[/www/wwwroot/feichangpeizi/application/llpay/lib/llpay_submit.class.php:134]
---------------------------------------------------------------
[ 2018-09-28T22:53:07+08:00 ] 202.53.138.176 106.122.177.255 GET /index/lianlianpay/doPay?b-pay-amount=10
[ error ] [8]未定义数组索引: url_order[/www/wwwroot/feichangpeizi/application/index/controller/Lianlianpay.php:238]
[ error ] [2]Missing argument 3 for LLpaySubmit::buildRequestForm(), called in /www/wwwroot/feichangpeizi/application/index/controller/Lianlianpay.php on line 314 and defined[/www/wwwroot/feichangpeizi/application/llpay/lib/llpay_submit.class.php:99]
[ error ] [8]未定义数组索引: risk_item[/www/wwwroot/feichangpeizi/application/llpay/lib/llpay_submit.class.php:103]
[ error ] [8]未定义数组索引: version[/www/wwwroot/feichangpeizi/application/llpay/lib/llpay_submit.class.php:105]
[ error ] [8]未定义数组索引: oid_partner[/www/wwwroot/feichangpeizi/application/llpay/lib/llpay_submit.class.php:106]
[ error ] [8]未定义数组索引: timestamp[/www/wwwroot/feichangpeizi/application/llpay/lib/llpay_submit.class.php:108]
[ error ] [8]未定义数组索引: busi_partner[/www/wwwroot/feichangpeizi/application/llpay/lib/llpay_submit.class.php:111]
[ error ] [8]未定义数组索引: no_order[/www/wwwroot/feichangpeizi/application/llpay/lib/llpay_submit.class.php:112]
[ error ] [8]未定义数组索引: dt_order[/www/wwwroot/feichangpeizi/application/llpay/lib/llpay_submit.class.php:113]
[ error ] [8]未定义数组索引: name_goods[/www/wwwroot/feichangpeizi/application/llpay/lib/llpay_submit.class.php:114]
[ error ] [8]未定义数组索引: info_order[/www/wwwroot/feichangpeizi/application/llpay/lib/llpay_submit.class.php:115]
[ error ] [8]未定义数组索引: money_order[/www/wwwroot/feichangpeizi/application/llpay/lib/llpay_submit.class.php:116]
[ error ] [8]未定义数组索引: url_return[/www/wwwroot/feichangpeizi/application/llpay/lib/llpay_submit.class.php:118]
[ error ] [8]未定义数组索引: userreq_ip[/www/wwwroot/feichangpeizi/application/llpay/lib/llpay_submit.class.php:119]
[ error ] [8]未定义数组索引: url_order[/www/wwwroot/feichangpeizi/application/llpay/lib/llpay_submit.class.php:120]
[ error ] [8]未定义数组索引: valid_order[/www/wwwroot/feichangpeizi/application/llpay/lib/llpay_submit.class.php:121]
[ error ] [8]未定义数组索引: bank_code[/www/wwwroot/feichangpeizi/application/llpay/lib/llpay_submit.class.php:122]
[ error ] [8]未定义数组索引: pay_type[/www/wwwroot/feichangpeizi/application/llpay/lib/llpay_submit.class.php:123]
[ error ] [8]未定义数组索引: no_agree[/www/wwwroot/feichangpeizi/application/llpay/lib/llpay_submit.class.php:124]
[ error ] [8]未定义数组索引: shareing_data[/www/wwwroot/feichangpeizi/application/llpay/lib/llpay_submit.class.php:125]
[ error ] [8]未定义数组索引: id_type[/www/wwwroot/feichangpeizi/application/llpay/lib/llpay_submit.class.php:127]
[ error ] [8]未定义数组索引: id_no[/www/wwwroot/feichangpeizi/application/llpay/lib/llpay_submit.class.php:128]
[ error ] [8]未定义数组索引: acct_name[/www/wwwroot/feichangpeizi/application/llpay/lib/llpay_submit.class.php:129]
[ error ] [8]未定义数组索引: flag_modify[/www/wwwroot/feichangpeizi/application/llpay/lib/llpay_submit.class.php:130]
[ error ] [8]未定义数组索引: card_no[/www/wwwroot/feichangpeizi/application/llpay/lib/llpay_submit.class.php:131]
[ error ] [8]未定义数组索引: back_url[/www/wwwroot/feichangpeizi/application/llpay/lib/llpay_submit.class.php:132]
[ error ] [8]未定义变量: button_name[/www/wwwroot/feichangpeizi/application/llpay/lib/llpay_submit.class.php:134]
---------------------------------------------------------------
[ 2018-09-28T22:58:18+08:00 ] 202.53.138.176 106.122.177.255 GET /index/lianlianpay/doPay?b-pay-amount=10
[ error ] [8]未定义数组索引: url_order[/www/wwwroot/feichangpeizi/application/index/controller/Lianlianpay.php:238]
[ error ] [2]Missing argument 3 for LLpaySubmit::buildRequestForm(), called in /www/wwwroot/feichangpeizi/application/index/controller/Lianlianpay.php on line 314 and defined[/www/wwwroot/feichangpeizi/application/llpay/lib/llpay_submit.class.php:99]
[ error ] [8]未定义数组索引: risk_item[/www/wwwroot/feichangpeizi/application/llpay/lib/llpay_submit.class.php:103]
[ error ] [8]未定义数组索引: call_back_url[/www/wwwroot/feichangpeizi/application/llpay/lib/llpay_submit.class.php:112]
[ error ] [8]未定义变量: button_name[/www/wwwroot/feichangpeizi/application/llpay/lib/llpay_submit.class.php:122]
---------------------------------------------------------------
[ 2018-09-28T22:58:50+08:00 ] 202.53.138.176 106.122.177.255 GET /index/lianlianpay/doPay?b-pay-amount=10
[ error ] [8]未定义数组索引: url_order[/www/wwwroot/feichangpeizi/application/index/controller/Lianlianpay.php:238]
[ error ] [2]Missing argument 3 for LLpaySubmit::buildRequestForm(), called in /www/wwwroot/feichangpeizi/application/index/controller/Lianlianpay.php on line 314 and defined[/www/wwwroot/feichangpeizi/application/llpay/lib/llpay_submit.class.php:99]
[ error ] [8]未定义数组索引: risk_item[/www/wwwroot/feichangpeizi/application/llpay/lib/llpay_submit.class.php:103]
[ error ] [8]未定义数组索引: call_back_url[/www/wwwroot/feichangpeizi/application/llpay/lib/llpay_submit.class.php:112]
[ error ] [8]未定义变量: button_name[/www/wwwroot/feichangpeizi/application/llpay/lib/llpay_submit.class.php:122]
---------------------------------------------------------------
[ 2018-09-28T23:00:28+08:00 ] 202.53.138.176 106.122.177.255 GET /index/lianlianpay/doPay?b-pay-amount=10
[ error ] [8]未定义数组索引: url_order[/www/wwwroot/feichangpeizi/application/index/controller/Lianlianpay.php:238]
[ error ] [2]Missing argument 3 for LLpaySubmit::buildRequestForm(), called in /www/wwwroot/feichangpeizi/application/index/controller/Lianlianpay.php on line 314 and defined[/www/wwwroot/feichangpeizi/application/llpay/lib/llpay_submit.class.php:99]
[ error ] [8]未定义数组索引: risk_item[/www/wwwroot/feichangpeizi/application/llpay/lib/llpay_submit.class.php:103]
[ error ] [8]未定义变量: button_name[/www/wwwroot/feichangpeizi/application/llpay/lib/llpay_submit.class.php:122]
---------------------------------------------------------------
[ 2018-09-28T23:01:44+08:00 ] 202.53.138.176 58.243.250.212 GET /index/lianlianpay/doPay?b-pay-amount=1000
[ error ] [8]未定义数组索引: url_order[/www/wwwroot/feichangpeizi/application/index/controller/Lianlianpay.php:238]
[ error ] [2]Missing argument 3 for LLpaySubmit::buildRequestForm(), called in /www/wwwroot/feichangpeizi/application/index/controller/Lianlianpay.php on line 314 and defined[/www/wwwroot/feichangpeizi/application/llpay/lib/llpay_submit.class.php:99]
[ error ] [8]未定义数组索引: risk_item[/www/wwwroot/feichangpeizi/application/llpay/lib/llpay_submit.class.php:103]
[ error ] [8]未定义变量: button_name[/www/wwwroot/feichangpeizi/application/llpay/lib/llpay_submit.class.php:122]
---------------------------------------------------------------
[ 2018-09-28T23:04:21+08:00 ] 202.53.138.176 106.122.177.255 GET /index/lianlianpay/doPay?b-pay-amount=10
[ error ] [8]未定义数组索引: url_order[/www/wwwroot/feichangpeizi/application/index/controller/Lianlianpay.php:238]
[ error ] [2]Missing argument 3 for LLpaySubmit::buildRequestForm(), called in /www/wwwroot/feichangpeizi/application/index/controller/Lianlianpay.php on line 314 and defined[/www/wwwroot/feichangpeizi/application/llpay/lib/llpay_submit.class.php:99]
[ error ] [8]未定义数组索引: risk_item[/www/wwwroot/feichangpeizi/application/llpay/lib/llpay_submit.class.php:103]
[ error ] [8]未定义变量: button_name[/www/wwwroot/feichangpeizi/application/llpay/lib/llpay_submit.class.php:122]
---------------------------------------------------------------
[ 2018-09-28T23:07:45+08:00 ] 202.53.138.176 106.122.177.255 GET /index/lianlianpay/doPay?b-pay-amount=10
[ error ] [8]未定义数组索引: url_order[/www/wwwroot/feichangpeizi/application/index/controller/Lianlianpay.php:238]
[ error ] [2]Missing argument 3 for LLpaySubmit::buildRequestForm(), called in /www/wwwroot/feichangpeizi/application/index/controller/Lianlianpay.php on line 314 and defined[/www/wwwroot/feichangpeizi/application/llpay/lib/llpay_submit.class.php:99]
[ error ] [8]未定义数组索引: risk_item[/www/wwwroot/feichangpeizi/application/llpay/lib/llpay_submit.class.php:103]
[ error ] [8]未定义变量: button_name[/www/wwwroot/feichangpeizi/application/llpay/lib/llpay_submit.class.php:122]
---------------------------------------------------------------
[ 2018-09-28T23:10:19+08:00 ] 202.53.138.176 106.122.177.255 GET /index/lianlianpay/doPay?b-pay-amount=10
[ error ] [8]未定义数组索引: url_order[/www/wwwroot/feichangpeizi/application/index/controller/Lianlianpay.php:238]
[ error ] [2]Missing argument 3 for LLpaySubmit::buildRequestForm(), called in /www/wwwroot/feichangpeizi/application/index/controller/Lianlianpay.php on line 314 and defined[/www/wwwroot/feichangpeizi/application/llpay/lib/llpay_submit.class.php:100]
[ error ] [8]未定义数组索引: risk_item[/www/wwwroot/feichangpeizi/application/llpay/lib/llpay_submit.class.php:104]
[ error ] [8]未定义变量: button_name[/www/wwwroot/feichangpeizi/application/llpay/lib/llpay_submit.class.php:123]
---------------------------------------------------------------
[ 2018-09-28T23:14:36+08:00 ] 202.53.138.176 106.122.177.255 GET /index/lianlianpay/doPay?b-pay-amount=10
[ error ] [8]未定义数组索引: url_order[/www/wwwroot/feichangpeizi/application/index/controller/Lianlianpay.php:238]
[ error ] [2]Missing argument 3 for LLpaySubmit::buildRequestForm(), called in /www/wwwroot/feichangpeizi/application/index/controller/Lianlianpay.php on line 314 and defined[/www/wwwroot/feichangpeizi/application/llpay/lib/llpay_submit.class.php:100]
[ error ] [8]未定义数组索引: risk_item[/www/wwwroot/feichangpeizi/application/llpay/lib/llpay_submit.class.php:104]
[ error ] [8]未定义变量: button_name[/www/wwwroot/feichangpeizi/application/llpay/lib/llpay_submit.class.php:124]
---------------------------------------------------------------
[ 2018-09-28T23:14:43+08:00 ] 202.53.138.176 58.243.250.212 GET /index/lianlianpay/doPay?b-pay-amount=1000
[ error ] [8]未定义数组索引: url_order[/www/wwwroot/feichangpeizi/application/index/controller/Lianlianpay.php:238]
[ error ] [2]Missing argument 3 for LLpaySubmit::buildRequestForm(), called in /www/wwwroot/feichangpeizi/application/index/controller/Lianlianpay.php on line 314 and defined[/www/wwwroot/feichangpeizi/application/llpay/lib/llpay_submit.class.php:100]
[ error ] [8]未定义数组索引: risk_item[/www/wwwroot/feichangpeizi/application/llpay/lib/llpay_submit.class.php:104]
[ error ] [8]未定义变量: button_name[/www/wwwroot/feichangpeizi/application/llpay/lib/llpay_submit.class.php:124]
---------------------------------------------------------------
[ 2018-09-28T23:16:06+08:00 ] 202.53.138.176 106.122.177.255 GET /index/lianlianpay/doPay?b-pay-amount=10
[ error ] [8]未定义数组索引: url_order[/www/wwwroot/feichangpeizi/application/index/controller/Lianlianpay.php:238]
[ error ] [2]Missing argument 3 for LLpaySubmit::buildRequestForm(), called in /www/wwwroot/feichangpeizi/application/index/controller/Lianlianpay.php on line 314 and defined[/www/wwwroot/feichangpeizi/application/llpay/lib/llpay_submit.class.php:100]
[ error ] [8]未定义数组索引: risk_item[/www/wwwroot/feichangpeizi/application/llpay/lib/llpay_submit.class.php:104]
[ error ] [8]未定义变量: button_name[/www/wwwroot/feichangpeizi/application/llpay/lib/llpay_submit.class.php:124]
---------------------------------------------------------------
[ 2018-09-28T23:19:47+08:00 ] 202.53.138.176 106.122.177.255 GET /index/lianlianpay/doPay?b-pay-amount=10
[ error ] [8]未定义数组索引: url_order[/www/wwwroot/feichangpeizi/application/index/controller/Lianlianpay.php:238]
[ error ] [2]Missing argument 3 for LLpaySubmit::buildRequestForm(), called in /www/wwwroot/feichangpeizi/application/index/controller/Lianlianpay.php on line 314 and defined[/www/wwwroot/feichangpeizi/application/llpay/lib/llpay_submit.class.php:100]
[ error ] [8]未定义数组索引: risk_item[/www/wwwroot/feichangpeizi/application/llpay/lib/llpay_submit.class.php:104]
[ error ] [8]未定义变量: button_name[/www/wwwroot/feichangpeizi/application/llpay/lib/llpay_submit.class.php:124]
---------------------------------------------------------------
[ 2018-09-28T23:20:45+08:00 ] 202.53.138.176 106.122.177.255 GET /index/lianlianpay/doPay?b-pay-amount=10
[ error ] [8]未定义数组索引: url_order[/www/wwwroot/feichangpeizi/application/index/controller/Lianlianpay.php:238]
[ error ] [2]Missing argument 3 for LLpaySubmit::buildRequestForm(), called in /www/wwwroot/feichangpeizi/application/index/controller/Lianlianpay.php on line 314 and defined[/www/wwwroot/feichangpeizi/application/llpay/lib/llpay_submit.class.php:100]
[ error ] [8]未定义数组索引: risk_item[/www/wwwroot/feichangpeizi/application/llpay/lib/llpay_submit.class.php:104]
[ error ] [8]未定义变量: button_name[/www/wwwroot/feichangpeizi/application/llpay/lib/llpay_submit.class.php:124]
---------------------------------------------------------------
[ 2018-09-28T23:22:01+08:00 ] 202.53.138.176 58.243.250.212 GET /index/lianlianpay/doPay?b-pay-amount=1000
[ error ] [8]未定义数组索引: url_order[/www/wwwroot/feichangpeizi/application/index/controller/Lianlianpay.php:238]
[ error ] [2]Missing argument 3 for LLpaySubmit::buildRequestForm(), called in /www/wwwroot/feichangpeizi/application/index/controller/Lianlianpay.php on line 314 and defined[/www/wwwroot/feichangpeizi/application/llpay/lib/llpay_submit.class.php:100]
[ error ] [8]未定义数组索引: risk_item[/www/wwwroot/feichangpeizi/application/llpay/lib/llpay_submit.class.php:104]
[ error ] [8]未定义变量: button_name[/www/wwwroot/feichangpeizi/application/llpay/lib/llpay_submit.class.php:124]
---------------------------------------------------------------
[ 2018-09-28T23:23:59+08:00 ] 202.53.138.176 106.122.177.255 GET /index/lianlianpay/doPay?b-pay-amount=10
[ error ] [8]未定义数组索引: url_order[/www/wwwroot/feichangpeizi/application/index/controller/Lianlianpay.php:238]
[ error ] [2]Missing argument 3 for LLpaySubmit::buildRequestForm(), called in /www/wwwroot/feichangpeizi/application/index/controller/Lianlianpay.php on line 315 and defined[/www/wwwroot/feichangpeizi/application/llpay/lib/llpay_submit.class.php:100]
[ error ] [8]未定义数组索引: risk_item[/www/wwwroot/feichangpeizi/application/llpay/lib/llpay_submit.class.php:104]
[ error ] [8]未定义变量: button_name[/www/wwwroot/feichangpeizi/application/llpay/lib/llpay_submit.class.php:124]
---------------------------------------------------------------
[ 2018-09-28T23:24:56+08:00 ] 202.53.138.176 58.243.250.212 GET /index/lianlianpay/doPay?b-pay-amount=1000
[ error ] [8]未定义数组索引: url_order[/www/wwwroot/feichangpeizi/application/index/controller/Lianlianpay.php:238]
[ error ] [2]Missing argument 3 for LLpaySubmit::buildRequestForm(), called in /www/wwwroot/feichangpeizi/application/index/controller/Lianlianpay.php on line 315 and defined[/www/wwwroot/feichangpeizi/application/llpay/lib/llpay_submit.class.php:100]
[ error ] [8]未定义数组索引: risk_item[/www/wwwroot/feichangpeizi/application/llpay/lib/llpay_submit.class.php:104]
[ error ] [8]未定义变量: button_name[/www/wwwroot/feichangpeizi/application/llpay/lib/llpay_submit.class.php:124]
---------------------------------------------------------------
[ 2018-09-28T23:26:23+08:00 ] 202.53.138.176 106.122.177.255 GET /index/lianlianpay/doPay?b-pay-amount=10
[ error ] [8]未定义数组索引: url_order[/www/wwwroot/feichangpeizi/application/index/controller/Lianlianpay.php:238]
[ error ] [2]Missing argument 3 for LLpaySubmit::buildRequestForm(), called in /www/wwwroot/feichangpeizi/application/index/controller/Lianlianpay.php on line 315 and defined[/www/wwwroot/feichangpeizi/application/llpay/lib/llpay_submit.class.php:100]
[ error ] [8]未定义数组索引: risk_item[/www/wwwroot/feichangpeizi/application/llpay/lib/llpay_submit.class.php:104]
[ error ] [8]未定义变量: button_name[/www/wwwroot/feichangpeizi/application/llpay/lib/llpay_submit.class.php:124]
---------------------------------------------------------------
[ 2018-09-28T23:27:45+08:00 ] 202.53.138.176 106.122.177.255 GET /index/lianlianpay/doPay?b-pay-amount=10
[ error ] [8]未定义数组索引: url_order[/www/wwwroot/feichangpeizi/application/index/controller/Lianlianpay.php:238]
[ error ] [2]Missing argument 3 for LLpaySubmit::buildRequestForm(), called in /www/wwwroot/feichangpeizi/application/index/controller/Lianlianpay.php on line 315 and defined[/www/wwwroot/feichangpeizi/application/llpay/lib/llpay_submit.class.php:100]
[ error ] [8]未定义数组索引: risk_item[/www/wwwroot/feichangpeizi/application/llpay/lib/llpay_submit.class.php:104]
[ error ] [8]未定义变量: button_name[/www/wwwroot/feichangpeizi/application/llpay/lib/llpay_submit.class.php:124]
---------------------------------------------------------------
[ 2018-09-28T23:28:31+08:00 ] 202.53.138.176 106.122.177.255 GET /index/lianlianpay/doPay?b-pay-amount=10
[ error ] [8]未定义数组索引: url_order[/www/wwwroot/feichangpeizi/application/index/controller/Lianlianpay.php:238]
[ error ] [2]Missing argument 3 for LLpaySubmit::buildRequestForm(), called in /www/wwwroot/feichangpeizi/application/index/controller/Lianlianpay.php on line 315 and defined[/www/wwwroot/feichangpeizi/application/llpay/lib/llpay_submit.class.php:100]
[ error ] [8]未定义数组索引: risk_item[/www/wwwroot/feichangpeizi/application/llpay/lib/llpay_submit.class.php:104]
[ error ] [8]未定义变量: button_name[/www/wwwroot/feichangpeizi/application/llpay/lib/llpay_submit.class.php:124]
---------------------------------------------------------------
[ 2018-09-28T23:35:31+08:00 ] 202.53.138.176 106.122.177.255 GET /index/lianlianpay/doPay?b-pay-amount=1
[ error ] [8]未定义数组索引: url_order[/www/wwwroot/feichangpeizi/application/index/controller/Lianlianpay.php:238]
[ error ] [2]Missing argument 3 for LLpaySubmit::buildRequestForm(), called in /www/wwwroot/feichangpeizi/application/index/controller/Lianlianpay.php on line 315 and defined[/www/wwwroot/feichangpeizi/application/llpay/lib/llpay_submit.class.php:100]
[ error ] [8]未定义数组索引: risk_item[/www/wwwroot/feichangpeizi/application/llpay/lib/llpay_submit.class.php:104]
[ error ] [8]未定义变量: button_name[/www/wwwroot/feichangpeizi/application/llpay/lib/llpay_submit.class.php:124]
---------------------------------------------------------------
[ 2018-09-28T23:37:00+08:00 ] 202.53.138.176 106.122.177.255 GET /index/lianlianpay/doPay?b-pay-amount=1
[ error ] [8]未定义数组索引: url_order[/www/wwwroot/feichangpeizi/application/index/controller/Lianlianpay.php:238]
[ error ] [2]Missing argument 3 for LLpaySubmit::buildRequestForm(), called in /www/wwwroot/feichangpeizi/application/index/controller/Lianlianpay.php on line 315 and defined[/www/wwwroot/feichangpeizi/application/llpay/lib/llpay_submit.class.php:100]
[ error ] [8]未定义数组索引: risk_item[/www/wwwroot/feichangpeizi/application/llpay/lib/llpay_submit.class.php:104]
[ error ] [8]未定义变量: button_name[/www/wwwroot/feichangpeizi/application/llpay/lib/llpay_submit.class.php:124]
---------------------------------------------------------------
[ 2018-09-28T23:40:19+08:00 ] 202.53.138.176 58.243.250.212 GET /index/lianlianpay/doPay?b-pay-amount=1000
[ error ] [8]未定义数组索引: url_order[/www/wwwroot/feichangpeizi/application/index/controller/Lianlianpay.php:238]
[ error ] [2]Missing argument 3 for LLpaySubmit::buildRequestForm(), called in /www/wwwroot/feichangpeizi/application/index/controller/Lianlianpay.php on line 315 and defined[/www/wwwroot/feichangpeizi/application/llpay/lib/llpay_submit.class.php:100]
[ error ] [8]未定义数组索引: risk_item[/www/wwwroot/feichangpeizi/application/llpay/lib/llpay_submit.class.php:104]
[ error ] [8]未定义变量: button_name[/www/wwwroot/feichangpeizi/application/llpay/lib/llpay_submit.class.php:124]
