---------------------------------------------------------------
[ 2018-09-29T00:15:36+08:00 ] 202.53.138.176 58.243.250.212 GET /index/lianlianpay/doPay?b-pay-amount=1000
[ info ] www.5chevip.com/index/lianlianpay/doPay?b-pay-amount=1000 [运行时间：0.250013s][吞吐率：4.00req/s] [内存消耗：4,003.85kb] [文件加载：67]
[ info ] [ CACHE ] INIT File
[ info ] [ LANG ] /www/wwwroot/feichangpeizi/thinkphp/lang/zh-cn.php
[ info ] [ ROUTE ] array (
  'type' => 'module',
  'module' => 
  array (
    0 => 'index',
    1 => 'lianlianpay',
    2 => 'doPay',
  ),
)
[ info ] [ HEADER ] array (
  'host' => 'www.5chevip.com',
  'connection' => 'keep-alive',
  'accept' => 'text/html,application/xhtml+xml,application/xml;q=0.9,image/webp,*/*;q=0.8',
  'upgrade-insecure-requests' => '1',
  'user-agent' => 'Mozilla/5.0 (Windows NT 6.1; WOW64) AppleWebKit/537.36 (KHTML, like Gecko) Chrome/49.0.2623.112 Safari/537.36',
  'referer' => 'http://www.5chevip.com/ucenter/payment.html',
  'accept-encoding' => 'gzip, deflate, sdch',
  'accept-language' => 'zh-CN,zh;q=0.8',
  'cookie' => 'PHPSESSID=3q2ek5beiv837jfisgprstsmd0',
  'content-type' => '',
  'content-length' => '',
)
[ info ] [ PARAM ] array (
  'b-pay-amount' => '1000',
)
[ info ] [ BEHAVIOR ] Run app\common\behavior\Config @app_begin [ RunTime:0.001168s ]
[ info ] [ BEHAVIOR ] Run app\common\behavior\Hook @app_begin [ RunTime:0.018477s ]
[ info ] [ DB ] INIT mysql
[ info ] [ LOG ] INIT File
[ info ] [ RUN ] app\index\controller\Lianlianpay->doPay[ /www/wwwroot/feichangpeizi/application/index/controller/Lianlianpay.php ]
[ sql ] [ DB ] CONNECT:[ UseTime:0.004783s ] mysql:dbname=fcpeizi;host=localhost;port=3306;charset=utf8
[ sql ] [ SQL ] SHOW COLUMNS FROM `xh_member` [ RunTime:0.002529s ]
[ sql ] [ SQL ] SELECT `usableSum` FROM `xh_member` WHERE  (  id=1313 ) LIMIT 1 [ RunTime:0.000581s ]
[ sql ] [ SQL ] SHOW COLUMNS FROM `xh_member_recharge` [ RunTime:0.005064s ]
[ sql ] [ SQL ] INSERT INTO `xh_member_recharge` (`memberId` , `amount` , `status` , `no_order` , `createTime`) VALUES (1313 , 1000 , 0 , '13131538151336787757' , '2018-09-29 00:15:36') [ RunTime:0.001430s ]
---------------------------------------------------------------
[ 2018-09-29T13:46:06+08:00 ] 202.53.138.176 27.154.75.10 GET /index/lianlianpay/doPay?b-pay-amount=1
[ info ] www.5chevip.com/index/lianlianpay/doPay?b-pay-amount=1 [运行时间：0.242064s][吞吐率：4.13req/s] [内存消耗：4,002.98kb] [文件加载：67]
[ info ] [ CACHE ] INIT File
[ info ] [ LANG ] /www/wwwroot/feichangpeizi/thinkphp/lang/zh-cn.php
[ info ] [ ROUTE ] array (
  'type' => 'module',
  'module' => 
  array (
    0 => 'index',
    1 => 'lianlianpay',
    2 => 'doPay',
  ),
)
[ info ] [ HEADER ] array (
  'host' => 'www.5chevip.com',
  'connection' => 'keep-alive',
  'upgrade-insecure-requests' => '1',
  'user-agent' => 'Mozilla/5.0 (Windows NT 10.0; WOW64) AppleWebKit/537.36 (KHTML, like Gecko) Chrome/63.0.3239.132 Safari/537.36',
  'accept' => 'text/html,application/xhtml+xml,application/xml;q=0.9,image/webp,image/apng,*/*;q=0.8',
  'referer' => 'http://www.5chevip.com/ucenter/payment.html',
  'accept-encoding' => 'gzip, deflate',
  'accept-language' => 'zh-CN,zh;q=0.9,en;q=0.8',
  'cookie' => 'PHPSESSID=apcagiudmmmq2a8i5n3at39qo4',
  'content-type' => '',
  'content-length' => '',
)
[ info ] [ PARAM ] array (
  'b-pay-amount' => '1',
)
[ info ] [ BEHAVIOR ] Run app\common\behavior\Config @app_begin [ RunTime:0.001245s ]
[ info ] [ BEHAVIOR ] Run app\common\behavior\Hook @app_begin [ RunTime:0.023864s ]
[ info ] [ DB ] INIT mysql
[ info ] [ LOG ] INIT File
[ info ] [ RUN ] app\index\controller\Lianlianpay->doPay[ /www/wwwroot/feichangpeizi/application/index/controller/Lianlianpay.php ]
[ sql ] [ DB ] CONNECT:[ UseTime:0.000814s ] mysql:dbname=fcpeizi;host=localhost;port=3306;charset=utf8
[ sql ] [ SQL ] SHOW COLUMNS FROM `xh_member` [ RunTime:0.005662s ]
[ sql ] [ SQL ] SELECT `usableSum` FROM `xh_member` WHERE  (  id=1313 ) LIMIT 1 [ RunTime:0.000633s ]
[ sql ] [ SQL ] SHOW COLUMNS FROM `xh_member_recharge` [ RunTime:0.002739s ]
[ sql ] [ SQL ] INSERT INTO `xh_member_recharge` (`memberId` , `amount` , `status` , `no_order` , `createTime`) VALUES (1313 , 1 , 0 , '13131538199966657882' , '2018-09-29 13:46:06') [ RunTime:0.000935s ]
---------------------------------------------------------------
[ 2018-09-29T13:46:14+08:00 ] 202.53.138.176 112.17.236.181 GET /index/lianlianpay/doPay?b-pay-amount=10000
[ info ] vip.5chevip.com/index/lianlianpay/doPay?b-pay-amount=10000 [运行时间：0.242621s][吞吐率：4.12req/s] [内存消耗：4,002.91kb] [文件加载：67]
[ info ] [ CACHE ] INIT File
[ info ] [ LANG ] /www/wwwroot/feichangpeizi/thinkphp/lang/zh-cn.php
[ info ] [ ROUTE ] array (
  'type' => 'module',
  'module' => 
  array (
    0 => 'index',
    1 => 'lianlianpay',
    2 => 'doPay',
  ),
)
[ info ] [ HEADER ] array (
  'host' => 'vip.5chevip.com',
  'connection' => 'keep-alive',
  'upgrade-insecure-requests' => '1',
  'user-agent' => 'Mozilla/5.0 (Windows NT 10.0; WOW64) AppleWebKit/537.36 (KHTML, like Gecko) Chrome/63.0.3239.132 Safari/537.36',
  'accept' => 'text/html,application/xhtml+xml,application/xml;q=0.9,image/webp,image/apng,*/*;q=0.8',
  'referer' => 'http://vip.5chevip.com/ucenter/payment.html',
  'accept-encoding' => 'gzip, deflate',
  'accept-language' => 'zh-CN,zh;q=0.9',
  'cookie' => 'PHPSESSID=ogs1hi40dpgl74t29b7mqs5qg7',
  'content-type' => '',
  'content-length' => '',
)
[ info ] [ PARAM ] array (
  'b-pay-amount' => '10000',
)
[ info ] [ BEHAVIOR ] Run app\common\behavior\Config @app_begin [ RunTime:0.004832s ]
[ info ] [ BEHAVIOR ] Run app\common\behavior\Hook @app_begin [ RunTime:0.020709s ]
[ info ] [ DB ] INIT mysql
[ info ] [ LOG ] INIT File
[ info ] [ RUN ] app\index\controller\Lianlianpay->doPay[ /www/wwwroot/feichangpeizi/application/index/controller/Lianlianpay.php ]
[ sql ] [ DB ] CONNECT:[ UseTime:0.000782s ] mysql:dbname=fcpeizi;host=localhost;port=3306;charset=utf8
[ sql ] [ SQL ] SHOW COLUMNS FROM `xh_member` [ RunTime:0.003675s ]
[ sql ] [ SQL ] SELECT `usableSum` FROM `xh_member` WHERE  (  id=1314 ) LIMIT 1 [ RunTime:0.000746s ]
[ sql ] [ SQL ] SHOW COLUMNS FROM `xh_member_recharge` [ RunTime:0.002585s ]
[ sql ] [ SQL ] INSERT INTO `xh_member_recharge` (`memberId` , `amount` , `status` , `no_order` , `createTime`) VALUES (1314 , 10000 , 0 , '13141538199974463449' , '2018-09-29 13:46:14') [ RunTime:0.000829s ]
---------------------------------------------------------------
[ 2018-09-29T13:47:22+08:00 ] 202.53.138.176 112.17.236.181 GET /index/lianlianpay/doPay?b-pay-amount=10000
[ info ] vip.5chevip.com/index/lianlianpay/doPay?b-pay-amount=10000 [运行时间：0.201947s][吞吐率：4.95req/s] [内存消耗：4,002.91kb] [文件加载：67]
[ info ] [ CACHE ] INIT File
[ info ] [ LANG ] /www/wwwroot/feichangpeizi/thinkphp/lang/zh-cn.php
[ info ] [ ROUTE ] array (
  'type' => 'module',
  'module' => 
  array (
    0 => 'index',
    1 => 'lianlianpay',
    2 => 'doPay',
  ),
)
[ info ] [ HEADER ] array (
  'host' => 'vip.5chevip.com',
  'connection' => 'keep-alive',
  'upgrade-insecure-requests' => '1',
  'user-agent' => 'Mozilla/5.0 (Windows NT 10.0; WOW64) AppleWebKit/537.36 (KHTML, like Gecko) Chrome/63.0.3239.132 Safari/537.36',
  'accept' => 'text/html,application/xhtml+xml,application/xml;q=0.9,image/webp,image/apng,*/*;q=0.8',
  'referer' => 'http://vip.5chevip.com/ucenter/payment.html',
  'accept-encoding' => 'gzip, deflate',
  'accept-language' => 'zh-CN,zh;q=0.9',
  'cookie' => 'PHPSESSID=ogs1hi40dpgl74t29b7mqs5qg7',
  'content-type' => '',
  'content-length' => '',
)
[ info ] [ PARAM ] array (
  'b-pay-amount' => '10000',
)
[ info ] [ BEHAVIOR ] Run app\common\behavior\Config @app_begin [ RunTime:0.000996s ]
[ info ] [ BEHAVIOR ] Run app\common\behavior\Hook @app_begin [ RunTime:0.019592s ]
[ info ] [ DB ] INIT mysql
[ info ] [ LOG ] INIT File
[ info ] [ RUN ] app\index\controller\Lianlianpay->doPay[ /www/wwwroot/feichangpeizi/application/index/controller/Lianlianpay.php ]
[ sql ] [ DB ] CONNECT:[ UseTime:0.000749s ] mysql:dbname=fcpeizi;host=localhost;port=3306;charset=utf8
[ sql ] [ SQL ] SHOW COLUMNS FROM `xh_member` [ RunTime:0.002323s ]
[ sql ] [ SQL ] SELECT `usableSum` FROM `xh_member` WHERE  (  id=1314 ) LIMIT 1 [ RunTime:0.000563s ]
[ sql ] [ SQL ] SHOW COLUMNS FROM `xh_member_recharge` [ RunTime:0.002281s ]
[ sql ] [ SQL ] INSERT INTO `xh_member_recharge` (`memberId` , `amount` , `status` , `no_order` , `createTime`) VALUES (1314 , 10000 , 0 , '13141538200042597592' , '2018-09-29 13:47:22') [ RunTime:0.000767s ]
---------------------------------------------------------------
[ 2018-09-29T13:48:27+08:00 ] 202.53.138.176 112.17.236.181 GET /index/lianlianpay/doPay?b-pay-amount=1000
[ info ] vip.5chevip.com/index/lianlianpay/doPay?b-pay-amount=1000 [运行时间：0.276299s][吞吐率：3.62req/s] [内存消耗：4,002.92kb] [文件加载：67]
[ info ] [ CACHE ] INIT File
[ info ] [ LANG ] /www/wwwroot/feichangpeizi/thinkphp/lang/zh-cn.php
[ info ] [ ROUTE ] array (
  'type' => 'module',
  'module' => 
  array (
    0 => 'index',
    1 => 'lianlianpay',
    2 => 'doPay',
  ),
)
[ info ] [ HEADER ] array (
  'host' => 'vip.5chevip.com',
  'connection' => 'keep-alive',
  'upgrade-insecure-requests' => '1',
  'user-agent' => 'Mozilla/5.0 (Windows NT 10.0; WOW64) AppleWebKit/537.36 (KHTML, like Gecko) Chrome/63.0.3239.132 Safari/537.36',
  'accept' => 'text/html,application/xhtml+xml,application/xml;q=0.9,image/webp,image/apng,*/*;q=0.8',
  'referer' => 'http://vip.5chevip.com/ucenter/payment.html',
  'accept-encoding' => 'gzip, deflate',
  'accept-language' => 'zh-CN,zh;q=0.9',
  'cookie' => 'PHPSESSID=ogs1hi40dpgl74t29b7mqs5qg7',
  'content-type' => '',
  'content-length' => '',
)
[ info ] [ PARAM ] array (
  'b-pay-amount' => '1000',
)
[ info ] [ BEHAVIOR ] Run app\common\behavior\Config @app_begin [ RunTime:0.001303s ]
[ info ] [ BEHAVIOR ] Run app\common\behavior\Hook @app_begin [ RunTime:0.024938s ]
[ info ] [ DB ] INIT mysql
[ info ] [ LOG ] INIT File
[ info ] [ RUN ] app\index\controller\Lianlianpay->doPay[ /www/wwwroot/feichangpeizi/application/index/controller/Lianlianpay.php ]
[ sql ] [ DB ] CONNECT:[ UseTime:0.000695s ] mysql:dbname=fcpeizi;host=localhost;port=3306;charset=utf8
[ sql ] [ SQL ] SHOW COLUMNS FROM `xh_member` [ RunTime:0.002306s ]
[ sql ] [ SQL ] SELECT `usableSum` FROM `xh_member` WHERE  (  id=1314 ) LIMIT 1 [ RunTime:0.000450s ]
[ sql ] [ SQL ] SHOW COLUMNS FROM `xh_member_recharge` [ RunTime:0.004269s ]
[ sql ] [ SQL ] INSERT INTO `xh_member_recharge` (`memberId` , `amount` , `status` , `no_order` , `createTime`) VALUES (1314 , 1000 , 0 , '13141538200107601817' , '2018-09-29 13:48:27') [ RunTime:0.000862s ]
---------------------------------------------------------------
[ 2018-09-29T13:50:16+08:00 ] 202.53.138.176 112.17.236.181 GET /index/lianlianpay/doPay?b-pay-amount=20000
[ info ] vip.5chevip.com/index/lianlianpay/doPay?b-pay-amount=20000 [运行时间：0.203498s][吞吐率：4.91req/s] [内存消耗：4,002.91kb] [文件加载：67]
[ info ] [ CACHE ] INIT File
[ info ] [ LANG ] /www/wwwroot/feichangpeizi/thinkphp/lang/zh-cn.php
[ info ] [ ROUTE ] array (
  'type' => 'module',
  'module' => 
  array (
    0 => 'index',
    1 => 'lianlianpay',
    2 => 'doPay',
  ),
)
[ info ] [ HEADER ] array (
  'host' => 'vip.5chevip.com',
  'connection' => 'keep-alive',
  'upgrade-insecure-requests' => '1',
  'user-agent' => 'Mozilla/5.0 (Windows NT 10.0; WOW64) AppleWebKit/537.36 (KHTML, like Gecko) Chrome/63.0.3239.132 Safari/537.36',
  'accept' => 'text/html,application/xhtml+xml,application/xml;q=0.9,image/webp,image/apng,*/*;q=0.8',
  'referer' => 'http://vip.5chevip.com/ucenter/payment.html',
  'accept-encoding' => 'gzip, deflate',
  'accept-language' => 'zh-CN,zh;q=0.9',
  'cookie' => 'PHPSESSID=ogs1hi40dpgl74t29b7mqs5qg7',
  'content-type' => '',
  'content-length' => '',
)
[ info ] [ PARAM ] array (
  'b-pay-amount' => '20000',
)
[ info ] [ BEHAVIOR ] Run app\common\behavior\Config @app_begin [ RunTime:0.000715s ]
[ info ] [ BEHAVIOR ] Run app\common\behavior\Hook @app_begin [ RunTime:0.024218s ]
[ info ] [ DB ] INIT mysql
[ info ] [ LOG ] INIT File
[ info ] [ RUN ] app\index\controller\Lianlianpay->doPay[ /www/wwwroot/feichangpeizi/application/index/controller/Lianlianpay.php ]
[ sql ] [ DB ] CONNECT:[ UseTime:0.000631s ] mysql:dbname=fcpeizi;host=localhost;port=3306;charset=utf8
[ sql ] [ SQL ] SHOW COLUMNS FROM `xh_member` [ RunTime:0.002614s ]
[ sql ] [ SQL ] SELECT `usableSum` FROM `xh_member` WHERE  (  id=1314 ) LIMIT 1 [ RunTime:0.000506s ]
[ sql ] [ SQL ] SHOW COLUMNS FROM `xh_member_recharge` [ RunTime:0.002359s ]
[ sql ] [ SQL ] INSERT INTO `xh_member_recharge` (`memberId` , `amount` , `status` , `no_order` , `createTime`) VALUES (1314 , 20000 , 0 , '13141538200216233346' , '2018-09-29 13:50:16') [ RunTime:0.000716s ]
---------------------------------------------------------------
[ 2018-09-29T13:50:39+08:00 ] 202.53.138.176 112.17.236.181 GET /index/lianlianpay/doPay?b-pay-amount=100
[ info ] vip.5chevip.com/index/lianlianpay/doPay?b-pay-amount=100 [运行时间：0.265725s][吞吐率：3.76req/s] [内存消耗：4,002.92kb] [文件加载：67]
[ info ] [ CACHE ] INIT File
[ info ] [ LANG ] /www/wwwroot/feichangpeizi/thinkphp/lang/zh-cn.php
[ info ] [ ROUTE ] array (
  'type' => 'module',
  'module' => 
  array (
    0 => 'index',
    1 => 'lianlianpay',
    2 => 'doPay',
  ),
)
[ info ] [ HEADER ] array (
  'host' => 'vip.5chevip.com',
  'connection' => 'keep-alive',
  'upgrade-insecure-requests' => '1',
  'user-agent' => 'Mozilla/5.0 (Windows NT 10.0; WOW64) AppleWebKit/537.36 (KHTML, like Gecko) Chrome/63.0.3239.132 Safari/537.36',
  'accept' => 'text/html,application/xhtml+xml,application/xml;q=0.9,image/webp,image/apng,*/*;q=0.8',
  'referer' => 'http://vip.5chevip.com/ucenter/payment.html',
  'accept-encoding' => 'gzip, deflate',
  'accept-language' => 'zh-CN,zh;q=0.9',
  'cookie' => 'PHPSESSID=ogs1hi40dpgl74t29b7mqs5qg7',
  'content-type' => '',
  'content-length' => '',
)
[ info ] [ PARAM ] array (
  'b-pay-amount' => '100',
)
[ info ] [ BEHAVIOR ] Run app\common\behavior\Config @app_begin [ RunTime:0.000972s ]
[ info ] [ BEHAVIOR ] Run app\common\behavior\Hook @app_begin [ RunTime:0.022417s ]
[ info ] [ DB ] INIT mysql
[ info ] [ LOG ] INIT File
[ info ] [ RUN ] app\index\controller\Lianlianpay->doPay[ /www/wwwroot/feichangpeizi/application/index/controller/Lianlianpay.php ]
[ sql ] [ DB ] CONNECT:[ UseTime:0.006107s ] mysql:dbname=fcpeizi;host=localhost;port=3306;charset=utf8
[ sql ] [ SQL ] SHOW COLUMNS FROM `xh_member` [ RunTime:0.003220s ]
[ sql ] [ SQL ] SELECT `usableSum` FROM `xh_member` WHERE  (  id=1314 ) LIMIT 1 [ RunTime:0.000430s ]
[ sql ] [ SQL ] SHOW COLUMNS FROM `xh_member_recharge` [ RunTime:0.006454s ]
[ sql ] [ SQL ] INSERT INTO `xh_member_recharge` (`memberId` , `amount` , `status` , `no_order` , `createTime`) VALUES (1314 , 100 , 0 , '13141538200239670932' , '2018-09-29 13:50:39') [ RunTime:0.001215s ]
---------------------------------------------------------------
[ 2018-09-29T14:12:34+08:00 ] 202.53.138.176 112.17.236.181 GET /index/lianlianauthpay/authllpay_wap?bankCard=&realName=&IDCard=&b-pay-amount=
[ info ] www.5chevip.com/index/lianlianauthpay/authllpay_wap?bankCard=&realName=&IDCard=&b-pay-amount= [运行时间：0.209068s][吞吐率：4.78req/s] [内存消耗：3,921.70kb] [文件加载：63]
[ info ] [ CACHE ] INIT File
[ info ] [ LANG ] /www/wwwroot/feichangpeizi/thinkphp/lang/zh-cn.php
[ info ] [ ROUTE ] array (
  'type' => 'module',
  'module' => 
  array (
    0 => 'index',
    1 => 'lianlianauthpay',
    2 => 'authllpay_wap',
  ),
)
[ info ] [ HEADER ] array (
  'host' => 'www.5chevip.com',
  'connection' => 'keep-alive',
  'upgrade-insecure-requests' => '1',
  'user-agent' => 'Mozilla/5.0 (Linux; Android 7.0; VKY-AL00 Build/HUAWEIVKY-AL00; wv) AppleWebKit/537.36 (KHTML, like Gecko) Version/4.0 Chrome/55.0.2883.91 Mobile Safari/537.36',
  'accept' => 'text/html,application/xhtml+xml,application/xml;q=0.9,image/webp,*/*;q=0.8',
  'referer' => 'http://www.5chevip.com/ucenter/quick_pay.html',
  'accept-encoding' => 'gzip, deflate',
  'accept-language' => 'zh-CN,en-US;q=0.8',
  'cookie' => 'PHPSESSID=jqnlkaqfe7sg0dsrol53ub6537',
  'x-requested-with' => 'www5chevip.com',
  'content-type' => '',
  'content-length' => '',
)
[ info ] [ PARAM ] array (
  'bankCard' => '',
  'realName' => '',
  'IDCard' => '',
  'b-pay-amount' => '',
)
[ info ] [ BEHAVIOR ] Run app\common\behavior\Config @app_begin [ RunTime:0.000992s ]
[ info ] [ BEHAVIOR ] Run app\common\behavior\Hook @app_begin [ RunTime:0.023755s ]
[ info ] [ DB ] INIT mysql
[ info ] [ LOG ] INIT File
[ info ] [ RUN ] app\index\controller\Lianlianauthpay->authllpay_wap[ /www/wwwroot/feichangpeizi/application/index/controller/Lianlianauthpay.php ]
[ sql ] [ DB ] CONNECT:[ UseTime:0.000908s ] mysql:dbname=fcpeizi;host=localhost;port=3306;charset=utf8
[ sql ] [ SQL ] SHOW COLUMNS FROM `xh_member` [ RunTime:0.003217s ]
[ sql ] [ SQL ] SELECT `usableSum` FROM `xh_member` WHERE  (  id=1314 ) LIMIT 1 [ RunTime:0.001288s ]
---------------------------------------------------------------
[ 2018-09-29T14:43:50+08:00 ] 202.53.138.176 27.154.75.10 GET /index/lianlianauthpay/authllpay_wap?bankCard=&realName=&IDCard=&b-pay-amount=100
[ info ] www.5chevip.com/index/lianlianauthpay/authllpay_wap?bankCard=&realName=&IDCard=&b-pay-amount=100 [运行时间：0.265861s][吞吐率：3.76req/s] [内存消耗：4,080.13kb] [文件加载：68]
[ info ] [ CACHE ] INIT File
[ info ] [ LANG ] /www/wwwroot/feichangpeizi/thinkphp/lang/zh-cn.php
[ info ] [ ROUTE ] array (
  'type' => 'module',
  'module' => 
  array (
    0 => 'index',
    1 => 'lianlianauthpay',
    2 => 'authllpay_wap',
  ),
)
[ info ] [ HEADER ] array (
  'host' => 'www.5chevip.com',
  'connection' => 'keep-alive',
  'upgrade-insecure-requests' => '1',
  'user-agent' => 'Mozilla/5.0 (Windows NT 10.0; WOW64) AppleWebKit/537.36 (KHTML, like Gecko) Chrome/63.0.3239.132 Safari/537.36',
  'accept' => 'text/html,application/xhtml+xml,application/xml;q=0.9,image/webp,image/apng,*/*;q=0.8',
  'referer' => 'http://www.5chevip.com/ucenter/quick_pay.html',
  'accept-encoding' => 'gzip, deflate',
  'accept-language' => 'zh-CN,zh;q=0.9,en;q=0.8',
  'cookie' => 'PHPSESSID=apcagiudmmmq2a8i5n3at39qo4',
  'content-type' => '',
  'content-length' => '',
)
[ info ] [ PARAM ] array (
  'bankCard' => '',
  'realName' => '',
  'IDCard' => '',
  'b-pay-amount' => '100',
)
[ info ] [ BEHAVIOR ] Run app\common\behavior\Config @app_begin [ RunTime:0.001109s ]
[ info ] [ BEHAVIOR ] Run app\common\behavior\Hook @app_begin [ RunTime:0.021602s ]
[ info ] [ DB ] INIT mysql
[ info ] [ LOG ] INIT File
[ info ] [ RUN ] app\index\controller\Lianlianauthpay->authllpay_wap[ /www/wwwroot/feichangpeizi/application/index/controller/Lianlianauthpay.php ]
[ sql ] [ DB ] CONNECT:[ UseTime:0.000948s ] mysql:dbname=fcpeizi;host=localhost;port=3306;charset=utf8
[ sql ] [ SQL ] SHOW COLUMNS FROM `xh_member` [ RunTime:0.003061s ]
[ sql ] [ SQL ] SELECT `usableSum` FROM `xh_member` WHERE  (  id=1313 ) LIMIT 1 [ RunTime:0.000557s ]
[ sql ] [ SQL ] SHOW COLUMNS FROM `xh_member_recharge` [ RunTime:0.002877s ]
[ sql ] [ SQL ] INSERT INTO `xh_member_recharge` (`memberId` , `amount` , `status` , `no_order` , `createTime`) VALUES (1313 , 100 , 0 , '13131538203430111142' , '2018-09-29 14:43:50') [ RunTime:0.000844s ]
---------------------------------------------------------------
[ 2018-09-29T14:44:14+08:00 ] 202.53.138.176 27.154.75.10 GET /index/lianlianauthpay/authllpay_wap?bankCard=&realName=&IDCard=&b-pay-amount=100
[ info ] www.5chevip.com/index/lianlianauthpay/authllpay_wap?bankCard=&realName=&IDCard=&b-pay-amount=100 [运行时间：0.225143s][吞吐率：4.44req/s] [内存消耗：4,080.13kb] [文件加载：68]
[ info ] [ CACHE ] INIT File
[ info ] [ LANG ] /www/wwwroot/feichangpeizi/thinkphp/lang/zh-cn.php
[ info ] [ ROUTE ] array (
  'type' => 'module',
  'module' => 
  array (
    0 => 'index',
    1 => 'lianlianauthpay',
    2 => 'authllpay_wap',
  ),
)
[ info ] [ HEADER ] array (
  'host' => 'www.5chevip.com',
  'connection' => 'keep-alive',
  'upgrade-insecure-requests' => '1',
  'user-agent' => 'Mozilla/5.0 (Windows NT 10.0; WOW64) AppleWebKit/537.36 (KHTML, like Gecko) Chrome/63.0.3239.132 Safari/537.36',
  'accept' => 'text/html,application/xhtml+xml,application/xml;q=0.9,image/webp,image/apng,*/*;q=0.8',
  'referer' => 'http://www.5chevip.com/ucenter/quick_pay.html',
  'accept-encoding' => 'gzip, deflate',
  'accept-language' => 'zh-CN,zh;q=0.9,en;q=0.8',
  'cookie' => 'PHPSESSID=apcagiudmmmq2a8i5n3at39qo4',
  'content-type' => '',
  'content-length' => '',
)
[ info ] [ PARAM ] array (
  'bankCard' => '',
  'realName' => '',
  'IDCard' => '',
  'b-pay-amount' => '100',
)
[ info ] [ BEHAVIOR ] Run app\common\behavior\Config @app_begin [ RunTime:0.001041s ]
[ info ] [ BEHAVIOR ] Run app\common\behavior\Hook @app_begin [ RunTime:0.027090s ]
[ info ] [ DB ] INIT mysql
[ info ] [ LOG ] INIT File
[ info ] [ RUN ] app\index\controller\Lianlianauthpay->authllpay_wap[ /www/wwwroot/feichangpeizi/application/index/controller/Lianlianauthpay.php ]
[ sql ] [ DB ] CONNECT:[ UseTime:0.000747s ] mysql:dbname=fcpeizi;host=localhost;port=3306;charset=utf8
[ sql ] [ SQL ] SHOW COLUMNS FROM `xh_member` [ RunTime:0.003429s ]
[ sql ] [ SQL ] SELECT `usableSum` FROM `xh_member` WHERE  (  id=1313 ) LIMIT 1 [ RunTime:0.000670s ]
[ sql ] [ SQL ] SHOW COLUMNS FROM `xh_member_recharge` [ RunTime:0.002401s ]
[ sql ] [ SQL ] INSERT INTO `xh_member_recharge` (`memberId` , `amount` , `status` , `no_order` , `createTime`) VALUES (1313 , 100 , 0 , '13131538203454031477' , '2018-09-29 14:44:14') [ RunTime:0.000867s ]
---------------------------------------------------------------
[ 2018-09-29T14:46:28+08:00 ] 202.53.138.176 27.154.75.10 GET /index/lianlianauthpay/authllpay_wap?bankCard=&realName=&IDCard=&b-pay-amount=100
[ info ] www.5chevip.com/index/lianlianauthpay/authllpay_wap?bankCard=&realName=&IDCard=&b-pay-amount=100 [运行时间：0.259113s][吞吐率：3.86req/s] [内存消耗：4,076.82kb] [文件加载：68]
[ info ] [ CACHE ] INIT File
[ info ] [ LANG ] /www/wwwroot/feichangpeizi/thinkphp/lang/zh-cn.php
[ info ] [ ROUTE ] array (
  'type' => 'module',
  'module' => 
  array (
    0 => 'index',
    1 => 'lianlianauthpay',
    2 => 'authllpay_wap',
  ),
)
[ info ] [ HEADER ] array (
  'host' => 'www.5chevip.com',
  'connection' => 'keep-alive',
  'upgrade-insecure-requests' => '1',
  'user-agent' => 'Mozilla/5.0 (Windows NT 10.0; WOW64) AppleWebKit/537.36 (KHTML, like Gecko) Chrome/63.0.3239.132 Safari/537.36',
  'accept' => 'text/html,application/xhtml+xml,application/xml;q=0.9,image/webp,image/apng,*/*;q=0.8',
  'referer' => 'http://www.5chevip.com/ucenter/quick_pay.html',
  'accept-encoding' => 'gzip, deflate',
  'accept-language' => 'zh-CN,zh;q=0.9,en;q=0.8',
  'cookie' => 'PHPSESSID=apcagiudmmmq2a8i5n3at39qo4',
  'content-type' => '',
  'content-length' => '',
)
[ info ] [ PARAM ] array (
  'bankCard' => '',
  'realName' => '',
  'IDCard' => '',
  'b-pay-amount' => '100',
)
[ info ] [ BEHAVIOR ] Run app\common\behavior\Config @app_begin [ RunTime:0.000712s ]
[ info ] [ BEHAVIOR ] Run app\common\behavior\Hook @app_begin [ RunTime:0.031918s ]
[ info ] [ DB ] INIT mysql
[ info ] [ LOG ] INIT File
[ info ] [ RUN ] app\index\controller\Lianlianauthpay->authllpay_wap[ /www/wwwroot/feichangpeizi/application/index/controller/Lianlianauthpay.php ]
[ sql ] [ DB ] CONNECT:[ UseTime:0.001613s ] mysql:dbname=fcpeizi;host=localhost;port=3306;charset=utf8
[ sql ] [ SQL ] SHOW COLUMNS FROM `xh_member` [ RunTime:0.007293s ]
[ sql ] [ SQL ] SELECT `usableSum` FROM `xh_member` WHERE  (  id=1313 ) LIMIT 1 [ RunTime:0.000982s ]
[ sql ] [ SQL ] SHOW COLUMNS FROM `xh_member_recharge` [ RunTime:0.003057s ]
[ sql ] [ SQL ] INSERT INTO `xh_member_recharge` (`memberId` , `amount` , `status` , `no_order` , `createTime`) VALUES (1313 , 100 , 0 , '13131538203588760345' , '2018-09-29 14:46:28') [ RunTime:0.000961s ]
---------------------------------------------------------------
[ 2018-09-29T14:46:41+08:00 ] 202.53.138.176 27.154.75.10 GET /index/lianlianauthpay/authllpay_wap?bankCard=&realName=&IDCard=&b-pay-amount=100
[ info ] www.5chevip.com/index/lianlianauthpay/authllpay_wap?bankCard=&realName=&IDCard=&b-pay-amount=100 [运行时间：0.346776s][吞吐率：2.88req/s] [内存消耗：4,076.82kb] [文件加载：68]
[ info ] [ CACHE ] INIT File
[ info ] [ LANG ] /www/wwwroot/feichangpeizi/thinkphp/lang/zh-cn.php
[ info ] [ ROUTE ] array (
  'type' => 'module',
  'module' => 
  array (
    0 => 'index',
    1 => 'lianlianauthpay',
    2 => 'authllpay_wap',
  ),
)
[ info ] [ HEADER ] array (
  'host' => 'www.5chevip.com',
  'connection' => 'keep-alive',
  'upgrade-insecure-requests' => '1',
  'user-agent' => 'Mozilla/5.0 (Windows NT 10.0; WOW64) AppleWebKit/537.36 (KHTML, like Gecko) Chrome/63.0.3239.132 Safari/537.36',
  'accept' => 'text/html,application/xhtml+xml,application/xml;q=0.9,image/webp,image/apng,*/*;q=0.8',
  'referer' => 'http://www.5chevip.com/ucenter/quick_pay.html',
  'accept-encoding' => 'gzip, deflate',
  'accept-language' => 'zh-CN,zh;q=0.9,en;q=0.8',
  'cookie' => 'PHPSESSID=apcagiudmmmq2a8i5n3at39qo4',
  'content-type' => '',
  'content-length' => '',
)
[ info ] [ PARAM ] array (
  'bankCard' => '',
  'realName' => '',
  'IDCard' => '',
  'b-pay-amount' => '100',
)
[ info ] [ BEHAVIOR ] Run app\common\behavior\Config @app_begin [ RunTime:0.001585s ]
[ info ] [ BEHAVIOR ] Run app\common\behavior\Hook @app_begin [ RunTime:0.018505s ]
[ info ] [ DB ] INIT mysql
[ info ] [ LOG ] INIT File
[ info ] [ RUN ] app\index\controller\Lianlianauthpay->authllpay_wap[ /www/wwwroot/feichangpeizi/application/index/controller/Lianlianauthpay.php ]
[ sql ] [ DB ] CONNECT:[ UseTime:0.000966s ] mysql:dbname=fcpeizi;host=localhost;port=3306;charset=utf8
[ sql ] [ SQL ] SHOW COLUMNS FROM `xh_member` [ RunTime:0.003406s ]
[ sql ] [ SQL ] SELECT `usableSum` FROM `xh_member` WHERE  (  id=1313 ) LIMIT 1 [ RunTime:0.000652s ]
[ sql ] [ SQL ] SHOW COLUMNS FROM `xh_member_recharge` [ RunTime:0.005729s ]
[ sql ] [ SQL ] INSERT INTO `xh_member_recharge` (`memberId` , `amount` , `status` , `no_order` , `createTime`) VALUES (1313 , 100 , 0 , '13131538203601189856' , '2018-09-29 14:46:41') [ RunTime:0.001223s ]
---------------------------------------------------------------
[ 2018-09-29T14:48:41+08:00 ] 202.53.138.176 27.154.75.10 GET /index/lianlianauthpay/authllpay_wap?bankCard=&realName=&IDCard=&b-pay-amount=100
[ info ] www.5chevip.com/index/lianlianauthpay/authllpay_wap?bankCard=&realName=&IDCard=&b-pay-amount=100 [运行时间：0.200513s][吞吐率：4.99req/s] [内存消耗：4,076.82kb] [文件加载：68]
[ info ] [ CACHE ] INIT File
[ info ] [ LANG ] /www/wwwroot/feichangpeizi/thinkphp/lang/zh-cn.php
[ info ] [ ROUTE ] array (
  'type' => 'module',
  'module' => 
  array (
    0 => 'index',
    1 => 'lianlianauthpay',
    2 => 'authllpay_wap',
  ),
)
[ info ] [ HEADER ] array (
  'host' => 'www.5chevip.com',
  'connection' => 'keep-alive',
  'upgrade-insecure-requests' => '1',
  'user-agent' => 'Mozilla/5.0 (Windows NT 10.0; WOW64) AppleWebKit/537.36 (KHTML, like Gecko) Chrome/63.0.3239.132 Safari/537.36',
  'accept' => 'text/html,application/xhtml+xml,application/xml;q=0.9,image/webp,image/apng,*/*;q=0.8',
  'referer' => 'http://www.5chevip.com/ucenter/quick_pay.html',
  'accept-encoding' => 'gzip, deflate',
  'accept-language' => 'zh-CN,zh;q=0.9,en;q=0.8',
  'cookie' => 'PHPSESSID=apcagiudmmmq2a8i5n3at39qo4',
  'content-type' => '',
  'content-length' => '',
)
[ info ] [ PARAM ] array (
  'bankCard' => '',
  'realName' => '',
  'IDCard' => '',
  'b-pay-amount' => '100',
)
[ info ] [ BEHAVIOR ] Run app\common\behavior\Config @app_begin [ RunTime:0.000796s ]
[ info ] [ BEHAVIOR ] Run app\common\behavior\Hook @app_begin [ RunTime:0.015072s ]
[ info ] [ DB ] INIT mysql
[ info ] [ LOG ] INIT File
[ info ] [ RUN ] app\index\controller\Lianlianauthpay->authllpay_wap[ /www/wwwroot/feichangpeizi/application/index/controller/Lianlianauthpay.php ]
[ sql ] [ DB ] CONNECT:[ UseTime:0.006550s ] mysql:dbname=fcpeizi;host=localhost;port=3306;charset=utf8
[ sql ] [ SQL ] SHOW COLUMNS FROM `xh_member` [ RunTime:0.002316s ]
[ sql ] [ SQL ] SELECT `usableSum` FROM `xh_member` WHERE  (  id=1313 ) LIMIT 1 [ RunTime:0.000570s ]
[ sql ] [ SQL ] SHOW COLUMNS FROM `xh_member_recharge` [ RunTime:0.002480s ]
[ sql ] [ SQL ] INSERT INTO `xh_member_recharge` (`memberId` , `amount` , `status` , `no_order` , `createTime`) VALUES (1313 , 100 , 0 , '13131538203721848611' , '2018-09-29 14:48:41') [ RunTime:0.000882s ]
---------------------------------------------------------------
[ 2018-09-29T14:49:38+08:00 ] 202.53.138.176 27.154.75.10 GET /index/lianlianauthpay/authllpay_wap?bankCard=&realName=&IDCard=&b-pay-amount=100
[ info ] www.5chevip.com/index/lianlianauthpay/authllpay_wap?bankCard=&realName=&IDCard=&b-pay-amount=100 [运行时间：0.279921s][吞吐率：3.57req/s] [内存消耗：4,076.82kb] [文件加载：68]
[ info ] [ CACHE ] INIT File
[ info ] [ LANG ] /www/wwwroot/feichangpeizi/thinkphp/lang/zh-cn.php
[ info ] [ ROUTE ] array (
  'type' => 'module',
  'module' => 
  array (
    0 => 'index',
    1 => 'lianlianauthpay',
    2 => 'authllpay_wap',
  ),
)
[ info ] [ HEADER ] array (
  'host' => 'www.5chevip.com',
  'connection' => 'keep-alive',
  'upgrade-insecure-requests' => '1',
  'user-agent' => 'Mozilla/5.0 (Windows NT 10.0; WOW64) AppleWebKit/537.36 (KHTML, like Gecko) Chrome/63.0.3239.132 Safari/537.36',
  'accept' => 'text/html,application/xhtml+xml,application/xml;q=0.9,image/webp,image/apng,*/*;q=0.8',
  'referer' => 'http://www.5chevip.com/ucenter/quick_pay.html',
  'accept-encoding' => 'gzip, deflate',
  'accept-language' => 'zh-CN,zh;q=0.9,en;q=0.8',
  'cookie' => 'PHPSESSID=apcagiudmmmq2a8i5n3at39qo4',
  'content-type' => '',
  'content-length' => '',
)
[ info ] [ PARAM ] array (
  'bankCard' => '',
  'realName' => '',
  'IDCard' => '',
  'b-pay-amount' => '100',
)
[ info ] [ BEHAVIOR ] Run app\common\behavior\Config @app_begin [ RunTime:0.002044s ]
[ info ] [ BEHAVIOR ] Run app\common\behavior\Hook @app_begin [ RunTime:0.033754s ]
[ info ] [ DB ] INIT mysql
[ info ] [ LOG ] INIT File
[ info ] [ RUN ] app\index\controller\Lianlianauthpay->authllpay_wap[ /www/wwwroot/feichangpeizi/application/index/controller/Lianlianauthpay.php ]
[ sql ] [ DB ] CONNECT:[ UseTime:0.001061s ] mysql:dbname=fcpeizi;host=localhost;port=3306;charset=utf8
[ sql ] [ SQL ] SHOW COLUMNS FROM `xh_member` [ RunTime:0.003503s ]
[ sql ] [ SQL ] SELECT `usableSum` FROM `xh_member` WHERE  (  id=1313 ) LIMIT 1 [ RunTime:0.000751s ]
[ sql ] [ SQL ] SHOW COLUMNS FROM `xh_member_recharge` [ RunTime:0.003300s ]
[ sql ] [ SQL ] INSERT INTO `xh_member_recharge` (`memberId` , `amount` , `status` , `no_order` , `createTime`) VALUES (1313 , 100 , 0 , '13131538203778443528' , '2018-09-29 14:49:38') [ RunTime:0.000745s ]
---------------------------------------------------------------
[ 2018-09-29T16:10:12+08:00 ] 202.53.138.176 27.154.75.10 GET /index/lianlianauthpay/authllpay_wap?bankCard=&realName=&IDCard=&b-pay-amount=100
[ info ] www.5chevip.com/index/lianlianauthpay/authllpay_wap?bankCard=&realName=&IDCard=&b-pay-amount=100 [运行时间：0.251800s][吞吐率：3.97req/s] [内存消耗：4,076.82kb] [文件加载：68]
[ info ] [ CACHE ] INIT File
[ info ] [ LANG ] /www/wwwroot/feichangpeizi/thinkphp/lang/zh-cn.php
[ info ] [ ROUTE ] array (
  'type' => 'module',
  'module' => 
  array (
    0 => 'index',
    1 => 'lianlianauthpay',
    2 => 'authllpay_wap',
  ),
)
[ info ] [ HEADER ] array (
  'host' => 'www.5chevip.com',
  'connection' => 'keep-alive',
  'upgrade-insecure-requests' => '1',
  'user-agent' => 'Mozilla/5.0 (Windows NT 10.0; WOW64) AppleWebKit/537.36 (KHTML, like Gecko) Chrome/63.0.3239.132 Safari/537.36',
  'accept' => 'text/html,application/xhtml+xml,application/xml;q=0.9,image/webp,image/apng,*/*;q=0.8',
  'referer' => 'http://www.5chevip.com/ucenter/quick_pay.html',
  'accept-encoding' => 'gzip, deflate',
  'accept-language' => 'zh-CN,zh;q=0.9,en;q=0.8',
  'cookie' => 'PHPSESSID=apcagiudmmmq2a8i5n3at39qo4',
  'content-type' => '',
  'content-length' => '',
)
[ info ] [ PARAM ] array (
  'bankCard' => '',
  'realName' => '',
  'IDCard' => '',
  'b-pay-amount' => '100',
)
[ info ] [ BEHAVIOR ] Run app\common\behavior\Config @app_begin [ RunTime:0.001075s ]
[ info ] [ BEHAVIOR ] Run app\common\behavior\Hook @app_begin [ RunTime:0.022296s ]
[ info ] [ DB ] INIT mysql
[ info ] [ LOG ] INIT File
[ info ] [ RUN ] app\index\controller\Lianlianauthpay->authllpay_wap[ /www/wwwroot/feichangpeizi/application/index/controller/Lianlianauthpay.php ]
[ sql ] [ DB ] CONNECT:[ UseTime:0.000726s ] mysql:dbname=fcpeizi;host=localhost;port=3306;charset=utf8
[ sql ] [ SQL ] SHOW COLUMNS FROM `xh_member` [ RunTime:0.002526s ]
[ sql ] [ SQL ] SELECT `usableSum` FROM `xh_member` WHERE  (  id=1313 ) LIMIT 1 [ RunTime:0.000495s ]
[ sql ] [ SQL ] SHOW COLUMNS FROM `xh_member_recharge` [ RunTime:0.002475s ]
[ sql ] [ SQL ] INSERT INTO `xh_member_recharge` (`memberId` , `amount` , `status` , `no_order` , `createTime`) VALUES (1313 , 100 , 0 , '13131538208612328685' , '2018-09-29 16:10:12') [ RunTime:0.001031s ]
---------------------------------------------------------------
[ 2018-09-29T16:10:19+08:00 ] 202.53.138.176 27.154.75.10 GET /index/lianlianauthpay/authllpay_wap?bankCard=&realName=&IDCard=&b-pay-amount=100
[ info ] www.5chevip.com/index/lianlianauthpay/authllpay_wap?bankCard=&realName=&IDCard=&b-pay-amount=100 [运行时间：0.244969s][吞吐率：4.08req/s] [内存消耗：4,076.82kb] [文件加载：68]
[ info ] [ CACHE ] INIT File
[ info ] [ LANG ] /www/wwwroot/feichangpeizi/thinkphp/lang/zh-cn.php
[ info ] [ ROUTE ] array (
  'type' => 'module',
  'module' => 
  array (
    0 => 'index',
    1 => 'lianlianauthpay',
    2 => 'authllpay_wap',
  ),
)
[ info ] [ HEADER ] array (
  'host' => 'www.5chevip.com',
  'connection' => 'keep-alive',
  'upgrade-insecure-requests' => '1',
  'user-agent' => 'Mozilla/5.0 (Windows NT 10.0; WOW64) AppleWebKit/537.36 (KHTML, like Gecko) Chrome/63.0.3239.132 Safari/537.36',
  'accept' => 'text/html,application/xhtml+xml,application/xml;q=0.9,image/webp,image/apng,*/*;q=0.8',
  'referer' => 'http://www.5chevip.com/ucenter/quick_pay.html',
  'accept-encoding' => 'gzip, deflate',
  'accept-language' => 'zh-CN,zh;q=0.9,en;q=0.8',
  'cookie' => 'PHPSESSID=apcagiudmmmq2a8i5n3at39qo4',
  'content-type' => '',
  'content-length' => '',
)
[ info ] [ PARAM ] array (
  'bankCard' => '',
  'realName' => '',
  'IDCard' => '',
  'b-pay-amount' => '100',
)
[ info ] [ BEHAVIOR ] Run app\common\behavior\Config @app_begin [ RunTime:0.001031s ]
[ info ] [ BEHAVIOR ] Run app\common\behavior\Hook @app_begin [ RunTime:0.020607s ]
[ info ] [ DB ] INIT mysql
[ info ] [ LOG ] INIT File
[ info ] [ RUN ] app\index\controller\Lianlianauthpay->authllpay_wap[ /www/wwwroot/feichangpeizi/application/index/controller/Lianlianauthpay.php ]
[ sql ] [ DB ] CONNECT:[ UseTime:0.000669s ] mysql:dbname=fcpeizi;host=localhost;port=3306;charset=utf8
[ sql ] [ SQL ] SHOW COLUMNS FROM `xh_member` [ RunTime:0.002508s ]
[ sql ] [ SQL ] SELECT `usableSum` FROM `xh_member` WHERE  (  id=1313 ) LIMIT 1 [ RunTime:0.000451s ]
[ sql ] [ SQL ] SHOW COLUMNS FROM `xh_member_recharge` [ RunTime:0.003087s ]
[ sql ] [ SQL ] INSERT INTO `xh_member_recharge` (`memberId` , `amount` , `status` , `no_order` , `createTime`) VALUES (1313 , 100 , 0 , '13131538208619017223' , '2018-09-29 16:10:19') [ RunTime:0.001257s ]
---------------------------------------------------------------
[ 2018-09-29T16:12:42+08:00 ] 202.53.138.176 27.154.75.10 GET /index/lianlianpay/doPay?b-pay-amount=100
[ info ] www.5chevip.com/index/lianlianpay/doPay?b-pay-amount=100 [运行时间：0.164352s][吞吐率：6.08req/s] [内存消耗：4,002.90kb] [文件加载：67]
[ info ] [ CACHE ] INIT File
[ info ] [ LANG ] /www/wwwroot/feichangpeizi/thinkphp/lang/zh-cn.php
[ info ] [ ROUTE ] array (
  'type' => 'module',
  'module' => 
  array (
    0 => 'index',
    1 => 'lianlianpay',
    2 => 'doPay',
  ),
)
[ info ] [ HEADER ] array (
  'host' => 'www.5chevip.com',
  'connection' => 'keep-alive',
  'upgrade-insecure-requests' => '1',
  'user-agent' => 'Mozilla/5.0 (Windows NT 10.0; WOW64) AppleWebKit/537.36 (KHTML, like Gecko) Chrome/63.0.3239.132 Safari/537.36',
  'accept' => 'text/html,application/xhtml+xml,application/xml;q=0.9,image/webp,image/apng,*/*;q=0.8',
  'referer' => 'http://www.5chevip.com/ucenter/payment.html',
  'accept-encoding' => 'gzip, deflate',
  'accept-language' => 'zh-CN,zh;q=0.9,en;q=0.8',
  'cookie' => 'PHPSESSID=apcagiudmmmq2a8i5n3at39qo4',
  'content-type' => '',
  'content-length' => '',
)
[ info ] [ PARAM ] array (
  'b-pay-amount' => '100',
)
[ info ] [ BEHAVIOR ] Run app\common\behavior\Config @app_begin [ RunTime:0.000843s ]
[ info ] [ BEHAVIOR ] Run app\common\behavior\Hook @app_begin [ RunTime:0.010694s ]
[ info ] [ DB ] INIT mysql
[ info ] [ LOG ] INIT File
[ info ] [ RUN ] app\index\controller\Lianlianpay->doPay[ /www/wwwroot/feichangpeizi/application/index/controller/Lianlianpay.php ]
[ sql ] [ DB ] CONNECT:[ UseTime:0.000370s ] mysql:dbname=fcpeizi;host=localhost;port=3306;charset=utf8
[ sql ] [ SQL ] SHOW COLUMNS FROM `xh_member` [ RunTime:0.001218s ]
[ sql ] [ SQL ] SELECT `usableSum` FROM `xh_member` WHERE  (  id=1313 ) LIMIT 1 [ RunTime:0.000229s ]
[ sql ] [ SQL ] SHOW COLUMNS FROM `xh_member_recharge` [ RunTime:0.001218s ]
[ sql ] [ SQL ] INSERT INTO `xh_member_recharge` (`memberId` , `amount` , `status` , `no_order` , `createTime`) VALUES (1313 , 100 , 0 , '13131538208762924827' , '2018-09-29 16:12:42') [ RunTime:0.000324s ]
---------------------------------------------------------------
[ 2018-09-29T16:13:30+08:00 ] 202.53.138.176 27.154.75.10 GET /index/lianlianauthpay/authllpay_wap?bankCard=&realName=&IDCard=&b-pay-amount=100
[ info ] www.5chevip.com/index/lianlianauthpay/authllpay_wap?bankCard=&realName=&IDCard=&b-pay-amount=100 [运行时间：0.300583s][吞吐率：3.33req/s] [内存消耗：4,076.82kb] [文件加载：68]
[ info ] [ CACHE ] INIT File
[ info ] [ LANG ] /www/wwwroot/feichangpeizi/thinkphp/lang/zh-cn.php
[ info ] [ ROUTE ] array (
  'type' => 'module',
  'module' => 
  array (
    0 => 'index',
    1 => 'lianlianauthpay',
    2 => 'authllpay_wap',
  ),
)
[ info ] [ HEADER ] array (
  'host' => 'www.5chevip.com',
  'connection' => 'keep-alive',
  'upgrade-insecure-requests' => '1',
  'user-agent' => 'Mozilla/5.0 (Windows NT 10.0; WOW64) AppleWebKit/537.36 (KHTML, like Gecko) Chrome/63.0.3239.132 Safari/537.36',
  'accept' => 'text/html,application/xhtml+xml,application/xml;q=0.9,image/webp,image/apng,*/*;q=0.8',
  'referer' => 'http://www.5chevip.com/ucenter/quick_pay.html',
  'accept-encoding' => 'gzip, deflate',
  'accept-language' => 'zh-CN,zh;q=0.9,en;q=0.8',
  'cookie' => 'PHPSESSID=apcagiudmmmq2a8i5n3at39qo4',
  'content-type' => '',
  'content-length' => '',
)
[ info ] [ PARAM ] array (
  'bankCard' => '',
  'realName' => '',
  'IDCard' => '',
  'b-pay-amount' => '100',
)
[ info ] [ BEHAVIOR ] Run app\common\behavior\Config @app_begin [ RunTime:0.001105s ]
[ info ] [ BEHAVIOR ] Run app\common\behavior\Hook @app_begin [ RunTime:0.029065s ]
[ info ] [ DB ] INIT mysql
[ info ] [ LOG ] INIT File
[ info ] [ RUN ] app\index\controller\Lianlianauthpay->authllpay_wap[ /www/wwwroot/feichangpeizi/application/index/controller/Lianlianauthpay.php ]
[ sql ] [ DB ] CONNECT:[ UseTime:0.000934s ] mysql:dbname=fcpeizi;host=localhost;port=3306;charset=utf8
[ sql ] [ SQL ] SHOW COLUMNS FROM `xh_member` [ RunTime:0.003082s ]
[ sql ] [ SQL ] SELECT `usableSum` FROM `xh_member` WHERE  (  id=1313 ) LIMIT 1 [ RunTime:0.001015s ]
[ sql ] [ SQL ] SHOW COLUMNS FROM `xh_member_recharge` [ RunTime:0.004650s ]
[ sql ] [ SQL ] INSERT INTO `xh_member_recharge` (`memberId` , `amount` , `status` , `no_order` , `createTime`) VALUES (1313 , 100 , 0 , '13131538208810033534' , '2018-09-29 16:13:30') [ RunTime:0.002341s ]
---------------------------------------------------------------
[ 2018-09-29T16:15:40+08:00 ] 202.53.138.176 27.154.75.10 GET /index/lianlianauthpay/authllpay_wap?bankCard=&realName=&IDCard=&b-pay-amount=100
[ info ] www.5chevip.com/index/lianlianauthpay/authllpay_wap?bankCard=&realName=&IDCard=&b-pay-amount=100 [运行时间：0.288625s][吞吐率：3.46req/s] [内存消耗：4,081.76kb] [文件加载：68]
[ info ] [ CACHE ] INIT File
[ info ] [ LANG ] /www/wwwroot/feichangpeizi/thinkphp/lang/zh-cn.php
[ info ] [ ROUTE ] array (
  'type' => 'module',
  'module' => 
  array (
    0 => 'index',
    1 => 'lianlianauthpay',
    2 => 'authllpay_wap',
  ),
)
[ info ] [ HEADER ] array (
  'host' => 'www.5chevip.com',
  'connection' => 'keep-alive',
  'upgrade-insecure-requests' => '1',
  'user-agent' => 'Mozilla/5.0 (Windows NT 10.0; WOW64) AppleWebKit/537.36 (KHTML, like Gecko) Chrome/63.0.3239.132 Safari/537.36',
  'accept' => 'text/html,application/xhtml+xml,application/xml;q=0.9,image/webp,image/apng,*/*;q=0.8',
  'referer' => 'http://www.5chevip.com/ucenter/quick_pay.html',
  'accept-encoding' => 'gzip, deflate',
  'accept-language' => 'zh-CN,zh;q=0.9,en;q=0.8',
  'cookie' => 'PHPSESSID=apcagiudmmmq2a8i5n3at39qo4',
  'content-type' => '',
  'content-length' => '',
)
[ info ] [ PARAM ] array (
  'bankCard' => '',
  'realName' => '',
  'IDCard' => '',
  'b-pay-amount' => '100',
)
[ info ] [ BEHAVIOR ] Run app\common\behavior\Config @app_begin [ RunTime:0.001395s ]
[ info ] [ BEHAVIOR ] Run app\common\behavior\Hook @app_begin [ RunTime:0.034708s ]
[ info ] [ DB ] INIT mysql
[ info ] [ LOG ] INIT File
[ info ] [ RUN ] app\index\controller\Lianlianauthpay->authllpay_wap[ /www/wwwroot/feichangpeizi/application/index/controller/Lianlianauthpay.php ]
[ sql ] [ DB ] CONNECT:[ UseTime:0.001104s ] mysql:dbname=fcpeizi;host=localhost;port=3306;charset=utf8
[ sql ] [ SQL ] SHOW COLUMNS FROM `xh_member` [ RunTime:0.004946s ]
[ sql ] [ SQL ] SELECT `usableSum` FROM `xh_member` WHERE  (  id=1313 ) LIMIT 1 [ RunTime:0.001142s ]
[ sql ] [ SQL ] SHOW COLUMNS FROM `xh_member_recharge` [ RunTime:0.005221s ]
[ sql ] [ SQL ] INSERT INTO `xh_member_recharge` (`memberId` , `amount` , `status` , `no_order` , `createTime`) VALUES (1313 , 100 , 0 , '13131538208940907444' , '2018-09-29 16:15:40') [ RunTime:0.001407s ]
---------------------------------------------------------------
[ 2018-09-29T16:15:56+08:00 ] 202.53.138.176 27.154.75.10 GET /index/lianlianauthpay/authllpay_wap?bankCard=&realName=&IDCard=&b-pay-amount=111
[ info ] www.5chevip.com/index/lianlianauthpay/authllpay_wap?bankCard=&realName=&IDCard=&b-pay-amount=111 [运行时间：0.251746s][吞吐率：3.97req/s] [内存消耗：4,081.76kb] [文件加载：68]
[ info ] [ CACHE ] INIT File
[ info ] [ LANG ] /www/wwwroot/feichangpeizi/thinkphp/lang/zh-cn.php
[ info ] [ ROUTE ] array (
  'type' => 'module',
  'module' => 
  array (
    0 => 'index',
    1 => 'lianlianauthpay',
    2 => 'authllpay_wap',
  ),
)
[ info ] [ HEADER ] array (
  'host' => 'www.5chevip.com',
  'connection' => 'keep-alive',
  'upgrade-insecure-requests' => '1',
  'user-agent' => 'Mozilla/5.0 (Windows NT 10.0; WOW64) AppleWebKit/537.36 (KHTML, like Gecko) Chrome/63.0.3239.132 Safari/537.36',
  'accept' => 'text/html,application/xhtml+xml,application/xml;q=0.9,image/webp,image/apng,*/*;q=0.8',
  'referer' => 'http://www.5chevip.com/ucenter/quick_pay.html',
  'accept-encoding' => 'gzip, deflate',
  'accept-language' => 'zh-CN,zh;q=0.9,en;q=0.8',
  'cookie' => 'PHPSESSID=apcagiudmmmq2a8i5n3at39qo4',
  'content-type' => '',
  'content-length' => '',
)
[ info ] [ PARAM ] array (
  'bankCard' => '',
  'realName' => '',
  'IDCard' => '',
  'b-pay-amount' => '111',
)
[ info ] [ BEHAVIOR ] Run app\common\behavior\Config @app_begin [ RunTime:0.000869s ]
[ info ] [ BEHAVIOR ] Run app\common\behavior\Hook @app_begin [ RunTime:0.019406s ]
[ info ] [ DB ] INIT mysql
[ info ] [ LOG ] INIT File
[ info ] [ RUN ] app\index\controller\Lianlianauthpay->authllpay_wap[ /www/wwwroot/feichangpeizi/application/index/controller/Lianlianauthpay.php ]
[ sql ] [ DB ] CONNECT:[ UseTime:0.000712s ] mysql:dbname=fcpeizi;host=localhost;port=3306;charset=utf8
[ sql ] [ SQL ] SHOW COLUMNS FROM `xh_member` [ RunTime:0.003026s ]
[ sql ] [ SQL ] SELECT `usableSum` FROM `xh_member` WHERE  (  id=1313 ) LIMIT 1 [ RunTime:0.000687s ]
[ sql ] [ SQL ] SHOW COLUMNS FROM `xh_member_recharge` [ RunTime:0.002809s ]
[ sql ] [ SQL ] INSERT INTO `xh_member_recharge` (`memberId` , `amount` , `status` , `no_order` , `createTime`) VALUES (1313 , 111 , 0 , '13131538208956539456' , '2018-09-29 16:15:56') [ RunTime:0.001111s ]
---------------------------------------------------------------
[ 2018-09-29T16:18:53+08:00 ] 202.53.138.176 58.243.250.212 GET /index/lianlianauthpay/authllpay_wap?bankCard=621226010048874595&realName=%E7%8E%8B%E4%BC%9F&IDCard=342422199106185535&b-pay-amount=1000
[ info ] www.5chevip.com/index/lianlianauthpay/authllpay_wap?bankCard=621226010048874595&realName=%E7%8E%8B%E4%BC%9F&IDCard=342422199106185535&b-pay-amount=1000 [运行时间：0.264249s][吞吐率：3.78req/s] [内存消耗：4,082.55kb] [文件加载：68]
[ info ] [ CACHE ] INIT File
[ info ] [ LANG ] /www/wwwroot/feichangpeizi/thinkphp/lang/zh-cn.php
[ info ] [ ROUTE ] array (
  'type' => 'module',
  'module' => 
  array (
    0 => 'index',
    1 => 'lianlianauthpay',
    2 => 'authllpay_wap',
  ),
)
[ info ] [ HEADER ] array (
  'host' => 'www.5chevip.com',
  'connection' => 'keep-alive',
  'upgrade-insecure-requests' => '1',
  'user-agent' => 'Mozilla/5.0 (Linux; U; Android 7.1.2; zh-CN; Redmi 5 Plus Build/N2G47H) AppleWebKit/537.36 (KHTML, like Gecko) Version/4.0 Chrome/57.0.2987.108 UCBrowser/12.1.1.991 Mobile Safari/537.36',
  'accept' => 'text/html,application/xhtml+xml,application/xml;q=0.9,image/webp,*/*;q=0.8',
  'referer' => 'http://www.5chevip.com/ucenter/quick_pay.html',
  'accept-encoding' => 'gzip, deflate',
  'accept-language' => 'zh-CN,en-US;q=0.8',
  'cookie' => 'PHPSESSID=rafr71eile83gio0a0amk0btj6',
  'x-ucbrowser-ua' => 'dv(Redmi 5 Plus);pr(UCBrowser/12.1.1.991);ov(Android 7.1.2);ss(392*738);pi(1080*2030);bt(YZ);pm(1);bv(1);nm(0);im(0);sr(0);nt(1);',
  'content-type' => '',
  'content-length' => '',
)
[ info ] [ PARAM ] array (
  'bankCard' => '621226010048874595',
  'realName' => '王伟',
  'IDCard' => '342422199106185535',
  'b-pay-amount' => '1000',
)
[ info ] [ BEHAVIOR ] Run app\common\behavior\Config @app_begin [ RunTime:0.000924s ]
[ info ] [ BEHAVIOR ] Run app\common\behavior\Hook @app_begin [ RunTime:0.030897s ]
[ info ] [ DB ] INIT mysql
[ info ] [ LOG ] INIT File
[ info ] [ RUN ] app\index\controller\Lianlianauthpay->authllpay_wap[ /www/wwwroot/feichangpeizi/application/index/controller/Lianlianauthpay.php ]
[ sql ] [ DB ] CONNECT:[ UseTime:0.004884s ] mysql:dbname=fcpeizi;host=localhost;port=3306;charset=utf8
[ sql ] [ SQL ] SHOW COLUMNS FROM `xh_member` [ RunTime:0.003948s ]
[ sql ] [ SQL ] SELECT `usableSum` FROM `xh_member` WHERE  (  id=1313 ) LIMIT 1 [ RunTime:0.000562s ]
[ sql ] [ SQL ] SHOW COLUMNS FROM `xh_member_recharge` [ RunTime:0.004645s ]
[ sql ] [ SQL ] INSERT INTO `xh_member_recharge` (`memberId` , `amount` , `status` , `no_order` , `createTime`) VALUES (1313 , 1000 , 0 , '13131538209133967484' , '2018-09-29 16:18:53') [ RunTime:0.001232s ]
---------------------------------------------------------------
[ 2018-09-29T16:19:50+08:00 ] 202.53.138.176 58.243.250.212 GET /index/lianlianauthpay/authllpay_wap?bankCard=621226010048874595&realName=%E7%8E%8B%E4%BC%9F&IDCard=342422199106185535&b-pay-amount=1000
[ info ] www.5chevip.com/index/lianlianauthpay/authllpay_wap?bankCard=621226010048874595&realName=%E7%8E%8B%E4%BC%9F&IDCard=342422199106185535&b-pay-amount=1000 [运行时间：0.383389s][吞吐率：2.61req/s] [内存消耗：4,082.55kb] [文件加载：68]
[ info ] [ CACHE ] INIT File
[ info ] [ LANG ] /www/wwwroot/feichangpeizi/thinkphp/lang/zh-cn.php
[ info ] [ ROUTE ] array (
  'type' => 'module',
  'module' => 
  array (
    0 => 'index',
    1 => 'lianlianauthpay',
    2 => 'authllpay_wap',
  ),
)
[ info ] [ HEADER ] array (
  'host' => 'www.5chevip.com',
  'connection' => 'keep-alive',
  'upgrade-insecure-requests' => '1',
  'user-agent' => 'Mozilla/5.0 (Linux; U; Android 7.1.2; zh-CN; Redmi 5 Plus Build/N2G47H) AppleWebKit/537.36 (KHTML, like Gecko) Version/4.0 Chrome/57.0.2987.108 UCBrowser/12.1.1.991 Mobile Safari/537.36',
  'accept' => 'text/html,application/xhtml+xml,application/xml;q=0.9,image/webp,*/*;q=0.8',
  'referer' => 'http://www.5chevip.com/ucenter/quick_pay.html',
  'accept-encoding' => 'gzip, deflate',
  'accept-language' => 'zh-CN,en-US;q=0.8',
  'cookie' => 'PHPSESSID=rafr71eile83gio0a0amk0btj6',
  'x-ucbrowser-ua' => 'dv(Redmi 5 Plus);pr(UCBrowser/12.1.1.991);ov(Android 7.1.2);ss(392*738);pi(1080*2030);bt(YZ);pm(1);bv(1);nm(0);im(0);sr(0);nt(1);',
  'content-type' => '',
  'content-length' => '',
)
[ info ] [ PARAM ] array (
  'bankCard' => '621226010048874595',
  'realName' => '王伟',
  'IDCard' => '342422199106185535',
  'b-pay-amount' => '1000',
)
[ info ] [ BEHAVIOR ] Run app\common\behavior\Config @app_begin [ RunTime:0.001817s ]
[ info ] [ BEHAVIOR ] Run app\common\behavior\Hook @app_begin [ RunTime:0.028010s ]
[ info ] [ DB ] INIT mysql
[ info ] [ LOG ] INIT File
[ info ] [ RUN ] app\index\controller\Lianlianauthpay->authllpay_wap[ /www/wwwroot/feichangpeizi/application/index/controller/Lianlianauthpay.php ]
[ sql ] [ DB ] CONNECT:[ UseTime:0.001862s ] mysql:dbname=fcpeizi;host=localhost;port=3306;charset=utf8
[ sql ] [ SQL ] SHOW COLUMNS FROM `xh_member` [ RunTime:0.006617s ]
[ sql ] [ SQL ] SELECT `usableSum` FROM `xh_member` WHERE  (  id=1313 ) LIMIT 1 [ RunTime:0.001211s ]
[ sql ] [ SQL ] SHOW COLUMNS FROM `xh_member_recharge` [ RunTime:0.006667s ]
[ sql ] [ SQL ] INSERT INTO `xh_member_recharge` (`memberId` , `amount` , `status` , `no_order` , `createTime`) VALUES (1313 , 1000 , 0 , '13131538209190224231' , '2018-09-29 16:19:50') [ RunTime:0.001266s ]
